2020-07-15 13:55:01.807 |-INFO  [main] com.deloitte.InformationManageApplication [50] -| Starting InformationManageApplication on CNPC0SFXTC with PID 19968 (D:\workspace\Idea_workspace\customer_manage\im\im-system\target\classes started by dqiao in D:\workspace\Idea_workspace\customer_manage\im)
2020-07-15 13:55:01.817 |-INFO  [main] com.deloitte.InformationManageApplication [675] -| No active profile set, falling back to default profiles: default
2020-07-15 13:55:12.650 |-INFO  [main] org.springframework.boot.web.embedded.tomcat.TomcatWebServer [90] -| Tomcat initialized with port(s): 8088 (http)
2020-07-15 13:55:12.688 |-INFO  [main] org.apache.coyote.http11.Http11NioProtocol [173] -| Initializing ProtocolHandler ["http-nio-8088"]
2020-07-15 13:55:12.724 |-INFO  [main] org.apache.catalina.core.StandardService [173] -| Starting service [Tomcat]
2020-07-15 13:55:12.725 |-INFO  [main] org.apache.catalina.core.StandardEngine [173] -| Starting Servlet engine: [Apache Tomcat/9.0.17]
2020-07-15 13:55:13.159 |-INFO  [main] org.apache.catalina.core.ContainerBase.[Tomcat].[localhost].[/survey/dev/im] [173] -| Initializing Spring embedded WebApplicationContext
2020-07-15 13:55:13.160 |-INFO  [main] org.springframework.web.context.ContextLoader [296] -| Root WebApplicationContext: initialization completed in 11092 ms
2020-07-15 13:55:16.253 |-INFO  [main] com.deloitte.framework.security.provisioning.CustomerJdbcUserDetailsManager [138] -| No authentication manager set. Reauthentication of users when changing passwords will not be performed.
2020-07-15 13:55:16.660 |-INFO  [main] org.springframework.scheduling.concurrent.ThreadPoolTaskExecutor [171] -| Initializing ExecutorService 'applicationTaskExecutor'
2020-07-15 13:55:17.736 |-INFO  [main] org.springframework.security.web.DefaultSecurityFilterChain [43] -| Creating filter chain: any request, [org.springframework.security.web.context.request.async.WebAsyncManagerIntegrationFilter@4ebd6fd6, org.springframework.security.web.context.SecurityContextPersistenceFilter@45b7c97f, org.springframework.security.web.header.HeaderWriterFilter@2755617b, org.springframework.security.web.authentication.logout.LogoutFilter@3a0896b3, org.springframework.security.web.authentication.UsernamePasswordAuthenticationFilter@6a7a1a0d, org.springframework.security.web.savedrequest.RequestCacheAwareFilter@7b377a53, org.springframework.security.web.servletapi.SecurityContextHolderAwareRequestFilter@8077c97, org.springframework.security.web.authentication.AnonymousAuthenticationFilter@5e5a8718, org.springframework.security.web.session.SessionManagementFilter@d9f5fce, org.springframework.security.web.access.ExceptionTranslationFilter@59262a90, org.springframework.security.web.access.intercept.FilterSecurityInterceptor@11bfffb3]
2020-07-15 13:55:17.881 |-INFO  [main] org.apache.coyote.http11.Http11NioProtocol [173] -| Starting ProtocolHandler ["http-nio-8088"]
2020-07-15 13:55:17.996 |-INFO  [main] org.springframework.boot.web.embedded.tomcat.TomcatWebServer [204] -| Tomcat started on port(s): 8088 (http) with context path '/survey/dev/im'
2020-07-15 13:55:18.037 |-INFO  [main] com.deloitte.InformationManageApplication [59] -| Started InformationManageApplication in 17.742 seconds (JVM running for 19.827)
2020-07-15 13:56:12.503 |-INFO  [Thread-3] org.springframework.scheduling.concurrent.ThreadPoolTaskExecutor [208] -| Shutting down ExecutorService 'applicationTaskExecutor'
2020-07-15 13:56:44.860 |-INFO  [main] com.deloitte.InformationManageApplication [50] -| Starting InformationManageApplication on CNPC0SFXTC with PID 20564 (D:\workspace\Idea_workspace\customer_manage\im\im-system\target\classes started by dqiao in D:\workspace\Idea_workspace\customer_manage\im)
2020-07-15 13:56:44.868 |-INFO  [main] com.deloitte.InformationManageApplication [675] -| No active profile set, falling back to default profiles: default
2020-07-15 14:00:08.809 |-INFO  [main] com.deloitte.InformationManageApplication [50] -| Starting InformationManageApplication on CNPC0SFXTC with PID 15736 (D:\workspace\Idea_workspace\customer_manage\im\im-system\target\classes started by dqiao in D:\workspace\Idea_workspace\customer_manage\im)
2020-07-15 14:00:08.833 |-INFO  [main] com.deloitte.InformationManageApplication [675] -| No active profile set, falling back to default profiles: default
2020-07-15 14:03:56.976 |-INFO  [main] org.springframework.boot.web.embedded.tomcat.TomcatWebServer [90] -| Tomcat initialized with port(s): 8088 (http)
2020-07-15 14:03:57.017 |-INFO  [main] org.apache.coyote.http11.Http11NioProtocol [173] -| Initializing ProtocolHandler ["http-nio-8088"]
2020-07-15 14:03:57.048 |-INFO  [main] org.apache.catalina.core.StandardService [173] -| Starting service [Tomcat]
2020-07-15 14:03:57.049 |-INFO  [main] org.apache.catalina.core.StandardEngine [173] -| Starting Servlet engine: [Apache Tomcat/9.0.17]
2020-07-15 14:03:57.520 |-INFO  [main] org.apache.catalina.core.ContainerBase.[Tomcat].[localhost].[/survey/dev/im] [173] -| Initializing Spring embedded WebApplicationContext
2020-07-15 14:03:57.520 |-INFO  [main] org.springframework.web.context.ContextLoader [296] -| Root WebApplicationContext: initialization completed in 226556 ms
2020-07-15 14:04:00.480 |-INFO  [main] com.deloitte.framework.security.provisioning.CustomerJdbcUserDetailsManager [138] -| No authentication manager set. Reauthentication of users when changing passwords will not be performed.
2020-07-15 14:04:00.801 |-INFO  [main] org.springframework.scheduling.concurrent.ThreadPoolTaskExecutor [171] -| Initializing ExecutorService 'applicationTaskExecutor'
2020-07-15 14:04:02.125 |-INFO  [main] org.springframework.security.web.DefaultSecurityFilterChain [43] -| Creating filter chain: any request, [org.springframework.security.web.context.request.async.WebAsyncManagerIntegrationFilter@1600a8a2, org.springframework.security.web.context.SecurityContextPersistenceFilter@29170a47, org.springframework.security.web.header.HeaderWriterFilter@12567179, org.springframework.security.web.authentication.logout.LogoutFilter@6c8f4bc7, org.springframework.security.web.authentication.UsernamePasswordAuthenticationFilter@17176b18, org.springframework.security.web.savedrequest.RequestCacheAwareFilter@402b4f81, org.springframework.security.web.servletapi.SecurityContextHolderAwareRequestFilter@e26a3df, org.springframework.security.web.authentication.AnonymousAuthenticationFilter@6b25ef1c, org.springframework.security.web.session.SessionManagementFilter@7f42b194, org.springframework.security.web.access.ExceptionTranslationFilter@200d1a3d, org.springframework.security.web.access.intercept.FilterSecurityInterceptor@177ede17]
2020-07-15 14:04:02.263 |-INFO  [main] org.apache.coyote.http11.Http11NioProtocol [173] -| Starting ProtocolHandler ["http-nio-8088"]
2020-07-15 14:04:02.338 |-INFO  [main] org.springframework.boot.web.embedded.tomcat.TomcatWebServer [204] -| Tomcat started on port(s): 8088 (http) with context path '/survey/dev/im'
2020-07-15 14:04:02.343 |-INFO  [main] com.deloitte.InformationManageApplication [59] -| Started InformationManageApplication in 381.219 seconds (JVM running for 429.801)
2020-07-15 14:19:52.490 |-INFO  [Thread-3] org.springframework.scheduling.concurrent.ThreadPoolTaskExecutor [208] -| Shutting down ExecutorService 'applicationTaskExecutor'
2020-07-15 14:58:15.318 |-INFO  [main] com.deloitte.InformationManageApplication [50] -| Starting InformationManageApplication on CNPC0SFXTC with PID 15544 (D:\workspace\Idea_workspace\customer_manage\im\im-system\target\classes started by dqiao in D:\workspace\Idea_workspace\customer_manage\im)
2020-07-15 14:58:15.323 |-INFO  [main] com.deloitte.InformationManageApplication [675] -| No active profile set, falling back to default profiles: default
2020-07-15 14:58:25.260 |-INFO  [main] org.springframework.boot.web.embedded.tomcat.TomcatWebServer [90] -| Tomcat initialized with port(s): 8088 (http)
2020-07-15 14:58:25.290 |-INFO  [main] org.apache.coyote.http11.Http11NioProtocol [173] -| Initializing ProtocolHandler ["http-nio-8088"]
2020-07-15 14:58:25.305 |-INFO  [main] org.apache.catalina.core.StandardService [173] -| Starting service [Tomcat]
2020-07-15 14:58:25.306 |-INFO  [main] org.apache.catalina.core.StandardEngine [173] -| Starting Servlet engine: [Apache Tomcat/9.0.17]
2020-07-15 14:58:25.673 |-INFO  [main] org.apache.catalina.core.ContainerBase.[Tomcat].[localhost].[/survey/dev/im] [173] -| Initializing Spring embedded WebApplicationContext
2020-07-15 14:58:25.673 |-INFO  [main] org.springframework.web.context.ContextLoader [296] -| Root WebApplicationContext: initialization completed in 10246 ms
2020-07-15 14:58:27.851 |-INFO  [main] com.deloitte.framework.security.provisioning.CustomerJdbcUserDetailsManager [138] -| No authentication manager set. Reauthentication of users when changing passwords will not be performed.
2020-07-15 14:58:28.145 |-INFO  [main] org.springframework.scheduling.concurrent.ThreadPoolTaskExecutor [171] -| Initializing ExecutorService 'applicationTaskExecutor'
2020-07-15 14:58:28.931 |-INFO  [main] org.springframework.security.web.DefaultSecurityFilterChain [43] -| Creating filter chain: any request, [org.springframework.security.web.context.request.async.WebAsyncManagerIntegrationFilter@edb83f8, org.springframework.security.web.context.SecurityContextPersistenceFilter@2cae5fa7, org.springframework.security.web.header.HeaderWriterFilter@3855d9b2, org.springframework.security.web.authentication.logout.LogoutFilter@38de5daf, org.springframework.security.web.authentication.UsernamePasswordAuthenticationFilter@55c50f52, org.springframework.security.web.savedrequest.RequestCacheAwareFilter@6d7b001b, org.springframework.security.web.servletapi.SecurityContextHolderAwareRequestFilter@2f4d01b6, org.springframework.security.web.authentication.AnonymousAuthenticationFilter@8b41ad, org.springframework.security.web.session.SessionManagementFilter@47a3d56a, org.springframework.security.web.access.ExceptionTranslationFilter@3719360c, org.springframework.security.web.access.intercept.FilterSecurityInterceptor@53cddaf8]
2020-07-15 14:58:29.048 |-INFO  [main] org.apache.coyote.http11.Http11NioProtocol [173] -| Starting ProtocolHandler ["http-nio-8088"]
2020-07-15 14:58:29.101 |-INFO  [main] org.springframework.boot.web.embedded.tomcat.TomcatWebServer [204] -| Tomcat started on port(s): 8088 (http) with context path '/survey/dev/im'
2020-07-15 14:58:29.107 |-INFO  [main] com.deloitte.InformationManageApplication [59] -| Started InformationManageApplication in 14.835 seconds (JVM running for 2311.513)
2020-07-15 17:24:47.770 |-INFO  [Thread-3] org.springframework.scheduling.concurrent.ThreadPoolTaskExecutor [208] -| Shutting down ExecutorService 'applicationTaskExecutor'
2020-07-15 17:25:13.674 |-INFO  [main] com.deloitte.InformationManageApplication [50] -| Starting InformationManageApplication on CNPC0SFXTC with PID 21556 (D:\workspace\Idea_workspace\customer_manage\im\im-system\target\classes started by dqiao in D:\workspace\Idea_workspace\customer_manage\im)
2020-07-15 17:25:13.684 |-INFO  [main] com.deloitte.InformationManageApplication [675] -| No active profile set, falling back to default profiles: default
2020-07-15 17:25:25.520 |-INFO  [main] org.springframework.boot.web.embedded.tomcat.TomcatWebServer [90] -| Tomcat initialized with port(s): 8088 (http)
2020-07-15 17:25:25.556 |-INFO  [main] org.apache.coyote.http11.Http11NioProtocol [173] -| Initializing ProtocolHandler ["http-nio-8088"]
2020-07-15 17:25:25.586 |-INFO  [main] org.apache.catalina.core.StandardService [173] -| Starting service [Tomcat]
2020-07-15 17:25:25.587 |-INFO  [main] org.apache.catalina.core.StandardEngine [173] -| Starting Servlet engine: [Apache Tomcat/9.0.17]
2020-07-15 17:25:26.098 |-INFO  [main] org.apache.catalina.core.ContainerBase.[Tomcat].[localhost].[/survey/dev/im] [173] -| Initializing Spring embedded WebApplicationContext
2020-07-15 17:25:26.099 |-INFO  [main] org.springframework.web.context.ContextLoader [296] -| Root WebApplicationContext: initialization completed in 12318 ms
2020-07-15 17:25:29.545 |-INFO  [main] com.deloitte.framework.security.provisioning.CustomerJdbcUserDetailsManager [138] -| No authentication manager set. Reauthentication of users when changing passwords will not be performed.
2020-07-15 17:25:31.825 |-INFO  [main] org.springframework.scheduling.concurrent.ThreadPoolTaskExecutor [171] -| Initializing ExecutorService 'applicationTaskExecutor'
2020-07-15 17:25:33.549 |-INFO  [main] org.springframework.security.web.DefaultSecurityFilterChain [43] -| Creating filter chain: any request, [org.springframework.security.web.context.request.async.WebAsyncManagerIntegrationFilter@5e3db14, org.springframework.security.web.context.SecurityContextPersistenceFilter@7b6141f0, org.springframework.security.web.header.HeaderWriterFilter@69a5c6be, org.springframework.security.web.authentication.logout.LogoutFilter@5a30722c, org.springframework.security.web.authentication.UsernamePasswordAuthenticationFilter@224d86d2, org.springframework.security.web.savedrequest.RequestCacheAwareFilter@70b48eb3, org.springframework.security.web.servletapi.SecurityContextHolderAwareRequestFilter@55296b50, org.springframework.security.web.authentication.AnonymousAuthenticationFilter@5fb54740, org.springframework.security.web.session.SessionManagementFilter@497ed877, org.springframework.security.web.access.ExceptionTranslationFilter@1373e3ee, org.springframework.security.web.access.intercept.FilterSecurityInterceptor@33eb0d4]
2020-07-15 17:25:33.718 |-INFO  [main] org.apache.coyote.http11.Http11NioProtocol [173] -| Starting ProtocolHandler ["http-nio-8088"]
2020-07-15 17:25:33.771 |-INFO  [main] org.springframework.boot.web.embedded.tomcat.TomcatWebServer [204] -| Tomcat started on port(s): 8088 (http) with context path '/survey/dev/im'
2020-07-15 17:25:33.778 |-INFO  [main] com.deloitte.InformationManageApplication [59] -| Started InformationManageApplication in 21.233 seconds (JVM running for 40.449)
