2020-08-03 13:57:44.284 |-INFO  [main] com.deloitte.InformationManageApplication [50] -| Starting InformationManageApplication on CNPC0SFXTC with PID 18492 (D:\workspace\Idea_workspace\customer_manage\im\im-system\target\classes started by dqiao in D:\workspace\Idea_workspace\customer_manage\im)
2020-08-03 13:57:44.295 |-INFO  [main] com.deloitte.InformationManageApplication [675] -| No active profile set, falling back to default profiles: default
2020-08-03 13:57:56.164 |-INFO  [main] org.springframework.boot.web.embedded.tomcat.TomcatWebServer [90] -| Tomcat initialized with port(s): 8088 (http)
2020-08-03 13:57:56.205 |-INFO  [main] org.apache.coyote.http11.Http11NioProtocol [173] -| Initializing ProtocolHandler ["http-nio-8088"]
2020-08-03 13:57:56.252 |-INFO  [main] org.apache.catalina.core.StandardService [173] -| Starting service [Tomcat]
2020-08-03 13:57:56.253 |-INFO  [main] org.apache.catalina.core.StandardEngine [173] -| Starting Servlet engine: [Apache Tomcat/9.0.17]
2020-08-03 13:57:56.870 |-INFO  [main] org.apache.catalina.core.ContainerBase.[Tomcat].[localhost].[/survey/dev/im] [173] -| Initializing Spring embedded WebApplicationContext
2020-08-03 13:57:56.870 |-INFO  [main] org.springframework.web.context.ContextLoader [296] -| Root WebApplicationContext: initialization completed in 12385 ms
2020-08-03 13:58:01.946 |-INFO  [main] com.deloitte.framework.security.provisioning.CustomerJdbcUserDetailsManager [138] -| No authentication manager set. Reauthentication of users when changing passwords will not be performed.
2020-08-03 13:58:02.402 |-INFO  [main] org.springframework.scheduling.concurrent.ThreadPoolTaskExecutor [171] -| Initializing ExecutorService 'applicationTaskExecutor'
2020-08-03 13:58:03.537 |-INFO  [main] org.springframework.security.web.DefaultSecurityFilterChain [43] -| Creating filter chain: any request, [org.springframework.security.web.context.request.async.WebAsyncManagerIntegrationFilter@54895681, org.springframework.security.web.context.SecurityContextPersistenceFilter@55c1ced9, org.springframework.security.web.header.HeaderWriterFilter@4e48462d, org.springframework.security.web.authentication.logout.LogoutFilter@4f5c30b1, org.springframework.security.web.authentication.UsernamePasswordAuthenticationFilter@1510b9a2, org.springframework.security.web.savedrequest.RequestCacheAwareFilter@11826398, org.springframework.security.web.servletapi.SecurityContextHolderAwareRequestFilter@45287377, org.springframework.security.web.authentication.AnonymousAuthenticationFilter@2dd0a0d0, org.springframework.security.web.session.SessionManagementFilter@10a907ec, org.springframework.security.web.access.ExceptionTranslationFilter@642c6461, org.springframework.security.web.access.intercept.FilterSecurityInterceptor@307af381]
2020-08-03 13:58:03.824 |-INFO  [main] org.apache.coyote.http11.Http11NioProtocol [173] -| Starting ProtocolHandler ["http-nio-8088"]
2020-08-03 13:58:03.906 |-INFO  [main] org.springframework.boot.web.embedded.tomcat.TomcatWebServer [204] -| Tomcat started on port(s): 8088 (http) with context path '/survey/dev/im'
2020-08-03 13:58:03.917 |-INFO  [main] com.deloitte.InformationManageApplication [59] -| Started InformationManageApplication in 20.993 seconds (JVM running for 23.212)
2020-08-03 13:58:04.103 |-INFO  [http-nio-8088-exec-10] org.apache.catalina.core.ContainerBase.[Tomcat].[localhost].[/survey/dev/im] [173] -| Initializing Spring DispatcherServlet 'dispatcherServlet'
2020-08-03 13:58:04.104 |-INFO  [http-nio-8088-exec-10] org.springframework.web.servlet.DispatcherServlet [524] -| Initializing Servlet 'dispatcherServlet'
2020-08-03 13:58:04.124 |-INFO  [http-nio-8088-exec-10] org.springframework.web.servlet.DispatcherServlet [546] -| Completed initialization in 20 ms
2020-08-03 13:58:17.849 |-INFO  [http-nio-8088-exec-10] com.zaxxer.hikari.HikariDataSource [110] -| HikariPool-1 - Starting...
2020-08-03 13:58:18.205 |-INFO  [http-nio-8088-exec-10] com.zaxxer.hikari.HikariDataSource [123] -| HikariPool-1 - Start completed.
2020-08-03 13:58:18.363 |-DEBUG [http-nio-8088-exec-4] com.deloitte.system.mapper.sys.MenuMapper.getMenuByUserId [143] -| ==>  Preparing: select distinct m.id, m.name, m.type, m.permission, m.url, m.order_num, m.parent_id, m.visible, m.icon, m.create_by, m.create_time, m.update_by, m.update_time, m.disable_flag, m.delete_flag from sys_menus m inner join sys_role_menu_rel rm on m.id = rm.menu_id inner join sys_user_role_rel ur on ur.role_id = rm.role_id inner join sys_roles r on r.id = ur.role_id where ur.user_id = ? and m.type in('catalog', 'menu') and m.visible=1 and m.delete_flag = 0 and r.disable_flag = 0 and r.delete_flag = 0 order by m.order_num asc 
2020-08-03 13:58:18.383 |-DEBUG [http-nio-8088-exec-4] com.deloitte.system.mapper.sys.MenuMapper.getMenuByUserId [143] -| ==> Parameters: 60(Long)
2020-08-03 13:58:18.451 |-DEBUG [http-nio-8088-exec-4] com.deloitte.system.mapper.sys.MenuMapper.getMenuByUserId [143] -| <==      Total: 22
2020-08-03 13:58:18.483 |-DEBUG [http-nio-8088-exec-4] com.deloitte.system.mapper.sys.RoleMapper.selectRoleByUserId [143] -| ==>  Preparing: SELECT c.id,c.name,c.code FROM `sys_users` a inner join sys_user_role_rel b on a.id = b.user_id inner join sys_roles c on b.role_id = c.id where a.id = ? 
2020-08-03 13:58:18.484 |-DEBUG [http-nio-8088-exec-4] com.deloitte.system.mapper.sys.RoleMapper.selectRoleByUserId [143] -| ==> Parameters: 60(Long)
2020-08-03 13:58:18.506 |-DEBUG [http-nio-8088-exec-4] com.deloitte.system.mapper.sys.RoleMapper.selectRoleByUserId [143] -| <==      Total: 1
2020-08-03 13:58:18.508 |-DEBUG [http-nio-8088-exec-4] com.deloitte.system.mapper.sys.UserMapper.selectUserById [143] -| ==>  Preparing: select id, name, login_name, password, create_by, create_time, update_by, update_time, disable_flag, delete_flag from sys_users where id = ? 
2020-08-03 13:58:18.509 |-DEBUG [http-nio-8088-exec-4] com.deloitte.system.mapper.sys.UserMapper.selectUserById [143] -| ==> Parameters: 60(Long)
2020-08-03 13:58:18.511 |-DEBUG [http-nio-8088-exec-4] com.deloitte.system.mapper.sys.UserMapper.selectUserById [143] -| <==      Total: 1
2020-08-03 13:58:18.516 |-DEBUG [http-nio-8088-exec-4] com.deloitte.system.mapper.sys.GroupMapper.selectGroupByUserId [143] -| ==>  Preparing: SELECT * FROM `sys_groups` a inner join user_group_rel b on a.id = b.group_id INNER JOIN sys_users c on c.id = b.user_id where b.user_id = ? 
2020-08-03 13:58:18.517 |-DEBUG [http-nio-8088-exec-4] com.deloitte.system.mapper.sys.GroupMapper.selectGroupByUserId [143] -| ==> Parameters: 60(Long)
2020-08-03 13:58:18.523 |-DEBUG [http-nio-8088-exec-4] com.deloitte.system.mapper.sys.GroupMapper.selectGroupByUserId [143] -| <==      Total: 1
2020-08-03 13:58:20.665 |-DEBUG [http-nio-8088-exec-9] com.deloitte.system.mapper.sys.RoleMapper.selectRoleByUserId [143] -| ==>  Preparing: SELECT c.id,c.name,c.code FROM `sys_users` a inner join sys_user_role_rel b on a.id = b.user_id inner join sys_roles c on b.role_id = c.id where a.id = ? 
2020-08-03 13:58:20.666 |-DEBUG [http-nio-8088-exec-9] com.deloitte.system.mapper.sys.RoleMapper.selectRoleByUserId [143] -| ==> Parameters: 60(Long)
2020-08-03 13:58:20.681 |-DEBUG [http-nio-8088-exec-9] com.deloitte.system.mapper.sys.RoleMapper.selectRoleByUserId [143] -| <==      Total: 1
2020-08-03 13:58:20.788 |-DEBUG [http-nio-8088-exec-3] com.deloitte.system.mapper.sys.UserMapper.selectUserList [143] -| ==>  Preparing: SELECT u.id, u.NAME, u.login_name, u.PASSWORD, u.create_by, u.create_time, u.update_by, u.update_time, u.disable_flag, u.delete_flag , sg.group_name, sg.id group_id FROM sys_users u left join user_group_rel ugr on u.id = ugr.user_id left join sys_groups sg on sg.id = ugr.group_id WHERE delete_flag = ? 
2020-08-03 13:58:20.790 |-DEBUG [http-nio-8088-exec-3] com.deloitte.system.mapper.sys.UserMapper.selectUserList [143] -| ==> Parameters: 0(Integer)
2020-08-03 13:58:20.800 |-DEBUG [http-nio-8088-exec-3] com.deloitte.system.mapper.sys.UserMapper.selectUserList [143] -| <==      Total: 6
2020-08-03 13:58:21.056 |-INFO  [http-nio-8088-exec-2] com.deloitte.system.service.customer.impl.ChannelManageServiceImpl [187] -| 调用channelList方法，参数为:{"channelName":"","contactInfo":"","paymentType":"","status":""}
2020-08-03 13:58:21.058 |-DEBUG [http-nio-8088-exec-2] com.deloitte.system.mapper.sys.RoleMapper.selectRoleByUserId [143] -| ==>  Preparing: SELECT c.id,c.name,c.code FROM `sys_users` a inner join sys_user_role_rel b on a.id = b.user_id inner join sys_roles c on b.role_id = c.id where a.id = ? 
2020-08-03 13:58:21.059 |-DEBUG [http-nio-8088-exec-2] com.deloitte.system.mapper.sys.RoleMapper.selectRoleByUserId [143] -| ==> Parameters: 60(Long)
2020-08-03 13:58:21.064 |-DEBUG [http-nio-8088-exec-2] com.deloitte.system.mapper.sys.RoleMapper.selectRoleByUserId [143] -| <==      Total: 1
2020-08-03 13:58:21.231 |-DEBUG [http-nio-8088-exec-2] com.deloitte.system.mapper.customer.ChannelInfoMapper.selectList_COUNT [143] -| ==>  Preparing: SELECT count(0) FROM channel_info c LEFT JOIN sys_users u ON c.create_by = u.id WHERE c.delete_flag = 0 
2020-08-03 13:58:21.233 |-DEBUG [http-nio-8088-exec-2] com.deloitte.system.mapper.customer.ChannelInfoMapper.selectList_COUNT [143] -| ==> Parameters: 
2020-08-03 13:58:21.237 |-DEBUG [http-nio-8088-exec-2] com.deloitte.system.mapper.customer.ChannelInfoMapper.selectList_COUNT [143] -| <==      Total: 1
2020-08-03 13:58:21.242 |-DEBUG [http-nio-8088-exec-2] com.deloitte.system.mapper.customer.ChannelInfoMapper.selectList [143] -| ==>  Preparing: select c.id, channel_name, contact, contact_info, new_amount_rate, renew_amount_rate, payment_type, channel_bank_code, channel_bank_name, payment_code, audit_role, audit_id, c.status, c.create_by, c.create_time, c.update_by, c.update_time, c.disable_flag, c.delete_flag, u.name create_name from channel_info c left join sys_users u on c.create_by = u.id WHERE c.delete_flag = 0 order by c.create_time desc LIMIT ? 
2020-08-03 13:58:21.243 |-DEBUG [http-nio-8088-exec-2] com.deloitte.system.mapper.customer.ChannelInfoMapper.selectList [143] -| ==> Parameters: 10(Integer)
2020-08-03 13:58:21.253 |-DEBUG [http-nio-8088-exec-2] com.deloitte.system.mapper.customer.ChannelInfoMapper.selectList [143] -| <==      Total: 4
2020-08-03 13:58:25.313 |-DEBUG [http-nio-8088-exec-5] com.deloitte.system.mapper.sys.GroupMapper.selectGroupList [143] -| ==>  Preparing: select id, group_name, status, create_by, create_time, update_by, update_time, remark from sys_groups 
2020-08-03 13:58:25.314 |-DEBUG [http-nio-8088-exec-5] com.deloitte.system.mapper.sys.GroupMapper.selectGroupList [143] -| ==> Parameters: 
2020-08-03 13:58:25.326 |-DEBUG [http-nio-8088-exec-5] com.deloitte.system.mapper.sys.GroupMapper.selectGroupList [143] -| <==      Total: 3
2020-08-03 13:58:25.330 |-DEBUG [http-nio-8088-exec-3] com.deloitte.system.mapper.sys.RoleMapper.selectRoleList [143] -| ==>  Preparing: select id, code, name, create_by, create_time, update_by, update_time, disable_flag, delete_flag from sys_roles WHERE delete_flag = ? 
2020-08-03 13:58:25.330 |-DEBUG [http-nio-8088-exec-9] com.deloitte.system.mapper.sys.UserMapper.selectUserList_COUNT [143] -| ==>  Preparing: SELECT count(0) FROM sys_users u LEFT JOIN user_group_rel ugr ON u.id = ugr.user_id LEFT JOIN sys_groups sg ON sg.id = ugr.group_id WHERE delete_flag = ? 
2020-08-03 13:58:25.331 |-DEBUG [http-nio-8088-exec-3] com.deloitte.system.mapper.sys.RoleMapper.selectRoleList [143] -| ==> Parameters: 0(Integer)
2020-08-03 13:58:25.332 |-DEBUG [http-nio-8088-exec-9] com.deloitte.system.mapper.sys.UserMapper.selectUserList_COUNT [143] -| ==> Parameters: 0(Integer)
2020-08-03 13:58:25.342 |-DEBUG [http-nio-8088-exec-3] com.deloitte.system.mapper.sys.RoleMapper.selectRoleList [143] -| <==      Total: 5
2020-08-03 13:58:25.349 |-DEBUG [http-nio-8088-exec-9] com.deloitte.system.mapper.sys.UserMapper.selectUserList_COUNT [143] -| <==      Total: 1
2020-08-03 13:58:25.351 |-DEBUG [http-nio-8088-exec-9] com.deloitte.system.mapper.sys.UserMapper.selectUserList [143] -| ==>  Preparing: SELECT u.id, u.NAME, u.login_name, u.PASSWORD, u.create_by, u.create_time, u.update_by, u.update_time, u.disable_flag, u.delete_flag , sg.group_name, sg.id group_id FROM sys_users u left join user_group_rel ugr on u.id = ugr.user_id left join sys_groups sg on sg.id = ugr.group_id WHERE delete_flag = ? LIMIT ? 
2020-08-03 13:58:25.353 |-DEBUG [http-nio-8088-exec-9] com.deloitte.system.mapper.sys.UserMapper.selectUserList [143] -| ==> Parameters: 0(Integer), 10(Integer)
2020-08-03 13:58:25.359 |-DEBUG [http-nio-8088-exec-9] com.deloitte.system.mapper.sys.UserMapper.selectUserList [143] -| <==      Total: 6
2020-08-03 13:58:42.978 |-DEBUG [http-nio-8088-exec-2] com.deloitte.system.mapper.sys.MenuMapper.getMenuByUserId [143] -| ==>  Preparing: select distinct m.id, m.name, m.type, m.permission, m.url, m.order_num, m.parent_id, m.visible, m.icon, m.create_by, m.create_time, m.update_by, m.update_time, m.disable_flag, m.delete_flag from sys_menus m inner join sys_role_menu_rel rm on m.id = rm.menu_id inner join sys_user_role_rel ur on ur.role_id = rm.role_id inner join sys_roles r on r.id = ur.role_id where ur.user_id = ? and m.type in('catalog', 'menu') and m.visible=1 and m.delete_flag = 0 and r.disable_flag = 0 and r.delete_flag = 0 order by m.order_num asc 
2020-08-03 13:58:42.979 |-DEBUG [http-nio-8088-exec-2] com.deloitte.system.mapper.sys.MenuMapper.getMenuByUserId [143] -| ==> Parameters: 60(Long)
2020-08-03 13:58:42.989 |-DEBUG [http-nio-8088-exec-2] com.deloitte.system.mapper.sys.MenuMapper.getMenuByUserId [143] -| <==      Total: 22
2020-08-03 13:58:42.993 |-DEBUG [http-nio-8088-exec-2] com.deloitte.system.mapper.sys.RoleMapper.selectRoleByUserId [143] -| ==>  Preparing: SELECT c.id,c.name,c.code FROM `sys_users` a inner join sys_user_role_rel b on a.id = b.user_id inner join sys_roles c on b.role_id = c.id where a.id = ? 
2020-08-03 13:58:42.994 |-DEBUG [http-nio-8088-exec-2] com.deloitte.system.mapper.sys.RoleMapper.selectRoleByUserId [143] -| ==> Parameters: 60(Long)
2020-08-03 13:58:43.000 |-DEBUG [http-nio-8088-exec-2] com.deloitte.system.mapper.sys.RoleMapper.selectRoleByUserId [143] -| <==      Total: 1
2020-08-03 13:58:43.002 |-DEBUG [http-nio-8088-exec-2] com.deloitte.system.mapper.sys.UserMapper.selectUserById [143] -| ==>  Preparing: select id, name, login_name, password, create_by, create_time, update_by, update_time, disable_flag, delete_flag from sys_users where id = ? 
2020-08-03 13:58:43.005 |-DEBUG [http-nio-8088-exec-2] com.deloitte.system.mapper.sys.UserMapper.selectUserById [143] -| ==> Parameters: 60(Long)
2020-08-03 13:58:43.010 |-DEBUG [http-nio-8088-exec-2] com.deloitte.system.mapper.sys.UserMapper.selectUserById [143] -| <==      Total: 1
2020-08-03 13:58:43.013 |-DEBUG [http-nio-8088-exec-2] com.deloitte.system.mapper.sys.GroupMapper.selectGroupByUserId [143] -| ==>  Preparing: SELECT * FROM `sys_groups` a inner join user_group_rel b on a.id = b.group_id INNER JOIN sys_users c on c.id = b.user_id where b.user_id = ? 
2020-08-03 13:58:43.014 |-DEBUG [http-nio-8088-exec-2] com.deloitte.system.mapper.sys.GroupMapper.selectGroupByUserId [143] -| ==> Parameters: 60(Long)
2020-08-03 13:58:43.022 |-DEBUG [http-nio-8088-exec-2] com.deloitte.system.mapper.sys.GroupMapper.selectGroupByUserId [143] -| <==      Total: 1
2020-08-03 13:58:45.359 |-DEBUG [http-nio-8088-exec-8] com.deloitte.system.mapper.sys.RoleMapper.selectRoleByUserId [143] -| ==>  Preparing: SELECT c.id,c.name,c.code FROM `sys_users` a inner join sys_user_role_rel b on a.id = b.user_id inner join sys_roles c on b.role_id = c.id where a.id = ? 
2020-08-03 13:58:45.360 |-DEBUG [http-nio-8088-exec-8] com.deloitte.system.mapper.sys.RoleMapper.selectRoleByUserId [143] -| ==> Parameters: 60(Long)
2020-08-03 13:58:45.362 |-INFO  [http-nio-8088-exec-4] com.deloitte.system.service.customer.impl.ChannelManageServiceImpl [187] -| 调用channelList方法，参数为:{"channelName":"","contactInfo":"","paymentType":"","status":""}
2020-08-03 13:58:45.366 |-DEBUG [http-nio-8088-exec-4] com.deloitte.system.mapper.sys.RoleMapper.selectRoleByUserId [143] -| ==>  Preparing: SELECT c.id,c.name,c.code FROM `sys_users` a inner join sys_user_role_rel b on a.id = b.user_id inner join sys_roles c on b.role_id = c.id where a.id = ? 
2020-08-03 13:58:45.366 |-DEBUG [http-nio-8088-exec-8] com.deloitte.system.mapper.sys.RoleMapper.selectRoleByUserId [143] -| <==      Total: 1
2020-08-03 13:58:45.368 |-DEBUG [http-nio-8088-exec-4] com.deloitte.system.mapper.sys.RoleMapper.selectRoleByUserId [143] -| ==> Parameters: 60(Long)
2020-08-03 13:58:45.374 |-DEBUG [http-nio-8088-exec-4] com.deloitte.system.mapper.sys.RoleMapper.selectRoleByUserId [143] -| <==      Total: 1
2020-08-03 13:58:45.377 |-DEBUG [http-nio-8088-exec-7] com.deloitte.system.mapper.sys.UserMapper.selectUserList [143] -| ==>  Preparing: SELECT u.id, u.NAME, u.login_name, u.PASSWORD, u.create_by, u.create_time, u.update_by, u.update_time, u.disable_flag, u.delete_flag , sg.group_name, sg.id group_id FROM sys_users u left join user_group_rel ugr on u.id = ugr.user_id left join sys_groups sg on sg.id = ugr.group_id WHERE delete_flag = ? 
2020-08-03 13:58:45.378 |-DEBUG [http-nio-8088-exec-7] com.deloitte.system.mapper.sys.UserMapper.selectUserList [143] -| ==> Parameters: 0(Integer)
2020-08-03 13:58:45.378 |-DEBUG [http-nio-8088-exec-4] com.deloitte.system.mapper.customer.ChannelInfoMapper.selectList_COUNT [143] -| ==>  Preparing: SELECT count(0) FROM channel_info c LEFT JOIN sys_users u ON c.create_by = u.id WHERE c.delete_flag = 0 
2020-08-03 13:58:45.379 |-DEBUG [http-nio-8088-exec-4] com.deloitte.system.mapper.customer.ChannelInfoMapper.selectList_COUNT [143] -| ==> Parameters: 
2020-08-03 13:58:45.382 |-DEBUG [http-nio-8088-exec-4] com.deloitte.system.mapper.customer.ChannelInfoMapper.selectList_COUNT [143] -| <==      Total: 1
2020-08-03 13:58:45.384 |-DEBUG [http-nio-8088-exec-4] com.deloitte.system.mapper.customer.ChannelInfoMapper.selectList [143] -| ==>  Preparing: select c.id, channel_name, contact, contact_info, new_amount_rate, renew_amount_rate, payment_type, channel_bank_code, channel_bank_name, payment_code, audit_role, audit_id, c.status, c.create_by, c.create_time, c.update_by, c.update_time, c.disable_flag, c.delete_flag, u.name create_name from channel_info c left join sys_users u on c.create_by = u.id WHERE c.delete_flag = 0 order by c.create_time desc LIMIT ? 
2020-08-03 13:58:45.385 |-DEBUG [http-nio-8088-exec-4] com.deloitte.system.mapper.customer.ChannelInfoMapper.selectList [143] -| ==> Parameters: 10(Integer)
2020-08-03 13:58:45.386 |-DEBUG [http-nio-8088-exec-7] com.deloitte.system.mapper.sys.UserMapper.selectUserList [143] -| <==      Total: 6
2020-08-03 13:58:45.393 |-DEBUG [http-nio-8088-exec-4] com.deloitte.system.mapper.customer.ChannelInfoMapper.selectList [143] -| <==      Total: 4
2020-08-03 13:58:51.147 |-DEBUG [http-nio-8088-exec-1] com.deloitte.system.mapper.sys.GroupMapper.selectGroupList [143] -| ==>  Preparing: select id, group_name, status, create_by, create_time, update_by, update_time, remark from sys_groups 
2020-08-03 13:58:51.148 |-DEBUG [http-nio-8088-exec-1] com.deloitte.system.mapper.sys.GroupMapper.selectGroupList [143] -| ==> Parameters: 
2020-08-03 13:58:51.152 |-DEBUG [http-nio-8088-exec-3] com.deloitte.system.mapper.sys.UserMapper.selectUserList_COUNT [143] -| ==>  Preparing: SELECT count(0) FROM sys_users u LEFT JOIN user_group_rel ugr ON u.id = ugr.user_id LEFT JOIN sys_groups sg ON sg.id = ugr.group_id WHERE delete_flag = ? 
2020-08-03 13:58:51.152 |-DEBUG [http-nio-8088-exec-10] com.deloitte.system.mapper.sys.RoleMapper.selectRoleList [143] -| ==>  Preparing: select id, code, name, create_by, create_time, update_by, update_time, disable_flag, delete_flag from sys_roles WHERE delete_flag = ? 
2020-08-03 13:58:51.153 |-DEBUG [http-nio-8088-exec-10] com.deloitte.system.mapper.sys.RoleMapper.selectRoleList [143] -| ==> Parameters: 0(Integer)
2020-08-03 13:58:51.153 |-DEBUG [http-nio-8088-exec-3] com.deloitte.system.mapper.sys.UserMapper.selectUserList_COUNT [143] -| ==> Parameters: 0(Integer)
2020-08-03 13:58:51.164 |-DEBUG [http-nio-8088-exec-3] com.deloitte.system.mapper.sys.UserMapper.selectUserList_COUNT [143] -| <==      Total: 1
2020-08-03 13:58:51.164 |-DEBUG [http-nio-8088-exec-1] com.deloitte.system.mapper.sys.GroupMapper.selectGroupList [143] -| <==      Total: 3
2020-08-03 13:58:51.166 |-DEBUG [http-nio-8088-exec-3] com.deloitte.system.mapper.sys.UserMapper.selectUserList [143] -| ==>  Preparing: SELECT u.id, u.NAME, u.login_name, u.PASSWORD, u.create_by, u.create_time, u.update_by, u.update_time, u.disable_flag, u.delete_flag , sg.group_name, sg.id group_id FROM sys_users u left join user_group_rel ugr on u.id = ugr.user_id left join sys_groups sg on sg.id = ugr.group_id WHERE delete_flag = ? LIMIT ? 
2020-08-03 13:58:51.166 |-DEBUG [http-nio-8088-exec-10] com.deloitte.system.mapper.sys.RoleMapper.selectRoleList [143] -| <==      Total: 5
2020-08-03 13:58:51.167 |-DEBUG [http-nio-8088-exec-3] com.deloitte.system.mapper.sys.UserMapper.selectUserList [143] -| ==> Parameters: 0(Integer), 10(Integer)
2020-08-03 13:58:51.178 |-DEBUG [http-nio-8088-exec-3] com.deloitte.system.mapper.sys.UserMapper.selectUserList [143] -| <==      Total: 6
2020-08-03 13:59:39.549 |-DEBUG [http-nio-8088-exec-8] com.deloitte.system.mapper.sys.RoleMapper.selectRoleByUserId [143] -| ==>  Preparing: SELECT c.id,c.name,c.code FROM `sys_users` a inner join sys_user_role_rel b on a.id = b.user_id inner join sys_roles c on b.role_id = c.id where a.id = ? 
2020-08-03 13:59:39.550 |-DEBUG [http-nio-8088-exec-8] com.deloitte.system.mapper.sys.RoleMapper.selectRoleByUserId [143] -| ==> Parameters: 60(Long)
2020-08-03 13:59:39.553 |-DEBUG [http-nio-8088-exec-4] com.deloitte.system.mapper.sys.GroupMapper.selectGroupList [143] -| ==>  Preparing: select id, group_name, status, create_by, create_time, update_by, update_time, remark from sys_groups 
2020-08-03 13:59:39.553 |-DEBUG [http-nio-8088-exec-8] com.deloitte.system.mapper.sys.RoleMapper.selectRoleByUserId [143] -| <==      Total: 1
2020-08-03 13:59:39.554 |-DEBUG [http-nio-8088-exec-4] com.deloitte.system.mapper.sys.GroupMapper.selectGroupList [143] -| ==> Parameters: 
2020-08-03 13:59:39.555 |-DEBUG [http-nio-8088-exec-8] com.deloitte.system.mapper.sys.UserMapper.selectUserById [143] -| ==>  Preparing: select id, name, login_name, password, create_by, create_time, update_by, update_time, disable_flag, delete_flag from sys_users where id = ? 
2020-08-03 13:59:39.556 |-DEBUG [http-nio-8088-exec-8] com.deloitte.system.mapper.sys.UserMapper.selectUserById [143] -| ==> Parameters: 60(Long)
2020-08-03 13:59:39.558 |-DEBUG [http-nio-8088-exec-4] com.deloitte.system.mapper.sys.GroupMapper.selectGroupList [143] -| <==      Total: 3
2020-08-03 13:59:39.561 |-DEBUG [http-nio-8088-exec-8] com.deloitte.system.mapper.sys.UserMapper.selectUserById [143] -| <==      Total: 1
2020-08-03 13:59:39.563 |-DEBUG [http-nio-8088-exec-8] com.deloitte.system.mapper.sys.GroupMapper.selectGroupByUserId [143] -| ==>  Preparing: SELECT * FROM `sys_groups` a inner join user_group_rel b on a.id = b.group_id INNER JOIN sys_users c on c.id = b.user_id where b.user_id = ? 
2020-08-03 13:59:39.564 |-DEBUG [http-nio-8088-exec-8] com.deloitte.system.mapper.sys.GroupMapper.selectGroupByUserId [143] -| ==> Parameters: 60(Long)
2020-08-03 13:59:39.568 |-DEBUG [http-nio-8088-exec-7] com.deloitte.system.mapper.sys.RoleMapper.selectRoleList [143] -| ==>  Preparing: select id, code, name, create_by, create_time, update_by, update_time, disable_flag, delete_flag from sys_roles WHERE delete_flag = ? 
2020-08-03 13:59:39.570 |-DEBUG [http-nio-8088-exec-8] com.deloitte.system.mapper.sys.GroupMapper.selectGroupByUserId [143] -| <==      Total: 1
2020-08-03 13:59:39.571 |-DEBUG [http-nio-8088-exec-7] com.deloitte.system.mapper.sys.RoleMapper.selectRoleList [143] -| ==> Parameters: 0(Integer)
2020-08-03 13:59:39.582 |-DEBUG [http-nio-8088-exec-7] com.deloitte.system.mapper.sys.RoleMapper.selectRoleList [143] -| <==      Total: 5
2020-08-03 13:59:53.196 |-DEBUG [http-nio-8088-exec-9] com.deloitte.system.mapper.sys.RoleMapper.selectRoleByUserId [143] -| ==>  Preparing: SELECT c.id,c.name,c.code FROM `sys_users` a inner join sys_user_role_rel b on a.id = b.user_id inner join sys_roles c on b.role_id = c.id where a.id = ? 
2020-08-03 13:59:53.197 |-DEBUG [http-nio-8088-exec-9] com.deloitte.system.mapper.sys.RoleMapper.selectRoleByUserId [143] -| ==> Parameters: 60(Long)
2020-08-03 13:59:53.201 |-DEBUG [http-nio-8088-exec-9] com.deloitte.system.mapper.sys.RoleMapper.selectRoleByUserId [143] -| <==      Total: 1
2020-08-03 13:59:53.203 |-DEBUG [http-nio-8088-exec-9] com.deloitte.system.mapper.sys.UserMapper.selectUserById [143] -| ==>  Preparing: select id, name, login_name, password, create_by, create_time, update_by, update_time, disable_flag, delete_flag from sys_users where id = ? 
2020-08-03 13:59:53.204 |-DEBUG [http-nio-8088-exec-9] com.deloitte.system.mapper.sys.UserMapper.selectUserById [143] -| ==> Parameters: 60(Long)
2020-08-03 13:59:53.208 |-DEBUG [http-nio-8088-exec-9] com.deloitte.system.mapper.sys.UserMapper.selectUserById [143] -| <==      Total: 1
2020-08-03 13:59:53.210 |-DEBUG [http-nio-8088-exec-9] com.deloitte.system.mapper.sys.GroupMapper.selectGroupByUserId [143] -| ==>  Preparing: SELECT * FROM `sys_groups` a inner join user_group_rel b on a.id = b.group_id INNER JOIN sys_users c on c.id = b.user_id where b.user_id = ? 
2020-08-03 13:59:53.211 |-DEBUG [http-nio-8088-exec-9] com.deloitte.system.mapper.sys.GroupMapper.selectGroupByUserId [143] -| ==> Parameters: 60(Long)
2020-08-03 13:59:53.215 |-DEBUG [http-nio-8088-exec-9] com.deloitte.system.mapper.sys.GroupMapper.selectGroupByUserId [143] -| <==      Total: 1
2020-08-03 14:00:01.896 |-DEBUG [http-nio-8088-exec-6] com.deloitte.system.mapper.sys.RoleMapper.selectRoleByUserId [143] -| ==>  Preparing: SELECT c.id,c.name,c.code FROM `sys_users` a inner join sys_user_role_rel b on a.id = b.user_id inner join sys_roles c on b.role_id = c.id where a.id = ? 
2020-08-03 14:00:01.897 |-DEBUG [http-nio-8088-exec-6] com.deloitte.system.mapper.sys.RoleMapper.selectRoleByUserId [143] -| ==> Parameters: 60(Long)
2020-08-03 14:00:01.903 |-DEBUG [http-nio-8088-exec-6] com.deloitte.system.mapper.sys.RoleMapper.selectRoleByUserId [143] -| <==      Total: 1
2020-08-03 14:00:01.905 |-DEBUG [http-nio-8088-exec-6] com.deloitte.system.mapper.sys.UserMapper.selectUserById [143] -| ==>  Preparing: select id, name, login_name, password, create_by, create_time, update_by, update_time, disable_flag, delete_flag from sys_users where id = ? 
2020-08-03 14:00:01.905 |-DEBUG [http-nio-8088-exec-6] com.deloitte.system.mapper.sys.UserMapper.selectUserById [143] -| ==> Parameters: 60(Long)
2020-08-03 14:00:01.910 |-DEBUG [http-nio-8088-exec-6] com.deloitte.system.mapper.sys.UserMapper.selectUserById [143] -| <==      Total: 1
2020-08-03 14:00:01.914 |-DEBUG [http-nio-8088-exec-6] com.deloitte.system.mapper.sys.GroupMapper.selectGroupByUserId [143] -| ==>  Preparing: SELECT * FROM `sys_groups` a inner join user_group_rel b on a.id = b.group_id INNER JOIN sys_users c on c.id = b.user_id where b.user_id = ? 
2020-08-03 14:00:01.916 |-DEBUG [http-nio-8088-exec-6] com.deloitte.system.mapper.sys.GroupMapper.selectGroupByUserId [143] -| ==> Parameters: 60(Long)
2020-08-03 14:00:01.926 |-DEBUG [http-nio-8088-exec-6] com.deloitte.system.mapper.sys.GroupMapper.selectGroupByUserId [143] -| <==      Total: 1
2020-08-03 14:00:02.089 |-DEBUG [http-nio-8088-exec-10] com.deloitte.system.mapper.sys.UserMapper.updatePassword [143] -| ==>  Preparing: update sys_users set password = ? where id = ? 
2020-08-03 14:00:02.091 |-DEBUG [http-nio-8088-exec-10] com.deloitte.system.mapper.sys.UserMapper.updatePassword [143] -| ==> Parameters: {MD5}{BXlIAEFJkkiSKG5ZgW/5tjc/B2uPYH+A9z5RmGrxb1I=}b1656c8da7097f6c0b67debc7c8a9030(String), 60(Long)
2020-08-03 14:00:02.101 |-DEBUG [http-nio-8088-exec-10] com.deloitte.system.mapper.sys.UserMapper.updatePassword [143] -| <==    Updates: 1
2020-08-03 14:35:54.777 |-INFO  [Thread-3] org.springframework.scheduling.concurrent.ThreadPoolTaskExecutor [208] -| Shutting down ExecutorService 'applicationTaskExecutor'
2020-08-03 14:35:54.782 |-INFO  [Thread-3] com.zaxxer.hikari.HikariDataSource [350] -| HikariPool-1 - Shutdown initiated...
2020-08-03 14:35:54.799 |-INFO  [Thread-3] com.zaxxer.hikari.HikariDataSource [352] -| HikariPool-1 - Shutdown completed.
2020-08-03 14:36:02.420 |-INFO  [main] com.deloitte.InformationManageApplication [50] -| Starting InformationManageApplication on CNPC0SFXTC with PID 18456 (D:\workspace\Idea_workspace\customer_manage\im\im-system\target\classes started by dqiao in D:\workspace\Idea_workspace\customer_manage\im)
2020-08-03 14:36:02.432 |-INFO  [main] com.deloitte.InformationManageApplication [675] -| No active profile set, falling back to default profiles: default
2020-08-03 14:36:13.252 |-INFO  [main] org.springframework.boot.web.embedded.tomcat.TomcatWebServer [90] -| Tomcat initialized with port(s): 8088 (http)
2020-08-03 14:36:13.285 |-INFO  [main] org.apache.coyote.http11.Http11NioProtocol [173] -| Initializing ProtocolHandler ["http-nio-8088"]
2020-08-03 14:36:13.306 |-INFO  [main] org.apache.catalina.core.StandardService [173] -| Starting service [Tomcat]
2020-08-03 14:36:13.306 |-INFO  [main] org.apache.catalina.core.StandardEngine [173] -| Starting Servlet engine: [Apache Tomcat/9.0.17]
2020-08-03 14:36:13.743 |-INFO  [main] org.apache.catalina.core.ContainerBase.[Tomcat].[localhost].[/survey/dev/im] [173] -| Initializing Spring embedded WebApplicationContext
2020-08-03 14:36:13.744 |-INFO  [main] org.springframework.web.context.ContextLoader [296] -| Root WebApplicationContext: initialization completed in 11093 ms
2020-08-03 14:36:16.482 |-INFO  [main] com.deloitte.framework.security.provisioning.CustomerJdbcUserDetailsManager [138] -| No authentication manager set. Reauthentication of users when changing passwords will not be performed.
2020-08-03 14:36:16.758 |-INFO  [main] org.springframework.scheduling.concurrent.ThreadPoolTaskExecutor [171] -| Initializing ExecutorService 'applicationTaskExecutor'
2020-08-03 14:36:17.588 |-INFO  [main] org.springframework.security.web.DefaultSecurityFilterChain [43] -| Creating filter chain: any request, [org.springframework.security.web.context.request.async.WebAsyncManagerIntegrationFilter@78479f2b, org.springframework.security.web.context.SecurityContextPersistenceFilter@762a10b6, org.springframework.security.web.header.HeaderWriterFilter@1cba0321, org.springframework.security.web.authentication.logout.LogoutFilter@1c7cd434, org.springframework.security.web.authentication.UsernamePasswordAuthenticationFilter@4e4894d, org.springframework.security.web.savedrequest.RequestCacheAwareFilter@f2fb225, org.springframework.security.web.servletapi.SecurityContextHolderAwareRequestFilter@5d1a859c, org.springframework.security.web.authentication.AnonymousAuthenticationFilter@2755617b, org.springframework.security.web.session.SessionManagementFilter@66d3b881, org.springframework.security.web.access.ExceptionTranslationFilter@1b409a79, org.springframework.security.web.access.intercept.FilterSecurityInterceptor@1e120628]
2020-08-03 14:36:17.724 |-INFO  [main] org.apache.coyote.http11.Http11NioProtocol [173] -| Starting ProtocolHandler ["http-nio-8088"]
2020-08-03 14:36:17.788 |-INFO  [main] org.springframework.boot.web.embedded.tomcat.TomcatWebServer [204] -| Tomcat started on port(s): 8088 (http) with context path '/survey/dev/im'
2020-08-03 14:36:17.811 |-INFO  [main] com.deloitte.InformationManageApplication [59] -| Started InformationManageApplication in 17.102 seconds (JVM running for 19.154)
2020-08-03 14:36:21.360 |-INFO  [http-nio-8088-exec-1] org.apache.catalina.core.ContainerBase.[Tomcat].[localhost].[/survey/dev/im] [173] -| Initializing Spring DispatcherServlet 'dispatcherServlet'
2020-08-03 14:36:21.361 |-INFO  [http-nio-8088-exec-1] org.springframework.web.servlet.DispatcherServlet [524] -| Initializing Servlet 'dispatcherServlet'
2020-08-03 14:36:21.399 |-INFO  [http-nio-8088-exec-1] org.springframework.web.servlet.DispatcherServlet [546] -| Completed initialization in 38 ms
2020-08-03 14:36:30.039 |-INFO  [http-nio-8088-exec-2] com.zaxxer.hikari.HikariDataSource [110] -| HikariPool-1 - Starting...
2020-08-03 14:36:30.358 |-INFO  [http-nio-8088-exec-2] com.zaxxer.hikari.HikariDataSource [123] -| HikariPool-1 - Start completed.
2020-08-03 14:36:30.482 |-DEBUG [http-nio-8088-exec-5] com.deloitte.system.mapper.sys.MenuMapper.getMenuByUserId [143] -| ==>  Preparing: select distinct m.id, m.name, m.type, m.permission, m.url, m.order_num, m.parent_id, m.visible, m.icon, m.create_by, m.create_time, m.update_by, m.update_time, m.disable_flag, m.delete_flag from sys_menus m inner join sys_role_menu_rel rm on m.id = rm.menu_id inner join sys_user_role_rel ur on ur.role_id = rm.role_id inner join sys_roles r on r.id = ur.role_id where ur.user_id = ? and m.type in('catalog', 'menu') and m.visible=1 and m.delete_flag = 0 and r.disable_flag = 0 and r.delete_flag = 0 order by m.order_num asc 
2020-08-03 14:36:30.507 |-DEBUG [http-nio-8088-exec-5] com.deloitte.system.mapper.sys.MenuMapper.getMenuByUserId [143] -| ==> Parameters: 60(Long)
2020-08-03 14:36:30.580 |-DEBUG [http-nio-8088-exec-5] com.deloitte.system.mapper.sys.MenuMapper.getMenuByUserId [143] -| <==      Total: 22
2020-08-03 14:36:30.621 |-DEBUG [http-nio-8088-exec-5] com.deloitte.system.mapper.sys.RoleMapper.selectRoleByUserId [143] -| ==>  Preparing: SELECT c.id,c.name,c.code FROM `sys_users` a inner join sys_user_role_rel b on a.id = b.user_id inner join sys_roles c on b.role_id = c.id where a.id = ? 
2020-08-03 14:36:30.623 |-DEBUG [http-nio-8088-exec-5] com.deloitte.system.mapper.sys.RoleMapper.selectRoleByUserId [143] -| ==> Parameters: 60(Long)
2020-08-03 14:36:30.632 |-DEBUG [http-nio-8088-exec-5] com.deloitte.system.mapper.sys.RoleMapper.selectRoleByUserId [143] -| <==      Total: 1
2020-08-03 14:36:30.633 |-DEBUG [http-nio-8088-exec-5] com.deloitte.system.mapper.sys.UserMapper.selectUserById [143] -| ==>  Preparing: select id, name, login_name, password, create_by, create_time, update_by, update_time, disable_flag, delete_flag from sys_users where id = ? 
2020-08-03 14:36:30.636 |-DEBUG [http-nio-8088-exec-5] com.deloitte.system.mapper.sys.UserMapper.selectUserById [143] -| ==> Parameters: 60(Long)
2020-08-03 14:36:30.645 |-DEBUG [http-nio-8088-exec-5] com.deloitte.system.mapper.sys.UserMapper.selectUserById [143] -| <==      Total: 1
2020-08-03 14:36:30.649 |-DEBUG [http-nio-8088-exec-5] com.deloitte.system.mapper.sys.GroupMapper.selectGroupByUserId [143] -| ==>  Preparing: SELECT * FROM `sys_groups` a inner join user_group_rel b on a.id = b.group_id INNER JOIN sys_users c on c.id = b.user_id where b.user_id = ? 
2020-08-03 14:36:30.650 |-DEBUG [http-nio-8088-exec-5] com.deloitte.system.mapper.sys.GroupMapper.selectGroupByUserId [143] -| ==> Parameters: 60(Long)
2020-08-03 14:36:30.655 |-DEBUG [http-nio-8088-exec-5] com.deloitte.system.mapper.sys.GroupMapper.selectGroupByUserId [143] -| <==      Total: 1
2020-08-03 14:36:33.144 |-DEBUG [http-nio-8088-exec-1] com.deloitte.system.mapper.sys.RoleMapper.selectRoleByUserId [143] -| ==>  Preparing: SELECT c.id,c.name,c.code FROM `sys_users` a inner join sys_user_role_rel b on a.id = b.user_id inner join sys_roles c on b.role_id = c.id where a.id = ? 
2020-08-03 14:36:33.145 |-DEBUG [http-nio-8088-exec-1] com.deloitte.system.mapper.sys.RoleMapper.selectRoleByUserId [143] -| ==> Parameters: 60(Long)
2020-08-03 14:36:33.152 |-DEBUG [http-nio-8088-exec-1] com.deloitte.system.mapper.sys.RoleMapper.selectRoleByUserId [143] -| <==      Total: 1
2020-08-03 14:36:33.179 |-DEBUG [http-nio-8088-exec-10] com.deloitte.system.mapper.sys.UserMapper.selectUserList [143] -| ==>  Preparing: SELECT u.id, u.NAME, u.login_name, u.PASSWORD, u.create_by, u.create_time, u.update_by, u.update_time, u.disable_flag, u.delete_flag , sg.group_name, sg.id group_id FROM sys_users u left join user_group_rel ugr on u.id = ugr.user_id left join sys_groups sg on sg.id = ugr.group_id WHERE delete_flag = ? 
2020-08-03 14:36:33.180 |-DEBUG [http-nio-8088-exec-10] com.deloitte.system.mapper.sys.UserMapper.selectUserList [143] -| ==> Parameters: 0(Integer)
2020-08-03 14:36:33.188 |-DEBUG [http-nio-8088-exec-10] com.deloitte.system.mapper.sys.UserMapper.selectUserList [143] -| <==      Total: 6
2020-08-03 14:36:33.573 |-INFO  [http-nio-8088-exec-7] com.deloitte.system.service.customer.impl.ChannelManageServiceImpl [187] -| 调用channelList方法，参数为:{"channelName":"","contactInfo":"","paymentType":"","status":""}
2020-08-03 14:36:33.574 |-DEBUG [http-nio-8088-exec-7] com.deloitte.system.mapper.sys.RoleMapper.selectRoleByUserId [143] -| ==>  Preparing: SELECT c.id,c.name,c.code FROM `sys_users` a inner join sys_user_role_rel b on a.id = b.user_id inner join sys_roles c on b.role_id = c.id where a.id = ? 
2020-08-03 14:36:33.575 |-DEBUG [http-nio-8088-exec-7] com.deloitte.system.mapper.sys.RoleMapper.selectRoleByUserId [143] -| ==> Parameters: 60(Long)
2020-08-03 14:36:33.590 |-DEBUG [http-nio-8088-exec-7] com.deloitte.system.mapper.sys.RoleMapper.selectRoleByUserId [143] -| <==      Total: 1
2020-08-03 14:36:33.738 |-DEBUG [http-nio-8088-exec-7] com.deloitte.system.mapper.customer.ChannelInfoMapper.selectList_COUNT [143] -| ==>  Preparing: SELECT count(0) FROM channel_info c LEFT JOIN sys_users u ON c.create_by = u.id WHERE c.delete_flag = 0 
2020-08-03 14:36:33.740 |-DEBUG [http-nio-8088-exec-7] com.deloitte.system.mapper.customer.ChannelInfoMapper.selectList_COUNT [143] -| ==> Parameters: 
2020-08-03 14:36:33.745 |-DEBUG [http-nio-8088-exec-7] com.deloitte.system.mapper.customer.ChannelInfoMapper.selectList_COUNT [143] -| <==      Total: 1
2020-08-03 14:36:33.753 |-DEBUG [http-nio-8088-exec-7] com.deloitte.system.mapper.customer.ChannelInfoMapper.selectList [143] -| ==>  Preparing: select c.id, channel_name, contact, contact_info, new_amount_rate, renew_amount_rate, payment_type, channel_bank_code, channel_bank_name, payment_code, audit_role, audit_id, c.status, c.create_by, c.create_time, c.update_by, c.update_time, c.disable_flag, c.delete_flag, u.name create_name from channel_info c left join sys_users u on c.create_by = u.id WHERE c.delete_flag = 0 order by c.create_time desc LIMIT ? 
2020-08-03 14:36:33.754 |-DEBUG [http-nio-8088-exec-7] com.deloitte.system.mapper.customer.ChannelInfoMapper.selectList [143] -| ==> Parameters: 10(Integer)
2020-08-03 14:36:33.764 |-DEBUG [http-nio-8088-exec-7] com.deloitte.system.mapper.customer.ChannelInfoMapper.selectList [143] -| <==      Total: 4
2020-08-03 14:36:34.678 |-DEBUG [http-nio-8088-exec-8] com.deloitte.system.mapper.sys.GroupMapper.selectGroupList [143] -| ==>  Preparing: select id, group_name, status, create_by, create_time, update_by, update_time, remark from sys_groups 
2020-08-03 14:36:34.680 |-DEBUG [http-nio-8088-exec-8] com.deloitte.system.mapper.sys.GroupMapper.selectGroupList [143] -| ==> Parameters: 
2020-08-03 14:36:34.685 |-DEBUG [http-nio-8088-exec-8] com.deloitte.system.mapper.sys.GroupMapper.selectGroupList [143] -| <==      Total: 3
2020-08-03 14:36:34.689 |-DEBUG [http-nio-8088-exec-10] com.deloitte.system.mapper.sys.RoleMapper.selectRoleList [143] -| ==>  Preparing: select id, code, name, create_by, create_time, update_by, update_time, disable_flag, delete_flag from sys_roles WHERE delete_flag = ? 
2020-08-03 14:36:34.691 |-DEBUG [http-nio-8088-exec-10] com.deloitte.system.mapper.sys.RoleMapper.selectRoleList [143] -| ==> Parameters: 0(Integer)
2020-08-03 14:36:34.699 |-DEBUG [http-nio-8088-exec-10] com.deloitte.system.mapper.sys.RoleMapper.selectRoleList [143] -| <==      Total: 5
2020-08-03 14:36:34.720 |-DEBUG [http-nio-8088-exec-1] com.deloitte.system.mapper.sys.UserMapper.selectUserList_COUNT [143] -| ==>  Preparing: SELECT count(0) FROM sys_users u LEFT JOIN user_group_rel ugr ON u.id = ugr.user_id LEFT JOIN sys_groups sg ON sg.id = ugr.group_id WHERE delete_flag = ? 
2020-08-03 14:36:34.721 |-DEBUG [http-nio-8088-exec-1] com.deloitte.system.mapper.sys.UserMapper.selectUserList_COUNT [143] -| ==> Parameters: 0(Integer)
2020-08-03 14:36:34.725 |-DEBUG [http-nio-8088-exec-1] com.deloitte.system.mapper.sys.UserMapper.selectUserList_COUNT [143] -| <==      Total: 1
2020-08-03 14:36:34.727 |-DEBUG [http-nio-8088-exec-1] com.deloitte.system.mapper.sys.UserMapper.selectUserList [143] -| ==>  Preparing: SELECT u.id, u.NAME, u.login_name, u.PASSWORD, u.create_by, u.create_time, u.update_by, u.update_time, u.disable_flag, u.delete_flag , sg.group_name, sg.id group_id FROM sys_users u left join user_group_rel ugr on u.id = ugr.user_id left join sys_groups sg on sg.id = ugr.group_id WHERE delete_flag = ? LIMIT ? 
2020-08-03 14:36:34.728 |-DEBUG [http-nio-8088-exec-1] com.deloitte.system.mapper.sys.UserMapper.selectUserList [143] -| ==> Parameters: 0(Integer), 10(Integer)
2020-08-03 14:36:34.735 |-DEBUG [http-nio-8088-exec-1] com.deloitte.system.mapper.sys.UserMapper.selectUserList [143] -| <==      Total: 6
2020-08-03 14:36:51.501 |-DEBUG [http-nio-8088-exec-7] com.deloitte.system.mapper.sys.UserMapper.selectUserByUsername [143] -| ==>  Preparing: select id, name, login_name, password, create_by, create_time, update_by, update_time, disable_flag, delete_flag from sys_users where login_name = ? and delete_flag = 0 
2020-08-03 14:36:51.503 |-DEBUG [http-nio-8088-exec-7] com.deloitte.system.mapper.sys.UserMapper.selectUserByUsername [143] -| ==> Parameters: test(String)
2020-08-03 14:36:51.530 |-DEBUG [http-nio-8088-exec-7] com.deloitte.system.mapper.sys.UserMapper.selectUserByUsername [143] -| <==      Total: 0
2020-08-03 14:37:15.567 |-DEBUG [http-nio-8088-exec-4] com.deloitte.system.mapper.sys.UserMapper.selectUserByUsername [143] -| ==>  Preparing: select id, name, login_name, password, create_by, create_time, update_by, update_time, disable_flag, delete_flag from sys_users where login_name = ? and delete_flag = 0 
2020-08-03 14:37:15.568 |-DEBUG [http-nio-8088-exec-4] com.deloitte.system.mapper.sys.UserMapper.selectUserByUsername [143] -| ==> Parameters: test(String)
2020-08-03 14:37:15.573 |-DEBUG [http-nio-8088-exec-4] com.deloitte.system.mapper.sys.UserMapper.selectUserByUsername [143] -| <==      Total: 0
2020-08-03 14:37:15.761 |-DEBUG [http-nio-8088-exec-9] com.deloitte.system.mapper.sys.UserMapper.insertUser [143] -| ==>  Preparing: insert into sys_users ( name, login_name, password, create_by, create_time, update_by, update_time, disable_flag, delete_flag ) values ( ?, ?, ?, ?, ?, ?, ?, ?, ? ) 
2020-08-03 14:37:15.765 |-DEBUG [http-nio-8088-exec-9] com.deloitte.system.mapper.sys.UserMapper.insertUser [143] -| ==> Parameters: 测试用户(String), test(String), {MD5}{dJOPKA1U79LZI+8d7JCQYBHJtwaDhWO9JFRU4loG8gU=}04ac66fbfb8a7c894296de774c8e6f0f(String), 60(Long), 2020-08-03 14:37:15.753(Timestamp), 60(Long), 2020-08-03 14:37:15.753(Timestamp), 0(Integer), 0(Integer)
2020-08-03 14:37:15.777 |-DEBUG [http-nio-8088-exec-9] com.deloitte.system.mapper.sys.UserMapper.insertUser [143] -| <==    Updates: 1
2020-08-03 14:37:15.795 |-DEBUG [http-nio-8088-exec-9] com.deloitte.system.mapper.sys.UserGroupRelMapper.insertUserGroupRel [143] -| ==>  Preparing: insert into user_group_rel ( user_id, group_id, status, create_by, create_time, update_by, update_time ) values ( ?, ?, ?, ?, ?, ?, ? ) 
2020-08-03 14:37:15.798 |-DEBUG [http-nio-8088-exec-9] com.deloitte.system.mapper.sys.UserGroupRelMapper.insertUserGroupRel [143] -| ==> Parameters: 66(Long), 2(Long), 0(String), 60(Long), 2020-08-03 14:37:15.787(Timestamp), 60(Long), 2020-08-03 14:37:15.787(Timestamp)
2020-08-03 14:37:15.807 |-DEBUG [http-nio-8088-exec-9] com.deloitte.system.mapper.sys.UserGroupRelMapper.insertUserGroupRel [143] -| <==    Updates: 1
2020-08-03 14:37:15.809 |-DEBUG [http-nio-8088-exec-9] com.deloitte.system.mapper.sys.UserRoleRelMapper.insertUserRoleRel [143] -| ==>  Preparing: insert into sys_user_role_rel ( user_id, role_id ) values ( ?, ? ) 
2020-08-03 14:37:15.810 |-DEBUG [http-nio-8088-exec-9] com.deloitte.system.mapper.sys.UserRoleRelMapper.insertUserRoleRel [143] -| ==> Parameters: 66(Long), 2(Long)
2020-08-03 14:37:15.818 |-DEBUG [http-nio-8088-exec-9] com.deloitte.system.mapper.sys.UserRoleRelMapper.insertUserRoleRel [143] -| <==    Updates: 1
2020-08-03 14:37:15.845 |-DEBUG [http-nio-8088-exec-2] com.deloitte.system.mapper.sys.UserMapper.selectUserList_COUNT [143] -| ==>  Preparing: SELECT count(0) FROM sys_users u LEFT JOIN user_group_rel ugr ON u.id = ugr.user_id LEFT JOIN sys_groups sg ON sg.id = ugr.group_id WHERE delete_flag = ? 
2020-08-03 14:37:15.845 |-DEBUG [http-nio-8088-exec-2] com.deloitte.system.mapper.sys.UserMapper.selectUserList_COUNT [143] -| ==> Parameters: 0(Integer)
2020-08-03 14:37:15.852 |-DEBUG [http-nio-8088-exec-2] com.deloitte.system.mapper.sys.UserMapper.selectUserList_COUNT [143] -| <==      Total: 1
2020-08-03 14:37:15.855 |-DEBUG [http-nio-8088-exec-2] com.deloitte.system.mapper.sys.UserMapper.selectUserList [143] -| ==>  Preparing: SELECT u.id, u.NAME, u.login_name, u.PASSWORD, u.create_by, u.create_time, u.update_by, u.update_time, u.disable_flag, u.delete_flag , sg.group_name, sg.id group_id FROM sys_users u left join user_group_rel ugr on u.id = ugr.user_id left join sys_groups sg on sg.id = ugr.group_id WHERE delete_flag = ? LIMIT ? 
2020-08-03 14:37:15.857 |-DEBUG [http-nio-8088-exec-2] com.deloitte.system.mapper.sys.UserMapper.selectUserList [143] -| ==> Parameters: 0(Integer), 10(Integer)
2020-08-03 14:37:15.866 |-DEBUG [http-nio-8088-exec-2] com.deloitte.system.mapper.sys.UserMapper.selectUserList [143] -| <==      Total: 7
2020-08-03 14:37:26.421 |-DEBUG [http-nio-8088-exec-8] com.deloitte.system.mapper.sys.MenuMapper.getMenuByUserId [143] -| ==>  Preparing: select distinct m.id, m.name, m.type, m.permission, m.url, m.order_num, m.parent_id, m.visible, m.icon, m.create_by, m.create_time, m.update_by, m.update_time, m.disable_flag, m.delete_flag from sys_menus m inner join sys_role_menu_rel rm on m.id = rm.menu_id inner join sys_user_role_rel ur on ur.role_id = rm.role_id inner join sys_roles r on r.id = ur.role_id where ur.user_id = ? and m.type in('catalog', 'menu') and m.visible=1 and m.delete_flag = 0 and r.disable_flag = 0 and r.delete_flag = 0 order by m.order_num asc 
2020-08-03 14:37:26.427 |-DEBUG [http-nio-8088-exec-8] com.deloitte.system.mapper.sys.MenuMapper.getMenuByUserId [143] -| ==> Parameters: 66(Long)
2020-08-03 14:37:26.438 |-DEBUG [http-nio-8088-exec-8] com.deloitte.system.mapper.sys.MenuMapper.getMenuByUserId [143] -| <==      Total: 12
2020-08-03 14:37:26.444 |-DEBUG [http-nio-8088-exec-8] com.deloitte.system.mapper.sys.RoleMapper.selectRoleByUserId [143] -| ==>  Preparing: SELECT c.id,c.name,c.code FROM `sys_users` a inner join sys_user_role_rel b on a.id = b.user_id inner join sys_roles c on b.role_id = c.id where a.id = ? 
2020-08-03 14:37:26.445 |-DEBUG [http-nio-8088-exec-8] com.deloitte.system.mapper.sys.RoleMapper.selectRoleByUserId [143] -| ==> Parameters: 66(Long)
2020-08-03 14:37:26.450 |-DEBUG [http-nio-8088-exec-8] com.deloitte.system.mapper.sys.RoleMapper.selectRoleByUserId [143] -| <==      Total: 1
2020-08-03 14:37:26.451 |-DEBUG [http-nio-8088-exec-8] com.deloitte.system.mapper.sys.UserMapper.selectUserById [143] -| ==>  Preparing: select id, name, login_name, password, create_by, create_time, update_by, update_time, disable_flag, delete_flag from sys_users where id = ? 
2020-08-03 14:37:26.451 |-DEBUG [http-nio-8088-exec-8] com.deloitte.system.mapper.sys.UserMapper.selectUserById [143] -| ==> Parameters: 66(Long)
2020-08-03 14:37:26.456 |-DEBUG [http-nio-8088-exec-8] com.deloitte.system.mapper.sys.UserMapper.selectUserById [143] -| <==      Total: 1
2020-08-03 14:37:26.459 |-DEBUG [http-nio-8088-exec-8] com.deloitte.system.mapper.sys.GroupMapper.selectGroupByUserId [143] -| ==>  Preparing: SELECT * FROM `sys_groups` a inner join user_group_rel b on a.id = b.group_id INNER JOIN sys_users c on c.id = b.user_id where b.user_id = ? 
2020-08-03 14:37:26.459 |-DEBUG [http-nio-8088-exec-8] com.deloitte.system.mapper.sys.GroupMapper.selectGroupByUserId [143] -| ==> Parameters: 66(Long)
2020-08-03 14:37:26.463 |-DEBUG [http-nio-8088-exec-8] com.deloitte.system.mapper.sys.GroupMapper.selectGroupByUserId [143] -| <==      Total: 1
2020-08-03 14:37:28.055 |-DEBUG [http-nio-8088-exec-4] com.deloitte.system.mapper.sys.RoleMapper.selectRoleByUserId [143] -| ==>  Preparing: SELECT c.id,c.name,c.code FROM `sys_users` a inner join sys_user_role_rel b on a.id = b.user_id inner join sys_roles c on b.role_id = c.id where a.id = ? 
2020-08-03 14:37:28.057 |-INFO  [http-nio-8088-exec-6] com.deloitte.system.service.customer.impl.ChannelManageServiceImpl [187] -| 调用channelList方法，参数为:{"channelName":"","contactInfo":"","paymentType":"","status":""}
2020-08-03 14:37:28.057 |-DEBUG [http-nio-8088-exec-4] com.deloitte.system.mapper.sys.RoleMapper.selectRoleByUserId [143] -| ==> Parameters: 66(Long)
2020-08-03 14:37:28.060 |-DEBUG [http-nio-8088-exec-6] com.deloitte.system.mapper.sys.RoleMapper.selectRoleByUserId [143] -| ==>  Preparing: SELECT c.id,c.name,c.code FROM `sys_users` a inner join sys_user_role_rel b on a.id = b.user_id inner join sys_roles c on b.role_id = c.id where a.id = ? 
2020-08-03 14:37:28.061 |-DEBUG [http-nio-8088-exec-4] com.deloitte.system.mapper.sys.RoleMapper.selectRoleByUserId [143] -| <==      Total: 1
2020-08-03 14:37:28.061 |-DEBUG [http-nio-8088-exec-6] com.deloitte.system.mapper.sys.RoleMapper.selectRoleByUserId [143] -| ==> Parameters: 66(Long)
2020-08-03 14:37:28.062 |-DEBUG [http-nio-8088-exec-5] com.deloitte.system.mapper.sys.UserMapper.selectUserList [143] -| ==>  Preparing: SELECT u.id, u.NAME, u.login_name, u.PASSWORD, u.create_by, u.create_time, u.update_by, u.update_time, u.disable_flag, u.delete_flag , sg.group_name, sg.id group_id FROM sys_users u left join user_group_rel ugr on u.id = ugr.user_id left join sys_groups sg on sg.id = ugr.group_id WHERE delete_flag = ? 
2020-08-03 14:37:28.063 |-DEBUG [http-nio-8088-exec-5] com.deloitte.system.mapper.sys.UserMapper.selectUserList [143] -| ==> Parameters: 0(Integer)
2020-08-03 14:37:28.066 |-DEBUG [http-nio-8088-exec-6] com.deloitte.system.mapper.sys.RoleMapper.selectRoleByUserId [143] -| <==      Total: 1
2020-08-03 14:37:28.071 |-DEBUG [http-nio-8088-exec-5] com.deloitte.system.mapper.sys.UserMapper.selectUserList [143] -| <==      Total: 7
2020-08-03 14:37:28.076 |-DEBUG [http-nio-8088-exec-6] com.deloitte.system.mapper.customer.ChannelInfoMapper.selectList_COUNT [143] -| ==>  Preparing: SELECT count(0) FROM channel_info c LEFT JOIN sys_users u ON c.create_by = u.id WHERE c.delete_flag = 0 AND c.create_by = ? 
2020-08-03 14:37:28.078 |-DEBUG [http-nio-8088-exec-6] com.deloitte.system.mapper.customer.ChannelInfoMapper.selectList_COUNT [143] -| ==> Parameters: 66(Long)
2020-08-03 14:37:28.084 |-DEBUG [http-nio-8088-exec-6] com.deloitte.system.mapper.customer.ChannelInfoMapper.selectList_COUNT [143] -| <==      Total: 1
2020-08-03 14:37:39.481 |-DEBUG [http-nio-8088-exec-3] com.deloitte.system.mapper.sys.MenuMapper.getMenuByUserId [143] -| ==>  Preparing: select distinct m.id, m.name, m.type, m.permission, m.url, m.order_num, m.parent_id, m.visible, m.icon, m.create_by, m.create_time, m.update_by, m.update_time, m.disable_flag, m.delete_flag from sys_menus m inner join sys_role_menu_rel rm on m.id = rm.menu_id inner join sys_user_role_rel ur on ur.role_id = rm.role_id inner join sys_roles r on r.id = ur.role_id where ur.user_id = ? and m.type in('catalog', 'menu') and m.visible=1 and m.delete_flag = 0 and r.disable_flag = 0 and r.delete_flag = 0 order by m.order_num asc 
2020-08-03 14:37:39.483 |-DEBUG [http-nio-8088-exec-3] com.deloitte.system.mapper.sys.MenuMapper.getMenuByUserId [143] -| ==> Parameters: 60(Long)
2020-08-03 14:37:39.496 |-DEBUG [http-nio-8088-exec-3] com.deloitte.system.mapper.sys.MenuMapper.getMenuByUserId [143] -| <==      Total: 22
2020-08-03 14:37:39.502 |-DEBUG [http-nio-8088-exec-3] com.deloitte.system.mapper.sys.RoleMapper.selectRoleByUserId [143] -| ==>  Preparing: SELECT c.id,c.name,c.code FROM `sys_users` a inner join sys_user_role_rel b on a.id = b.user_id inner join sys_roles c on b.role_id = c.id where a.id = ? 
2020-08-03 14:37:39.505 |-DEBUG [http-nio-8088-exec-3] com.deloitte.system.mapper.sys.RoleMapper.selectRoleByUserId [143] -| ==> Parameters: 60(Long)
2020-08-03 14:37:39.511 |-DEBUG [http-nio-8088-exec-3] com.deloitte.system.mapper.sys.RoleMapper.selectRoleByUserId [143] -| <==      Total: 1
2020-08-03 14:37:39.512 |-DEBUG [http-nio-8088-exec-3] com.deloitte.system.mapper.sys.UserMapper.selectUserById [143] -| ==>  Preparing: select id, name, login_name, password, create_by, create_time, update_by, update_time, disable_flag, delete_flag from sys_users where id = ? 
2020-08-03 14:37:39.513 |-DEBUG [http-nio-8088-exec-3] com.deloitte.system.mapper.sys.UserMapper.selectUserById [143] -| ==> Parameters: 60(Long)
2020-08-03 14:37:39.516 |-DEBUG [http-nio-8088-exec-3] com.deloitte.system.mapper.sys.UserMapper.selectUserById [143] -| <==      Total: 1
2020-08-03 14:37:39.518 |-DEBUG [http-nio-8088-exec-3] com.deloitte.system.mapper.sys.GroupMapper.selectGroupByUserId [143] -| ==>  Preparing: SELECT * FROM `sys_groups` a inner join user_group_rel b on a.id = b.group_id INNER JOIN sys_users c on c.id = b.user_id where b.user_id = ? 
2020-08-03 14:37:39.519 |-DEBUG [http-nio-8088-exec-3] com.deloitte.system.mapper.sys.GroupMapper.selectGroupByUserId [143] -| ==> Parameters: 60(Long)
2020-08-03 14:37:39.527 |-DEBUG [http-nio-8088-exec-3] com.deloitte.system.mapper.sys.GroupMapper.selectGroupByUserId [143] -| <==      Total: 1
2020-08-03 14:37:41.226 |-INFO  [http-nio-8088-exec-4] com.deloitte.system.service.customer.impl.ChannelManageServiceImpl [187] -| 调用channelList方法，参数为:{"channelName":"","contactInfo":"","paymentType":"","status":""}
2020-08-03 14:37:41.230 |-DEBUG [http-nio-8088-exec-1] com.deloitte.system.mapper.sys.RoleMapper.selectRoleByUserId [143] -| ==>  Preparing: SELECT c.id,c.name,c.code FROM `sys_users` a inner join sys_user_role_rel b on a.id = b.user_id inner join sys_roles c on b.role_id = c.id where a.id = ? 
2020-08-03 14:37:41.232 |-DEBUG [http-nio-8088-exec-4] com.deloitte.system.mapper.sys.RoleMapper.selectRoleByUserId [143] -| ==>  Preparing: SELECT c.id,c.name,c.code FROM `sys_users` a inner join sys_user_role_rel b on a.id = b.user_id inner join sys_roles c on b.role_id = c.id where a.id = ? 
2020-08-03 14:37:41.232 |-DEBUG [http-nio-8088-exec-1] com.deloitte.system.mapper.sys.RoleMapper.selectRoleByUserId [143] -| ==> Parameters: 60(Long)
2020-08-03 14:37:41.233 |-DEBUG [http-nio-8088-exec-4] com.deloitte.system.mapper.sys.RoleMapper.selectRoleByUserId [143] -| ==> Parameters: 60(Long)
2020-08-03 14:37:41.237 |-DEBUG [http-nio-8088-exec-9] com.deloitte.system.mapper.sys.UserMapper.selectUserList [143] -| ==>  Preparing: SELECT u.id, u.NAME, u.login_name, u.PASSWORD, u.create_by, u.create_time, u.update_by, u.update_time, u.disable_flag, u.delete_flag , sg.group_name, sg.id group_id FROM sys_users u left join user_group_rel ugr on u.id = ugr.user_id left join sys_groups sg on sg.id = ugr.group_id WHERE delete_flag = ? 
2020-08-03 14:37:41.237 |-DEBUG [http-nio-8088-exec-1] com.deloitte.system.mapper.sys.RoleMapper.selectRoleByUserId [143] -| <==      Total: 1
2020-08-03 14:37:41.238 |-DEBUG [http-nio-8088-exec-9] com.deloitte.system.mapper.sys.UserMapper.selectUserList [143] -| ==> Parameters: 0(Integer)
2020-08-03 14:37:41.239 |-DEBUG [http-nio-8088-exec-4] com.deloitte.system.mapper.sys.RoleMapper.selectRoleByUserId [143] -| <==      Total: 1
2020-08-03 14:37:41.246 |-DEBUG [http-nio-8088-exec-4] com.deloitte.system.mapper.customer.ChannelInfoMapper.selectList_COUNT [143] -| ==>  Preparing: SELECT count(0) FROM channel_info c LEFT JOIN sys_users u ON c.create_by = u.id WHERE c.delete_flag = 0 
2020-08-03 14:37:41.246 |-DEBUG [http-nio-8088-exec-4] com.deloitte.system.mapper.customer.ChannelInfoMapper.selectList_COUNT [143] -| ==> Parameters: 
2020-08-03 14:37:41.254 |-DEBUG [http-nio-8088-exec-4] com.deloitte.system.mapper.customer.ChannelInfoMapper.selectList_COUNT [143] -| <==      Total: 1
2020-08-03 14:37:41.255 |-DEBUG [http-nio-8088-exec-9] com.deloitte.system.mapper.sys.UserMapper.selectUserList [143] -| <==      Total: 7
2020-08-03 14:37:41.256 |-DEBUG [http-nio-8088-exec-4] com.deloitte.system.mapper.customer.ChannelInfoMapper.selectList [143] -| ==>  Preparing: select c.id, channel_name, contact, contact_info, new_amount_rate, renew_amount_rate, payment_type, channel_bank_code, channel_bank_name, payment_code, audit_role, audit_id, c.status, c.create_by, c.create_time, c.update_by, c.update_time, c.disable_flag, c.delete_flag, u.name create_name from channel_info c left join sys_users u on c.create_by = u.id WHERE c.delete_flag = 0 order by c.create_time desc LIMIT ? 
2020-08-03 14:37:41.257 |-DEBUG [http-nio-8088-exec-4] com.deloitte.system.mapper.customer.ChannelInfoMapper.selectList [143] -| ==> Parameters: 10(Integer)
2020-08-03 14:37:41.287 |-DEBUG [http-nio-8088-exec-4] com.deloitte.system.mapper.customer.ChannelInfoMapper.selectList [143] -| <==      Total: 4
2020-08-03 14:37:45.493 |-DEBUG [http-nio-8088-exec-5] com.deloitte.system.mapper.sys.GroupMapper.selectGroupList [143] -| ==>  Preparing: select id, group_name, status, create_by, create_time, update_by, update_time, remark from sys_groups 
2020-08-03 14:37:45.494 |-DEBUG [http-nio-8088-exec-5] com.deloitte.system.mapper.sys.GroupMapper.selectGroupList [143] -| ==> Parameters: 
2020-08-03 14:37:45.498 |-DEBUG [http-nio-8088-exec-5] com.deloitte.system.mapper.sys.GroupMapper.selectGroupList [143] -| <==      Total: 3
2020-08-03 14:37:45.501 |-DEBUG [http-nio-8088-exec-1] com.deloitte.system.mapper.sys.UserMapper.selectUserList_COUNT [143] -| ==>  Preparing: SELECT count(0) FROM sys_users u LEFT JOIN user_group_rel ugr ON u.id = ugr.user_id LEFT JOIN sys_groups sg ON sg.id = ugr.group_id WHERE delete_flag = ? 
2020-08-03 14:37:45.501 |-DEBUG [http-nio-8088-exec-9] com.deloitte.system.mapper.sys.RoleMapper.selectRoleList [143] -| ==>  Preparing: select id, code, name, create_by, create_time, update_by, update_time, disable_flag, delete_flag from sys_roles WHERE delete_flag = ? 
2020-08-03 14:37:45.501 |-DEBUG [http-nio-8088-exec-9] com.deloitte.system.mapper.sys.RoleMapper.selectRoleList [143] -| ==> Parameters: 0(Integer)
2020-08-03 14:37:45.502 |-DEBUG [http-nio-8088-exec-1] com.deloitte.system.mapper.sys.UserMapper.selectUserList_COUNT [143] -| ==> Parameters: 0(Integer)
2020-08-03 14:37:45.507 |-DEBUG [http-nio-8088-exec-1] com.deloitte.system.mapper.sys.UserMapper.selectUserList_COUNT [143] -| <==      Total: 1
2020-08-03 14:37:45.507 |-DEBUG [http-nio-8088-exec-9] com.deloitte.system.mapper.sys.RoleMapper.selectRoleList [143] -| <==      Total: 5
2020-08-03 14:37:45.509 |-DEBUG [http-nio-8088-exec-1] com.deloitte.system.mapper.sys.UserMapper.selectUserList [143] -| ==>  Preparing: SELECT u.id, u.NAME, u.login_name, u.PASSWORD, u.create_by, u.create_time, u.update_by, u.update_time, u.disable_flag, u.delete_flag , sg.group_name, sg.id group_id FROM sys_users u left join user_group_rel ugr on u.id = ugr.user_id left join sys_groups sg on sg.id = ugr.group_id WHERE delete_flag = ? LIMIT ? 
2020-08-03 14:37:45.510 |-DEBUG [http-nio-8088-exec-1] com.deloitte.system.mapper.sys.UserMapper.selectUserList [143] -| ==> Parameters: 0(Integer), 10(Integer)
2020-08-03 14:37:45.516 |-DEBUG [http-nio-8088-exec-1] com.deloitte.system.mapper.sys.UserMapper.selectUserList [143] -| <==      Total: 7
2020-08-03 14:38:01.411 |-DEBUG [http-nio-8088-exec-6] com.deloitte.system.mapper.sys.UserMapper.selectUserById [143] -| ==>  Preparing: select id, name, login_name, password, create_by, create_time, update_by, update_time, disable_flag, delete_flag from sys_users where id = ? 
2020-08-03 14:38:01.412 |-DEBUG [http-nio-8088-exec-6] com.deloitte.system.mapper.sys.UserMapper.selectUserById [143] -| ==> Parameters: 66(Long)
2020-08-03 14:38:01.419 |-DEBUG [http-nio-8088-exec-6] com.deloitte.system.mapper.sys.UserMapper.selectUserById [143] -| <==      Total: 1
2020-08-03 14:38:01.421 |-DEBUG [http-nio-8088-exec-6] com.deloitte.system.mapper.sys.UserMapper.updatePassword [143] -| ==>  Preparing: update sys_users set password = ? where id = ? 
2020-08-03 14:38:01.422 |-DEBUG [http-nio-8088-exec-6] com.deloitte.system.mapper.sys.UserMapper.updatePassword [143] -| ==> Parameters: {MD5}{a95Px5Xe2+02ewbWkO5AVTHc7MucStRBKQhRiusMXx8=}3b91cd708d4b5b33a67f5ab01218b45b(String), 66(Long)
2020-08-03 14:38:01.428 |-DEBUG [http-nio-8088-exec-6] com.deloitte.system.mapper.sys.UserMapper.updatePassword [143] -| <==    Updates: 1
2020-08-03 14:38:33.602 |-DEBUG [http-nio-8088-exec-2] com.deloitte.system.mapper.sys.MenuMapper.getMenuByUserId [143] -| ==>  Preparing: select distinct m.id, m.name, m.type, m.permission, m.url, m.order_num, m.parent_id, m.visible, m.icon, m.create_by, m.create_time, m.update_by, m.update_time, m.disable_flag, m.delete_flag from sys_menus m inner join sys_role_menu_rel rm on m.id = rm.menu_id inner join sys_user_role_rel ur on ur.role_id = rm.role_id inner join sys_roles r on r.id = ur.role_id where ur.user_id = ? and m.type in('catalog', 'menu') and m.visible=1 and m.delete_flag = 0 and r.disable_flag = 0 and r.delete_flag = 0 order by m.order_num asc 
2020-08-03 14:38:33.603 |-DEBUG [http-nio-8088-exec-2] com.deloitte.system.mapper.sys.MenuMapper.getMenuByUserId [143] -| ==> Parameters: 66(Long)
2020-08-03 14:38:33.623 |-DEBUG [http-nio-8088-exec-2] com.deloitte.system.mapper.sys.MenuMapper.getMenuByUserId [143] -| <==      Total: 12
2020-08-03 14:38:33.625 |-DEBUG [http-nio-8088-exec-2] com.deloitte.system.mapper.sys.RoleMapper.selectRoleByUserId [143] -| ==>  Preparing: SELECT c.id,c.name,c.code FROM `sys_users` a inner join sys_user_role_rel b on a.id = b.user_id inner join sys_roles c on b.role_id = c.id where a.id = ? 
2020-08-03 14:38:33.630 |-DEBUG [http-nio-8088-exec-2] com.deloitte.system.mapper.sys.RoleMapper.selectRoleByUserId [143] -| ==> Parameters: 66(Long)
2020-08-03 14:38:33.638 |-DEBUG [http-nio-8088-exec-2] com.deloitte.system.mapper.sys.RoleMapper.selectRoleByUserId [143] -| <==      Total: 1
2020-08-03 14:38:33.639 |-DEBUG [http-nio-8088-exec-2] com.deloitte.system.mapper.sys.UserMapper.selectUserById [143] -| ==>  Preparing: select id, name, login_name, password, create_by, create_time, update_by, update_time, disable_flag, delete_flag from sys_users where id = ? 
2020-08-03 14:38:33.640 |-DEBUG [http-nio-8088-exec-2] com.deloitte.system.mapper.sys.UserMapper.selectUserById [143] -| ==> Parameters: 66(Long)
2020-08-03 14:38:33.647 |-DEBUG [http-nio-8088-exec-2] com.deloitte.system.mapper.sys.UserMapper.selectUserById [143] -| <==      Total: 1
2020-08-03 14:38:33.648 |-DEBUG [http-nio-8088-exec-2] com.deloitte.system.mapper.sys.GroupMapper.selectGroupByUserId [143] -| ==>  Preparing: SELECT * FROM `sys_groups` a inner join user_group_rel b on a.id = b.group_id INNER JOIN sys_users c on c.id = b.user_id where b.user_id = ? 
2020-08-03 14:38:33.649 |-DEBUG [http-nio-8088-exec-2] com.deloitte.system.mapper.sys.GroupMapper.selectGroupByUserId [143] -| ==> Parameters: 66(Long)
2020-08-03 14:38:33.655 |-DEBUG [http-nio-8088-exec-2] com.deloitte.system.mapper.sys.GroupMapper.selectGroupByUserId [143] -| <==      Total: 1
2020-08-03 14:38:34.938 |-DEBUG [http-nio-8088-exec-5] com.deloitte.system.mapper.sys.RoleMapper.selectRoleByUserId [143] -| ==>  Preparing: SELECT c.id,c.name,c.code FROM `sys_users` a inner join sys_user_role_rel b on a.id = b.user_id inner join sys_roles c on b.role_id = c.id where a.id = ? 
2020-08-03 14:38:34.939 |-DEBUG [http-nio-8088-exec-5] com.deloitte.system.mapper.sys.RoleMapper.selectRoleByUserId [143] -| ==> Parameters: 66(Long)
2020-08-03 14:38:34.940 |-INFO  [http-nio-8088-exec-7] com.deloitte.system.service.customer.impl.ChannelManageServiceImpl [187] -| 调用channelList方法，参数为:{"channelName":"","contactInfo":"","paymentType":"","status":""}
2020-08-03 14:38:34.943 |-DEBUG [http-nio-8088-exec-5] com.deloitte.system.mapper.sys.RoleMapper.selectRoleByUserId [143] -| <==      Total: 1
2020-08-03 14:38:34.945 |-DEBUG [http-nio-8088-exec-7] com.deloitte.system.mapper.sys.RoleMapper.selectRoleByUserId [143] -| ==>  Preparing: SELECT c.id,c.name,c.code FROM `sys_users` a inner join sys_user_role_rel b on a.id = b.user_id inner join sys_roles c on b.role_id = c.id where a.id = ? 
2020-08-03 14:38:34.947 |-DEBUG [http-nio-8088-exec-7] com.deloitte.system.mapper.sys.RoleMapper.selectRoleByUserId [143] -| ==> Parameters: 66(Long)
2020-08-03 14:38:34.948 |-DEBUG [http-nio-8088-exec-3] com.deloitte.system.mapper.sys.UserMapper.selectUserList [143] -| ==>  Preparing: SELECT u.id, u.NAME, u.login_name, u.PASSWORD, u.create_by, u.create_time, u.update_by, u.update_time, u.disable_flag, u.delete_flag , sg.group_name, sg.id group_id FROM sys_users u left join user_group_rel ugr on u.id = ugr.user_id left join sys_groups sg on sg.id = ugr.group_id WHERE delete_flag = ? 
2020-08-03 14:38:34.949 |-DEBUG [http-nio-8088-exec-3] com.deloitte.system.mapper.sys.UserMapper.selectUserList [143] -| ==> Parameters: 0(Integer)
2020-08-03 14:38:34.952 |-DEBUG [http-nio-8088-exec-7] com.deloitte.system.mapper.sys.RoleMapper.selectRoleByUserId [143] -| <==      Total: 1
2020-08-03 14:38:34.955 |-DEBUG [http-nio-8088-exec-3] com.deloitte.system.mapper.sys.UserMapper.selectUserList [143] -| <==      Total: 7
2020-08-03 14:38:34.957 |-DEBUG [http-nio-8088-exec-7] com.deloitte.system.mapper.customer.ChannelInfoMapper.selectList_COUNT [143] -| ==>  Preparing: SELECT count(0) FROM channel_info c LEFT JOIN sys_users u ON c.create_by = u.id WHERE c.delete_flag = 0 AND c.create_by = ? 
2020-08-03 14:38:34.959 |-DEBUG [http-nio-8088-exec-7] com.deloitte.system.mapper.customer.ChannelInfoMapper.selectList_COUNT [143] -| ==> Parameters: 66(Long)
2020-08-03 14:38:34.964 |-DEBUG [http-nio-8088-exec-7] com.deloitte.system.mapper.customer.ChannelInfoMapper.selectList_COUNT [143] -| <==      Total: 1
2020-08-03 14:38:53.938 |-INFO  [Thread-3] org.springframework.scheduling.concurrent.ThreadPoolTaskExecutor [208] -| Shutting down ExecutorService 'applicationTaskExecutor'
2020-08-03 14:38:53.942 |-INFO  [Thread-3] com.zaxxer.hikari.HikariDataSource [350] -| HikariPool-1 - Shutdown initiated...
2020-08-03 14:38:53.958 |-INFO  [Thread-3] com.zaxxer.hikari.HikariDataSource [352] -| HikariPool-1 - Shutdown completed.
2020-08-03 14:40:14.925 |-INFO  [main] com.deloitte.InformationManageApplication [50] -| Starting InformationManageApplication on CNPC0SFXTC with PID 21132 (D:\workspace\Idea_workspace\customer_manage\im\im-system\target\classes started by dqiao in D:\workspace\Idea_workspace\customer_manage\im)
2020-08-03 14:40:14.934 |-INFO  [main] com.deloitte.InformationManageApplication [675] -| No active profile set, falling back to default profiles: default
2020-08-03 14:40:23.481 |-INFO  [main] org.springframework.boot.web.embedded.tomcat.TomcatWebServer [90] -| Tomcat initialized with port(s): 8088 (http)
2020-08-03 14:40:23.515 |-INFO  [main] org.apache.coyote.http11.Http11NioProtocol [173] -| Initializing ProtocolHandler ["http-nio-8088"]
2020-08-03 14:40:23.535 |-INFO  [main] org.apache.catalina.core.StandardService [173] -| Starting service [Tomcat]
2020-08-03 14:40:23.536 |-INFO  [main] org.apache.catalina.core.StandardEngine [173] -| Starting Servlet engine: [Apache Tomcat/9.0.17]
2020-08-03 14:40:23.977 |-INFO  [main] org.apache.catalina.core.ContainerBase.[Tomcat].[localhost].[/survey/dev/im] [173] -| Initializing Spring embedded WebApplicationContext
2020-08-03 14:40:23.978 |-INFO  [main] org.springframework.web.context.ContextLoader [296] -| Root WebApplicationContext: initialization completed in 8947 ms
2020-08-03 14:40:26.249 |-INFO  [main] com.deloitte.framework.security.provisioning.CustomerJdbcUserDetailsManager [138] -| No authentication manager set. Reauthentication of users when changing passwords will not be performed.
2020-08-03 14:40:26.550 |-INFO  [main] org.springframework.scheduling.concurrent.ThreadPoolTaskExecutor [171] -| Initializing ExecutorService 'applicationTaskExecutor'
2020-08-03 14:40:27.369 |-INFO  [main] org.springframework.security.web.DefaultSecurityFilterChain [43] -| Creating filter chain: any request, [org.springframework.security.web.context.request.async.WebAsyncManagerIntegrationFilter@401317a0, org.springframework.security.web.context.SecurityContextPersistenceFilter@2094bf3d, org.springframework.security.web.header.HeaderWriterFilter@6c07add6, org.springframework.security.web.authentication.logout.LogoutFilter@57e03347, org.springframework.security.web.authentication.UsernamePasswordAuthenticationFilter@7b95bdb0, org.springframework.security.web.savedrequest.RequestCacheAwareFilter@7f6b7426, org.springframework.security.web.servletapi.SecurityContextHolderAwareRequestFilter@781dbe44, org.springframework.security.web.authentication.AnonymousAuthenticationFilter@3f866f50, org.springframework.security.web.session.SessionManagementFilter@57a667c8, org.springframework.security.web.access.ExceptionTranslationFilter@267ff4df, org.springframework.security.web.access.intercept.FilterSecurityInterceptor@68c34db2]
2020-08-03 14:40:27.505 |-INFO  [main] org.apache.coyote.http11.Http11NioProtocol [173] -| Starting ProtocolHandler ["http-nio-8088"]
2020-08-03 14:40:27.563 |-INFO  [main] org.springframework.boot.web.embedded.tomcat.TomcatWebServer [204] -| Tomcat started on port(s): 8088 (http) with context path '/survey/dev/im'
2020-08-03 14:40:27.570 |-INFO  [main] com.deloitte.InformationManageApplication [59] -| Started InformationManageApplication in 13.695 seconds (JVM running for 15.185)
2020-08-03 14:41:18.792 |-INFO  [http-nio-8088-exec-1] org.apache.catalina.core.ContainerBase.[Tomcat].[localhost].[/survey/dev/im] [173] -| Initializing Spring DispatcherServlet 'dispatcherServlet'
2020-08-03 14:41:18.793 |-INFO  [http-nio-8088-exec-1] org.springframework.web.servlet.DispatcherServlet [524] -| Initializing Servlet 'dispatcherServlet'
2020-08-03 14:41:18.814 |-INFO  [http-nio-8088-exec-1] org.springframework.web.servlet.DispatcherServlet [546] -| Completed initialization in 20 ms
2020-08-03 14:41:25.094 |-INFO  [http-nio-8088-exec-2] com.zaxxer.hikari.HikariDataSource [110] -| HikariPool-1 - Starting...
2020-08-03 14:41:25.386 |-INFO  [http-nio-8088-exec-2] com.zaxxer.hikari.HikariDataSource [123] -| HikariPool-1 - Start completed.
2020-08-03 14:41:25.526 |-DEBUG [http-nio-8088-exec-4] com.deloitte.system.mapper.sys.MenuMapper.getMenuByUserId [143] -| ==>  Preparing: select distinct m.id, m.name, m.type, m.permission, m.url, m.order_num, m.parent_id, m.visible, m.icon, m.create_by, m.create_time, m.update_by, m.update_time, m.disable_flag, m.delete_flag from sys_menus m inner join sys_role_menu_rel rm on m.id = rm.menu_id inner join sys_user_role_rel ur on ur.role_id = rm.role_id inner join sys_roles r on r.id = ur.role_id where ur.user_id = ? and m.type in('catalog', 'menu') and m.visible=1 and m.delete_flag = 0 and r.disable_flag = 0 and r.delete_flag = 0 order by m.order_num asc 
2020-08-03 14:41:25.544 |-DEBUG [http-nio-8088-exec-4] com.deloitte.system.mapper.sys.MenuMapper.getMenuByUserId [143] -| ==> Parameters: 60(Long)
2020-08-03 14:41:25.635 |-DEBUG [http-nio-8088-exec-4] com.deloitte.system.mapper.sys.MenuMapper.getMenuByUserId [143] -| <==      Total: 22
2020-08-03 14:41:25.683 |-DEBUG [http-nio-8088-exec-4] com.deloitte.system.mapper.sys.RoleMapper.selectRoleByUserId [143] -| ==>  Preparing: SELECT c.id,c.name,c.code FROM `sys_users` a inner join sys_user_role_rel b on a.id = b.user_id inner join sys_roles c on b.role_id = c.id where a.id = ? 
2020-08-03 14:41:25.684 |-DEBUG [http-nio-8088-exec-4] com.deloitte.system.mapper.sys.RoleMapper.selectRoleByUserId [143] -| ==> Parameters: 60(Long)
2020-08-03 14:41:25.691 |-DEBUG [http-nio-8088-exec-4] com.deloitte.system.mapper.sys.RoleMapper.selectRoleByUserId [143] -| <==      Total: 1
2020-08-03 14:41:25.692 |-DEBUG [http-nio-8088-exec-4] com.deloitte.system.mapper.sys.UserMapper.selectUserById [143] -| ==>  Preparing: select id, name, login_name, password, create_by, create_time, update_by, update_time, disable_flag, delete_flag from sys_users where id = ? 
2020-08-03 14:41:25.693 |-DEBUG [http-nio-8088-exec-4] com.deloitte.system.mapper.sys.UserMapper.selectUserById [143] -| ==> Parameters: 60(Long)
2020-08-03 14:41:25.699 |-DEBUG [http-nio-8088-exec-4] com.deloitte.system.mapper.sys.UserMapper.selectUserById [143] -| <==      Total: 1
2020-08-03 14:41:25.703 |-DEBUG [http-nio-8088-exec-4] com.deloitte.system.mapper.sys.GroupMapper.selectGroupByUserId [143] -| ==>  Preparing: SELECT * FROM `sys_groups` a inner join user_group_rel b on a.id = b.group_id INNER JOIN sys_users c on c.id = b.user_id where b.user_id = ? 
2020-08-03 14:41:25.705 |-DEBUG [http-nio-8088-exec-4] com.deloitte.system.mapper.sys.GroupMapper.selectGroupByUserId [143] -| ==> Parameters: 60(Long)
2020-08-03 14:41:25.715 |-DEBUG [http-nio-8088-exec-4] com.deloitte.system.mapper.sys.GroupMapper.selectGroupByUserId [143] -| <==      Total: 1
2020-08-03 14:41:27.602 |-DEBUG [http-nio-8088-exec-7] com.deloitte.system.mapper.sys.RoleMapper.selectRoleByUserId [143] -| ==>  Preparing: SELECT c.id,c.name,c.code FROM `sys_users` a inner join sys_user_role_rel b on a.id = b.user_id inner join sys_roles c on b.role_id = c.id where a.id = ? 
2020-08-03 14:41:27.603 |-DEBUG [http-nio-8088-exec-7] com.deloitte.system.mapper.sys.RoleMapper.selectRoleByUserId [143] -| ==> Parameters: 60(Long)
2020-08-03 14:41:27.609 |-DEBUG [http-nio-8088-exec-7] com.deloitte.system.mapper.sys.RoleMapper.selectRoleByUserId [143] -| <==      Total: 1
2020-08-03 14:41:27.689 |-DEBUG [http-nio-8088-exec-8] com.deloitte.system.mapper.sys.UserMapper.selectUserList [143] -| ==>  Preparing: SELECT u.id, u.NAME, u.login_name, u.PASSWORD, u.create_by, u.create_time, u.update_by, u.update_time, u.disable_flag, u.delete_flag , sg.group_name, sg.id group_id FROM sys_users u left join user_group_rel ugr on u.id = ugr.user_id left join sys_groups sg on sg.id = ugr.group_id WHERE delete_flag = ? 
2020-08-03 14:41:27.690 |-DEBUG [http-nio-8088-exec-8] com.deloitte.system.mapper.sys.UserMapper.selectUserList [143] -| ==> Parameters: 0(Integer)
2020-08-03 14:41:27.703 |-DEBUG [http-nio-8088-exec-8] com.deloitte.system.mapper.sys.UserMapper.selectUserList [143] -| <==      Total: 7
2020-08-03 14:41:28.012 |-INFO  [http-nio-8088-exec-5] com.deloitte.system.service.customer.impl.ChannelManageServiceImpl [187] -| 调用channelList方法，参数为:{"channelName":"","contactInfo":"","paymentType":"","status":""}
2020-08-03 14:41:28.013 |-DEBUG [http-nio-8088-exec-5] com.deloitte.system.mapper.sys.RoleMapper.selectRoleByUserId [143] -| ==>  Preparing: SELECT c.id,c.name,c.code FROM `sys_users` a inner join sys_user_role_rel b on a.id = b.user_id inner join sys_roles c on b.role_id = c.id where a.id = ? 
2020-08-03 14:41:28.014 |-DEBUG [http-nio-8088-exec-5] com.deloitte.system.mapper.sys.RoleMapper.selectRoleByUserId [143] -| ==> Parameters: 60(Long)
2020-08-03 14:41:28.018 |-DEBUG [http-nio-8088-exec-5] com.deloitte.system.mapper.sys.RoleMapper.selectRoleByUserId [143] -| <==      Total: 1
2020-08-03 14:41:28.198 |-DEBUG [http-nio-8088-exec-5] com.deloitte.system.mapper.customer.ChannelInfoMapper.selectList_COUNT [143] -| ==>  Preparing: SELECT count(0) FROM channel_info c LEFT JOIN sys_users u ON c.create_by = u.id WHERE c.delete_flag = 0 
2020-08-03 14:41:28.199 |-DEBUG [http-nio-8088-exec-5] com.deloitte.system.mapper.customer.ChannelInfoMapper.selectList_COUNT [143] -| ==> Parameters: 
2020-08-03 14:41:28.207 |-DEBUG [http-nio-8088-exec-5] com.deloitte.system.mapper.customer.ChannelInfoMapper.selectList_COUNT [143] -| <==      Total: 1
2020-08-03 14:41:28.211 |-DEBUG [http-nio-8088-exec-5] com.deloitte.system.mapper.customer.ChannelInfoMapper.selectList [143] -| ==>  Preparing: select c.id, channel_name, contact, contact_info, new_amount_rate, renew_amount_rate, payment_type, channel_bank_code, channel_bank_name, payment_code, audit_role, audit_id, c.status, c.create_by, c.create_time, c.update_by, c.update_time, c.disable_flag, c.delete_flag, u.name create_name from channel_info c left join sys_users u on c.create_by = u.id WHERE c.delete_flag = 0 order by c.create_time desc LIMIT ? 
2020-08-03 14:41:28.212 |-DEBUG [http-nio-8088-exec-5] com.deloitte.system.mapper.customer.ChannelInfoMapper.selectList [143] -| ==> Parameters: 10(Integer)
2020-08-03 14:41:28.219 |-DEBUG [http-nio-8088-exec-5] com.deloitte.system.mapper.customer.ChannelInfoMapper.selectList [143] -| <==      Total: 4
2020-08-03 14:41:29.434 |-DEBUG [http-nio-8088-exec-3] com.deloitte.system.mapper.sys.GroupMapper.selectGroupList [143] -| ==>  Preparing: select id, group_name, status, create_by, create_time, update_by, update_time, remark from sys_groups 
2020-08-03 14:41:29.435 |-DEBUG [http-nio-8088-exec-3] com.deloitte.system.mapper.sys.GroupMapper.selectGroupList [143] -| ==> Parameters: 
2020-08-03 14:41:29.440 |-DEBUG [http-nio-8088-exec-3] com.deloitte.system.mapper.sys.GroupMapper.selectGroupList [143] -| <==      Total: 3
2020-08-03 14:41:29.453 |-DEBUG [http-nio-8088-exec-8] com.deloitte.system.mapper.sys.RoleMapper.selectRoleList [143] -| ==>  Preparing: select id, code, name, create_by, create_time, update_by, update_time, disable_flag, delete_flag from sys_roles WHERE delete_flag = ? 
2020-08-03 14:41:29.455 |-DEBUG [http-nio-8088-exec-8] com.deloitte.system.mapper.sys.RoleMapper.selectRoleList [143] -| ==> Parameters: 0(Integer)
2020-08-03 14:41:29.461 |-DEBUG [http-nio-8088-exec-8] com.deloitte.system.mapper.sys.RoleMapper.selectRoleList [143] -| <==      Total: 5
2020-08-03 14:41:29.475 |-DEBUG [http-nio-8088-exec-7] com.deloitte.system.mapper.sys.UserMapper.selectUserList_COUNT [143] -| ==>  Preparing: SELECT count(0) FROM sys_users u LEFT JOIN user_group_rel ugr ON u.id = ugr.user_id LEFT JOIN sys_groups sg ON sg.id = ugr.group_id WHERE delete_flag = ? 
2020-08-03 14:41:29.476 |-DEBUG [http-nio-8088-exec-7] com.deloitte.system.mapper.sys.UserMapper.selectUserList_COUNT [143] -| ==> Parameters: 0(Integer)
2020-08-03 14:41:29.483 |-DEBUG [http-nio-8088-exec-7] com.deloitte.system.mapper.sys.UserMapper.selectUserList_COUNT [143] -| <==      Total: 1
2020-08-03 14:41:29.485 |-DEBUG [http-nio-8088-exec-7] com.deloitte.system.mapper.sys.UserMapper.selectUserList [143] -| ==>  Preparing: SELECT u.id, u.NAME, u.login_name, u.PASSWORD, u.create_by, u.create_time, u.update_by, u.update_time, u.disable_flag, u.delete_flag , sg.group_name, sg.id group_id FROM sys_users u left join user_group_rel ugr on u.id = ugr.user_id left join sys_groups sg on sg.id = ugr.group_id WHERE delete_flag = ? LIMIT ? 
2020-08-03 14:41:29.487 |-DEBUG [http-nio-8088-exec-7] com.deloitte.system.mapper.sys.UserMapper.selectUserList [143] -| ==> Parameters: 0(Integer), 10(Integer)
2020-08-03 14:41:29.498 |-DEBUG [http-nio-8088-exec-7] com.deloitte.system.mapper.sys.UserMapper.selectUserList [143] -| <==      Total: 7
2020-08-03 18:05:58.536 |-INFO  [Thread-3] org.springframework.scheduling.concurrent.ThreadPoolTaskExecutor [208] -| Shutting down ExecutorService 'applicationTaskExecutor'
2020-08-03 18:05:58.550 |-INFO  [Thread-3] com.zaxxer.hikari.HikariDataSource [350] -| HikariPool-1 - Shutdown initiated...
