2020-09-08 17:03:56.651 |-INFO  [main] com.deloitte.InformationManageApplication [50] -| Starting InformationManageApplication on CNPC0SFXTC with PID 8636 (D:\workspace\Idea_workspace\customer_manage\im\im-system\target\classes started by dqiao in D:\workspace\Idea_workspace\customer_manage\im)
2020-09-08 17:03:56.660 |-INFO  [main] com.deloitte.InformationManageApplication [675] -| No active profile set, falling back to default profiles: default
2020-09-08 17:04:21.218 |-INFO  [main] org.springframework.boot.web.embedded.tomcat.TomcatWebServer [90] -| Tomcat initialized with port(s): 8088 (http)
2020-09-08 17:04:21.287 |-INFO  [main] org.apache.coyote.http11.Http11NioProtocol [173] -| Initializing ProtocolHandler ["http-nio-8088"]
2020-09-08 17:04:21.371 |-INFO  [main] org.apache.catalina.core.StandardService [173] -| Starting service [Tomcat]
2020-09-08 17:04:21.372 |-INFO  [main] org.apache.catalina.core.StandardEngine [173] -| Starting Servlet engine: [Apache Tomcat/9.0.17]
2020-09-08 17:04:22.109 |-INFO  [main] org.apache.catalina.core.ContainerBase.[Tomcat].[localhost].[/survey/dev/im] [173] -| Initializing Spring embedded WebApplicationContext
2020-09-08 17:04:22.111 |-INFO  [main] org.springframework.web.context.ContextLoader [296] -| Root WebApplicationContext: initialization completed in 25315 ms
2020-09-08 17:04:27.449 |-INFO  [main] com.deloitte.framework.security.provisioning.CustomerJdbcUserDetailsManager [138] -| No authentication manager set. Reauthentication of users when changing passwords will not be performed.
2020-09-08 17:04:28.891 |-INFO  [main] org.springframework.scheduling.concurrent.ThreadPoolTaskExecutor [171] -| Initializing ExecutorService 'applicationTaskExecutor'
2020-09-08 17:04:32.669 |-INFO  [main] org.springframework.security.web.DefaultSecurityFilterChain [43] -| Creating filter chain: any request, [org.springframework.security.web.context.request.async.WebAsyncManagerIntegrationFilter@28daf506, org.springframework.security.web.context.SecurityContextPersistenceFilter@720f56e2, org.springframework.security.web.header.HeaderWriterFilter@5e99e2cb, org.springframework.security.web.authentication.logout.LogoutFilter@7a358613, org.springframework.security.web.authentication.UsernamePasswordAuthenticationFilter@78b0ec3a, org.springframework.security.web.savedrequest.RequestCacheAwareFilter@4466cf5d, org.springframework.security.web.servletapi.SecurityContextHolderAwareRequestFilter@2776fd8f, org.springframework.security.web.authentication.AnonymousAuthenticationFilter@4662752a, org.springframework.security.web.session.SessionManagementFilter@f559c74, org.springframework.security.web.access.ExceptionTranslationFilter@409732fb, org.springframework.security.web.access.intercept.FilterSecurityInterceptor@1a2773a8]
2020-09-08 17:04:33.098 |-INFO  [main] org.apache.coyote.http11.Http11NioProtocol [173] -| Starting ProtocolHandler ["http-nio-8088"]
2020-09-08 17:04:34.004 |-INFO  [main] org.springframework.boot.web.embedded.tomcat.TomcatWebServer [204] -| Tomcat started on port(s): 8088 (http) with context path '/survey/dev/im'
2020-09-08 17:04:34.022 |-INFO  [main] com.deloitte.InformationManageApplication [59] -| Started InformationManageApplication in 38.547 seconds (JVM running for 39.931)
2020-09-08 17:05:25.960 |-INFO  [http-nio-8088-exec-1] org.apache.catalina.core.ContainerBase.[Tomcat].[localhost].[/survey/dev/im] [173] -| Initializing Spring DispatcherServlet 'dispatcherServlet'
2020-09-08 17:05:25.961 |-INFO  [http-nio-8088-exec-1] org.springframework.web.servlet.DispatcherServlet [524] -| Initializing Servlet 'dispatcherServlet'
2020-09-08 17:05:25.973 |-INFO  [http-nio-8088-exec-1] org.springframework.web.servlet.DispatcherServlet [546] -| Completed initialization in 12 ms
2020-09-08 17:05:33.028 |-INFO  [http-nio-8088-exec-3] com.zaxxer.hikari.HikariDataSource [110] -| HikariPool-1 - Starting...
2020-09-08 17:05:33.275 |-INFO  [http-nio-8088-exec-3] com.zaxxer.hikari.HikariDataSource [123] -| HikariPool-1 - Start completed.
2020-09-08 17:05:33.403 |-DEBUG [http-nio-8088-exec-8] com.deloitte.system.mapper.sys.MenuMapper.getMenuByUserId [143] -| ==>  Preparing: select distinct m.id, m.name, m.type, m.permission, m.url, m.order_num, m.parent_id, m.visible, m.icon, m.create_by, m.create_time, m.update_by, m.update_time, m.disable_flag, m.delete_flag from sys_menus m inner join sys_role_menu_rel rm on m.id = rm.menu_id inner join sys_user_role_rel ur on ur.role_id = rm.role_id inner join sys_roles r on r.id = ur.role_id where ur.user_id = ? and m.type in('catalog', 'menu') and m.visible=1 and m.delete_flag = 0 and r.disable_flag = 0 and r.delete_flag = 0 order by m.order_num asc 
2020-09-08 17:05:33.417 |-DEBUG [http-nio-8088-exec-8] com.deloitte.system.mapper.sys.MenuMapper.getMenuByUserId [143] -| ==> Parameters: 60(Long)
2020-09-08 17:05:33.457 |-DEBUG [http-nio-8088-exec-8] com.deloitte.system.mapper.sys.MenuMapper.getMenuByUserId [143] -| <==      Total: 22
2020-09-08 17:05:33.491 |-DEBUG [http-nio-8088-exec-8] com.deloitte.system.mapper.sys.RoleMapper.selectRoleByUserId [143] -| ==>  Preparing: SELECT c.id,c.name,c.code FROM `sys_users` a inner join sys_user_role_rel b on a.id = b.user_id inner join sys_roles c on b.role_id = c.id where a.id = ? 
2020-09-08 17:05:33.492 |-DEBUG [http-nio-8088-exec-8] com.deloitte.system.mapper.sys.RoleMapper.selectRoleByUserId [143] -| ==> Parameters: 60(Long)
2020-09-08 17:05:33.497 |-DEBUG [http-nio-8088-exec-8] com.deloitte.system.mapper.sys.RoleMapper.selectRoleByUserId [143] -| <==      Total: 1
2020-09-08 17:05:33.500 |-DEBUG [http-nio-8088-exec-8] com.deloitte.system.mapper.sys.UserMapper.selectUserById [143] -| ==>  Preparing: select id, name, login_name, password, create_by, create_time, update_by, update_time, disable_flag, delete_flag from sys_users where id = ? 
2020-09-08 17:05:33.501 |-DEBUG [http-nio-8088-exec-8] com.deloitte.system.mapper.sys.UserMapper.selectUserById [143] -| ==> Parameters: 60(Long)
2020-09-08 17:05:33.505 |-DEBUG [http-nio-8088-exec-8] com.deloitte.system.mapper.sys.UserMapper.selectUserById [143] -| <==      Total: 1
2020-09-08 17:05:33.507 |-DEBUG [http-nio-8088-exec-8] com.deloitte.system.mapper.sys.GroupMapper.selectGroupByUserId [143] -| ==>  Preparing: SELECT * FROM `sys_groups` a inner join user_group_rel b on a.id = b.group_id INNER JOIN sys_users c on c.id = b.user_id where b.user_id = ? 
2020-09-08 17:05:33.508 |-DEBUG [http-nio-8088-exec-8] com.deloitte.system.mapper.sys.GroupMapper.selectGroupByUserId [143] -| ==> Parameters: 60(Long)
2020-09-08 17:05:33.513 |-DEBUG [http-nio-8088-exec-8] com.deloitte.system.mapper.sys.GroupMapper.selectGroupByUserId [143] -| <==      Total: 1
2020-09-08 17:05:35.284 |-DEBUG [http-nio-8088-exec-8] com.deloitte.system.mapper.sys.RoleMapper.selectRoleByUserId [143] -| ==>  Preparing: SELECT c.id,c.name,c.code FROM `sys_users` a inner join sys_user_role_rel b on a.id = b.user_id inner join sys_roles c on b.role_id = c.id where a.id = ? 
2020-09-08 17:05:35.285 |-DEBUG [http-nio-8088-exec-8] com.deloitte.system.mapper.sys.RoleMapper.selectRoleByUserId [143] -| ==> Parameters: 60(Long)
2020-09-08 17:05:35.290 |-DEBUG [http-nio-8088-exec-8] com.deloitte.system.mapper.sys.RoleMapper.selectRoleByUserId [143] -| <==      Total: 1
2020-09-08 17:05:35.338 |-DEBUG [http-nio-8088-exec-5] com.deloitte.system.mapper.sys.UserMapper.selectUserList [143] -| ==>  Preparing: SELECT u.id, u.NAME, u.login_name, u.PASSWORD, u.create_by, u.create_time, u.update_by, u.update_time, u.disable_flag, u.delete_flag , sg.group_name, sg.id group_id FROM sys_users u left join user_group_rel ugr on u.id = ugr.user_id left join sys_groups sg on sg.id = ugr.group_id WHERE delete_flag = ? 
2020-09-08 17:05:35.340 |-DEBUG [http-nio-8088-exec-5] com.deloitte.system.mapper.sys.UserMapper.selectUserList [143] -| ==> Parameters: 0(Integer)
2020-09-08 17:05:35.347 |-DEBUG [http-nio-8088-exec-5] com.deloitte.system.mapper.sys.UserMapper.selectUserList [143] -| <==      Total: 7
2020-09-08 17:05:35.689 |-INFO  [http-nio-8088-exec-4] com.deloitte.system.service.customer.impl.ChannelManageServiceImpl [187] -| 调用channelList方法，参数为:{"channelName":"","contactInfo":"","paymentType":"","status":""}
2020-09-08 17:05:35.690 |-DEBUG [http-nio-8088-exec-4] com.deloitte.system.mapper.sys.RoleMapper.selectRoleByUserId [143] -| ==>  Preparing: SELECT c.id,c.name,c.code FROM `sys_users` a inner join sys_user_role_rel b on a.id = b.user_id inner join sys_roles c on b.role_id = c.id where a.id = ? 
2020-09-08 17:05:35.691 |-DEBUG [http-nio-8088-exec-4] com.deloitte.system.mapper.sys.RoleMapper.selectRoleByUserId [143] -| ==> Parameters: 60(Long)
2020-09-08 17:05:35.721 |-DEBUG [http-nio-8088-exec-4] com.deloitte.system.mapper.sys.RoleMapper.selectRoleByUserId [143] -| <==      Total: 1
2020-09-08 17:05:35.875 |-DEBUG [http-nio-8088-exec-4] com.deloitte.system.mapper.customer.ChannelInfoMapper.selectList_COUNT [143] -| ==>  Preparing: SELECT count(0) FROM channel_info c LEFT JOIN sys_users u ON c.create_by = u.id WHERE c.delete_flag = 0 
2020-09-08 17:05:35.876 |-DEBUG [http-nio-8088-exec-4] com.deloitte.system.mapper.customer.ChannelInfoMapper.selectList_COUNT [143] -| ==> Parameters: 
2020-09-08 17:05:35.881 |-DEBUG [http-nio-8088-exec-4] com.deloitte.system.mapper.customer.ChannelInfoMapper.selectList_COUNT [143] -| <==      Total: 1
2020-09-08 17:05:35.889 |-DEBUG [http-nio-8088-exec-4] com.deloitte.system.mapper.customer.ChannelInfoMapper.selectList [143] -| ==>  Preparing: select c.id, channel_name, contact, contact_info, new_amount_rate, renew_amount_rate, payment_type, channel_bank_code, channel_bank_name, payment_code, audit_role, audit_id, c.status, c.create_by, c.create_time, c.update_by, c.update_time, c.disable_flag, c.delete_flag, u.name create_name from channel_info c left join sys_users u on c.create_by = u.id WHERE c.delete_flag = 0 order by c.create_time desc LIMIT ? 
2020-09-08 17:05:35.890 |-DEBUG [http-nio-8088-exec-4] com.deloitte.system.mapper.customer.ChannelInfoMapper.selectList [143] -| ==> Parameters: 10(Integer)
2020-09-08 17:05:35.903 |-DEBUG [http-nio-8088-exec-4] com.deloitte.system.mapper.customer.ChannelInfoMapper.selectList [143] -| <==      Total: 4
2020-09-08 17:05:38.470 |-DEBUG [http-nio-8088-exec-1] com.deloitte.system.mapper.sys.RoleMapper.selectRoleByUserId [143] -| ==>  Preparing: SELECT c.id,c.name,c.code FROM `sys_users` a inner join sys_user_role_rel b on a.id = b.user_id inner join sys_roles c on b.role_id = c.id where a.id = ? 
2020-09-08 17:05:38.471 |-DEBUG [http-nio-8088-exec-1] com.deloitte.system.mapper.sys.RoleMapper.selectRoleByUserId [143] -| ==> Parameters: 60(Long)
2020-09-08 17:05:38.476 |-DEBUG [http-nio-8088-exec-1] com.deloitte.system.mapper.sys.RoleMapper.selectRoleByUserId [143] -| <==      Total: 1
2020-09-08 17:05:38.477 |-DEBUG [http-nio-8088-exec-8] com.deloitte.system.mapper.sys.RoleMapper.selectRoleByUserId [143] -| ==>  Preparing: SELECT c.id,c.name,c.code FROM `sys_users` a inner join sys_user_role_rel b on a.id = b.user_id inner join sys_roles c on b.role_id = c.id where a.id = ? 
2020-09-08 17:05:38.477 |-DEBUG [http-nio-8088-exec-8] com.deloitte.system.mapper.sys.RoleMapper.selectRoleByUserId [143] -| ==> Parameters: 60(Long)
2020-09-08 17:05:38.482 |-DEBUG [http-nio-8088-exec-1] com.deloitte.system.mapper.sys.UserMapper.selectUserList [143] -| ==>  Preparing: SELECT u.id, u.NAME, u.login_name, u.PASSWORD, u.create_by, u.create_time, u.update_by, u.update_time, u.disable_flag, u.delete_flag , sg.group_name, sg.id group_id FROM sys_users u left join user_group_rel ugr on u.id = ugr.user_id left join sys_groups sg on sg.id = ugr.group_id WHERE delete_flag = ? 
2020-09-08 17:05:38.484 |-DEBUG [http-nio-8088-exec-8] com.deloitte.system.mapper.sys.RoleMapper.selectRoleByUserId [143] -| <==      Total: 1
2020-09-08 17:05:38.484 |-DEBUG [http-nio-8088-exec-1] com.deloitte.system.mapper.sys.UserMapper.selectUserList [143] -| ==> Parameters: 0(Integer)
2020-09-08 17:05:38.491 |-DEBUG [http-nio-8088-exec-1] com.deloitte.system.mapper.sys.UserMapper.selectUserList [143] -| <==      Total: 7
2020-09-08 17:05:38.543 |-INFO  [http-nio-8088-exec-5] com.deloitte.system.service.customer.impl.PaymentRecordServiceImpl [66] -| 调用customerList方法，参数为:{"customerCode":"","endDate":"","paymentStatus":"","paymentType":"","startDate":"","status":""}
2020-09-08 17:05:38.544 |-DEBUG [http-nio-8088-exec-5] com.deloitte.system.mapper.sys.RoleMapper.selectRoleByUserId [143] -| ==>  Preparing: SELECT c.id,c.name,c.code FROM `sys_users` a inner join sys_user_role_rel b on a.id = b.user_id inner join sys_roles c on b.role_id = c.id where a.id = ? 
2020-09-08 17:05:38.545 |-DEBUG [http-nio-8088-exec-5] com.deloitte.system.mapper.sys.RoleMapper.selectRoleByUserId [143] -| ==> Parameters: 60(Long)
2020-09-08 17:05:38.552 |-DEBUG [http-nio-8088-exec-5] com.deloitte.system.mapper.sys.RoleMapper.selectRoleByUserId [143] -| <==      Total: 1
2020-09-08 17:05:38.553 |-DEBUG [http-nio-8088-exec-5] com.deloitte.system.mapper.sys.RoleMapper.selectRoleByUserId [143] -| ==>  Preparing: SELECT c.id,c.name,c.code FROM `sys_users` a inner join sys_user_role_rel b on a.id = b.user_id inner join sys_roles c on b.role_id = c.id where a.id = ? 
2020-09-08 17:05:38.554 |-DEBUG [http-nio-8088-exec-5] com.deloitte.system.mapper.sys.RoleMapper.selectRoleByUserId [143] -| ==> Parameters: 60(Long)
2020-09-08 17:05:38.558 |-DEBUG [http-nio-8088-exec-5] com.deloitte.system.mapper.sys.RoleMapper.selectRoleByUserId [143] -| <==      Total: 1
2020-09-08 17:05:38.569 |-DEBUG [http-nio-8088-exec-5] com.deloitte.system.mapper.customer.PaymentRecordMapper.selectList_COUNT [143] -| ==>  Preparing: SELECT count(0) FROM payment_record p LEFT JOIN sys_users u ON p.create_by = u.id WHERE p.delete_flag = 0 
2020-09-08 17:05:38.570 |-DEBUG [http-nio-8088-exec-5] com.deloitte.system.mapper.customer.PaymentRecordMapper.selectList_COUNT [143] -| ==> Parameters: 
2020-09-08 17:05:38.573 |-DEBUG [http-nio-8088-exec-5] com.deloitte.system.mapper.customer.PaymentRecordMapper.selectList_COUNT [143] -| <==      Total: 1
2020-09-08 17:05:38.575 |-DEBUG [http-nio-8088-exec-5] com.deloitte.system.mapper.customer.PaymentRecordMapper.selectList [143] -| ==>  Preparing: select p.id, customer_code, customer_id,customer_type, payment_type, new_amount, new_payment_amount, renew_amount, renew_payment_amount, p.remark, payment_status, payment_audit_role, audit_role, status, p.create_by, p.create_time, p.update_by, p.update_time, p.disable_flag, p.delete_flag, u.name create_name from payment_record p left join sys_users u on p.create_by = u.id WHERE p.delete_flag = 0 order by create_time desc LIMIT ? 
2020-09-08 17:05:38.578 |-DEBUG [http-nio-8088-exec-5] com.deloitte.system.mapper.customer.PaymentRecordMapper.selectList [143] -| ==> Parameters: 10(Integer)
2020-09-08 17:05:38.589 |-DEBUG [http-nio-8088-exec-5] com.deloitte.system.mapper.customer.PaymentRecordMapper.selectList [143] -| <==      Total: 7
2020-09-08 17:07:25.987 |-DEBUG [http-nio-8088-exec-7] com.deloitte.system.mapper.sys.MenuMapper.getMenuByUserId [143] -| ==>  Preparing: select distinct m.id, m.name, m.type, m.permission, m.url, m.order_num, m.parent_id, m.visible, m.icon, m.create_by, m.create_time, m.update_by, m.update_time, m.disable_flag, m.delete_flag from sys_menus m inner join sys_role_menu_rel rm on m.id = rm.menu_id inner join sys_user_role_rel ur on ur.role_id = rm.role_id inner join sys_roles r on r.id = ur.role_id where ur.user_id = ? and m.type in('catalog', 'menu') and m.visible=1 and m.delete_flag = 0 and r.disable_flag = 0 and r.delete_flag = 0 order by m.order_num asc 
2020-09-08 17:07:25.989 |-DEBUG [http-nio-8088-exec-7] com.deloitte.system.mapper.sys.MenuMapper.getMenuByUserId [143] -| ==> Parameters: 60(Long)
2020-09-08 17:07:26.000 |-DEBUG [http-nio-8088-exec-7] com.deloitte.system.mapper.sys.MenuMapper.getMenuByUserId [143] -| <==      Total: 22
2020-09-08 17:07:26.002 |-DEBUG [http-nio-8088-exec-7] com.deloitte.system.mapper.sys.RoleMapper.selectRoleByUserId [143] -| ==>  Preparing: SELECT c.id,c.name,c.code FROM `sys_users` a inner join sys_user_role_rel b on a.id = b.user_id inner join sys_roles c on b.role_id = c.id where a.id = ? 
2020-09-08 17:07:26.004 |-DEBUG [http-nio-8088-exec-7] com.deloitte.system.mapper.sys.RoleMapper.selectRoleByUserId [143] -| ==> Parameters: 60(Long)
2020-09-08 17:07:26.016 |-DEBUG [http-nio-8088-exec-7] com.deloitte.system.mapper.sys.RoleMapper.selectRoleByUserId [143] -| <==      Total: 1
2020-09-08 17:07:26.019 |-DEBUG [http-nio-8088-exec-7] com.deloitte.system.mapper.sys.UserMapper.selectUserById [143] -| ==>  Preparing: select id, name, login_name, password, create_by, create_time, update_by, update_time, disable_flag, delete_flag from sys_users where id = ? 
2020-09-08 17:07:26.020 |-DEBUG [http-nio-8088-exec-7] com.deloitte.system.mapper.sys.UserMapper.selectUserById [143] -| ==> Parameters: 60(Long)
2020-09-08 17:07:26.028 |-DEBUG [http-nio-8088-exec-7] com.deloitte.system.mapper.sys.UserMapper.selectUserById [143] -| <==      Total: 1
2020-09-08 17:07:26.030 |-DEBUG [http-nio-8088-exec-7] com.deloitte.system.mapper.sys.GroupMapper.selectGroupByUserId [143] -| ==>  Preparing: SELECT * FROM `sys_groups` a inner join user_group_rel b on a.id = b.group_id INNER JOIN sys_users c on c.id = b.user_id where b.user_id = ? 
2020-09-08 17:07:26.032 |-DEBUG [http-nio-8088-exec-7] com.deloitte.system.mapper.sys.GroupMapper.selectGroupByUserId [143] -| ==> Parameters: 60(Long)
2020-09-08 17:07:26.037 |-DEBUG [http-nio-8088-exec-7] com.deloitte.system.mapper.sys.GroupMapper.selectGroupByUserId [143] -| <==      Total: 1
2020-09-08 17:07:27.195 |-DEBUG [http-nio-8088-exec-10] com.deloitte.system.mapper.sys.RoleMapper.selectRoleByUserId [143] -| ==>  Preparing: SELECT c.id,c.name,c.code FROM `sys_users` a inner join sys_user_role_rel b on a.id = b.user_id inner join sys_roles c on b.role_id = c.id where a.id = ? 
2020-09-08 17:07:27.196 |-DEBUG [http-nio-8088-exec-10] com.deloitte.system.mapper.sys.RoleMapper.selectRoleByUserId [143] -| ==> Parameters: 60(Long)
2020-09-08 17:07:27.196 |-INFO  [http-nio-8088-exec-8] com.deloitte.system.service.customer.impl.ChannelManageServiceImpl [187] -| 调用channelList方法，参数为:{"channelName":"","contactInfo":"","paymentType":"","status":""}
2020-09-08 17:07:27.202 |-DEBUG [http-nio-8088-exec-8] com.deloitte.system.mapper.sys.RoleMapper.selectRoleByUserId [143] -| ==>  Preparing: SELECT c.id,c.name,c.code FROM `sys_users` a inner join sys_user_role_rel b on a.id = b.user_id inner join sys_roles c on b.role_id = c.id where a.id = ? 
2020-09-08 17:07:27.202 |-DEBUG [http-nio-8088-exec-4] com.deloitte.system.mapper.sys.UserMapper.selectUserList [143] -| ==>  Preparing: SELECT u.id, u.NAME, u.login_name, u.PASSWORD, u.create_by, u.create_time, u.update_by, u.update_time, u.disable_flag, u.delete_flag , sg.group_name, sg.id group_id FROM sys_users u left join user_group_rel ugr on u.id = ugr.user_id left join sys_groups sg on sg.id = ugr.group_id WHERE delete_flag = ? 
2020-09-08 17:07:27.203 |-DEBUG [http-nio-8088-exec-10] com.deloitte.system.mapper.sys.RoleMapper.selectRoleByUserId [143] -| <==      Total: 1
2020-09-08 17:07:27.203 |-DEBUG [http-nio-8088-exec-4] com.deloitte.system.mapper.sys.UserMapper.selectUserList [143] -| ==> Parameters: 0(Integer)
2020-09-08 17:07:27.204 |-DEBUG [http-nio-8088-exec-8] com.deloitte.system.mapper.sys.RoleMapper.selectRoleByUserId [143] -| ==> Parameters: 60(Long)
2020-09-08 17:07:27.207 |-DEBUG [http-nio-8088-exec-8] com.deloitte.system.mapper.sys.RoleMapper.selectRoleByUserId [143] -| <==      Total: 1
2020-09-08 17:07:27.210 |-DEBUG [http-nio-8088-exec-4] com.deloitte.system.mapper.sys.UserMapper.selectUserList [143] -| <==      Total: 7
2020-09-08 17:07:27.212 |-DEBUG [http-nio-8088-exec-8] com.deloitte.system.mapper.customer.ChannelInfoMapper.selectList_COUNT [143] -| ==>  Preparing: SELECT count(0) FROM channel_info c LEFT JOIN sys_users u ON c.create_by = u.id WHERE c.delete_flag = 0 
2020-09-08 17:07:27.213 |-DEBUG [http-nio-8088-exec-8] com.deloitte.system.mapper.customer.ChannelInfoMapper.selectList_COUNT [143] -| ==> Parameters: 
2020-09-08 17:07:27.220 |-DEBUG [http-nio-8088-exec-8] com.deloitte.system.mapper.customer.ChannelInfoMapper.selectList_COUNT [143] -| <==      Total: 1
2020-09-08 17:07:27.222 |-DEBUG [http-nio-8088-exec-8] com.deloitte.system.mapper.customer.ChannelInfoMapper.selectList [143] -| ==>  Preparing: select c.id, channel_name, contact, contact_info, new_amount_rate, renew_amount_rate, payment_type, channel_bank_code, channel_bank_name, payment_code, audit_role, audit_id, c.status, c.create_by, c.create_time, c.update_by, c.update_time, c.disable_flag, c.delete_flag, u.name create_name from channel_info c left join sys_users u on c.create_by = u.id WHERE c.delete_flag = 0 order by c.create_time desc LIMIT ? 
2020-09-08 17:07:27.223 |-DEBUG [http-nio-8088-exec-8] com.deloitte.system.mapper.customer.ChannelInfoMapper.selectList [143] -| ==> Parameters: 10(Integer)
2020-09-08 17:07:27.227 |-DEBUG [http-nio-8088-exec-8] com.deloitte.system.mapper.customer.ChannelInfoMapper.selectList [143] -| <==      Total: 4
2020-09-08 17:07:37.781 |-DEBUG [http-nio-8088-exec-1] com.deloitte.system.mapper.sys.RoleMapper.selectRoleByUserId [143] -| ==>  Preparing: SELECT c.id,c.name,c.code FROM `sys_users` a inner join sys_user_role_rel b on a.id = b.user_id inner join sys_roles c on b.role_id = c.id where a.id = ? 
2020-09-08 17:07:37.782 |-DEBUG [http-nio-8088-exec-1] com.deloitte.system.mapper.sys.RoleMapper.selectRoleByUserId [143] -| ==> Parameters: 60(Long)
2020-09-08 17:07:37.784 |-INFO  [http-nio-8088-exec-4] com.deloitte.system.service.customer.impl.PaymentRecordServiceImpl [66] -| 调用customerList方法，参数为:{"customerCode":"","endDate":"","paymentStatus":"","paymentType":"","startDate":"","status":""}
2020-09-08 17:07:37.785 |-DEBUG [http-nio-8088-exec-10] com.deloitte.system.mapper.sys.RoleMapper.selectRoleByUserId [143] -| ==>  Preparing: SELECT c.id,c.name,c.code FROM `sys_users` a inner join sys_user_role_rel b on a.id = b.user_id inner join sys_roles c on b.role_id = c.id where a.id = ? 
2020-09-08 17:07:37.786 |-DEBUG [http-nio-8088-exec-10] com.deloitte.system.mapper.sys.RoleMapper.selectRoleByUserId [143] -| ==> Parameters: 60(Long)
2020-09-08 17:07:37.792 |-DEBUG [http-nio-8088-exec-8] com.deloitte.system.mapper.sys.UserMapper.selectUserList [143] -| ==>  Preparing: SELECT u.id, u.NAME, u.login_name, u.PASSWORD, u.create_by, u.create_time, u.update_by, u.update_time, u.disable_flag, u.delete_flag , sg.group_name, sg.id group_id FROM sys_users u left join user_group_rel ugr on u.id = ugr.user_id left join sys_groups sg on sg.id = ugr.group_id WHERE delete_flag = ? 
2020-09-08 17:07:37.793 |-DEBUG [http-nio-8088-exec-1] com.deloitte.system.mapper.sys.RoleMapper.selectRoleByUserId [143] -| <==      Total: 1
2020-09-08 17:07:37.793 |-DEBUG [http-nio-8088-exec-8] com.deloitte.system.mapper.sys.UserMapper.selectUserList [143] -| ==> Parameters: 0(Integer)
2020-09-08 17:07:37.797 |-DEBUG [http-nio-8088-exec-10] com.deloitte.system.mapper.sys.RoleMapper.selectRoleByUserId [143] -| <==      Total: 1
2020-09-08 17:07:37.798 |-DEBUG [http-nio-8088-exec-4] com.deloitte.system.mapper.sys.RoleMapper.selectRoleByUserId [143] -| ==>  Preparing: SELECT c.id,c.name,c.code FROM `sys_users` a inner join sys_user_role_rel b on a.id = b.user_id inner join sys_roles c on b.role_id = c.id where a.id = ? 
2020-09-08 17:07:37.799 |-DEBUG [http-nio-8088-exec-4] com.deloitte.system.mapper.sys.RoleMapper.selectRoleByUserId [143] -| ==> Parameters: 60(Long)
2020-09-08 17:07:37.801 |-DEBUG [http-nio-8088-exec-8] com.deloitte.system.mapper.sys.UserMapper.selectUserList [143] -| <==      Total: 7
2020-09-08 17:07:37.804 |-DEBUG [http-nio-8088-exec-4] com.deloitte.system.mapper.sys.RoleMapper.selectRoleByUserId [143] -| <==      Total: 1
2020-09-08 17:07:37.807 |-DEBUG [http-nio-8088-exec-4] com.deloitte.system.mapper.sys.RoleMapper.selectRoleByUserId [143] -| ==>  Preparing: SELECT c.id,c.name,c.code FROM `sys_users` a inner join sys_user_role_rel b on a.id = b.user_id inner join sys_roles c on b.role_id = c.id where a.id = ? 
2020-09-08 17:07:37.808 |-DEBUG [http-nio-8088-exec-4] com.deloitte.system.mapper.sys.RoleMapper.selectRoleByUserId [143] -| ==> Parameters: 60(Long)
2020-09-08 17:07:37.815 |-DEBUG [http-nio-8088-exec-4] com.deloitte.system.mapper.sys.RoleMapper.selectRoleByUserId [143] -| <==      Total: 1
2020-09-08 17:07:37.818 |-DEBUG [http-nio-8088-exec-4] com.deloitte.system.mapper.customer.PaymentRecordMapper.selectList_COUNT [143] -| ==>  Preparing: SELECT count(0) FROM payment_record p LEFT JOIN sys_users u ON p.create_by = u.id WHERE p.delete_flag = 0 
2020-09-08 17:07:37.819 |-DEBUG [http-nio-8088-exec-4] com.deloitte.system.mapper.customer.PaymentRecordMapper.selectList_COUNT [143] -| ==> Parameters: 
2020-09-08 17:07:37.823 |-DEBUG [http-nio-8088-exec-4] com.deloitte.system.mapper.customer.PaymentRecordMapper.selectList_COUNT [143] -| <==      Total: 1
2020-09-08 17:07:37.825 |-DEBUG [http-nio-8088-exec-4] com.deloitte.system.mapper.customer.PaymentRecordMapper.selectList [143] -| ==>  Preparing: select p.id, customer_code, customer_id,customer_type, payment_type, new_amount, new_payment_amount, renew_amount, renew_payment_amount, p.remark, payment_status, payment_audit_role, audit_role, status, p.create_by, p.create_time, p.update_by, p.update_time, p.disable_flag, p.delete_flag, u.name create_name from payment_record p left join sys_users u on p.create_by = u.id WHERE p.delete_flag = 0 order by create_time desc LIMIT ? 
2020-09-08 17:07:37.825 |-DEBUG [http-nio-8088-exec-4] com.deloitte.system.mapper.customer.PaymentRecordMapper.selectList [143] -| ==> Parameters: 10(Integer)
2020-09-08 17:07:37.842 |-DEBUG [http-nio-8088-exec-4] com.deloitte.system.mapper.customer.PaymentRecordMapper.selectList [143] -| <==      Total: 8
2020-09-08 17:36:03.874 |-INFO  [http-nio-8088-exec-3] com.deloitte.system.service.customer.impl.PaymentRecordServiceImpl [66] -| 调用customerList方法，参数为:{"customerCode":"","endDate":"","paymentStatus":"","paymentType":"","startDate":"","status":""}
2020-09-08 17:36:03.888 |-DEBUG [http-nio-8088-exec-3] com.deloitte.system.mapper.sys.RoleMapper.selectRoleByUserId [143] -| ==>  Preparing: SELECT c.id,c.name,c.code FROM `sys_users` a inner join sys_user_role_rel b on a.id = b.user_id inner join sys_roles c on b.role_id = c.id where a.id = ? 
2020-09-08 17:36:03.888 |-DEBUG [http-nio-8088-exec-7] com.deloitte.system.mapper.sys.RoleMapper.selectRoleByUserId [143] -| ==>  Preparing: SELECT c.id,c.name,c.code FROM `sys_users` a inner join sys_user_role_rel b on a.id = b.user_id inner join sys_roles c on b.role_id = c.id where a.id = ? 
2020-09-08 17:36:03.888 |-DEBUG [http-nio-8088-exec-1] com.deloitte.system.mapper.sys.UserMapper.selectUserList [143] -| ==>  Preparing: SELECT u.id, u.NAME, u.login_name, u.PASSWORD, u.create_by, u.create_time, u.update_by, u.update_time, u.disable_flag, u.delete_flag , sg.group_name, sg.id group_id FROM sys_users u left join user_group_rel ugr on u.id = ugr.user_id left join sys_groups sg on sg.id = ugr.group_id WHERE delete_flag = ? 
2020-09-08 17:36:03.888 |-DEBUG [http-nio-8088-exec-5] com.deloitte.system.mapper.sys.RoleMapper.selectRoleByUserId [143] -| ==>  Preparing: SELECT c.id,c.name,c.code FROM `sys_users` a inner join sys_user_role_rel b on a.id = b.user_id inner join sys_roles c on b.role_id = c.id where a.id = ? 
2020-09-08 17:36:03.889 |-DEBUG [http-nio-8088-exec-7] com.deloitte.system.mapper.sys.RoleMapper.selectRoleByUserId [143] -| ==> Parameters: 60(Long)
2020-09-08 17:36:03.889 |-DEBUG [http-nio-8088-exec-3] com.deloitte.system.mapper.sys.RoleMapper.selectRoleByUserId [143] -| ==> Parameters: 60(Long)
2020-09-08 17:36:03.890 |-DEBUG [http-nio-8088-exec-5] com.deloitte.system.mapper.sys.RoleMapper.selectRoleByUserId [143] -| ==> Parameters: 60(Long)
2020-09-08 17:36:03.890 |-DEBUG [http-nio-8088-exec-1] com.deloitte.system.mapper.sys.UserMapper.selectUserList [143] -| ==> Parameters: 0(Integer)
2020-09-08 17:36:03.895 |-DEBUG [http-nio-8088-exec-3] com.deloitte.system.mapper.sys.RoleMapper.selectRoleByUserId [143] -| <==      Total: 1
2020-09-08 17:36:03.895 |-DEBUG [http-nio-8088-exec-1] com.deloitte.system.mapper.sys.UserMapper.selectUserList [143] -| <==      Total: 7
2020-09-08 17:36:03.895 |-DEBUG [http-nio-8088-exec-7] com.deloitte.system.mapper.sys.RoleMapper.selectRoleByUserId [143] -| <==      Total: 1
2020-09-08 17:36:03.896 |-DEBUG [http-nio-8088-exec-3] com.deloitte.system.mapper.sys.RoleMapper.selectRoleByUserId [143] -| ==>  Preparing: SELECT c.id,c.name,c.code FROM `sys_users` a inner join sys_user_role_rel b on a.id = b.user_id inner join sys_roles c on b.role_id = c.id where a.id = ? 
2020-09-08 17:36:03.897 |-DEBUG [http-nio-8088-exec-5] com.deloitte.system.mapper.sys.RoleMapper.selectRoleByUserId [143] -| <==      Total: 1
2020-09-08 17:36:03.897 |-DEBUG [http-nio-8088-exec-3] com.deloitte.system.mapper.sys.RoleMapper.selectRoleByUserId [143] -| ==> Parameters: 60(Long)
2020-09-08 17:36:03.901 |-DEBUG [http-nio-8088-exec-3] com.deloitte.system.mapper.sys.RoleMapper.selectRoleByUserId [143] -| <==      Total: 1
2020-09-08 17:36:03.907 |-DEBUG [http-nio-8088-exec-3] com.deloitte.system.mapper.customer.PaymentRecordMapper.selectList_COUNT [143] -| ==>  Preparing: SELECT count(0) FROM payment_record p LEFT JOIN sys_users u ON p.create_by = u.id WHERE p.delete_flag = 0 
2020-09-08 17:36:03.908 |-DEBUG [http-nio-8088-exec-3] com.deloitte.system.mapper.customer.PaymentRecordMapper.selectList_COUNT [143] -| ==> Parameters: 
2020-09-08 17:36:03.911 |-DEBUG [http-nio-8088-exec-3] com.deloitte.system.mapper.customer.PaymentRecordMapper.selectList_COUNT [143] -| <==      Total: 1
2020-09-08 17:36:03.913 |-DEBUG [http-nio-8088-exec-3] com.deloitte.system.mapper.customer.PaymentRecordMapper.selectList [143] -| ==>  Preparing: select p.id, customer_code, customer_id,customer_type, payment_type, new_amount, new_payment_amount, renew_amount, renew_payment_amount, p.remark, payment_status, payment_audit_role, audit_role, status, p.create_by, p.create_time, p.update_by, p.update_time, p.disable_flag, p.delete_flag, u.name create_name from payment_record p left join sys_users u on p.create_by = u.id WHERE p.delete_flag = 0 order by create_time desc LIMIT ? 
2020-09-08 17:36:03.914 |-DEBUG [http-nio-8088-exec-3] com.deloitte.system.mapper.customer.PaymentRecordMapper.selectList [143] -| ==> Parameters: 10(Integer)
2020-09-08 17:36:03.927 |-DEBUG [http-nio-8088-exec-3] com.deloitte.system.mapper.customer.PaymentRecordMapper.selectList [143] -| <==      Total: 8
2020-09-08 17:39:51.635 |-DEBUG [http-nio-8088-exec-6] com.deloitte.system.mapper.sys.RoleMapper.selectRoleByUserId [143] -| ==>  Preparing: SELECT c.id,c.name,c.code FROM `sys_users` a inner join sys_user_role_rel b on a.id = b.user_id inner join sys_roles c on b.role_id = c.id where a.id = ? 
2020-09-08 17:39:51.637 |-DEBUG [http-nio-8088-exec-6] com.deloitte.system.mapper.sys.RoleMapper.selectRoleByUserId [143] -| ==> Parameters: 60(Long)
2020-09-08 17:39:51.638 |-DEBUG [http-nio-8088-exec-10] com.deloitte.system.mapper.sys.RoleMapper.selectRoleByUserId [143] -| ==>  Preparing: SELECT c.id,c.name,c.code FROM `sys_users` a inner join sys_user_role_rel b on a.id = b.user_id inner join sys_roles c on b.role_id = c.id where a.id = ? 
2020-09-08 17:39:51.639 |-DEBUG [http-nio-8088-exec-10] com.deloitte.system.mapper.sys.RoleMapper.selectRoleByUserId [143] -| ==> Parameters: 60(Long)
2020-09-08 17:39:51.642 |-DEBUG [http-nio-8088-exec-10] com.deloitte.system.mapper.sys.RoleMapper.selectRoleByUserId [143] -| <==      Total: 1
2020-09-08 17:39:51.642 |-DEBUG [http-nio-8088-exec-6] com.deloitte.system.mapper.sys.RoleMapper.selectRoleByUserId [143] -| <==      Total: 1
2020-09-08 17:39:51.647 |-INFO  [http-nio-8088-exec-4] com.deloitte.system.service.customer.impl.PaymentRecordServiceImpl [66] -| 调用customerList方法，参数为:{"customerCode":"","endDate":"","paymentStatus":"","paymentType":"","startDate":"","status":""}
2020-09-08 17:39:51.648 |-DEBUG [http-nio-8088-exec-4] com.deloitte.system.mapper.sys.RoleMapper.selectRoleByUserId [143] -| ==>  Preparing: SELECT c.id,c.name,c.code FROM `sys_users` a inner join sys_user_role_rel b on a.id = b.user_id inner join sys_roles c on b.role_id = c.id where a.id = ? 
2020-09-08 17:39:51.648 |-DEBUG [http-nio-8088-exec-6] com.deloitte.system.mapper.sys.UserMapper.selectUserList [143] -| ==>  Preparing: SELECT u.id, u.NAME, u.login_name, u.PASSWORD, u.create_by, u.create_time, u.update_by, u.update_time, u.disable_flag, u.delete_flag , sg.group_name, sg.id group_id FROM sys_users u left join user_group_rel ugr on u.id = ugr.user_id left join sys_groups sg on sg.id = ugr.group_id WHERE delete_flag = ? 
2020-09-08 17:39:51.649 |-DEBUG [http-nio-8088-exec-6] com.deloitte.system.mapper.sys.UserMapper.selectUserList [143] -| ==> Parameters: 0(Integer)
2020-09-08 17:39:51.649 |-DEBUG [http-nio-8088-exec-4] com.deloitte.system.mapper.sys.RoleMapper.selectRoleByUserId [143] -| ==> Parameters: 60(Long)
2020-09-08 17:39:51.654 |-DEBUG [http-nio-8088-exec-6] com.deloitte.system.mapper.sys.UserMapper.selectUserList [143] -| <==      Total: 7
2020-09-08 17:39:51.655 |-DEBUG [http-nio-8088-exec-4] com.deloitte.system.mapper.sys.RoleMapper.selectRoleByUserId [143] -| <==      Total: 1
2020-09-08 17:39:51.656 |-DEBUG [http-nio-8088-exec-4] com.deloitte.system.mapper.sys.RoleMapper.selectRoleByUserId [143] -| ==>  Preparing: SELECT c.id,c.name,c.code FROM `sys_users` a inner join sys_user_role_rel b on a.id = b.user_id inner join sys_roles c on b.role_id = c.id where a.id = ? 
2020-09-08 17:39:51.658 |-DEBUG [http-nio-8088-exec-4] com.deloitte.system.mapper.sys.RoleMapper.selectRoleByUserId [143] -| ==> Parameters: 60(Long)
2020-09-08 17:39:51.664 |-DEBUG [http-nio-8088-exec-4] com.deloitte.system.mapper.sys.RoleMapper.selectRoleByUserId [143] -| <==      Total: 1
2020-09-08 17:39:51.668 |-DEBUG [http-nio-8088-exec-4] com.deloitte.system.mapper.customer.PaymentRecordMapper.selectList_COUNT [143] -| ==>  Preparing: SELECT count(0) FROM payment_record p LEFT JOIN sys_users u ON p.create_by = u.id WHERE p.delete_flag = 0 
2020-09-08 17:39:51.668 |-DEBUG [http-nio-8088-exec-4] com.deloitte.system.mapper.customer.PaymentRecordMapper.selectList_COUNT [143] -| ==> Parameters: 
2020-09-08 17:39:51.672 |-DEBUG [http-nio-8088-exec-4] com.deloitte.system.mapper.customer.PaymentRecordMapper.selectList_COUNT [143] -| <==      Total: 1
2020-09-08 17:39:51.674 |-DEBUG [http-nio-8088-exec-4] com.deloitte.system.mapper.customer.PaymentRecordMapper.selectList [143] -| ==>  Preparing: select p.id, customer_code, customer_id,customer_type, payment_type, new_amount, new_payment_amount, renew_amount, renew_payment_amount, p.remark, payment_status, payment_audit_role, audit_role, status, p.create_by, p.create_time, p.update_by, p.update_time, p.disable_flag, p.delete_flag, u.name create_name from payment_record p left join sys_users u on p.create_by = u.id WHERE p.delete_flag = 0 order by create_time desc LIMIT ? 
2020-09-08 17:39:51.675 |-DEBUG [http-nio-8088-exec-4] com.deloitte.system.mapper.customer.PaymentRecordMapper.selectList [143] -| ==> Parameters: 10(Integer)
2020-09-08 17:39:51.682 |-DEBUG [http-nio-8088-exec-4] com.deloitte.system.mapper.customer.PaymentRecordMapper.selectList [143] -| <==      Total: 10
2020-09-08 17:40:25.022 |-INFO  [http-nio-8088-exec-2] com.deloitte.system.service.customer.impl.PaymentRecordServiceImpl [66] -| 调用customerList方法，参数为:{"customerCode":"","endDate":"2020-08-31 23:59:59","paymentStatus":"","paymentType":"","startDate":"2020-08-30","status":""}
2020-09-08 17:40:25.026 |-DEBUG [http-nio-8088-exec-2] com.deloitte.system.mapper.sys.RoleMapper.selectRoleByUserId [143] -| ==>  Preparing: SELECT c.id,c.name,c.code FROM `sys_users` a inner join sys_user_role_rel b on a.id = b.user_id inner join sys_roles c on b.role_id = c.id where a.id = ? 
2020-09-08 17:40:25.027 |-DEBUG [http-nio-8088-exec-2] com.deloitte.system.mapper.sys.RoleMapper.selectRoleByUserId [143] -| ==> Parameters: 60(Long)
2020-09-08 17:40:25.030 |-DEBUG [http-nio-8088-exec-2] com.deloitte.system.mapper.sys.RoleMapper.selectRoleByUserId [143] -| <==      Total: 1
2020-09-08 17:40:25.031 |-DEBUG [http-nio-8088-exec-2] com.deloitte.system.mapper.sys.RoleMapper.selectRoleByUserId [143] -| ==>  Preparing: SELECT c.id,c.name,c.code FROM `sys_users` a inner join sys_user_role_rel b on a.id = b.user_id inner join sys_roles c on b.role_id = c.id where a.id = ? 
2020-09-08 17:40:25.032 |-DEBUG [http-nio-8088-exec-2] com.deloitte.system.mapper.sys.RoleMapper.selectRoleByUserId [143] -| ==> Parameters: 60(Long)
2020-09-08 17:40:25.036 |-DEBUG [http-nio-8088-exec-2] com.deloitte.system.mapper.sys.RoleMapper.selectRoleByUserId [143] -| <==      Total: 1
2020-09-08 17:40:25.050 |-DEBUG [http-nio-8088-exec-2] com.deloitte.system.mapper.customer.PaymentRecordMapper.selectList_COUNT [143] -| ==>  Preparing: SELECT count(0) FROM payment_record p LEFT JOIN sys_users u ON p.create_by = u.id WHERE p.delete_flag = 0 AND p.create_time >= ? AND p.create_time <= ? 
2020-09-08 17:40:25.051 |-DEBUG [http-nio-8088-exec-2] com.deloitte.system.mapper.customer.PaymentRecordMapper.selectList_COUNT [143] -| ==> Parameters: 2020-08-30(String), 2020-08-31 23:59:59(String)
2020-09-08 17:40:25.056 |-DEBUG [http-nio-8088-exec-2] com.deloitte.system.mapper.customer.PaymentRecordMapper.selectList_COUNT [143] -| <==      Total: 1
2020-09-08 17:40:25.057 |-DEBUG [http-nio-8088-exec-2] com.deloitte.system.mapper.customer.PaymentRecordMapper.selectList [143] -| ==>  Preparing: select p.id, customer_code, customer_id,customer_type, payment_type, new_amount, new_payment_amount, renew_amount, renew_payment_amount, p.remark, payment_status, payment_audit_role, audit_role, status, p.create_by, p.create_time, p.update_by, p.update_time, p.disable_flag, p.delete_flag, u.name create_name from payment_record p left join sys_users u on p.create_by = u.id WHERE p.delete_flag = 0 and p.create_time >= ? and p.create_time <= ? order by create_time desc LIMIT ? 
2020-09-08 17:40:25.058 |-DEBUG [http-nio-8088-exec-2] com.deloitte.system.mapper.customer.PaymentRecordMapper.selectList [143] -| ==> Parameters: 2020-08-30(String), 2020-08-31 23:59:59(String), 10(Integer)
2020-09-08 17:40:25.064 |-DEBUG [http-nio-8088-exec-2] com.deloitte.system.mapper.customer.PaymentRecordMapper.selectList [143] -| <==      Total: 4
2020-09-08 17:44:14.325 |-DEBUG [http-nio-8088-exec-2] com.deloitte.system.mapper.sys.RoleMapper.selectRoleByUserId [143] -| ==>  Preparing: SELECT c.id,c.name,c.code FROM `sys_users` a inner join sys_user_role_rel b on a.id = b.user_id inner join sys_roles c on b.role_id = c.id where a.id = ? 
2020-09-08 17:44:14.325 |-DEBUG [http-nio-8088-exec-5] com.deloitte.system.mapper.sys.RoleMapper.selectRoleByUserId [143] -| ==>  Preparing: SELECT c.id,c.name,c.code FROM `sys_users` a inner join sys_user_role_rel b on a.id = b.user_id inner join sys_roles c on b.role_id = c.id where a.id = ? 
2020-09-08 17:44:14.326 |-DEBUG [http-nio-8088-exec-2] com.deloitte.system.mapper.sys.RoleMapper.selectRoleByUserId [143] -| ==> Parameters: 60(Long)
2020-09-08 17:44:14.326 |-DEBUG [http-nio-8088-exec-5] com.deloitte.system.mapper.sys.RoleMapper.selectRoleByUserId [143] -| ==> Parameters: 60(Long)
2020-09-08 17:44:14.330 |-DEBUG [http-nio-8088-exec-5] com.deloitte.system.mapper.sys.RoleMapper.selectRoleByUserId [143] -| <==      Total: 1
2020-09-08 17:44:14.330 |-DEBUG [http-nio-8088-exec-2] com.deloitte.system.mapper.sys.RoleMapper.selectRoleByUserId [143] -| <==      Total: 1
2020-09-08 17:44:14.327 |-INFO  [http-nio-8088-exec-7] com.deloitte.system.service.customer.impl.PaymentRecordServiceImpl [66] -| 调用customerList方法，参数为:{"customerCode":"","endDate":"","paymentStatus":"","paymentType":"","startDate":"","status":""}
2020-09-08 17:44:14.333 |-DEBUG [http-nio-8088-exec-7] com.deloitte.system.mapper.sys.RoleMapper.selectRoleByUserId [143] -| ==>  Preparing: SELECT c.id,c.name,c.code FROM `sys_users` a inner join sys_user_role_rel b on a.id = b.user_id inner join sys_roles c on b.role_id = c.id where a.id = ? 
2020-09-08 17:44:14.335 |-DEBUG [http-nio-8088-exec-1] com.deloitte.system.mapper.sys.UserMapper.selectUserList [143] -| ==>  Preparing: SELECT u.id, u.NAME, u.login_name, u.PASSWORD, u.create_by, u.create_time, u.update_by, u.update_time, u.disable_flag, u.delete_flag , sg.group_name, sg.id group_id FROM sys_users u left join user_group_rel ugr on u.id = ugr.user_id left join sys_groups sg on sg.id = ugr.group_id WHERE delete_flag = ? 
2020-09-08 17:44:14.337 |-DEBUG [http-nio-8088-exec-1] com.deloitte.system.mapper.sys.UserMapper.selectUserList [143] -| ==> Parameters: 0(Integer)
2020-09-08 17:44:14.338 |-DEBUG [http-nio-8088-exec-7] com.deloitte.system.mapper.sys.RoleMapper.selectRoleByUserId [143] -| ==> Parameters: 60(Long)
2020-09-08 17:44:14.342 |-DEBUG [http-nio-8088-exec-1] com.deloitte.system.mapper.sys.UserMapper.selectUserList [143] -| <==      Total: 7
2020-09-08 17:44:14.345 |-DEBUG [http-nio-8088-exec-7] com.deloitte.system.mapper.sys.RoleMapper.selectRoleByUserId [143] -| <==      Total: 1
2020-09-08 17:44:14.347 |-DEBUG [http-nio-8088-exec-7] com.deloitte.system.mapper.sys.RoleMapper.selectRoleByUserId [143] -| ==>  Preparing: SELECT c.id,c.name,c.code FROM `sys_users` a inner join sys_user_role_rel b on a.id = b.user_id inner join sys_roles c on b.role_id = c.id where a.id = ? 
2020-09-08 17:44:14.348 |-DEBUG [http-nio-8088-exec-7] com.deloitte.system.mapper.sys.RoleMapper.selectRoleByUserId [143] -| ==> Parameters: 60(Long)
2020-09-08 17:44:14.353 |-DEBUG [http-nio-8088-exec-7] com.deloitte.system.mapper.sys.RoleMapper.selectRoleByUserId [143] -| <==      Total: 1
2020-09-08 17:44:14.357 |-DEBUG [http-nio-8088-exec-7] com.deloitte.system.mapper.customer.PaymentRecordMapper.selectList_COUNT [143] -| ==>  Preparing: SELECT count(0) FROM payment_record p LEFT JOIN sys_users u ON p.create_by = u.id WHERE p.delete_flag = 0 
2020-09-08 17:44:14.358 |-DEBUG [http-nio-8088-exec-7] com.deloitte.system.mapper.customer.PaymentRecordMapper.selectList_COUNT [143] -| ==> Parameters: 
2020-09-08 17:44:14.362 |-DEBUG [http-nio-8088-exec-7] com.deloitte.system.mapper.customer.PaymentRecordMapper.selectList_COUNT [143] -| <==      Total: 1
2020-09-08 17:44:14.365 |-DEBUG [http-nio-8088-exec-7] com.deloitte.system.mapper.customer.PaymentRecordMapper.selectList [143] -| ==>  Preparing: select p.id, customer_code, customer_id,customer_type, payment_type, new_amount, new_payment_amount, renew_amount, renew_payment_amount, p.remark, payment_status, payment_audit_role, audit_role, status, p.create_by, p.create_time, p.update_by, p.update_time, p.disable_flag, p.delete_flag, u.name create_name from payment_record p left join sys_users u on p.create_by = u.id WHERE p.delete_flag = 0 order by create_time desc LIMIT ? 
2020-09-08 17:44:14.366 |-DEBUG [http-nio-8088-exec-7] com.deloitte.system.mapper.customer.PaymentRecordMapper.selectList [143] -| ==> Parameters: 10(Integer)
2020-09-08 17:44:14.372 |-DEBUG [http-nio-8088-exec-7] com.deloitte.system.mapper.customer.PaymentRecordMapper.selectList [143] -| <==      Total: 10
2020-09-08 17:44:46.335 |-DEBUG [http-nio-8088-exec-2] com.deloitte.system.mapper.sys.RoleMapper.selectRoleByUserId [143] -| ==>  Preparing: SELECT c.id,c.name,c.code FROM `sys_users` a inner join sys_user_role_rel b on a.id = b.user_id inner join sys_roles c on b.role_id = c.id where a.id = ? 
2020-09-08 17:44:46.336 |-DEBUG [http-nio-8088-exec-2] com.deloitte.system.mapper.sys.RoleMapper.selectRoleByUserId [143] -| ==> Parameters: 60(Long)
2020-09-08 17:44:46.337 |-DEBUG [http-nio-8088-exec-5] com.deloitte.system.mapper.sys.RoleMapper.selectRoleByUserId [143] -| ==>  Preparing: SELECT c.id,c.name,c.code FROM `sys_users` a inner join sys_user_role_rel b on a.id = b.user_id inner join sys_roles c on b.role_id = c.id where a.id = ? 
2020-09-08 17:44:46.337 |-DEBUG [http-nio-8088-exec-5] com.deloitte.system.mapper.sys.RoleMapper.selectRoleByUserId [143] -| ==> Parameters: 60(Long)
2020-09-08 17:44:46.338 |-INFO  [http-nio-8088-exec-1] com.deloitte.system.service.customer.impl.PaymentRecordServiceImpl [66] -| 调用customerList方法，参数为:{"customerCode":"","endDate":"","paymentStatus":"","paymentType":"","startDate":"","status":""}
2020-09-08 17:44:46.340 |-DEBUG [http-nio-8088-exec-5] com.deloitte.system.mapper.sys.RoleMapper.selectRoleByUserId [143] -| <==      Total: 1
2020-09-08 17:44:46.340 |-DEBUG [http-nio-8088-exec-2] com.deloitte.system.mapper.sys.RoleMapper.selectRoleByUserId [143] -| <==      Total: 1
2020-09-08 17:44:46.342 |-DEBUG [http-nio-8088-exec-7] com.deloitte.system.mapper.sys.UserMapper.selectUserList [143] -| ==>  Preparing: SELECT u.id, u.NAME, u.login_name, u.PASSWORD, u.create_by, u.create_time, u.update_by, u.update_time, u.disable_flag, u.delete_flag , sg.group_name, sg.id group_id FROM sys_users u left join user_group_rel ugr on u.id = ugr.user_id left join sys_groups sg on sg.id = ugr.group_id WHERE delete_flag = ? 
2020-09-08 17:44:46.342 |-DEBUG [http-nio-8088-exec-1] com.deloitte.system.mapper.sys.RoleMapper.selectRoleByUserId [143] -| ==>  Preparing: SELECT c.id,c.name,c.code FROM `sys_users` a inner join sys_user_role_rel b on a.id = b.user_id inner join sys_roles c on b.role_id = c.id where a.id = ? 
2020-09-08 17:44:46.343 |-DEBUG [http-nio-8088-exec-1] com.deloitte.system.mapper.sys.RoleMapper.selectRoleByUserId [143] -| ==> Parameters: 60(Long)
2020-09-08 17:44:46.343 |-DEBUG [http-nio-8088-exec-7] com.deloitte.system.mapper.sys.UserMapper.selectUserList [143] -| ==> Parameters: 0(Integer)
2020-09-08 17:44:46.347 |-DEBUG [http-nio-8088-exec-7] com.deloitte.system.mapper.sys.UserMapper.selectUserList [143] -| <==      Total: 7
2020-09-08 17:44:46.350 |-DEBUG [http-nio-8088-exec-1] com.deloitte.system.mapper.sys.RoleMapper.selectRoleByUserId [143] -| <==      Total: 1
2020-09-08 17:44:46.352 |-DEBUG [http-nio-8088-exec-1] com.deloitte.system.mapper.sys.RoleMapper.selectRoleByUserId [143] -| ==>  Preparing: SELECT c.id,c.name,c.code FROM `sys_users` a inner join sys_user_role_rel b on a.id = b.user_id inner join sys_roles c on b.role_id = c.id where a.id = ? 
2020-09-08 17:44:46.353 |-DEBUG [http-nio-8088-exec-1] com.deloitte.system.mapper.sys.RoleMapper.selectRoleByUserId [143] -| ==> Parameters: 60(Long)
2020-09-08 17:44:46.357 |-DEBUG [http-nio-8088-exec-1] com.deloitte.system.mapper.sys.RoleMapper.selectRoleByUserId [143] -| <==      Total: 1
2020-09-08 17:44:46.361 |-DEBUG [http-nio-8088-exec-1] com.deloitte.system.mapper.customer.PaymentRecordMapper.selectList_COUNT [143] -| ==>  Preparing: SELECT count(0) FROM payment_record p LEFT JOIN sys_users u ON p.create_by = u.id WHERE p.delete_flag = 0 
2020-09-08 17:44:46.362 |-DEBUG [http-nio-8088-exec-1] com.deloitte.system.mapper.customer.PaymentRecordMapper.selectList_COUNT [143] -| ==> Parameters: 
2020-09-08 17:44:46.366 |-DEBUG [http-nio-8088-exec-1] com.deloitte.system.mapper.customer.PaymentRecordMapper.selectList_COUNT [143] -| <==      Total: 1
2020-09-08 17:44:46.368 |-DEBUG [http-nio-8088-exec-1] com.deloitte.system.mapper.customer.PaymentRecordMapper.selectList [143] -| ==>  Preparing: select p.id, customer_code, customer_id,customer_type, payment_type, new_amount, new_payment_amount, renew_amount, renew_payment_amount, p.remark, payment_status, payment_audit_role, audit_role, status, p.create_by, p.create_time, p.update_by, p.update_time, p.disable_flag, p.delete_flag, u.name create_name from payment_record p left join sys_users u on p.create_by = u.id WHERE p.delete_flag = 0 order by create_time desc LIMIT ? 
2020-09-08 17:44:46.369 |-DEBUG [http-nio-8088-exec-1] com.deloitte.system.mapper.customer.PaymentRecordMapper.selectList [143] -| ==> Parameters: 10(Integer)
2020-09-08 17:44:46.375 |-DEBUG [http-nio-8088-exec-1] com.deloitte.system.mapper.customer.PaymentRecordMapper.selectList [143] -| <==      Total: 10
2020-09-08 17:44:59.087 |-INFO  [http-nio-8088-exec-10] com.deloitte.system.service.customer.impl.PaymentRecordServiceImpl [66] -| 调用customerList方法，参数为:{"customerCode":"","endDate":"2020-08-31 23:59:59","paymentStatus":"","paymentType":"","startDate":"2020-08-30","status":""}
2020-09-08 17:44:59.091 |-DEBUG [http-nio-8088-exec-10] com.deloitte.system.mapper.sys.RoleMapper.selectRoleByUserId [143] -| ==>  Preparing: SELECT c.id,c.name,c.code FROM `sys_users` a inner join sys_user_role_rel b on a.id = b.user_id inner join sys_roles c on b.role_id = c.id where a.id = ? 
2020-09-08 17:44:59.092 |-DEBUG [http-nio-8088-exec-10] com.deloitte.system.mapper.sys.RoleMapper.selectRoleByUserId [143] -| ==> Parameters: 60(Long)
2020-09-08 17:44:59.096 |-DEBUG [http-nio-8088-exec-10] com.deloitte.system.mapper.sys.RoleMapper.selectRoleByUserId [143] -| <==      Total: 1
2020-09-08 17:44:59.097 |-DEBUG [http-nio-8088-exec-10] com.deloitte.system.mapper.sys.RoleMapper.selectRoleByUserId [143] -| ==>  Preparing: SELECT c.id,c.name,c.code FROM `sys_users` a inner join sys_user_role_rel b on a.id = b.user_id inner join sys_roles c on b.role_id = c.id where a.id = ? 
2020-09-08 17:44:59.098 |-DEBUG [http-nio-8088-exec-10] com.deloitte.system.mapper.sys.RoleMapper.selectRoleByUserId [143] -| ==> Parameters: 60(Long)
2020-09-08 17:44:59.101 |-DEBUG [http-nio-8088-exec-10] com.deloitte.system.mapper.sys.RoleMapper.selectRoleByUserId [143] -| <==      Total: 1
2020-09-08 17:44:59.105 |-DEBUG [http-nio-8088-exec-10] com.deloitte.system.mapper.customer.PaymentRecordMapper.selectList_COUNT [143] -| ==>  Preparing: SELECT count(0) FROM payment_record p LEFT JOIN sys_users u ON p.create_by = u.id WHERE p.delete_flag = 0 AND p.create_time >= ? AND p.create_time <= ? 
2020-09-08 17:44:59.106 |-DEBUG [http-nio-8088-exec-10] com.deloitte.system.mapper.customer.PaymentRecordMapper.selectList_COUNT [143] -| ==> Parameters: 2020-08-30(String), 2020-08-31 23:59:59(String)
2020-09-08 17:44:59.110 |-DEBUG [http-nio-8088-exec-10] com.deloitte.system.mapper.customer.PaymentRecordMapper.selectList_COUNT [143] -| <==      Total: 1
2020-09-08 17:44:59.112 |-DEBUG [http-nio-8088-exec-10] com.deloitte.system.mapper.customer.PaymentRecordMapper.selectList [143] -| ==>  Preparing: select p.id, customer_code, customer_id,customer_type, payment_type, new_amount, new_payment_amount, renew_amount, renew_payment_amount, p.remark, payment_status, payment_audit_role, audit_role, status, p.create_by, p.create_time, p.update_by, p.update_time, p.disable_flag, p.delete_flag, u.name create_name from payment_record p left join sys_users u on p.create_by = u.id WHERE p.delete_flag = 0 and p.create_time >= ? and p.create_time <= ? order by create_time desc LIMIT ? 
2020-09-08 17:44:59.113 |-DEBUG [http-nio-8088-exec-10] com.deloitte.system.mapper.customer.PaymentRecordMapper.selectList [143] -| ==> Parameters: 2020-08-30(String), 2020-08-31 23:59:59(String), 10(Integer)
2020-09-08 17:44:59.117 |-DEBUG [http-nio-8088-exec-10] com.deloitte.system.mapper.customer.PaymentRecordMapper.selectList [143] -| <==      Total: 4
2020-09-08 17:45:08.854 |-INFO  [http-nio-8088-exec-4] com.deloitte.system.service.customer.impl.PaymentRecordServiceImpl [66] -| 调用customerList方法，参数为:{"customerCode":"","endDate":"2020-09-02 23:59:59","paymentStatus":"","paymentType":"","startDate":"2020-08-30","status":""}
2020-09-08 17:45:08.858 |-DEBUG [http-nio-8088-exec-4] com.deloitte.system.mapper.sys.RoleMapper.selectRoleByUserId [143] -| ==>  Preparing: SELECT c.id,c.name,c.code FROM `sys_users` a inner join sys_user_role_rel b on a.id = b.user_id inner join sys_roles c on b.role_id = c.id where a.id = ? 
2020-09-08 17:45:08.859 |-DEBUG [http-nio-8088-exec-4] com.deloitte.system.mapper.sys.RoleMapper.selectRoleByUserId [143] -| ==> Parameters: 60(Long)
2020-09-08 17:45:08.862 |-DEBUG [http-nio-8088-exec-4] com.deloitte.system.mapper.sys.RoleMapper.selectRoleByUserId [143] -| <==      Total: 1
2020-09-08 17:45:08.863 |-DEBUG [http-nio-8088-exec-4] com.deloitte.system.mapper.sys.RoleMapper.selectRoleByUserId [143] -| ==>  Preparing: SELECT c.id,c.name,c.code FROM `sys_users` a inner join sys_user_role_rel b on a.id = b.user_id inner join sys_roles c on b.role_id = c.id where a.id = ? 
2020-09-08 17:45:08.864 |-DEBUG [http-nio-8088-exec-4] com.deloitte.system.mapper.sys.RoleMapper.selectRoleByUserId [143] -| ==> Parameters: 60(Long)
2020-09-08 17:45:08.868 |-DEBUG [http-nio-8088-exec-4] com.deloitte.system.mapper.sys.RoleMapper.selectRoleByUserId [143] -| <==      Total: 1
2020-09-08 17:45:08.872 |-DEBUG [http-nio-8088-exec-4] com.deloitte.system.mapper.customer.PaymentRecordMapper.selectList_COUNT [143] -| ==>  Preparing: SELECT count(0) FROM payment_record p LEFT JOIN sys_users u ON p.create_by = u.id WHERE p.delete_flag = 0 AND p.create_time >= ? AND p.create_time <= ? 
2020-09-08 17:45:08.873 |-DEBUG [http-nio-8088-exec-4] com.deloitte.system.mapper.customer.PaymentRecordMapper.selectList_COUNT [143] -| ==> Parameters: 2020-08-30(String), 2020-09-02 23:59:59(String)
2020-09-08 17:45:08.876 |-DEBUG [http-nio-8088-exec-4] com.deloitte.system.mapper.customer.PaymentRecordMapper.selectList_COUNT [143] -| <==      Total: 1
2020-09-08 17:45:08.877 |-DEBUG [http-nio-8088-exec-4] com.deloitte.system.mapper.customer.PaymentRecordMapper.selectList [143] -| ==>  Preparing: select p.id, customer_code, customer_id,customer_type, payment_type, new_amount, new_payment_amount, renew_amount, renew_payment_amount, p.remark, payment_status, payment_audit_role, audit_role, status, p.create_by, p.create_time, p.update_by, p.update_time, p.disable_flag, p.delete_flag, u.name create_name from payment_record p left join sys_users u on p.create_by = u.id WHERE p.delete_flag = 0 and p.create_time >= ? and p.create_time <= ? order by create_time desc LIMIT ? 
2020-09-08 17:45:08.878 |-DEBUG [http-nio-8088-exec-4] com.deloitte.system.mapper.customer.PaymentRecordMapper.selectList [143] -| ==> Parameters: 2020-08-30(String), 2020-09-02 23:59:59(String), 10(Integer)
2020-09-08 17:45:08.882 |-DEBUG [http-nio-8088-exec-4] com.deloitte.system.mapper.customer.PaymentRecordMapper.selectList [143] -| <==      Total: 4
2020-09-08 17:49:30.865 |-INFO  [http-nio-8088-exec-2] com.deloitte.system.service.customer.impl.PaymentRecordServiceImpl [66] -| 调用customerList方法，参数为:{"customerCode":"","endDate":"2020-09-04 23:59:59","paymentStatus":"","paymentType":"","startDate":"2020-08-29","status":""}
2020-09-08 17:49:30.869 |-DEBUG [http-nio-8088-exec-2] com.deloitte.system.mapper.sys.RoleMapper.selectRoleByUserId [143] -| ==>  Preparing: SELECT c.id,c.name,c.code FROM `sys_users` a inner join sys_user_role_rel b on a.id = b.user_id inner join sys_roles c on b.role_id = c.id where a.id = ? 
2020-09-08 17:49:30.870 |-DEBUG [http-nio-8088-exec-2] com.deloitte.system.mapper.sys.RoleMapper.selectRoleByUserId [143] -| ==> Parameters: 60(Long)
2020-09-08 17:49:30.873 |-DEBUG [http-nio-8088-exec-2] com.deloitte.system.mapper.sys.RoleMapper.selectRoleByUserId [143] -| <==      Total: 1
2020-09-08 17:49:30.874 |-DEBUG [http-nio-8088-exec-2] com.deloitte.system.mapper.sys.RoleMapper.selectRoleByUserId [143] -| ==>  Preparing: SELECT c.id,c.name,c.code FROM `sys_users` a inner join sys_user_role_rel b on a.id = b.user_id inner join sys_roles c on b.role_id = c.id where a.id = ? 
2020-09-08 17:49:30.875 |-DEBUG [http-nio-8088-exec-2] com.deloitte.system.mapper.sys.RoleMapper.selectRoleByUserId [143] -| ==> Parameters: 60(Long)
2020-09-08 17:49:30.878 |-DEBUG [http-nio-8088-exec-2] com.deloitte.system.mapper.sys.RoleMapper.selectRoleByUserId [143] -| <==      Total: 1
2020-09-08 17:49:30.883 |-DEBUG [http-nio-8088-exec-2] com.deloitte.system.mapper.customer.PaymentRecordMapper.selectList_COUNT [143] -| ==>  Preparing: SELECT count(0) FROM payment_record p LEFT JOIN sys_users u ON p.create_by = u.id WHERE p.delete_flag = 0 AND p.create_time >= ? AND p.create_time <= ? 
2020-09-08 17:49:30.884 |-DEBUG [http-nio-8088-exec-2] com.deloitte.system.mapper.customer.PaymentRecordMapper.selectList_COUNT [143] -| ==> Parameters: 2020-08-29(String), 2020-09-04 23:59:59(String)
2020-09-08 17:49:30.887 |-DEBUG [http-nio-8088-exec-2] com.deloitte.system.mapper.customer.PaymentRecordMapper.selectList_COUNT [143] -| <==      Total: 1
2020-09-08 17:49:30.889 |-DEBUG [http-nio-8088-exec-2] com.deloitte.system.mapper.customer.PaymentRecordMapper.selectList [143] -| ==>  Preparing: select p.id, customer_code, customer_id,customer_type, payment_type, new_amount, new_payment_amount, renew_amount, renew_payment_amount, p.remark, payment_status, payment_audit_role, audit_role, status, p.create_by, p.create_time, p.update_by, p.update_time, p.disable_flag, p.delete_flag, u.name create_name from payment_record p left join sys_users u on p.create_by = u.id WHERE p.delete_flag = 0 and p.create_time >= ? and p.create_time <= ? order by create_time desc LIMIT ? 
2020-09-08 17:49:30.891 |-DEBUG [http-nio-8088-exec-2] com.deloitte.system.mapper.customer.PaymentRecordMapper.selectList [143] -| ==> Parameters: 2020-08-29(String), 2020-09-04 23:59:59(String), 10(Integer)
2020-09-08 17:49:30.896 |-DEBUG [http-nio-8088-exec-2] com.deloitte.system.mapper.customer.PaymentRecordMapper.selectList [143] -| <==      Total: 4
2020-09-08 17:49:31.709 |-INFO  [http-nio-8088-exec-7] com.deloitte.system.service.customer.impl.PaymentRecordServiceImpl [66] -| 调用customerList方法，参数为:{"customerCode":"","endDate":"2020-09-04 23:59:59","paymentStatus":"","paymentType":"","startDate":"2020-08-29","status":""}
2020-09-08 17:49:31.713 |-DEBUG [http-nio-8088-exec-7] com.deloitte.system.mapper.sys.RoleMapper.selectRoleByUserId [143] -| ==>  Preparing: SELECT c.id,c.name,c.code FROM `sys_users` a inner join sys_user_role_rel b on a.id = b.user_id inner join sys_roles c on b.role_id = c.id where a.id = ? 
2020-09-08 17:49:31.714 |-DEBUG [http-nio-8088-exec-7] com.deloitte.system.mapper.sys.RoleMapper.selectRoleByUserId [143] -| ==> Parameters: 60(Long)
2020-09-08 17:49:31.718 |-DEBUG [http-nio-8088-exec-7] com.deloitte.system.mapper.sys.RoleMapper.selectRoleByUserId [143] -| <==      Total: 1
2020-09-08 17:49:31.719 |-DEBUG [http-nio-8088-exec-7] com.deloitte.system.mapper.sys.RoleMapper.selectRoleByUserId [143] -| ==>  Preparing: SELECT c.id,c.name,c.code FROM `sys_users` a inner join sys_user_role_rel b on a.id = b.user_id inner join sys_roles c on b.role_id = c.id where a.id = ? 
2020-09-08 17:49:31.719 |-DEBUG [http-nio-8088-exec-7] com.deloitte.system.mapper.sys.RoleMapper.selectRoleByUserId [143] -| ==> Parameters: 60(Long)
2020-09-08 17:49:31.724 |-DEBUG [http-nio-8088-exec-7] com.deloitte.system.mapper.sys.RoleMapper.selectRoleByUserId [143] -| <==      Total: 1
2020-09-08 17:49:31.728 |-DEBUG [http-nio-8088-exec-7] com.deloitte.system.mapper.customer.PaymentRecordMapper.selectList_COUNT [143] -| ==>  Preparing: SELECT count(0) FROM payment_record p LEFT JOIN sys_users u ON p.create_by = u.id WHERE p.delete_flag = 0 AND p.create_time >= ? AND p.create_time <= ? 
2020-09-08 17:49:31.729 |-DEBUG [http-nio-8088-exec-7] com.deloitte.system.mapper.customer.PaymentRecordMapper.selectList_COUNT [143] -| ==> Parameters: 2020-08-29(String), 2020-09-04 23:59:59(String)
2020-09-08 17:49:31.733 |-DEBUG [http-nio-8088-exec-7] com.deloitte.system.mapper.customer.PaymentRecordMapper.selectList_COUNT [143] -| <==      Total: 1
2020-09-08 17:49:31.734 |-DEBUG [http-nio-8088-exec-7] com.deloitte.system.mapper.customer.PaymentRecordMapper.selectList [143] -| ==>  Preparing: select p.id, customer_code, customer_id,customer_type, payment_type, new_amount, new_payment_amount, renew_amount, renew_payment_amount, p.remark, payment_status, payment_audit_role, audit_role, status, p.create_by, p.create_time, p.update_by, p.update_time, p.disable_flag, p.delete_flag, u.name create_name from payment_record p left join sys_users u on p.create_by = u.id WHERE p.delete_flag = 0 and p.create_time >= ? and p.create_time <= ? order by create_time desc LIMIT ? 
2020-09-08 17:49:31.734 |-DEBUG [http-nio-8088-exec-7] com.deloitte.system.mapper.customer.PaymentRecordMapper.selectList [143] -| ==> Parameters: 2020-08-29(String), 2020-09-04 23:59:59(String), 10(Integer)
2020-09-08 17:49:31.738 |-DEBUG [http-nio-8088-exec-7] com.deloitte.system.mapper.customer.PaymentRecordMapper.selectList [143] -| <==      Total: 4
2020-09-08 18:01:37.536 |-INFO  [Thread-3] org.springframework.scheduling.concurrent.ThreadPoolTaskExecutor [208] -| Shutting down ExecutorService 'applicationTaskExecutor'
2020-09-08 18:01:37.547 |-INFO  [Thread-3] com.zaxxer.hikari.HikariDataSource [350] -| HikariPool-1 - Shutdown initiated...
2020-09-08 18:01:37.568 |-INFO  [Thread-3] com.zaxxer.hikari.HikariDataSource [352] -| HikariPool-1 - Shutdown completed.
