2020-07-07 15:46:21.045 |-INFO  [main] com.deloitte.InformationManageApplication [50] -| Starting InformationManageApplication on CNPC0SFXTC with PID 18352 (D:\workspace\Idea_workspace\customer_manage\im\im-system\target\classes started by dqiao in D:\workspace\Idea_workspace\customer_manage\im)
2020-07-07 15:46:21.051 |-INFO  [main] com.deloitte.InformationManageApplication [675] -| No active profile set, falling back to default profiles: default
2020-07-07 15:46:31.159 |-INFO  [main] org.springframework.boot.web.embedded.tomcat.TomcatWebServer [90] -| Tomcat initialized with port(s): 8088 (http)
2020-07-07 15:46:31.191 |-INFO  [main] org.apache.coyote.http11.Http11NioProtocol [173] -| Initializing ProtocolHandler ["http-nio-8088"]
2020-07-07 15:46:31.213 |-INFO  [main] org.apache.catalina.core.StandardService [173] -| Starting service [Tomcat]
2020-07-07 15:46:31.214 |-INFO  [main] org.apache.catalina.core.StandardEngine [173] -| Starting Servlet engine: [Apache Tomcat/9.0.17]
2020-07-07 15:46:31.608 |-INFO  [main] org.apache.catalina.core.ContainerBase.[Tomcat].[localhost].[/survey/dev/im] [173] -| Initializing Spring embedded WebApplicationContext
2020-07-07 15:46:31.608 |-INFO  [main] org.springframework.web.context.ContextLoader [296] -| Root WebApplicationContext: initialization completed in 10452 ms
2020-07-07 15:46:34.748 |-INFO  [main] com.deloitte.framework.security.provisioning.CustomerJdbcUserDetailsManager [138] -| No authentication manager set. Reauthentication of users when changing passwords will not be performed.
2020-07-07 15:46:35.071 |-INFO  [main] org.springframework.scheduling.concurrent.ThreadPoolTaskExecutor [171] -| Initializing ExecutorService 'applicationTaskExecutor'
2020-07-07 15:46:36.010 |-INFO  [main] org.springframework.security.web.DefaultSecurityFilterChain [43] -| Creating filter chain: any request, [org.springframework.security.web.context.request.async.WebAsyncManagerIntegrationFilter@10fb4575, org.springframework.security.web.context.SecurityContextPersistenceFilter@615b5480, org.springframework.security.web.header.HeaderWriterFilter@35c8be21, org.springframework.security.web.authentication.logout.LogoutFilter@7a814310, org.springframework.security.web.authentication.UsernamePasswordAuthenticationFilter@5d66ae3a, org.springframework.security.web.savedrequest.RequestCacheAwareFilter@7b91d9f, org.springframework.security.web.servletapi.SecurityContextHolderAwareRequestFilter@46cf8c07, org.springframework.security.web.authentication.AnonymousAuthenticationFilter@7cc2c551, org.springframework.security.web.session.SessionManagementFilter@6bcdd6e4, org.springframework.security.web.access.ExceptionTranslationFilter@6b5c134e, org.springframework.security.web.access.intercept.FilterSecurityInterceptor@30159886]
2020-07-07 15:46:36.158 |-INFO  [main] org.apache.coyote.http11.Http11NioProtocol [173] -| Starting ProtocolHandler ["http-nio-8088"]
2020-07-07 15:46:36.247 |-INFO  [main] org.springframework.boot.web.embedded.tomcat.TomcatWebServer [204] -| Tomcat started on port(s): 8088 (http) with context path '/survey/dev/im'
2020-07-07 15:46:36.254 |-INFO  [main] com.deloitte.InformationManageApplication [59] -| Started InformationManageApplication in 16.318 seconds (JVM running for 18.441)
2020-07-07 15:46:45.599 |-INFO  [http-nio-8088-exec-8] org.apache.catalina.core.ContainerBase.[Tomcat].[localhost].[/survey/dev/im] [173] -| Initializing Spring DispatcherServlet 'dispatcherServlet'
2020-07-07 15:46:45.600 |-INFO  [http-nio-8088-exec-8] org.springframework.web.servlet.DispatcherServlet [524] -| Initializing Servlet 'dispatcherServlet'
2020-07-07 15:46:45.626 |-INFO  [http-nio-8088-exec-8] org.springframework.web.servlet.DispatcherServlet [546] -| Completed initialization in 24 ms
2020-07-07 15:46:53.709 |-INFO  [http-nio-8088-exec-6] com.zaxxer.hikari.HikariDataSource [110] -| HikariPool-1 - Starting...
2020-07-07 15:46:54.072 |-INFO  [http-nio-8088-exec-6] com.zaxxer.hikari.HikariDataSource [123] -| HikariPool-1 - Start completed.
2020-07-07 15:46:54.254 |-DEBUG [http-nio-8088-exec-2] com.deloitte.system.mapper.sys.MenuMapper.getMenuByUserId [143] -| ==>  Preparing: select distinct m.id, m.name, m.type, m.permission, m.url, m.order_num, m.parent_id, m.visible, m.icon, m.create_by, m.create_time, m.update_by, m.update_time, m.disable_flag, m.delete_flag from sys_menus m inner join sys_role_menu_rel rm on m.id = rm.menu_id inner join sys_user_role_rel ur on ur.role_id = rm.role_id inner join sys_roles r on r.id = ur.role_id where ur.user_id = ? and m.type in('catalog', 'menu') and m.visible=1 and m.delete_flag = 0 and r.disable_flag = 0 and r.delete_flag = 0 order by m.order_num asc 
2020-07-07 15:46:54.277 |-DEBUG [http-nio-8088-exec-2] com.deloitte.system.mapper.sys.MenuMapper.getMenuByUserId [143] -| ==> Parameters: 63(Long)
2020-07-07 15:46:54.314 |-DEBUG [http-nio-8088-exec-2] com.deloitte.system.mapper.sys.MenuMapper.getMenuByUserId [143] -| <==      Total: 12
2020-07-07 15:46:54.347 |-DEBUG [http-nio-8088-exec-2] com.deloitte.system.mapper.sys.RoleMapper.selectRoleByUserId [143] -| ==>  Preparing: SELECT c.id,c.name,c.code FROM `sys_users` a inner join sys_user_role_rel b on a.id = b.user_id inner join sys_roles c on b.role_id = c.id where a.id = ? 
2020-07-07 15:46:54.351 |-DEBUG [http-nio-8088-exec-2] com.deloitte.system.mapper.sys.RoleMapper.selectRoleByUserId [143] -| ==> Parameters: 63(Long)
2020-07-07 15:46:54.356 |-DEBUG [http-nio-8088-exec-2] com.deloitte.system.mapper.sys.RoleMapper.selectRoleByUserId [143] -| <==      Total: 1
2020-07-07 15:46:54.358 |-DEBUG [http-nio-8088-exec-2] com.deloitte.system.mapper.sys.UserMapper.selectUserById [143] -| ==>  Preparing: select id, name, login_name, password, create_by, create_time, update_by, update_time, disable_flag, delete_flag from sys_users where id = ? 
2020-07-07 15:46:54.359 |-DEBUG [http-nio-8088-exec-2] com.deloitte.system.mapper.sys.UserMapper.selectUserById [143] -| ==> Parameters: 63(Long)
2020-07-07 15:46:54.364 |-DEBUG [http-nio-8088-exec-2] com.deloitte.system.mapper.sys.UserMapper.selectUserById [143] -| <==      Total: 1
2020-07-07 15:46:54.374 |-DEBUG [http-nio-8088-exec-2] com.deloitte.system.mapper.sys.GroupMapper.selectGroupByUserId [143] -| ==>  Preparing: SELECT * FROM `sys_groups` a inner join user_group_rel b on a.id = b.group_id INNER JOIN sys_users c on c.id = b.user_id where b.user_id = ? 
2020-07-07 15:46:54.375 |-DEBUG [http-nio-8088-exec-2] com.deloitte.system.mapper.sys.GroupMapper.selectGroupByUserId [143] -| ==> Parameters: 63(Long)
2020-07-07 15:46:54.380 |-DEBUG [http-nio-8088-exec-2] com.deloitte.system.mapper.sys.GroupMapper.selectGroupByUserId [143] -| <==      Total: 1
2020-07-07 15:46:56.241 |-DEBUG [http-nio-8088-exec-2] com.deloitte.system.mapper.sys.RoleMapper.selectRoleByUserId [143] -| ==>  Preparing: SELECT c.id,c.name,c.code FROM `sys_users` a inner join sys_user_role_rel b on a.id = b.user_id inner join sys_roles c on b.role_id = c.id where a.id = ? 
2020-07-07 15:46:56.242 |-DEBUG [http-nio-8088-exec-2] com.deloitte.system.mapper.sys.RoleMapper.selectRoleByUserId [143] -| ==> Parameters: 63(Long)
2020-07-07 15:46:56.249 |-DEBUG [http-nio-8088-exec-2] com.deloitte.system.mapper.sys.RoleMapper.selectRoleByUserId [143] -| <==      Total: 1
2020-07-07 15:46:56.336 |-DEBUG [http-nio-8088-exec-8] com.deloitte.system.mapper.sys.UserMapper.selectUserList [143] -| ==>  Preparing: SELECT u.id, u.NAME, u.login_name, u.PASSWORD, u.create_by, u.create_time, u.update_by, u.update_time, u.disable_flag, u.delete_flag , sg.group_name, sg.id group_id FROM sys_users u left join user_group_rel ugr on u.id = ugr.user_id left join sys_groups sg on sg.id = ugr.group_id WHERE delete_flag = ? 
2020-07-07 15:46:56.337 |-DEBUG [http-nio-8088-exec-8] com.deloitte.system.mapper.sys.UserMapper.selectUserList [143] -| ==> Parameters: 0(Integer)
2020-07-07 15:46:56.347 |-DEBUG [http-nio-8088-exec-8] com.deloitte.system.mapper.sys.UserMapper.selectUserList [143] -| <==      Total: 5
2020-07-07 15:46:56.733 |-INFO  [http-nio-8088-exec-1] com.deloitte.system.service.customer.impl.ChannelManageServiceImpl [187] -| 调用channelList方法，参数为:{"channelName":"","contactInfo":"","paymentType":"","status":""}
2020-07-07 15:46:56.735 |-DEBUG [http-nio-8088-exec-1] com.deloitte.system.mapper.sys.RoleMapper.selectRoleByUserId [143] -| ==>  Preparing: SELECT c.id,c.name,c.code FROM `sys_users` a inner join sys_user_role_rel b on a.id = b.user_id inner join sys_roles c on b.role_id = c.id where a.id = ? 
2020-07-07 15:46:56.737 |-DEBUG [http-nio-8088-exec-1] com.deloitte.system.mapper.sys.RoleMapper.selectRoleByUserId [143] -| ==> Parameters: 63(Long)
2020-07-07 15:46:56.743 |-DEBUG [http-nio-8088-exec-1] com.deloitte.system.mapper.sys.RoleMapper.selectRoleByUserId [143] -| <==      Total: 1
2020-07-07 15:46:56.927 |-DEBUG [http-nio-8088-exec-1] com.deloitte.system.mapper.customer.ChannelInfoMapper.selectList_COUNT [143] -| ==>  Preparing: SELECT count(0) FROM channel_info c LEFT JOIN sys_users u ON c.create_by = u.id WHERE c.delete_flag = 0 AND c.create_by = ? 
2020-07-07 15:46:56.929 |-DEBUG [http-nio-8088-exec-1] com.deloitte.system.mapper.customer.ChannelInfoMapper.selectList_COUNT [143] -| ==> Parameters: 63(Long)
2020-07-07 15:46:56.941 |-DEBUG [http-nio-8088-exec-1] com.deloitte.system.mapper.customer.ChannelInfoMapper.selectList_COUNT [143] -| <==      Total: 1
2020-07-07 15:46:56.946 |-DEBUG [http-nio-8088-exec-1] com.deloitte.system.mapper.customer.ChannelInfoMapper.selectList [143] -| ==>  Preparing: select c.id, channel_name, contact, contact_info, new_amount_rate, renew_amount_rate, payment_type, channel_bank_code, channel_bank_name, payment_code, audit_role, audit_id, c.status, c.create_by, c.create_time, c.update_by, c.update_time, c.disable_flag, c.delete_flag, u.name create_name from channel_info c left join sys_users u on c.create_by = u.id WHERE c.delete_flag = 0 and c.create_by = ? order by c.update_time desc LIMIT ? 
2020-07-07 15:46:56.947 |-DEBUG [http-nio-8088-exec-1] com.deloitte.system.mapper.customer.ChannelInfoMapper.selectList [143] -| ==> Parameters: 63(Long), 10(Integer)
2020-07-07 15:46:56.955 |-DEBUG [http-nio-8088-exec-1] com.deloitte.system.mapper.customer.ChannelInfoMapper.selectList [143] -| <==      Total: 2
2020-07-07 15:47:01.544 |-DEBUG [http-nio-8088-exec-7] com.deloitte.system.mapper.sys.RoleMapper.selectRoleByUserId [143] -| ==>  Preparing: SELECT c.id,c.name,c.code FROM `sys_users` a inner join sys_user_role_rel b on a.id = b.user_id inner join sys_roles c on b.role_id = c.id where a.id = ? 
2020-07-07 15:47:01.545 |-DEBUG [http-nio-8088-exec-7] com.deloitte.system.mapper.sys.RoleMapper.selectRoleByUserId [143] -| ==> Parameters: 63(Long)
2020-07-07 15:47:01.550 |-DEBUG [http-nio-8088-exec-7] com.deloitte.system.mapper.sys.RoleMapper.selectRoleByUserId [143] -| <==      Total: 1
2020-07-07 15:47:01.555 |-DEBUG [http-nio-8088-exec-2] com.deloitte.system.mapper.sys.UserMapper.selectUserList [143] -| ==>  Preparing: SELECT u.id, u.NAME, u.login_name, u.PASSWORD, u.create_by, u.create_time, u.update_by, u.update_time, u.disable_flag, u.delete_flag , sg.group_name, sg.id group_id FROM sys_users u left join user_group_rel ugr on u.id = ugr.user_id left join sys_groups sg on sg.id = ugr.group_id WHERE delete_flag = ? 
2020-07-07 15:47:01.556 |-DEBUG [http-nio-8088-exec-2] com.deloitte.system.mapper.sys.UserMapper.selectUserList [143] -| ==> Parameters: 0(Integer)
2020-07-07 15:47:01.565 |-DEBUG [http-nio-8088-exec-2] com.deloitte.system.mapper.sys.UserMapper.selectUserList [143] -| <==      Total: 5
2020-07-07 15:47:01.605 |-INFO  [http-nio-8088-exec-8] com.deloitte.system.service.customer.impl.PaymentRecordServiceImpl [65] -| 调用customerList方法，参数为:{"customerCode":"","paymentStatus":"","paymentType":"","status":""}
2020-07-07 15:47:01.606 |-DEBUG [http-nio-8088-exec-8] com.deloitte.system.mapper.sys.RoleMapper.selectRoleByUserId [143] -| ==>  Preparing: SELECT c.id,c.name,c.code FROM `sys_users` a inner join sys_user_role_rel b on a.id = b.user_id inner join sys_roles c on b.role_id = c.id where a.id = ? 
2020-07-07 15:47:01.608 |-DEBUG [http-nio-8088-exec-8] com.deloitte.system.mapper.sys.RoleMapper.selectRoleByUserId [143] -| ==> Parameters: 63(Long)
2020-07-07 15:47:01.612 |-DEBUG [http-nio-8088-exec-8] com.deloitte.system.mapper.sys.RoleMapper.selectRoleByUserId [143] -| <==      Total: 1
2020-07-07 15:47:01.621 |-DEBUG [http-nio-8088-exec-8] com.deloitte.system.mapper.customer.PaymentRecordMapper.selectList_COUNT [143] -| ==>  Preparing: SELECT count(0) FROM payment_record p LEFT JOIN sys_users u ON p.create_by = u.id WHERE p.delete_flag = 0 AND p.create_by = ? 
2020-07-07 15:47:01.622 |-DEBUG [http-nio-8088-exec-8] com.deloitte.system.mapper.customer.PaymentRecordMapper.selectList_COUNT [143] -| ==> Parameters: 63(Long)
2020-07-07 15:47:01.626 |-DEBUG [http-nio-8088-exec-8] com.deloitte.system.mapper.customer.PaymentRecordMapper.selectList_COUNT [143] -| <==      Total: 1
2020-07-07 15:47:01.629 |-DEBUG [http-nio-8088-exec-8] com.deloitte.system.mapper.customer.PaymentRecordMapper.selectList [143] -| ==>  Preparing: select p.id, customer_code, customer_id,customer_type, payment_type, new_amount, new_payment_amount, renew_amount, renew_payment_amount, p.remark, payment_status, payment_audit_role, audit_role, status, p.create_by, p.create_time, p.update_by, p.update_time, p.disable_flag, p.delete_flag, u.name create_name from payment_record p left join sys_users u on p.create_by = u.id WHERE p.delete_flag = 0 and p.create_by = ? order by update_time desc LIMIT ? 
2020-07-07 15:47:01.631 |-DEBUG [http-nio-8088-exec-8] com.deloitte.system.mapper.customer.PaymentRecordMapper.selectList [143] -| ==> Parameters: 63(Long), 10(Integer)
2020-07-07 15:47:01.636 |-DEBUG [http-nio-8088-exec-8] com.deloitte.system.mapper.customer.PaymentRecordMapper.selectList [143] -| <==      Total: 1
2020-07-07 15:47:06.925 |-DEBUG [http-nio-8088-exec-9] com.deloitte.system.mapper.sys.UserMapper.selectUserList [143] -| ==>  Preparing: SELECT u.id, u.NAME, u.login_name, u.PASSWORD, u.create_by, u.create_time, u.update_by, u.update_time, u.disable_flag, u.delete_flag , sg.group_name, sg.id group_id FROM sys_users u left join user_group_rel ugr on u.id = ugr.user_id left join sys_groups sg on sg.id = ugr.group_id WHERE delete_flag = ? 
2020-07-07 15:47:06.925 |-DEBUG [http-nio-8088-exec-1] com.deloitte.system.mapper.sys.RoleMapper.selectRoleByUserId [143] -| ==>  Preparing: SELECT c.id,c.name,c.code FROM `sys_users` a inner join sys_user_role_rel b on a.id = b.user_id inner join sys_roles c on b.role_id = c.id where a.id = ? 
2020-07-07 15:47:06.926 |-DEBUG [http-nio-8088-exec-1] com.deloitte.system.mapper.sys.RoleMapper.selectRoleByUserId [143] -| ==> Parameters: 63(Long)
2020-07-07 15:47:06.927 |-DEBUG [http-nio-8088-exec-9] com.deloitte.system.mapper.sys.UserMapper.selectUserList [143] -| ==> Parameters: 0(Integer)
2020-07-07 15:47:06.931 |-DEBUG [http-nio-8088-exec-1] com.deloitte.system.mapper.sys.RoleMapper.selectRoleByUserId [143] -| <==      Total: 1
2020-07-07 15:47:06.941 |-DEBUG [http-nio-8088-exec-9] com.deloitte.system.mapper.sys.UserMapper.selectUserList [143] -| <==      Total: 5
2020-07-07 15:47:06.971 |-INFO  [http-nio-8088-exec-5] com.deloitte.system.service.customer.impl.CustomerInfoServiceImpl [160] -| 调用customerList方法，参数为:{"contactInfo":"","customerCode":"","customerName":""}
2020-07-07 15:47:06.974 |-DEBUG [http-nio-8088-exec-5] com.deloitte.system.mapper.sys.RoleMapper.selectRoleByUserId [143] -| ==>  Preparing: SELECT c.id,c.name,c.code FROM `sys_users` a inner join sys_user_role_rel b on a.id = b.user_id inner join sys_roles c on b.role_id = c.id where a.id = ? 
2020-07-07 15:47:06.981 |-DEBUG [http-nio-8088-exec-5] com.deloitte.system.mapper.sys.RoleMapper.selectRoleByUserId [143] -| ==> Parameters: 63(Long)
2020-07-07 15:47:06.985 |-DEBUG [http-nio-8088-exec-5] com.deloitte.system.mapper.sys.RoleMapper.selectRoleByUserId [143] -| <==      Total: 1
2020-07-07 15:47:06.993 |-DEBUG [http-nio-8088-exec-5] com.deloitte.system.mapper.customer.ChannelCustomerInfoMapper.selectList_COUNT [143] -| ==>  Preparing: SELECT count(0) FROM channel_customer_info c LEFT JOIN sys_users u ON c.create_by = u.id LEFT JOIN channel_info ci ON c.channel_id = ci.id WHERE c.delete_flag = 0 AND c.create_by = ? 
2020-07-07 15:47:06.994 |-DEBUG [http-nio-8088-exec-5] com.deloitte.system.mapper.customer.ChannelCustomerInfoMapper.selectList_COUNT [143] -| ==> Parameters: 63(Long)
2020-07-07 15:47:07.001 |-DEBUG [http-nio-8088-exec-5] com.deloitte.system.mapper.customer.ChannelCustomerInfoMapper.selectList_COUNT [143] -| <==      Total: 1
2020-07-07 15:47:07.003 |-DEBUG [http-nio-8088-exec-5] com.deloitte.system.mapper.customer.ChannelCustomerInfoMapper.selectList [143] -| ==>  Preparing: select c.id, c.customer_code, c.customer_name, c.contact, c.contact_info, c.channel_id, c.audit_role, u.name create_name, c.audit_id, c.status, c.create_by, c.create_time, c.update_by, c.update_time, c.disable_flag, c.delete_flag, ci.channel_name, ci.new_amount_rate, ci.renew_amount_rate, ci.payment_type from channel_customer_info c left join sys_users u on c.create_by = u.id left join channel_info ci on c.channel_id = ci.id WHERE c.delete_flag = 0 and c.create_by = ? order by c.update_time desc LIMIT ? 
2020-07-07 15:47:07.006 |-DEBUG [http-nio-8088-exec-5] com.deloitte.system.mapper.customer.ChannelCustomerInfoMapper.selectList [143] -| ==> Parameters: 63(Long), 10(Integer)
2020-07-07 15:47:07.012 |-DEBUG [http-nio-8088-exec-5] com.deloitte.system.mapper.customer.ChannelCustomerInfoMapper.selectList [143] -| <==      Total: 1
2020-07-07 15:47:13.512 |-DEBUG [http-nio-8088-exec-3] com.deloitte.system.mapper.sys.RoleMapper.selectRoleByUserId [143] -| ==>  Preparing: SELECT c.id,c.name,c.code FROM `sys_users` a inner join sys_user_role_rel b on a.id = b.user_id inner join sys_roles c on b.role_id = c.id where a.id = ? 
2020-07-07 15:47:13.513 |-DEBUG [http-nio-8088-exec-3] com.deloitte.system.mapper.sys.RoleMapper.selectRoleByUserId [143] -| ==> Parameters: 63(Long)
2020-07-07 15:47:13.516 |-DEBUG [http-nio-8088-exec-9] com.deloitte.system.mapper.sys.UserMapper.selectUserList [143] -| ==>  Preparing: SELECT u.id, u.NAME, u.login_name, u.PASSWORD, u.create_by, u.create_time, u.update_by, u.update_time, u.disable_flag, u.delete_flag , sg.group_name, sg.id group_id FROM sys_users u left join user_group_rel ugr on u.id = ugr.user_id left join sys_groups sg on sg.id = ugr.group_id WHERE delete_flag = ? 
2020-07-07 15:47:13.517 |-DEBUG [http-nio-8088-exec-3] com.deloitte.system.mapper.sys.RoleMapper.selectRoleByUserId [143] -| <==      Total: 1
2020-07-07 15:47:13.517 |-DEBUG [http-nio-8088-exec-9] com.deloitte.system.mapper.sys.UserMapper.selectUserList [143] -| ==> Parameters: 0(Integer)
2020-07-07 15:47:13.524 |-DEBUG [http-nio-8088-exec-9] com.deloitte.system.mapper.sys.UserMapper.selectUserList [143] -| <==      Total: 5
2020-07-07 15:47:13.546 |-INFO  [http-nio-8088-exec-1] com.deloitte.system.service.customer.impl.CustomerInfoServiceImpl [117] -| 调用customerList方法，参数为:{"contactInfo":"","customerCode":"","customerName":""}
2020-07-07 15:47:13.548 |-DEBUG [http-nio-8088-exec-1] com.deloitte.system.mapper.sys.RoleMapper.selectRoleByUserId [143] -| ==>  Preparing: SELECT c.id,c.name,c.code FROM `sys_users` a inner join sys_user_role_rel b on a.id = b.user_id inner join sys_roles c on b.role_id = c.id where a.id = ? 
2020-07-07 15:47:13.548 |-DEBUG [http-nio-8088-exec-1] com.deloitte.system.mapper.sys.RoleMapper.selectRoleByUserId [143] -| ==> Parameters: 63(Long)
2020-07-07 15:47:13.553 |-DEBUG [http-nio-8088-exec-1] com.deloitte.system.mapper.sys.RoleMapper.selectRoleByUserId [143] -| <==      Total: 1
2020-07-07 15:47:13.568 |-DEBUG [http-nio-8088-exec-1] com.deloitte.system.mapper.customer.CustomerInfoMapper.selectList_COUNT [143] -| ==>  Preparing: SELECT count(0) FROM customer_info c LEFT JOIN sys_users u ON c.create_by = u.id WHERE c.delete_flag = 0 AND c.create_by = ? 
2020-07-07 15:47:13.569 |-DEBUG [http-nio-8088-exec-1] com.deloitte.system.mapper.customer.CustomerInfoMapper.selectList_COUNT [143] -| ==> Parameters: 63(Long)
2020-07-07 15:47:13.573 |-DEBUG [http-nio-8088-exec-1] com.deloitte.system.mapper.customer.CustomerInfoMapper.selectList_COUNT [143] -| <==      Total: 1
2020-07-07 15:47:13.575 |-DEBUG [http-nio-8088-exec-1] com.deloitte.system.mapper.customer.CustomerInfoMapper.selectList [143] -| ==>  Preparing: select c.id, CAST(AES_DECRYPT(UNHEX(customer_code),'1')as char) customer_code, customer_name, contact, CAST(AES_DECRYPT(UNHEX(contact_info),'1')as char) contact_info, new_amount_rate, renew_amount_rate, payment_type, customer_bank_code, customer_bank_name, payment_code, audit_role, audit_id, c.status, c.create_by, u.name create_name, c.create_time, c.update_by, c.update_time, c.disable_flag, c.delete_flag from customer_info c left join sys_users u on c.create_by = u.id WHERE c.delete_flag = 0 and c.create_by = ? order by c.update_time desc LIMIT ? 
2020-07-07 15:47:13.576 |-DEBUG [http-nio-8088-exec-1] com.deloitte.system.mapper.customer.CustomerInfoMapper.selectList [143] -| ==> Parameters: 63(Long), 10(Integer)
2020-07-07 15:47:13.582 |-DEBUG [http-nio-8088-exec-1] com.deloitte.system.mapper.customer.CustomerInfoMapper.selectList [143] -| <==      Total: 1
2020-07-07 15:47:34.142 |-DEBUG [http-nio-8088-exec-2] com.deloitte.system.mapper.customer.PaymentRecordMapper.insertSelective [143] -| ==>  Preparing: insert into payment_record ( customer_code, customer_id, customer_type, payment_type, new_amount, new_payment_amount, renew_amount, renew_payment_amount, remark, payment_status, status, create_by, create_time, update_by, update_time ) values ( ?, ?, ?, ?, ?, ?, ?, ?, ?, ?, ?, ?, ?, ?, ? ) 
2020-07-07 15:47:34.148 |-DEBUG [http-nio-8088-exec-2] com.deloitte.system.mapper.customer.PaymentRecordMapper.insertSelective [143] -| ==> Parameters: 演示直接客户信息(String), 196(Long), direct(String), bank(String), 2000.0(Double), 100.0(Double), 6200.0(Double), 230.0(Double), 测试使用(String), unpayment(String), unchanged(String), 63(Long), 2020-07-07 15:47:34.133(Timestamp), 63(Long), 2020-07-07 15:47:34.133(Timestamp)
2020-07-07 15:47:34.156 |-DEBUG [http-nio-8088-exec-2] com.deloitte.system.mapper.customer.PaymentRecordMapper.insertSelective [143] -| <==    Updates: 1
2020-07-07 15:47:39.822 |-DEBUG [http-nio-8088-exec-7] com.deloitte.system.mapper.sys.RoleMapper.selectRoleByUserId [143] -| ==>  Preparing: SELECT c.id,c.name,c.code FROM `sys_users` a inner join sys_user_role_rel b on a.id = b.user_id inner join sys_roles c on b.role_id = c.id where a.id = ? 
2020-07-07 15:47:39.823 |-DEBUG [http-nio-8088-exec-7] com.deloitte.system.mapper.sys.RoleMapper.selectRoleByUserId [143] -| ==> Parameters: 63(Long)
2020-07-07 15:47:39.823 |-INFO  [http-nio-8088-exec-10] com.deloitte.system.service.customer.impl.PaymentRecordServiceImpl [65] -| 调用customerList方法，参数为:{"customerCode":"","paymentStatus":"","paymentType":"","status":""}
2020-07-07 15:47:39.827 |-DEBUG [http-nio-8088-exec-10] com.deloitte.system.mapper.sys.RoleMapper.selectRoleByUserId [143] -| ==>  Preparing: SELECT c.id,c.name,c.code FROM `sys_users` a inner join sys_user_role_rel b on a.id = b.user_id inner join sys_roles c on b.role_id = c.id where a.id = ? 
2020-07-07 15:47:39.827 |-DEBUG [http-nio-8088-exec-7] com.deloitte.system.mapper.sys.RoleMapper.selectRoleByUserId [143] -| <==      Total: 1
2020-07-07 15:47:39.827 |-DEBUG [http-nio-8088-exec-10] com.deloitte.system.mapper.sys.RoleMapper.selectRoleByUserId [143] -| ==> Parameters: 63(Long)
2020-07-07 15:47:39.832 |-DEBUG [http-nio-8088-exec-4] com.deloitte.system.mapper.sys.UserMapper.selectUserList [143] -| ==>  Preparing: SELECT u.id, u.NAME, u.login_name, u.PASSWORD, u.create_by, u.create_time, u.update_by, u.update_time, u.disable_flag, u.delete_flag , sg.group_name, sg.id group_id FROM sys_users u left join user_group_rel ugr on u.id = ugr.user_id left join sys_groups sg on sg.id = ugr.group_id WHERE delete_flag = ? 
2020-07-07 15:47:39.833 |-DEBUG [http-nio-8088-exec-10] com.deloitte.system.mapper.sys.RoleMapper.selectRoleByUserId [143] -| <==      Total: 1
2020-07-07 15:47:39.833 |-DEBUG [http-nio-8088-exec-4] com.deloitte.system.mapper.sys.UserMapper.selectUserList [143] -| ==> Parameters: 0(Integer)
2020-07-07 15:47:39.837 |-DEBUG [http-nio-8088-exec-10] com.deloitte.system.mapper.customer.PaymentRecordMapper.selectList_COUNT [143] -| ==>  Preparing: SELECT count(0) FROM payment_record p LEFT JOIN sys_users u ON p.create_by = u.id WHERE p.delete_flag = 0 AND p.create_by = ? 
2020-07-07 15:47:39.839 |-DEBUG [http-nio-8088-exec-10] com.deloitte.system.mapper.customer.PaymentRecordMapper.selectList_COUNT [143] -| ==> Parameters: 63(Long)
2020-07-07 15:47:39.842 |-DEBUG [http-nio-8088-exec-4] com.deloitte.system.mapper.sys.UserMapper.selectUserList [143] -| <==      Total: 5
2020-07-07 15:47:39.847 |-DEBUG [http-nio-8088-exec-10] com.deloitte.system.mapper.customer.PaymentRecordMapper.selectList_COUNT [143] -| <==      Total: 1
2020-07-07 15:47:39.849 |-DEBUG [http-nio-8088-exec-10] com.deloitte.system.mapper.customer.PaymentRecordMapper.selectList [143] -| ==>  Preparing: select p.id, customer_code, customer_id,customer_type, payment_type, new_amount, new_payment_amount, renew_amount, renew_payment_amount, p.remark, payment_status, payment_audit_role, audit_role, status, p.create_by, p.create_time, p.update_by, p.update_time, p.disable_flag, p.delete_flag, u.name create_name from payment_record p left join sys_users u on p.create_by = u.id WHERE p.delete_flag = 0 and p.create_by = ? order by update_time desc LIMIT ? 
2020-07-07 15:47:39.850 |-DEBUG [http-nio-8088-exec-10] com.deloitte.system.mapper.customer.PaymentRecordMapper.selectList [143] -| ==> Parameters: 63(Long), 10(Integer)
2020-07-07 15:47:39.857 |-DEBUG [http-nio-8088-exec-10] com.deloitte.system.mapper.customer.PaymentRecordMapper.selectList [143] -| <==      Total: 2
2020-07-07 15:47:41.767 |-INFO  [http-nio-8088-exec-8] com.deloitte.system.service.customer.impl.PaymentRecordServiceImpl [221] -| 调用exportPaymentData方法，参数为：{}
2020-07-07 15:47:42.576 |-DEBUG [http-nio-8088-exec-8] com.deloitte.system.mapper.sys.RoleMapper.selectRoleByUserId [143] -| ==>  Preparing: SELECT c.id,c.name,c.code FROM `sys_users` a inner join sys_user_role_rel b on a.id = b.user_id inner join sys_roles c on b.role_id = c.id where a.id = ? 
2020-07-07 15:47:42.577 |-DEBUG [http-nio-8088-exec-8] com.deloitte.system.mapper.sys.RoleMapper.selectRoleByUserId [143] -| ==> Parameters: 63(Long)
2020-07-07 15:47:42.580 |-DEBUG [http-nio-8088-exec-8] com.deloitte.system.mapper.sys.RoleMapper.selectRoleByUserId [143] -| <==      Total: 1
2020-07-07 15:47:42.581 |-DEBUG [http-nio-8088-exec-8] com.deloitte.system.mapper.customer.PaymentRecordMapper.selectExportData [143] -| ==>  Preparing: SELECT p.id, p.customer_code, p.customer_id, p.customer_type, p.payment_type, p.new_amount, p.new_payment_amount, p.renew_amount, p.renew_payment_amount, p.remark, p.payment_status, p.payment_audit_role, p.status, DATE_FORMAT(p.create_time, '%Y-%m-%d') create_time, u.name create_name, if(p.customer_type='channel',ci.channel_bank_code,c.customer_bank_code) customer_bank_code, if(p.customer_type='channel',ci.payment_code,c.payment_code) payment_code FROM payment_record p LEFT JOIN sys_users u ON p.create_by = u.id LEFT JOIN customer_info c ON c.id = p.customer_id LEFT JOIN channel_customer_info cc on cc.id = p.customer_id LEFT JOIN channel_info ci on ci.id = cc.channel_id WHERE p.delete_flag = 0 and p.create_by = ? 
2020-07-07 15:47:42.582 |-DEBUG [http-nio-8088-exec-8] com.deloitte.system.mapper.customer.PaymentRecordMapper.selectExportData [143] -| ==> Parameters: 63(Long)
2020-07-07 15:47:42.587 |-DEBUG [http-nio-8088-exec-8] com.deloitte.system.mapper.customer.PaymentRecordMapper.selectExportData [143] -| <==      Total: 2
2020-07-07 15:48:34.745 |-INFO  [http-nio-8088-exec-6] com.deloitte.system.service.customer.impl.PaymentRecordServiceImpl [221] -| 调用exportPaymentData方法，参数为：{}
2020-07-07 15:48:34.758 |-DEBUG [http-nio-8088-exec-6] com.deloitte.system.mapper.sys.RoleMapper.selectRoleByUserId [143] -| ==>  Preparing: SELECT c.id,c.name,c.code FROM `sys_users` a inner join sys_user_role_rel b on a.id = b.user_id inner join sys_roles c on b.role_id = c.id where a.id = ? 
2020-07-07 15:48:34.759 |-DEBUG [http-nio-8088-exec-6] com.deloitte.system.mapper.sys.RoleMapper.selectRoleByUserId [143] -| ==> Parameters: 63(Long)
2020-07-07 15:48:34.764 |-DEBUG [http-nio-8088-exec-6] com.deloitte.system.mapper.sys.RoleMapper.selectRoleByUserId [143] -| <==      Total: 1
2020-07-07 15:48:34.765 |-DEBUG [http-nio-8088-exec-6] com.deloitte.system.mapper.customer.PaymentRecordMapper.selectExportData [143] -| ==>  Preparing: SELECT p.id, p.customer_code, p.customer_id, p.customer_type, p.payment_type, p.new_amount, p.new_payment_amount, p.renew_amount, p.renew_payment_amount, p.remark, p.payment_status, p.payment_audit_role, p.status, DATE_FORMAT(p.create_time, '%Y-%m-%d') create_time, u.name create_name, if(p.customer_type='channel',ci.channel_bank_code,c.customer_bank_code) customer_bank_code, if(p.customer_type='channel',ci.payment_code,c.payment_code) payment_code FROM payment_record p LEFT JOIN sys_users u ON p.create_by = u.id LEFT JOIN customer_info c ON c.id = p.customer_id LEFT JOIN channel_customer_info cc on cc.id = p.customer_id LEFT JOIN channel_info ci on ci.id = cc.channel_id WHERE p.delete_flag = 0 and p.create_by = ? 
2020-07-07 15:48:34.766 |-DEBUG [http-nio-8088-exec-6] com.deloitte.system.mapper.customer.PaymentRecordMapper.selectExportData [143] -| ==> Parameters: 63(Long)
2020-07-07 15:48:34.770 |-DEBUG [http-nio-8088-exec-6] com.deloitte.system.mapper.customer.PaymentRecordMapper.selectExportData [143] -| <==      Total: 2
2020-07-07 15:48:53.144 |-INFO  [http-nio-8088-exec-4] com.deloitte.system.service.customer.impl.PaymentRecordServiceImpl [65] -| 调用customerList方法，参数为:{"customerCode":"","paymentStatus":"payment","paymentType":"","status":""}
2020-07-07 15:48:53.147 |-DEBUG [http-nio-8088-exec-4] com.deloitte.system.mapper.sys.RoleMapper.selectRoleByUserId [143] -| ==>  Preparing: SELECT c.id,c.name,c.code FROM `sys_users` a inner join sys_user_role_rel b on a.id = b.user_id inner join sys_roles c on b.role_id = c.id where a.id = ? 
2020-07-07 15:48:53.148 |-DEBUG [http-nio-8088-exec-4] com.deloitte.system.mapper.sys.RoleMapper.selectRoleByUserId [143] -| ==> Parameters: 63(Long)
2020-07-07 15:48:53.151 |-DEBUG [http-nio-8088-exec-4] com.deloitte.system.mapper.sys.RoleMapper.selectRoleByUserId [143] -| <==      Total: 1
2020-07-07 15:48:53.157 |-DEBUG [http-nio-8088-exec-4] com.deloitte.system.mapper.customer.PaymentRecordMapper.selectList_COUNT [143] -| ==>  Preparing: SELECT count(0) FROM payment_record p LEFT JOIN sys_users u ON p.create_by = u.id WHERE p.delete_flag = 0 AND p.create_by = ? AND p.payment_status = ? 
2020-07-07 15:48:53.158 |-DEBUG [http-nio-8088-exec-4] com.deloitte.system.mapper.customer.PaymentRecordMapper.selectList_COUNT [143] -| ==> Parameters: 63(Long), payment(String)
2020-07-07 15:48:53.161 |-DEBUG [http-nio-8088-exec-4] com.deloitte.system.mapper.customer.PaymentRecordMapper.selectList_COUNT [143] -| <==      Total: 1
2020-07-07 15:48:53.163 |-DEBUG [http-nio-8088-exec-4] com.deloitte.system.mapper.customer.PaymentRecordMapper.selectList [143] -| ==>  Preparing: select p.id, customer_code, customer_id,customer_type, payment_type, new_amount, new_payment_amount, renew_amount, renew_payment_amount, p.remark, payment_status, payment_audit_role, audit_role, status, p.create_by, p.create_time, p.update_by, p.update_time, p.disable_flag, p.delete_flag, u.name create_name from payment_record p left join sys_users u on p.create_by = u.id WHERE p.delete_flag = 0 and p.create_by = ? and p.payment_status = ? order by update_time desc LIMIT ? 
2020-07-07 15:48:53.165 |-DEBUG [http-nio-8088-exec-4] com.deloitte.system.mapper.customer.PaymentRecordMapper.selectList [143] -| ==> Parameters: 63(Long), payment(String), 10(Integer)
2020-07-07 15:48:53.169 |-DEBUG [http-nio-8088-exec-4] com.deloitte.system.mapper.customer.PaymentRecordMapper.selectList [143] -| <==      Total: 1
2020-07-07 15:49:23.457 |-INFO  [http-nio-8088-exec-2] com.deloitte.system.service.customer.impl.PaymentRecordServiceImpl [221] -| 调用exportPaymentData方法，参数为：{"paymentStatus":"payment"}
2020-07-07 15:49:23.470 |-DEBUG [http-nio-8088-exec-2] com.deloitte.system.mapper.sys.RoleMapper.selectRoleByUserId [143] -| ==>  Preparing: SELECT c.id,c.name,c.code FROM `sys_users` a inner join sys_user_role_rel b on a.id = b.user_id inner join sys_roles c on b.role_id = c.id where a.id = ? 
2020-07-07 15:49:23.471 |-DEBUG [http-nio-8088-exec-2] com.deloitte.system.mapper.sys.RoleMapper.selectRoleByUserId [143] -| ==> Parameters: 63(Long)
2020-07-07 15:49:23.475 |-DEBUG [http-nio-8088-exec-2] com.deloitte.system.mapper.sys.RoleMapper.selectRoleByUserId [143] -| <==      Total: 1
2020-07-07 15:49:23.476 |-DEBUG [http-nio-8088-exec-2] com.deloitte.system.mapper.customer.PaymentRecordMapper.selectExportData [143] -| ==>  Preparing: SELECT p.id, p.customer_code, p.customer_id, p.customer_type, p.payment_type, p.new_amount, p.new_payment_amount, p.renew_amount, p.renew_payment_amount, p.remark, p.payment_status, p.payment_audit_role, p.status, DATE_FORMAT(p.create_time, '%Y-%m-%d') create_time, u.name create_name, if(p.customer_type='channel',ci.channel_bank_code,c.customer_bank_code) customer_bank_code, if(p.customer_type='channel',ci.payment_code,c.payment_code) payment_code FROM payment_record p LEFT JOIN sys_users u ON p.create_by = u.id LEFT JOIN customer_info c ON c.id = p.customer_id LEFT JOIN channel_customer_info cc on cc.id = p.customer_id LEFT JOIN channel_info ci on ci.id = cc.channel_id WHERE p.delete_flag = 0 and p.create_by = ? and p.payment_status = ? 
2020-07-07 15:49:23.477 |-DEBUG [http-nio-8088-exec-2] com.deloitte.system.mapper.customer.PaymentRecordMapper.selectExportData [143] -| ==> Parameters: 63(Long), payment(String)
2020-07-07 15:49:23.482 |-DEBUG [http-nio-8088-exec-2] com.deloitte.system.mapper.customer.PaymentRecordMapper.selectExportData [143] -| <==      Total: 1
2020-07-07 15:50:02.514 |-DEBUG [http-nio-8088-exec-9] com.deloitte.system.mapper.sys.MenuMapper.getMenuByUserId [143] -| ==>  Preparing: select distinct m.id, m.name, m.type, m.permission, m.url, m.order_num, m.parent_id, m.visible, m.icon, m.create_by, m.create_time, m.update_by, m.update_time, m.disable_flag, m.delete_flag from sys_menus m inner join sys_role_menu_rel rm on m.id = rm.menu_id inner join sys_user_role_rel ur on ur.role_id = rm.role_id inner join sys_roles r on r.id = ur.role_id where ur.user_id = ? and m.type in('catalog', 'menu') and m.visible=1 and m.delete_flag = 0 and r.disable_flag = 0 and r.delete_flag = 0 order by m.order_num asc 
2020-07-07 15:50:02.515 |-DEBUG [http-nio-8088-exec-9] com.deloitte.system.mapper.sys.MenuMapper.getMenuByUserId [143] -| ==> Parameters: 63(Long)
2020-07-07 15:50:02.523 |-DEBUG [http-nio-8088-exec-9] com.deloitte.system.mapper.sys.MenuMapper.getMenuByUserId [143] -| <==      Total: 12
2020-07-07 15:50:02.528 |-DEBUG [http-nio-8088-exec-9] com.deloitte.system.mapper.sys.RoleMapper.selectRoleByUserId [143] -| ==>  Preparing: SELECT c.id,c.name,c.code FROM `sys_users` a inner join sys_user_role_rel b on a.id = b.user_id inner join sys_roles c on b.role_id = c.id where a.id = ? 
2020-07-07 15:50:02.529 |-DEBUG [http-nio-8088-exec-9] com.deloitte.system.mapper.sys.RoleMapper.selectRoleByUserId [143] -| ==> Parameters: 63(Long)
2020-07-07 15:50:02.534 |-DEBUG [http-nio-8088-exec-9] com.deloitte.system.mapper.sys.RoleMapper.selectRoleByUserId [143] -| <==      Total: 1
2020-07-07 15:50:02.535 |-DEBUG [http-nio-8088-exec-9] com.deloitte.system.mapper.sys.UserMapper.selectUserById [143] -| ==>  Preparing: select id, name, login_name, password, create_by, create_time, update_by, update_time, disable_flag, delete_flag from sys_users where id = ? 
2020-07-07 15:50:02.536 |-DEBUG [http-nio-8088-exec-9] com.deloitte.system.mapper.sys.UserMapper.selectUserById [143] -| ==> Parameters: 63(Long)
2020-07-07 15:50:02.540 |-DEBUG [http-nio-8088-exec-9] com.deloitte.system.mapper.sys.UserMapper.selectUserById [143] -| <==      Total: 1
2020-07-07 15:50:02.543 |-DEBUG [http-nio-8088-exec-9] com.deloitte.system.mapper.sys.GroupMapper.selectGroupByUserId [143] -| ==>  Preparing: SELECT * FROM `sys_groups` a inner join user_group_rel b on a.id = b.group_id INNER JOIN sys_users c on c.id = b.user_id where b.user_id = ? 
2020-07-07 15:50:02.544 |-DEBUG [http-nio-8088-exec-9] com.deloitte.system.mapper.sys.GroupMapper.selectGroupByUserId [143] -| ==> Parameters: 63(Long)
2020-07-07 15:50:02.548 |-DEBUG [http-nio-8088-exec-9] com.deloitte.system.mapper.sys.GroupMapper.selectGroupByUserId [143] -| <==      Total: 1
2020-07-07 15:50:03.787 |-INFO  [http-nio-8088-exec-5] com.deloitte.system.service.customer.impl.ChannelManageServiceImpl [187] -| 调用channelList方法，参数为:{"channelName":"","contactInfo":"","paymentType":"","status":""}
2020-07-07 15:50:03.794 |-DEBUG [http-nio-8088-exec-5] com.deloitte.system.mapper.sys.RoleMapper.selectRoleByUserId [143] -| ==>  Preparing: SELECT c.id,c.name,c.code FROM `sys_users` a inner join sys_user_role_rel b on a.id = b.user_id inner join sys_roles c on b.role_id = c.id where a.id = ? 
2020-07-07 15:50:03.795 |-DEBUG [http-nio-8088-exec-5] com.deloitte.system.mapper.sys.RoleMapper.selectRoleByUserId [143] -| ==> Parameters: 63(Long)
2020-07-07 15:50:03.800 |-DEBUG [http-nio-8088-exec-5] com.deloitte.system.mapper.sys.RoleMapper.selectRoleByUserId [143] -| <==      Total: 1
2020-07-07 15:50:03.805 |-DEBUG [http-nio-8088-exec-5] com.deloitte.system.mapper.customer.ChannelInfoMapper.selectList_COUNT [143] -| ==>  Preparing: SELECT count(0) FROM channel_info c LEFT JOIN sys_users u ON c.create_by = u.id WHERE c.delete_flag = 0 AND c.create_by = ? 
2020-07-07 15:50:03.806 |-DEBUG [http-nio-8088-exec-5] com.deloitte.system.mapper.customer.ChannelInfoMapper.selectList_COUNT [143] -| ==> Parameters: 63(Long)
2020-07-07 15:50:03.810 |-DEBUG [http-nio-8088-exec-5] com.deloitte.system.mapper.customer.ChannelInfoMapper.selectList_COUNT [143] -| <==      Total: 1
2020-07-07 15:50:03.816 |-DEBUG [http-nio-8088-exec-5] com.deloitte.system.mapper.customer.ChannelInfoMapper.selectList [143] -| ==>  Preparing: select c.id, channel_name, contact, contact_info, new_amount_rate, renew_amount_rate, payment_type, channel_bank_code, channel_bank_name, payment_code, audit_role, audit_id, c.status, c.create_by, c.create_time, c.update_by, c.update_time, c.disable_flag, c.delete_flag, u.name create_name from channel_info c left join sys_users u on c.create_by = u.id WHERE c.delete_flag = 0 and c.create_by = ? order by c.update_time desc LIMIT ? 
2020-07-07 15:50:03.817 |-DEBUG [http-nio-8088-exec-5] com.deloitte.system.mapper.customer.ChannelInfoMapper.selectList [143] -| ==> Parameters: 63(Long), 10(Integer)
2020-07-07 15:50:03.820 |-DEBUG [http-nio-8088-exec-3] com.deloitte.system.mapper.sys.UserMapper.selectUserList [143] -| ==>  Preparing: SELECT u.id, u.NAME, u.login_name, u.PASSWORD, u.create_by, u.create_time, u.update_by, u.update_time, u.disable_flag, u.delete_flag , sg.group_name, sg.id group_id FROM sys_users u left join user_group_rel ugr on u.id = ugr.user_id left join sys_groups sg on sg.id = ugr.group_id WHERE delete_flag = ? 
2020-07-07 15:50:03.821 |-DEBUG [http-nio-8088-exec-3] com.deloitte.system.mapper.sys.UserMapper.selectUserList [143] -| ==> Parameters: 0(Integer)
2020-07-07 15:50:03.821 |-DEBUG [http-nio-8088-exec-10] com.deloitte.system.mapper.sys.RoleMapper.selectRoleByUserId [143] -| ==>  Preparing: SELECT c.id,c.name,c.code FROM `sys_users` a inner join sys_user_role_rel b on a.id = b.user_id inner join sys_roles c on b.role_id = c.id where a.id = ? 
2020-07-07 15:50:03.822 |-DEBUG [http-nio-8088-exec-5] com.deloitte.system.mapper.customer.ChannelInfoMapper.selectList [143] -| <==      Total: 2
2020-07-07 15:50:03.822 |-DEBUG [http-nio-8088-exec-10] com.deloitte.system.mapper.sys.RoleMapper.selectRoleByUserId [143] -| ==> Parameters: 63(Long)
2020-07-07 15:50:03.826 |-DEBUG [http-nio-8088-exec-10] com.deloitte.system.mapper.sys.RoleMapper.selectRoleByUserId [143] -| <==      Total: 1
2020-07-07 15:50:03.827 |-DEBUG [http-nio-8088-exec-3] com.deloitte.system.mapper.sys.UserMapper.selectUserList [143] -| <==      Total: 5
2020-07-07 15:51:09.617 |-DEBUG [http-nio-8088-exec-3] com.deloitte.system.mapper.sys.MenuMapper.getMenuByUserId [143] -| ==>  Preparing: select distinct m.id, m.name, m.type, m.permission, m.url, m.order_num, m.parent_id, m.visible, m.icon, m.create_by, m.create_time, m.update_by, m.update_time, m.disable_flag, m.delete_flag from sys_menus m inner join sys_role_menu_rel rm on m.id = rm.menu_id inner join sys_user_role_rel ur on ur.role_id = rm.role_id inner join sys_roles r on r.id = ur.role_id where ur.user_id = ? and m.type in('catalog', 'menu') and m.visible=1 and m.delete_flag = 0 and r.disable_flag = 0 and r.delete_flag = 0 order by m.order_num asc 
2020-07-07 15:51:09.618 |-DEBUG [http-nio-8088-exec-3] com.deloitte.system.mapper.sys.MenuMapper.getMenuByUserId [143] -| ==> Parameters: 60(Long)
2020-07-07 15:51:09.630 |-DEBUG [http-nio-8088-exec-3] com.deloitte.system.mapper.sys.MenuMapper.getMenuByUserId [143] -| <==      Total: 22
2020-07-07 15:51:09.632 |-DEBUG [http-nio-8088-exec-3] com.deloitte.system.mapper.sys.RoleMapper.selectRoleByUserId [143] -| ==>  Preparing: SELECT c.id,c.name,c.code FROM `sys_users` a inner join sys_user_role_rel b on a.id = b.user_id inner join sys_roles c on b.role_id = c.id where a.id = ? 
2020-07-07 15:51:09.633 |-DEBUG [http-nio-8088-exec-3] com.deloitte.system.mapper.sys.RoleMapper.selectRoleByUserId [143] -| ==> Parameters: 60(Long)
2020-07-07 15:51:09.641 |-DEBUG [http-nio-8088-exec-3] com.deloitte.system.mapper.sys.RoleMapper.selectRoleByUserId [143] -| <==      Total: 1
2020-07-07 15:51:09.642 |-DEBUG [http-nio-8088-exec-3] com.deloitte.system.mapper.sys.UserMapper.selectUserById [143] -| ==>  Preparing: select id, name, login_name, password, create_by, create_time, update_by, update_time, disable_flag, delete_flag from sys_users where id = ? 
2020-07-07 15:51:09.643 |-DEBUG [http-nio-8088-exec-3] com.deloitte.system.mapper.sys.UserMapper.selectUserById [143] -| ==> Parameters: 60(Long)
2020-07-07 15:51:09.648 |-DEBUG [http-nio-8088-exec-3] com.deloitte.system.mapper.sys.UserMapper.selectUserById [143] -| <==      Total: 1
2020-07-07 15:51:09.649 |-DEBUG [http-nio-8088-exec-3] com.deloitte.system.mapper.sys.GroupMapper.selectGroupByUserId [143] -| ==>  Preparing: SELECT * FROM `sys_groups` a inner join user_group_rel b on a.id = b.group_id INNER JOIN sys_users c on c.id = b.user_id where b.user_id = ? 
2020-07-07 15:51:09.649 |-DEBUG [http-nio-8088-exec-3] com.deloitte.system.mapper.sys.GroupMapper.selectGroupByUserId [143] -| ==> Parameters: 60(Long)
2020-07-07 15:51:09.655 |-DEBUG [http-nio-8088-exec-3] com.deloitte.system.mapper.sys.GroupMapper.selectGroupByUserId [143] -| <==      Total: 1
2020-07-07 15:51:10.493 |-DEBUG [http-nio-8088-exec-4] com.deloitte.system.mapper.sys.RoleMapper.selectRoleByUserId [143] -| ==>  Preparing: SELECT c.id,c.name,c.code FROM `sys_users` a inner join sys_user_role_rel b on a.id = b.user_id inner join sys_roles c on b.role_id = c.id where a.id = ? 
2020-07-07 15:51:10.494 |-DEBUG [http-nio-8088-exec-4] com.deloitte.system.mapper.sys.RoleMapper.selectRoleByUserId [143] -| ==> Parameters: 60(Long)
2020-07-07 15:51:10.496 |-INFO  [http-nio-8088-exec-5] com.deloitte.system.service.customer.impl.ChannelManageServiceImpl [187] -| 调用channelList方法，参数为:{"channelName":"","contactInfo":"","paymentType":"","status":""}
2020-07-07 15:51:10.498 |-DEBUG [http-nio-8088-exec-4] com.deloitte.system.mapper.sys.RoleMapper.selectRoleByUserId [143] -| <==      Total: 1
2020-07-07 15:51:10.500 |-DEBUG [http-nio-8088-exec-10] com.deloitte.system.mapper.sys.UserMapper.selectUserList [143] -| ==>  Preparing: SELECT u.id, u.NAME, u.login_name, u.PASSWORD, u.create_by, u.create_time, u.update_by, u.update_time, u.disable_flag, u.delete_flag , sg.group_name, sg.id group_id FROM sys_users u left join user_group_rel ugr on u.id = ugr.user_id left join sys_groups sg on sg.id = ugr.group_id WHERE delete_flag = ? 
2020-07-07 15:51:10.500 |-DEBUG [http-nio-8088-exec-5] com.deloitte.system.mapper.sys.RoleMapper.selectRoleByUserId [143] -| ==>  Preparing: SELECT c.id,c.name,c.code FROM `sys_users` a inner join sys_user_role_rel b on a.id = b.user_id inner join sys_roles c on b.role_id = c.id where a.id = ? 
2020-07-07 15:51:10.501 |-DEBUG [http-nio-8088-exec-10] com.deloitte.system.mapper.sys.UserMapper.selectUserList [143] -| ==> Parameters: 0(Integer)
2020-07-07 15:51:10.501 |-DEBUG [http-nio-8088-exec-5] com.deloitte.system.mapper.sys.RoleMapper.selectRoleByUserId [143] -| ==> Parameters: 60(Long)
2020-07-07 15:51:10.505 |-DEBUG [http-nio-8088-exec-5] com.deloitte.system.mapper.sys.RoleMapper.selectRoleByUserId [143] -| <==      Total: 1
2020-07-07 15:51:10.506 |-DEBUG [http-nio-8088-exec-10] com.deloitte.system.mapper.sys.UserMapper.selectUserList [143] -| <==      Total: 6
2020-07-07 15:51:10.510 |-DEBUG [http-nio-8088-exec-5] com.deloitte.system.mapper.customer.ChannelInfoMapper.selectList_COUNT [143] -| ==>  Preparing: SELECT count(0) FROM channel_info c LEFT JOIN sys_users u ON c.create_by = u.id WHERE c.delete_flag = 0 
2020-07-07 15:51:10.511 |-DEBUG [http-nio-8088-exec-5] com.deloitte.system.mapper.customer.ChannelInfoMapper.selectList_COUNT [143] -| ==> Parameters: 
2020-07-07 15:51:10.515 |-DEBUG [http-nio-8088-exec-5] com.deloitte.system.mapper.customer.ChannelInfoMapper.selectList_COUNT [143] -| <==      Total: 1
2020-07-07 15:51:10.516 |-DEBUG [http-nio-8088-exec-5] com.deloitte.system.mapper.customer.ChannelInfoMapper.selectList [143] -| ==>  Preparing: select c.id, channel_name, contact, contact_info, new_amount_rate, renew_amount_rate, payment_type, channel_bank_code, channel_bank_name, payment_code, audit_role, audit_id, c.status, c.create_by, c.create_time, c.update_by, c.update_time, c.disable_flag, c.delete_flag, u.name create_name from channel_info c left join sys_users u on c.create_by = u.id WHERE c.delete_flag = 0 order by c.update_time desc LIMIT ? 
2020-07-07 15:51:10.517 |-DEBUG [http-nio-8088-exec-5] com.deloitte.system.mapper.customer.ChannelInfoMapper.selectList [143] -| ==> Parameters: 10(Integer)
2020-07-07 15:51:10.521 |-DEBUG [http-nio-8088-exec-5] com.deloitte.system.mapper.customer.ChannelInfoMapper.selectList [143] -| <==      Total: 2
2020-07-07 15:51:14.384 |-DEBUG [http-nio-8088-exec-2] com.deloitte.system.mapper.sys.GroupMapper.selectGroupList [143] -| ==>  Preparing: select id, group_name, status, create_by, create_time, update_by, update_time, remark from sys_groups 
2020-07-07 15:51:14.384 |-DEBUG [http-nio-8088-exec-2] com.deloitte.system.mapper.sys.GroupMapper.selectGroupList [143] -| ==> Parameters: 
2020-07-07 15:51:14.394 |-DEBUG [http-nio-8088-exec-2] com.deloitte.system.mapper.sys.GroupMapper.selectGroupList [143] -| <==      Total: 3
2020-07-07 15:51:14.393 |-DEBUG [http-nio-8088-exec-10] com.deloitte.system.mapper.sys.RoleMapper.selectRoleList [143] -| ==>  Preparing: select id, code, name, create_by, create_time, update_by, update_time, disable_flag, delete_flag from sys_roles WHERE delete_flag = ? 
2020-07-07 15:51:14.396 |-DEBUG [http-nio-8088-exec-10] com.deloitte.system.mapper.sys.RoleMapper.selectRoleList [143] -| ==> Parameters: 0(Integer)
2020-07-07 15:51:14.401 |-DEBUG [http-nio-8088-exec-4] com.deloitte.system.mapper.sys.UserMapper.selectUserList_COUNT [143] -| ==>  Preparing: SELECT count(0) FROM sys_users u LEFT JOIN user_group_rel ugr ON u.id = ugr.user_id LEFT JOIN sys_groups sg ON sg.id = ugr.group_id WHERE delete_flag = ? 
2020-07-07 15:51:14.402 |-DEBUG [http-nio-8088-exec-4] com.deloitte.system.mapper.sys.UserMapper.selectUserList_COUNT [143] -| ==> Parameters: 0(Integer)
2020-07-07 15:51:14.402 |-DEBUG [http-nio-8088-exec-10] com.deloitte.system.mapper.sys.RoleMapper.selectRoleList [143] -| <==      Total: 5
2020-07-07 15:51:14.406 |-DEBUG [http-nio-8088-exec-4] com.deloitte.system.mapper.sys.UserMapper.selectUserList_COUNT [143] -| <==      Total: 1
2020-07-07 15:51:14.409 |-DEBUG [http-nio-8088-exec-4] com.deloitte.system.mapper.sys.UserMapper.selectUserList [143] -| ==>  Preparing: SELECT u.id, u.NAME, u.login_name, u.PASSWORD, u.create_by, u.create_time, u.update_by, u.update_time, u.disable_flag, u.delete_flag , sg.group_name, sg.id group_id FROM sys_users u left join user_group_rel ugr on u.id = ugr.user_id left join sys_groups sg on sg.id = ugr.group_id WHERE delete_flag = ? LIMIT ? 
2020-07-07 15:51:14.410 |-DEBUG [http-nio-8088-exec-4] com.deloitte.system.mapper.sys.UserMapper.selectUserList [143] -| ==> Parameters: 0(Integer), 10(Integer)
2020-07-07 15:51:14.416 |-DEBUG [http-nio-8088-exec-4] com.deloitte.system.mapper.sys.UserMapper.selectUserList [143] -| <==      Total: 6
2020-07-07 15:53:04.206 |-DEBUG [http-nio-8088-exec-8] com.deloitte.system.mapper.sys.MenuMapper.getMenuByUserId [143] -| ==>  Preparing: select distinct m.id, m.name, m.type, m.permission, m.url, m.order_num, m.parent_id, m.visible, m.icon, m.create_by, m.create_time, m.update_by, m.update_time, m.disable_flag, m.delete_flag from sys_menus m inner join sys_role_menu_rel rm on m.id = rm.menu_id inner join sys_user_role_rel ur on ur.role_id = rm.role_id inner join sys_roles r on r.id = ur.role_id where ur.user_id = ? and m.type in('catalog', 'menu') and m.visible=1 and m.delete_flag = 0 and r.disable_flag = 0 and r.delete_flag = 0 order by m.order_num asc 
2020-07-07 15:53:04.207 |-DEBUG [http-nio-8088-exec-8] com.deloitte.system.mapper.sys.MenuMapper.getMenuByUserId [143] -| ==> Parameters: 59(Long)
2020-07-07 15:53:04.213 |-DEBUG [http-nio-8088-exec-8] com.deloitte.system.mapper.sys.MenuMapper.getMenuByUserId [143] -| <==      Total: 28
2020-07-07 15:53:04.214 |-DEBUG [http-nio-8088-exec-8] com.deloitte.system.mapper.sys.RoleMapper.selectRoleByUserId [143] -| ==>  Preparing: SELECT c.id,c.name,c.code FROM `sys_users` a inner join sys_user_role_rel b on a.id = b.user_id inner join sys_roles c on b.role_id = c.id where a.id = ? 
2020-07-07 15:53:04.215 |-DEBUG [http-nio-8088-exec-8] com.deloitte.system.mapper.sys.RoleMapper.selectRoleByUserId [143] -| ==> Parameters: 59(Long)
2020-07-07 15:53:04.220 |-DEBUG [http-nio-8088-exec-8] com.deloitte.system.mapper.sys.RoleMapper.selectRoleByUserId [143] -| <==      Total: 1
2020-07-07 15:53:04.221 |-DEBUG [http-nio-8088-exec-8] com.deloitte.system.mapper.sys.UserMapper.selectUserById [143] -| ==>  Preparing: select id, name, login_name, password, create_by, create_time, update_by, update_time, disable_flag, delete_flag from sys_users where id = ? 
2020-07-07 15:53:04.222 |-DEBUG [http-nio-8088-exec-8] com.deloitte.system.mapper.sys.UserMapper.selectUserById [143] -| ==> Parameters: 59(Long)
2020-07-07 15:53:04.225 |-DEBUG [http-nio-8088-exec-8] com.deloitte.system.mapper.sys.UserMapper.selectUserById [143] -| <==      Total: 1
2020-07-07 15:53:04.226 |-DEBUG [http-nio-8088-exec-8] com.deloitte.system.mapper.sys.GroupMapper.selectGroupByUserId [143] -| ==>  Preparing: SELECT * FROM `sys_groups` a inner join user_group_rel b on a.id = b.group_id INNER JOIN sys_users c on c.id = b.user_id where b.user_id = ? 
2020-07-07 15:53:04.227 |-DEBUG [http-nio-8088-exec-8] com.deloitte.system.mapper.sys.GroupMapper.selectGroupByUserId [143] -| ==> Parameters: 59(Long)
2020-07-07 15:53:04.230 |-DEBUG [http-nio-8088-exec-8] com.deloitte.system.mapper.sys.GroupMapper.selectGroupByUserId [143] -| <==      Total: 1
2020-07-07 15:53:05.268 |-INFO  [http-nio-8088-exec-1] com.deloitte.system.service.customer.impl.ChannelManageServiceImpl [187] -| 调用channelList方法，参数为:{"channelName":"","contactInfo":"","paymentType":"","status":""}
2020-07-07 15:53:05.273 |-DEBUG [http-nio-8088-exec-1] com.deloitte.system.mapper.sys.RoleMapper.selectRoleByUserId [143] -| ==>  Preparing: SELECT c.id,c.name,c.code FROM `sys_users` a inner join sys_user_role_rel b on a.id = b.user_id inner join sys_roles c on b.role_id = c.id where a.id = ? 
2020-07-07 15:53:05.274 |-DEBUG [http-nio-8088-exec-1] com.deloitte.system.mapper.sys.RoleMapper.selectRoleByUserId [143] -| ==> Parameters: 59(Long)
2020-07-07 15:53:05.276 |-DEBUG [http-nio-8088-exec-2] com.deloitte.system.mapper.sys.UserMapper.selectUserList [143] -| ==>  Preparing: SELECT u.id, u.NAME, u.login_name, u.PASSWORD, u.create_by, u.create_time, u.update_by, u.update_time, u.disable_flag, u.delete_flag , sg.group_name, sg.id group_id FROM sys_users u left join user_group_rel ugr on u.id = ugr.user_id left join sys_groups sg on sg.id = ugr.group_id WHERE delete_flag = ? 
2020-07-07 15:53:05.277 |-DEBUG [http-nio-8088-exec-2] com.deloitte.system.mapper.sys.UserMapper.selectUserList [143] -| ==> Parameters: 0(Integer)
2020-07-07 15:53:05.277 |-DEBUG [http-nio-8088-exec-1] com.deloitte.system.mapper.sys.RoleMapper.selectRoleByUserId [143] -| <==      Total: 1
2020-07-07 15:53:05.278 |-DEBUG [http-nio-8088-exec-3] com.deloitte.system.mapper.sys.RoleMapper.selectRoleByUserId [143] -| ==>  Preparing: SELECT c.id,c.name,c.code FROM `sys_users` a inner join sys_user_role_rel b on a.id = b.user_id inner join sys_roles c on b.role_id = c.id where a.id = ? 
2020-07-07 15:53:05.280 |-DEBUG [http-nio-8088-exec-3] com.deloitte.system.mapper.sys.RoleMapper.selectRoleByUserId [143] -| ==> Parameters: 59(Long)
2020-07-07 15:53:05.282 |-DEBUG [http-nio-8088-exec-2] com.deloitte.system.mapper.sys.UserMapper.selectUserList [143] -| <==      Total: 6
2020-07-07 15:53:05.283 |-DEBUG [http-nio-8088-exec-1] com.deloitte.system.mapper.customer.ChannelInfoMapper.selectList_COUNT [143] -| ==>  Preparing: SELECT count(0) FROM channel_info c LEFT JOIN sys_users u ON c.create_by = u.id WHERE c.delete_flag = 0 AND c.create_by = ? 
2020-07-07 15:53:05.284 |-DEBUG [http-nio-8088-exec-1] com.deloitte.system.mapper.customer.ChannelInfoMapper.selectList_COUNT [143] -| ==> Parameters: 59(Long)
2020-07-07 15:53:05.285 |-DEBUG [http-nio-8088-exec-3] com.deloitte.system.mapper.sys.RoleMapper.selectRoleByUserId [143] -| <==      Total: 1
2020-07-07 15:53:05.289 |-DEBUG [http-nio-8088-exec-1] com.deloitte.system.mapper.customer.ChannelInfoMapper.selectList_COUNT [143] -| <==      Total: 1
2020-07-07 15:53:09.989 |-DEBUG [http-nio-8088-exec-5] com.deloitte.system.mapper.sys.MenuMapper.selectMenuList [143] -| ==>  Preparing: select id, name, type, permission, url, order_num, parent_id, visible, icon, create_by, create_time, update_by, update_time, disable_flag, delete_flag from sys_menus WHERE disable_flag = ? and delete_flag = ? order by order_num asc 
2020-07-07 15:53:09.990 |-DEBUG [http-nio-8088-exec-5] com.deloitte.system.mapper.sys.MenuMapper.selectMenuList [143] -| ==> Parameters: 0(Integer), 0(Integer)
2020-07-07 15:53:09.993 |-DEBUG [http-nio-8088-exec-4] com.deloitte.system.mapper.sys.RoleMapper.selectRoleList_COUNT [143] -| ==>  Preparing: SELECT count(0) FROM sys_roles WHERE delete_flag = ? 
2020-07-07 15:53:09.994 |-DEBUG [http-nio-8088-exec-4] com.deloitte.system.mapper.sys.RoleMapper.selectRoleList_COUNT [143] -| ==> Parameters: 0(Integer)
2020-07-07 15:53:09.997 |-DEBUG [http-nio-8088-exec-5] com.deloitte.system.mapper.sys.MenuMapper.selectMenuList [143] -| <==      Total: 29
2020-07-07 15:53:09.998 |-DEBUG [http-nio-8088-exec-4] com.deloitte.system.mapper.sys.RoleMapper.selectRoleList_COUNT [143] -| <==      Total: 1
2020-07-07 15:53:10.001 |-DEBUG [http-nio-8088-exec-4] com.deloitte.system.mapper.sys.RoleMapper.selectRoleList [143] -| ==>  Preparing: select id, code, name, create_by, create_time, update_by, update_time, disable_flag, delete_flag from sys_roles WHERE delete_flag = ? LIMIT ? 
2020-07-07 15:53:10.002 |-DEBUG [http-nio-8088-exec-4] com.deloitte.system.mapper.sys.RoleMapper.selectRoleList [143] -| ==> Parameters: 0(Integer), 10(Integer)
2020-07-07 15:53:10.007 |-DEBUG [http-nio-8088-exec-4] com.deloitte.system.mapper.sys.RoleMapper.selectRoleList [143] -| <==      Total: 5
2020-07-07 15:53:15.265 |-DEBUG [http-nio-8088-exec-6] com.deloitte.system.mapper.sys.MenuMapper.getByRoleId [143] -| ==>  Preparing: select a.id,a.name from sys_menus a inner join sys_role_menu_rel b on a.id = b. menu_id inner join sys_roles c on c.id = b.role_id where c.id = ? and a.type != 'catalog' and a.disable_flag = 0 and a.delete_flag = 0 and c.delete_flag = 0 
2020-07-07 15:53:15.266 |-DEBUG [http-nio-8088-exec-6] com.deloitte.system.mapper.sys.MenuMapper.getByRoleId [143] -| ==> Parameters: 8(Long)
2020-07-07 15:53:15.269 |-DEBUG [http-nio-8088-exec-6] com.deloitte.system.mapper.sys.MenuMapper.getByRoleId [143] -| <==      Total: 2
2020-07-07 15:53:36.466 |-DEBUG [http-nio-8088-exec-1] com.deloitte.system.mapper.sys.RoleMapper.updateRole [143] -| ==>  Preparing: update sys_roles SET code = ?, name = ?, update_by = ?, update_time = ?, disable_flag = ? where id = ? 
2020-07-07 15:53:36.468 |-DEBUG [http-nio-8088-exec-1] com.deloitte.system.mapper.sys.RoleMapper.updateRole [143] -| ==> Parameters: finance(String), 财务用户(String), 59(Long), 2020-07-07 15:53:36.459(Timestamp), 0(Integer), 8(Long)
2020-07-07 15:53:36.473 |-DEBUG [http-nio-8088-exec-1] com.deloitte.system.mapper.sys.RoleMapper.updateRole [143] -| <==    Updates: 1
2020-07-07 15:53:36.474 |-DEBUG [http-nio-8088-exec-1] com.deloitte.system.mapper.sys.RoleMenuRelMapper.deleteRoleMenuRelByRoleId [143] -| ==>  Preparing: delete from sys_role_menu_rel where role_id = ? 
2020-07-07 15:53:36.475 |-DEBUG [http-nio-8088-exec-1] com.deloitte.system.mapper.sys.RoleMenuRelMapper.deleteRoleMenuRelByRoleId [143] -| ==> Parameters: 8(Long)
2020-07-07 15:53:36.481 |-DEBUG [http-nio-8088-exec-1] com.deloitte.system.mapper.sys.RoleMenuRelMapper.deleteRoleMenuRelByRoleId [143] -| <==    Updates: 3
2020-07-07 15:53:36.485 |-DEBUG [http-nio-8088-exec-1] com.deloitte.system.mapper.sys.RoleMenuRelMapper.insertRoleMenuRelList [143] -| ==>  Preparing: insert sys_role_menu_rel (role_id,menu_id) values (?,?) , (?,?) , (?,?) , (?,?) , (?,?) 
2020-07-07 15:53:36.486 |-DEBUG [http-nio-8088-exec-1] com.deloitte.system.mapper.sys.RoleMenuRelMapper.insertRoleMenuRelList [143] -| ==> Parameters: 8(Long), 39(Long), 8(Long), 34(Long), 8(Long), 43(Long), 8(Long), 47(Long), 8(Long), 32(Long)
2020-07-07 15:53:36.493 |-DEBUG [http-nio-8088-exec-1] com.deloitte.system.mapper.sys.RoleMenuRelMapper.insertRoleMenuRelList [143] -| <==    Updates: 5
2020-07-07 15:53:36.518 |-DEBUG [http-nio-8088-exec-9] com.deloitte.system.mapper.sys.RoleMapper.selectRoleList_COUNT [143] -| ==>  Preparing: SELECT count(0) FROM sys_roles WHERE delete_flag = ? 
2020-07-07 15:53:36.518 |-DEBUG [http-nio-8088-exec-9] com.deloitte.system.mapper.sys.RoleMapper.selectRoleList_COUNT [143] -| ==> Parameters: 0(Integer)
2020-07-07 15:53:36.522 |-DEBUG [http-nio-8088-exec-9] com.deloitte.system.mapper.sys.RoleMapper.selectRoleList_COUNT [143] -| <==      Total: 1
2020-07-07 15:53:36.524 |-DEBUG [http-nio-8088-exec-9] com.deloitte.system.mapper.sys.RoleMapper.selectRoleList [143] -| ==>  Preparing: select id, code, name, create_by, create_time, update_by, update_time, disable_flag, delete_flag from sys_roles WHERE delete_flag = ? LIMIT ? 
2020-07-07 15:53:36.525 |-DEBUG [http-nio-8088-exec-9] com.deloitte.system.mapper.sys.RoleMapper.selectRoleList [143] -| ==> Parameters: 0(Integer), 10(Integer)
2020-07-07 15:53:36.530 |-DEBUG [http-nio-8088-exec-9] com.deloitte.system.mapper.sys.RoleMapper.selectRoleList [143] -| <==      Total: 5
2020-07-07 15:59:32.245 |-INFO  [Thread-3] org.springframework.scheduling.concurrent.ThreadPoolTaskExecutor [208] -| Shutting down ExecutorService 'applicationTaskExecutor'
2020-07-07 15:59:32.251 |-INFO  [Thread-3] com.zaxxer.hikari.HikariDataSource [350] -| HikariPool-1 - Shutdown initiated...
2020-07-07 15:59:32.288 |-INFO  [Thread-3] com.zaxxer.hikari.HikariDataSource [352] -| HikariPool-1 - Shutdown completed.
2020-07-07 15:59:49.131 |-INFO  [main] com.deloitte.InformationManageApplication [50] -| Starting InformationManageApplication on CNPC0SFXTC with PID 7752 (D:\workspace\Idea_workspace\customer_manage\im\im-system\target\classes started by dqiao in D:\workspace\Idea_workspace\customer_manage\im)
2020-07-07 15:59:49.140 |-INFO  [main] com.deloitte.InformationManageApplication [675] -| No active profile set, falling back to default profiles: default
2020-07-07 15:59:58.043 |-INFO  [main] org.springframework.boot.web.embedded.tomcat.TomcatWebServer [90] -| Tomcat initialized with port(s): 8088 (http)
2020-07-07 15:59:58.078 |-INFO  [main] org.apache.coyote.http11.Http11NioProtocol [173] -| Initializing ProtocolHandler ["http-nio-8088"]
2020-07-07 15:59:58.108 |-INFO  [main] org.apache.catalina.core.StandardService [173] -| Starting service [Tomcat]
2020-07-07 15:59:58.108 |-INFO  [main] org.apache.catalina.core.StandardEngine [173] -| Starting Servlet engine: [Apache Tomcat/9.0.17]
2020-07-07 15:59:58.583 |-INFO  [main] org.apache.catalina.core.ContainerBase.[Tomcat].[localhost].[/survey/dev/im] [173] -| Initializing Spring embedded WebApplicationContext
2020-07-07 15:59:58.584 |-INFO  [main] org.springframework.web.context.ContextLoader [296] -| Root WebApplicationContext: initialization completed in 9340 ms
2020-07-07 16:00:02.702 |-INFO  [main] com.deloitte.framework.security.provisioning.CustomerJdbcUserDetailsManager [138] -| No authentication manager set. Reauthentication of users when changing passwords will not be performed.
2020-07-07 16:00:03.060 |-INFO  [main] org.springframework.scheduling.concurrent.ThreadPoolTaskExecutor [171] -| Initializing ExecutorService 'applicationTaskExecutor'
2020-07-07 16:00:03.950 |-INFO  [main] org.springframework.security.web.DefaultSecurityFilterChain [43] -| Creating filter chain: any request, [org.springframework.security.web.context.request.async.WebAsyncManagerIntegrationFilter@3afca2c, org.springframework.security.web.context.SecurityContextPersistenceFilter@1cee2e10, org.springframework.security.web.header.HeaderWriterFilter@3a4e524, org.springframework.security.web.authentication.logout.LogoutFilter@2bcda694, org.springframework.security.web.authentication.UsernamePasswordAuthenticationFilter@71567f33, org.springframework.security.web.savedrequest.RequestCacheAwareFilter@33de7f3d, org.springframework.security.web.servletapi.SecurityContextHolderAwareRequestFilter@19eea77c, org.springframework.security.web.authentication.AnonymousAuthenticationFilter@3855d9b2, org.springframework.security.web.session.SessionManagementFilter@2dac2e1b, org.springframework.security.web.access.ExceptionTranslationFilter@4df7d9ee, org.springframework.security.web.access.intercept.FilterSecurityInterceptor@1815577b]
2020-07-07 16:00:04.104 |-INFO  [main] org.apache.coyote.http11.Http11NioProtocol [173] -| Starting ProtocolHandler ["http-nio-8088"]
2020-07-07 16:00:04.180 |-INFO  [main] org.springframework.boot.web.embedded.tomcat.TomcatWebServer [204] -| Tomcat started on port(s): 8088 (http) with context path '/survey/dev/im'
2020-07-07 16:00:04.188 |-INFO  [main] com.deloitte.InformationManageApplication [59] -| Started InformationManageApplication in 16.295 seconds (JVM running for 17.77)
2020-07-07 16:01:22.071 |-INFO  [http-nio-8088-exec-1] org.apache.catalina.core.ContainerBase.[Tomcat].[localhost].[/survey/dev/im] [173] -| Initializing Spring DispatcherServlet 'dispatcherServlet'
2020-07-07 16:01:22.073 |-INFO  [http-nio-8088-exec-1] org.springframework.web.servlet.DispatcherServlet [524] -| Initializing Servlet 'dispatcherServlet'
2020-07-07 16:01:22.103 |-INFO  [http-nio-8088-exec-1] org.springframework.web.servlet.DispatcherServlet [546] -| Completed initialization in 29 ms
2020-07-07 16:01:34.730 |-INFO  [http-nio-8088-exec-7] com.zaxxer.hikari.HikariDataSource [110] -| HikariPool-1 - Starting...
2020-07-07 16:01:34.992 |-INFO  [http-nio-8088-exec-7] com.zaxxer.hikari.HikariDataSource [123] -| HikariPool-1 - Start completed.
2020-07-07 16:01:35.132 |-DEBUG [http-nio-8088-exec-8] com.deloitte.system.mapper.sys.MenuMapper.getMenuByUserId [143] -| ==>  Preparing: select distinct m.id, m.name, m.type, m.permission, m.url, m.order_num, m.parent_id, m.visible, m.icon, m.create_by, m.create_time, m.update_by, m.update_time, m.disable_flag, m.delete_flag from sys_menus m inner join sys_role_menu_rel rm on m.id = rm.menu_id inner join sys_user_role_rel ur on ur.role_id = rm.role_id inner join sys_roles r on r.id = ur.role_id where ur.user_id = ? and m.type in('catalog', 'menu') and m.visible=1 and m.delete_flag = 0 and r.disable_flag = 0 and r.delete_flag = 0 order by m.order_num asc 
2020-07-07 16:01:35.165 |-DEBUG [http-nio-8088-exec-8] com.deloitte.system.mapper.sys.MenuMapper.getMenuByUserId [143] -| ==> Parameters: 62(Long)
2020-07-07 16:01:35.201 |-DEBUG [http-nio-8088-exec-8] com.deloitte.system.mapper.sys.MenuMapper.getMenuByUserId [143] -| <==      Total: 5
2020-07-07 16:01:35.253 |-DEBUG [http-nio-8088-exec-8] com.deloitte.system.mapper.sys.RoleMapper.selectRoleByUserId [143] -| ==>  Preparing: SELECT c.id,c.name,c.code FROM `sys_users` a inner join sys_user_role_rel b on a.id = b.user_id inner join sys_roles c on b.role_id = c.id where a.id = ? 
2020-07-07 16:01:35.255 |-DEBUG [http-nio-8088-exec-8] com.deloitte.system.mapper.sys.RoleMapper.selectRoleByUserId [143] -| ==> Parameters: 62(Long)
2020-07-07 16:01:35.268 |-DEBUG [http-nio-8088-exec-8] com.deloitte.system.mapper.sys.RoleMapper.selectRoleByUserId [143] -| <==      Total: 1
2020-07-07 16:01:35.269 |-DEBUG [http-nio-8088-exec-8] com.deloitte.system.mapper.sys.UserMapper.selectUserById [143] -| ==>  Preparing: select id, name, login_name, password, create_by, create_time, update_by, update_time, disable_flag, delete_flag from sys_users where id = ? 
2020-07-07 16:01:35.270 |-DEBUG [http-nio-8088-exec-8] com.deloitte.system.mapper.sys.UserMapper.selectUserById [143] -| ==> Parameters: 62(Long)
2020-07-07 16:01:35.278 |-DEBUG [http-nio-8088-exec-8] com.deloitte.system.mapper.sys.UserMapper.selectUserById [143] -| <==      Total: 1
2020-07-07 16:01:35.281 |-DEBUG [http-nio-8088-exec-8] com.deloitte.system.mapper.sys.GroupMapper.selectGroupByUserId [143] -| ==>  Preparing: SELECT * FROM `sys_groups` a inner join user_group_rel b on a.id = b.group_id INNER JOIN sys_users c on c.id = b.user_id where b.user_id = ? 
2020-07-07 16:01:35.282 |-DEBUG [http-nio-8088-exec-8] com.deloitte.system.mapper.sys.GroupMapper.selectGroupByUserId [143] -| ==> Parameters: 62(Long)
2020-07-07 16:01:35.287 |-DEBUG [http-nio-8088-exec-8] com.deloitte.system.mapper.sys.GroupMapper.selectGroupByUserId [143] -| <==      Total: 1
2020-07-07 16:01:36.892 |-DEBUG [http-nio-8088-exec-8] com.deloitte.system.mapper.sys.RoleMapper.selectRoleByUserId [143] -| ==>  Preparing: SELECT c.id,c.name,c.code FROM `sys_users` a inner join sys_user_role_rel b on a.id = b.user_id inner join sys_roles c on b.role_id = c.id where a.id = ? 
2020-07-07 16:01:36.893 |-DEBUG [http-nio-8088-exec-8] com.deloitte.system.mapper.sys.RoleMapper.selectRoleByUserId [143] -| ==> Parameters: 62(Long)
2020-07-07 16:01:36.896 |-DEBUG [http-nio-8088-exec-8] com.deloitte.system.mapper.sys.RoleMapper.selectRoleByUserId [143] -| <==      Total: 1
2020-07-07 16:01:36.994 |-DEBUG [http-nio-8088-exec-5] com.deloitte.system.mapper.sys.UserMapper.selectUserList [143] -| ==>  Preparing: SELECT u.id, u.NAME, u.login_name, u.PASSWORD, u.create_by, u.create_time, u.update_by, u.update_time, u.disable_flag, u.delete_flag , sg.group_name, sg.id group_id FROM sys_users u left join user_group_rel ugr on u.id = ugr.user_id left join sys_groups sg on sg.id = ugr.group_id WHERE delete_flag = ? 
2020-07-07 16:01:36.995 |-DEBUG [http-nio-8088-exec-5] com.deloitte.system.mapper.sys.UserMapper.selectUserList [143] -| ==> Parameters: 0(Integer)
2020-07-07 16:01:37.009 |-DEBUG [http-nio-8088-exec-5] com.deloitte.system.mapper.sys.UserMapper.selectUserList [143] -| <==      Total: 6
2020-07-07 16:01:37.325 |-INFO  [http-nio-8088-exec-10] com.deloitte.system.service.customer.impl.PaymentRecordServiceImpl [65] -| 调用customerList方法，参数为:{"customerCode":"","paymentStatus":"","paymentType":"","status":""}
2020-07-07 16:01:37.329 |-DEBUG [http-nio-8088-exec-10] com.deloitte.system.mapper.sys.RoleMapper.selectRoleByUserId [143] -| ==>  Preparing: SELECT c.id,c.name,c.code FROM `sys_users` a inner join sys_user_role_rel b on a.id = b.user_id inner join sys_roles c on b.role_id = c.id where a.id = ? 
2020-07-07 16:01:37.331 |-DEBUG [http-nio-8088-exec-10] com.deloitte.system.mapper.sys.RoleMapper.selectRoleByUserId [143] -| ==> Parameters: 62(Long)
2020-07-07 16:01:37.337 |-DEBUG [http-nio-8088-exec-10] com.deloitte.system.mapper.sys.RoleMapper.selectRoleByUserId [143] -| <==      Total: 1
2020-07-07 16:01:37.340 |-DEBUG [http-nio-8088-exec-10] com.deloitte.system.mapper.sys.RoleMapper.selectRoleByUserId [143] -| ==>  Preparing: SELECT c.id,c.name,c.code FROM `sys_users` a inner join sys_user_role_rel b on a.id = b.user_id inner join sys_roles c on b.role_id = c.id where a.id = ? 
2020-07-07 16:01:37.342 |-DEBUG [http-nio-8088-exec-10] com.deloitte.system.mapper.sys.RoleMapper.selectRoleByUserId [143] -| ==> Parameters: 62(Long)
2020-07-07 16:01:37.347 |-DEBUG [http-nio-8088-exec-10] com.deloitte.system.mapper.sys.RoleMapper.selectRoleByUserId [143] -| <==      Total: 1
2020-07-07 16:01:37.451 |-DEBUG [http-nio-8088-exec-10] com.deloitte.system.mapper.customer.PaymentRecordMapper.selectList_COUNT [143] -| ==>  Preparing: SELECT count(0) FROM payment_record p LEFT JOIN sys_users u ON p.create_by = u.id WHERE p.delete_flag = 0 
2020-07-07 16:01:37.451 |-DEBUG [http-nio-8088-exec-10] com.deloitte.system.mapper.customer.PaymentRecordMapper.selectList_COUNT [143] -| ==> Parameters: 
2020-07-07 16:01:37.457 |-DEBUG [http-nio-8088-exec-10] com.deloitte.system.mapper.customer.PaymentRecordMapper.selectList_COUNT [143] -| <==      Total: 1
2020-07-07 16:01:37.464 |-DEBUG [http-nio-8088-exec-10] com.deloitte.system.mapper.customer.PaymentRecordMapper.selectList [143] -| ==>  Preparing: select p.id, customer_code, customer_id,customer_type, payment_type, new_amount, new_payment_amount, renew_amount, renew_payment_amount, p.remark, payment_status, payment_audit_role, audit_role, status, p.create_by, p.create_time, p.update_by, p.update_time, p.disable_flag, p.delete_flag, u.name create_name from payment_record p left join sys_users u on p.create_by = u.id WHERE p.delete_flag = 0 order by update_time desc LIMIT ? 
2020-07-07 16:01:37.465 |-DEBUG [http-nio-8088-exec-10] com.deloitte.system.mapper.customer.PaymentRecordMapper.selectList [143] -| ==> Parameters: 10(Integer)
2020-07-07 16:01:37.470 |-DEBUG [http-nio-8088-exec-10] com.deloitte.system.mapper.customer.PaymentRecordMapper.selectList [143] -| <==      Total: 2
2020-07-07 16:01:42.100 |-INFO  [http-nio-8088-exec-7] com.deloitte.system.service.customer.impl.PaymentFlowServiceImpl [46] -| 调用paymentFlowList方法，参数为：{"customerCode":"","paymentType":""}
2020-07-07 16:01:42.106 |-DEBUG [http-nio-8088-exec-7] com.deloitte.system.mapper.sys.RoleMapper.selectRoleByUserId [143] -| ==>  Preparing: SELECT c.id,c.name,c.code FROM `sys_users` a inner join sys_user_role_rel b on a.id = b.user_id inner join sys_roles c on b.role_id = c.id where a.id = ? 
2020-07-07 16:01:42.106 |-DEBUG [http-nio-8088-exec-8] com.deloitte.system.mapper.sys.UserMapper.selectUserList [143] -| ==>  Preparing: SELECT u.id, u.NAME, u.login_name, u.PASSWORD, u.create_by, u.create_time, u.update_by, u.update_time, u.disable_flag, u.delete_flag , sg.group_name, sg.id group_id FROM sys_users u left join user_group_rel ugr on u.id = ugr.user_id left join sys_groups sg on sg.id = ugr.group_id WHERE delete_flag = ? 
2020-07-07 16:01:42.107 |-DEBUG [http-nio-8088-exec-8] com.deloitte.system.mapper.sys.UserMapper.selectUserList [143] -| ==> Parameters: 0(Integer)
2020-07-07 16:01:42.107 |-DEBUG [http-nio-8088-exec-7] com.deloitte.system.mapper.sys.RoleMapper.selectRoleByUserId [143] -| ==> Parameters: 62(Long)
2020-07-07 16:01:42.111 |-DEBUG [http-nio-8088-exec-7] com.deloitte.system.mapper.sys.RoleMapper.selectRoleByUserId [143] -| <==      Total: 1
2020-07-07 16:01:42.119 |-DEBUG [http-nio-8088-exec-8] com.deloitte.system.mapper.sys.UserMapper.selectUserList [143] -| <==      Total: 6
2020-07-07 16:01:42.127 |-DEBUG [http-nio-8088-exec-7] com.deloitte.system.mapper.customer.PaymentRecordMapper.selectPaymentFlowList_COUNT [143] -| ==>  Preparing: SELECT count(0) FROM payment_record p LEFT JOIN sys_users u ON p.create_by = u.id WHERE p.delete_flag = 0 AND p.payment_status = 'audit' AND p.status != 'audit' AND p.payment_audit_role = ? 
2020-07-07 16:01:42.129 |-DEBUG [http-nio-8088-exec-7] com.deloitte.system.mapper.customer.PaymentRecordMapper.selectPaymentFlowList_COUNT [143] -| ==> Parameters: finance(String)
2020-07-07 16:01:42.134 |-DEBUG [http-nio-8088-exec-7] com.deloitte.system.mapper.customer.PaymentRecordMapper.selectPaymentFlowList_COUNT [143] -| <==      Total: 1
2020-07-07 16:01:57.487 |-INFO  [http-nio-8088-exec-3] com.deloitte.system.service.customer.impl.PaymentRecordServiceImpl [65] -| 调用customerList方法，参数为:{"customerCode":"","paymentStatus":"unpayment","paymentType":"","status":""}
2020-07-07 16:01:57.491 |-DEBUG [http-nio-8088-exec-3] com.deloitte.system.mapper.sys.RoleMapper.selectRoleByUserId [143] -| ==>  Preparing: SELECT c.id,c.name,c.code FROM `sys_users` a inner join sys_user_role_rel b on a.id = b.user_id inner join sys_roles c on b.role_id = c.id where a.id = ? 
2020-07-07 16:01:57.492 |-DEBUG [http-nio-8088-exec-3] com.deloitte.system.mapper.sys.RoleMapper.selectRoleByUserId [143] -| ==> Parameters: 62(Long)
2020-07-07 16:01:57.496 |-DEBUG [http-nio-8088-exec-3] com.deloitte.system.mapper.sys.RoleMapper.selectRoleByUserId [143] -| <==      Total: 1
2020-07-07 16:01:57.497 |-DEBUG [http-nio-8088-exec-3] com.deloitte.system.mapper.sys.RoleMapper.selectRoleByUserId [143] -| ==>  Preparing: SELECT c.id,c.name,c.code FROM `sys_users` a inner join sys_user_role_rel b on a.id = b.user_id inner join sys_roles c on b.role_id = c.id where a.id = ? 
2020-07-07 16:01:57.498 |-DEBUG [http-nio-8088-exec-3] com.deloitte.system.mapper.sys.RoleMapper.selectRoleByUserId [143] -| ==> Parameters: 62(Long)
2020-07-07 16:01:57.504 |-DEBUG [http-nio-8088-exec-3] com.deloitte.system.mapper.sys.RoleMapper.selectRoleByUserId [143] -| <==      Total: 1
2020-07-07 16:01:57.509 |-DEBUG [http-nio-8088-exec-3] com.deloitte.system.mapper.customer.PaymentRecordMapper.selectList_COUNT [143] -| ==>  Preparing: SELECT count(0) FROM payment_record p LEFT JOIN sys_users u ON p.create_by = u.id WHERE p.delete_flag = 0 AND p.payment_status = ? 
2020-07-07 16:01:57.511 |-DEBUG [http-nio-8088-exec-3] com.deloitte.system.mapper.customer.PaymentRecordMapper.selectList_COUNT [143] -| ==> Parameters: unpayment(String)
2020-07-07 16:01:57.518 |-DEBUG [http-nio-8088-exec-3] com.deloitte.system.mapper.customer.PaymentRecordMapper.selectList_COUNT [143] -| <==      Total: 1
2020-07-07 16:01:57.522 |-DEBUG [http-nio-8088-exec-3] com.deloitte.system.mapper.customer.PaymentRecordMapper.selectList [143] -| ==>  Preparing: select p.id, customer_code, customer_id,customer_type, payment_type, new_amount, new_payment_amount, renew_amount, renew_payment_amount, p.remark, payment_status, payment_audit_role, audit_role, status, p.create_by, p.create_time, p.update_by, p.update_time, p.disable_flag, p.delete_flag, u.name create_name from payment_record p left join sys_users u on p.create_by = u.id WHERE p.delete_flag = 0 and p.payment_status = ? order by update_time desc LIMIT ? 
2020-07-07 16:01:57.523 |-DEBUG [http-nio-8088-exec-3] com.deloitte.system.mapper.customer.PaymentRecordMapper.selectList [143] -| ==> Parameters: unpayment(String), 10(Integer)
2020-07-07 16:01:57.531 |-DEBUG [http-nio-8088-exec-3] com.deloitte.system.mapper.customer.PaymentRecordMapper.selectList [143] -| <==      Total: 1
2020-07-07 16:02:00.279 |-INFO  [http-nio-8088-exec-2] com.deloitte.system.service.customer.impl.PaymentRecordServiceImpl [222] -| 调用exportPaymentData方法，参数为：{"paymentStatus":"unpayment"}
2020-07-07 16:02:01.164 |-DEBUG [http-nio-8088-exec-2] com.deloitte.system.mapper.sys.RoleMapper.selectRoleByUserId [143] -| ==>  Preparing: SELECT c.id,c.name,c.code FROM `sys_users` a inner join sys_user_role_rel b on a.id = b.user_id inner join sys_roles c on b.role_id = c.id where a.id = ? 
2020-07-07 16:02:01.164 |-DEBUG [http-nio-8088-exec-2] com.deloitte.system.mapper.sys.RoleMapper.selectRoleByUserId [143] -| ==> Parameters: 62(Long)
2020-07-07 16:02:01.167 |-DEBUG [http-nio-8088-exec-2] com.deloitte.system.mapper.sys.RoleMapper.selectRoleByUserId [143] -| <==      Total: 1
2020-07-07 16:02:01.169 |-DEBUG [http-nio-8088-exec-2] com.deloitte.system.mapper.customer.PaymentRecordMapper.selectExportData [143] -| ==>  Preparing: SELECT p.id, p.customer_code, p.customer_id, p.customer_type, p.payment_type, p.new_amount, p.new_payment_amount, p.renew_amount, p.renew_payment_amount, p.remark, p.payment_status, p.payment_audit_role, p.status, DATE_FORMAT(p.create_time, '%Y-%m-%d') create_time, u.name create_name, if(p.customer_type='channel',ci.channel_bank_code,c.customer_bank_code) customer_bank_code, if(p.customer_type='channel',ci.payment_code,c.payment_code) payment_code FROM payment_record p LEFT JOIN sys_users u ON p.create_by = u.id LEFT JOIN customer_info c ON c.id = p.customer_id LEFT JOIN channel_customer_info cc on cc.id = p.customer_id LEFT JOIN channel_info ci on ci.id = cc.channel_id WHERE p.delete_flag = 0 and p.create_by = ? and p.payment_status = ? 
2020-07-07 16:02:01.171 |-DEBUG [http-nio-8088-exec-2] com.deloitte.system.mapper.customer.PaymentRecordMapper.selectExportData [143] -| ==> Parameters: 62(Long), unpayment(String)
2020-07-07 16:02:01.215 |-DEBUG [http-nio-8088-exec-2] com.deloitte.system.mapper.customer.PaymentRecordMapper.selectExportData [143] -| <==      Total: 0
2020-07-07 16:02:32.064 |-DEBUG [http-nio-8088-exec-7] com.deloitte.system.mapper.sys.RoleMapper.selectRoleByUserId [143] -| ==>  Preparing: SELECT c.id,c.name,c.code FROM `sys_users` a inner join sys_user_role_rel b on a.id = b.user_id inner join sys_roles c on b.role_id = c.id where a.id = ? 
2020-07-07 16:02:32.065 |-DEBUG [http-nio-8088-exec-7] com.deloitte.system.mapper.sys.RoleMapper.selectRoleByUserId [143] -| ==> Parameters: 62(Long)
2020-07-07 16:02:32.070 |-DEBUG [http-nio-8088-exec-6] com.deloitte.system.mapper.sys.RoleMapper.selectRoleList [143] -| ==>  Preparing: select id, code, name, create_by, create_time, update_by, update_time, disable_flag, delete_flag from sys_roles WHERE delete_flag = ? 
2020-07-07 16:02:32.070 |-DEBUG [http-nio-8088-exec-7] com.deloitte.system.mapper.sys.RoleMapper.selectRoleByUserId [143] -| <==      Total: 1
2020-07-07 16:02:32.070 |-DEBUG [http-nio-8088-exec-6] com.deloitte.system.mapper.sys.RoleMapper.selectRoleList [143] -| ==> Parameters: 0(Integer)
2020-07-07 16:02:32.071 |-DEBUG [http-nio-8088-exec-7] com.deloitte.system.mapper.sys.UserMapper.selectUserById [143] -| ==>  Preparing: select id, name, login_name, password, create_by, create_time, update_by, update_time, disable_flag, delete_flag from sys_users where id = ? 
2020-07-07 16:02:32.072 |-DEBUG [http-nio-8088-exec-7] com.deloitte.system.mapper.sys.UserMapper.selectUserById [143] -| ==> Parameters: 62(Long)
2020-07-07 16:02:32.073 |-DEBUG [http-nio-8088-exec-2] com.deloitte.system.mapper.sys.GroupMapper.selectGroupList [143] -| ==>  Preparing: select id, group_name, status, create_by, create_time, update_by, update_time, remark from sys_groups 
2020-07-07 16:02:32.074 |-DEBUG [http-nio-8088-exec-2] com.deloitte.system.mapper.sys.GroupMapper.selectGroupList [143] -| ==> Parameters: 
2020-07-07 16:02:32.077 |-DEBUG [http-nio-8088-exec-7] com.deloitte.system.mapper.sys.UserMapper.selectUserById [143] -| <==      Total: 1
2020-07-07 16:02:32.078 |-DEBUG [http-nio-8088-exec-2] com.deloitte.system.mapper.sys.GroupMapper.selectGroupList [143] -| <==      Total: 3
2020-07-07 16:02:32.079 |-DEBUG [http-nio-8088-exec-6] com.deloitte.system.mapper.sys.RoleMapper.selectRoleList [143] -| <==      Total: 5
2020-07-07 16:02:32.078 |-DEBUG [http-nio-8088-exec-7] com.deloitte.system.mapper.sys.GroupMapper.selectGroupByUserId [143] -| ==>  Preparing: SELECT * FROM `sys_groups` a inner join user_group_rel b on a.id = b.group_id INNER JOIN sys_users c on c.id = b.user_id where b.user_id = ? 
2020-07-07 16:02:32.080 |-DEBUG [http-nio-8088-exec-7] com.deloitte.system.mapper.sys.GroupMapper.selectGroupByUserId [143] -| ==> Parameters: 62(Long)
2020-07-07 16:02:32.086 |-DEBUG [http-nio-8088-exec-7] com.deloitte.system.mapper.sys.GroupMapper.selectGroupByUserId [143] -| <==      Total: 1
2020-07-07 16:52:06.498 |-INFO  [Thread-3] org.springframework.scheduling.concurrent.ThreadPoolTaskExecutor [208] -| Shutting down ExecutorService 'applicationTaskExecutor'
2020-07-07 16:52:06.501 |-INFO  [Thread-3] com.zaxxer.hikari.HikariDataSource [350] -| HikariPool-1 - Shutdown initiated...
2020-07-07 16:52:06.514 |-INFO  [Thread-3] com.zaxxer.hikari.HikariDataSource [352] -| HikariPool-1 - Shutdown completed.
2020-07-07 16:52:15.453 |-INFO  [main] com.deloitte.InformationManageApplication [50] -| Starting InformationManageApplication on CNPC0SFXTC with PID 14256 (D:\workspace\Idea_workspace\customer_manage\im\im-system\target\classes started by dqiao in D:\workspace\Idea_workspace\customer_manage\im)
2020-07-07 16:52:15.461 |-INFO  [main] com.deloitte.InformationManageApplication [675] -| No active profile set, falling back to default profiles: default
2020-07-07 16:52:25.116 |-INFO  [main] org.springframework.boot.web.embedded.tomcat.TomcatWebServer [90] -| Tomcat initialized with port(s): 8088 (http)
2020-07-07 16:52:25.156 |-INFO  [main] org.apache.coyote.http11.Http11NioProtocol [173] -| Initializing ProtocolHandler ["http-nio-8088"]
2020-07-07 16:52:25.175 |-INFO  [main] org.apache.catalina.core.StandardService [173] -| Starting service [Tomcat]
2020-07-07 16:52:25.176 |-INFO  [main] org.apache.catalina.core.StandardEngine [173] -| Starting Servlet engine: [Apache Tomcat/9.0.17]
2020-07-07 16:52:25.610 |-INFO  [main] org.apache.catalina.core.ContainerBase.[Tomcat].[localhost].[/survey/dev/im] [173] -| Initializing Spring embedded WebApplicationContext
2020-07-07 16:52:25.611 |-INFO  [main] org.springframework.web.context.ContextLoader [296] -| Root WebApplicationContext: initialization completed in 9990 ms
2020-07-07 16:52:28.299 |-INFO  [main] com.deloitte.framework.security.provisioning.CustomerJdbcUserDetailsManager [138] -| No authentication manager set. Reauthentication of users when changing passwords will not be performed.
2020-07-07 16:52:28.587 |-INFO  [main] org.springframework.scheduling.concurrent.ThreadPoolTaskExecutor [171] -| Initializing ExecutorService 'applicationTaskExecutor'
2020-07-07 16:52:29.454 |-INFO  [main] org.springframework.security.web.DefaultSecurityFilterChain [43] -| Creating filter chain: any request, [org.springframework.security.web.context.request.async.WebAsyncManagerIntegrationFilter@71567f33, org.springframework.security.web.context.SecurityContextPersistenceFilter@c472300, org.springframework.security.web.header.HeaderWriterFilter@35ac9ebd, org.springframework.security.web.authentication.logout.LogoutFilter@19eea77c, org.springframework.security.web.authentication.UsernamePasswordAuthenticationFilter@147e0734, org.springframework.security.web.savedrequest.RequestCacheAwareFilter@6826b70f, org.springframework.security.web.servletapi.SecurityContextHolderAwareRequestFilter@7f4e5a39, org.springframework.security.web.authentication.AnonymousAuthenticationFilter@71369e1a, org.springframework.security.web.session.SessionManagementFilter@421ead7e, org.springframework.security.web.access.ExceptionTranslationFilter@1ad1c363, org.springframework.security.web.access.intercept.FilterSecurityInterceptor@3962ec84]
2020-07-07 16:52:29.591 |-INFO  [main] org.apache.coyote.http11.Http11NioProtocol [173] -| Starting ProtocolHandler ["http-nio-8088"]
2020-07-07 16:52:29.652 |-INFO  [main] org.springframework.boot.web.embedded.tomcat.TomcatWebServer [204] -| Tomcat started on port(s): 8088 (http) with context path '/survey/dev/im'
2020-07-07 16:52:29.666 |-INFO  [main] com.deloitte.InformationManageApplication [59] -| Started InformationManageApplication in 15.44 seconds (JVM running for 16.699)
2020-07-07 16:53:11.385 |-INFO  [http-nio-8088-exec-1] org.apache.catalina.core.ContainerBase.[Tomcat].[localhost].[/survey/dev/im] [173] -| Initializing Spring DispatcherServlet 'dispatcherServlet'
2020-07-07 16:53:11.386 |-INFO  [http-nio-8088-exec-1] org.springframework.web.servlet.DispatcherServlet [524] -| Initializing Servlet 'dispatcherServlet'
2020-07-07 16:53:11.492 |-INFO  [http-nio-8088-exec-1] org.springframework.web.servlet.DispatcherServlet [546] -| Completed initialization in 105 ms
2020-07-07 16:53:35.823 |-INFO  [http-nio-8088-exec-2] com.zaxxer.hikari.HikariDataSource [110] -| HikariPool-1 - Starting...
2020-07-07 16:53:36.085 |-INFO  [http-nio-8088-exec-2] com.zaxxer.hikari.HikariDataSource [123] -| HikariPool-1 - Start completed.
2020-07-07 16:53:36.207 |-DEBUG [http-nio-8088-exec-4] com.deloitte.system.mapper.sys.MenuMapper.getMenuByUserId [143] -| ==>  Preparing: select distinct m.id, m.name, m.type, m.permission, m.url, m.order_num, m.parent_id, m.visible, m.icon, m.create_by, m.create_time, m.update_by, m.update_time, m.disable_flag, m.delete_flag from sys_menus m inner join sys_role_menu_rel rm on m.id = rm.menu_id inner join sys_user_role_rel ur on ur.role_id = rm.role_id inner join sys_roles r on r.id = ur.role_id where ur.user_id = ? and m.type in('catalog', 'menu') and m.visible=1 and m.delete_flag = 0 and r.disable_flag = 0 and r.delete_flag = 0 order by m.order_num asc 
2020-07-07 16:53:36.227 |-DEBUG [http-nio-8088-exec-4] com.deloitte.system.mapper.sys.MenuMapper.getMenuByUserId [143] -| ==> Parameters: 62(Long)
2020-07-07 16:53:36.264 |-DEBUG [http-nio-8088-exec-4] com.deloitte.system.mapper.sys.MenuMapper.getMenuByUserId [143] -| <==      Total: 5
2020-07-07 16:53:36.291 |-DEBUG [http-nio-8088-exec-4] com.deloitte.system.mapper.sys.RoleMapper.selectRoleByUserId [143] -| ==>  Preparing: SELECT c.id,c.name,c.code FROM `sys_users` a inner join sys_user_role_rel b on a.id = b.user_id inner join sys_roles c on b.role_id = c.id where a.id = ? 
2020-07-07 16:53:36.292 |-DEBUG [http-nio-8088-exec-4] com.deloitte.system.mapper.sys.RoleMapper.selectRoleByUserId [143] -| ==> Parameters: 62(Long)
2020-07-07 16:53:36.303 |-DEBUG [http-nio-8088-exec-4] com.deloitte.system.mapper.sys.RoleMapper.selectRoleByUserId [143] -| <==      Total: 1
2020-07-07 16:53:36.304 |-DEBUG [http-nio-8088-exec-4] com.deloitte.system.mapper.sys.UserMapper.selectUserById [143] -| ==>  Preparing: select id, name, login_name, password, create_by, create_time, update_by, update_time, disable_flag, delete_flag from sys_users where id = ? 
2020-07-07 16:53:36.308 |-DEBUG [http-nio-8088-exec-4] com.deloitte.system.mapper.sys.UserMapper.selectUserById [143] -| ==> Parameters: 62(Long)
2020-07-07 16:53:36.319 |-DEBUG [http-nio-8088-exec-4] com.deloitte.system.mapper.sys.UserMapper.selectUserById [143] -| <==      Total: 1
2020-07-07 16:53:36.325 |-DEBUG [http-nio-8088-exec-4] com.deloitte.system.mapper.sys.GroupMapper.selectGroupByUserId [143] -| ==>  Preparing: SELECT * FROM `sys_groups` a inner join user_group_rel b on a.id = b.group_id INNER JOIN sys_users c on c.id = b.user_id where b.user_id = ? 
2020-07-07 16:53:36.326 |-DEBUG [http-nio-8088-exec-4] com.deloitte.system.mapper.sys.GroupMapper.selectGroupByUserId [143] -| ==> Parameters: 62(Long)
2020-07-07 16:53:36.332 |-DEBUG [http-nio-8088-exec-4] com.deloitte.system.mapper.sys.GroupMapper.selectGroupByUserId [143] -| <==      Total: 1
2020-07-07 16:53:38.193 |-DEBUG [http-nio-8088-exec-3] com.deloitte.system.mapper.sys.RoleMapper.selectRoleByUserId [143] -| ==>  Preparing: SELECT c.id,c.name,c.code FROM `sys_users` a inner join sys_user_role_rel b on a.id = b.user_id inner join sys_roles c on b.role_id = c.id where a.id = ? 
2020-07-07 16:53:38.194 |-DEBUG [http-nio-8088-exec-3] com.deloitte.system.mapper.sys.RoleMapper.selectRoleByUserId [143] -| ==> Parameters: 62(Long)
2020-07-07 16:53:38.195 |-DEBUG [http-nio-8088-exec-6] com.deloitte.system.mapper.sys.RoleMapper.selectRoleByUserId [143] -| ==>  Preparing: SELECT c.id,c.name,c.code FROM `sys_users` a inner join sys_user_role_rel b on a.id = b.user_id inner join sys_roles c on b.role_id = c.id where a.id = ? 
2020-07-07 16:53:38.196 |-DEBUG [http-nio-8088-exec-6] com.deloitte.system.mapper.sys.RoleMapper.selectRoleByUserId [143] -| ==> Parameters: 62(Long)
2020-07-07 16:53:38.200 |-DEBUG [http-nio-8088-exec-3] com.deloitte.system.mapper.sys.RoleMapper.selectRoleByUserId [143] -| <==      Total: 1
2020-07-07 16:53:38.202 |-DEBUG [http-nio-8088-exec-6] com.deloitte.system.mapper.sys.RoleMapper.selectRoleByUserId [143] -| <==      Total: 1
2020-07-07 16:53:38.263 |-DEBUG [http-nio-8088-exec-9] com.deloitte.system.mapper.sys.UserMapper.selectUserList [143] -| ==>  Preparing: SELECT u.id, u.NAME, u.login_name, u.PASSWORD, u.create_by, u.create_time, u.update_by, u.update_time, u.disable_flag, u.delete_flag , sg.group_name, sg.id group_id FROM sys_users u left join user_group_rel ugr on u.id = ugr.user_id left join sys_groups sg on sg.id = ugr.group_id WHERE delete_flag = ? 
2020-07-07 16:53:38.265 |-DEBUG [http-nio-8088-exec-9] com.deloitte.system.mapper.sys.UserMapper.selectUserList [143] -| ==> Parameters: 0(Integer)
2020-07-07 16:53:38.276 |-DEBUG [http-nio-8088-exec-9] com.deloitte.system.mapper.sys.UserMapper.selectUserList [143] -| <==      Total: 6
2020-07-07 16:53:38.634 |-INFO  [http-nio-8088-exec-10] com.deloitte.system.service.customer.impl.PaymentRecordServiceImpl [65] -| 调用customerList方法，参数为:{"customerCode":"","paymentStatus":"","paymentType":"","status":""}
2020-07-07 16:53:38.676 |-DEBUG [http-nio-8088-exec-10] com.deloitte.system.mapper.sys.RoleMapper.selectRoleByUserId [143] -| ==>  Preparing: SELECT c.id,c.name,c.code FROM `sys_users` a inner join sys_user_role_rel b on a.id = b.user_id inner join sys_roles c on b.role_id = c.id where a.id = ? 
2020-07-07 16:53:38.679 |-DEBUG [http-nio-8088-exec-10] com.deloitte.system.mapper.sys.RoleMapper.selectRoleByUserId [143] -| ==> Parameters: 62(Long)
2020-07-07 16:53:38.691 |-DEBUG [http-nio-8088-exec-10] com.deloitte.system.mapper.sys.RoleMapper.selectRoleByUserId [143] -| <==      Total: 1
2020-07-07 16:53:38.692 |-DEBUG [http-nio-8088-exec-10] com.deloitte.system.mapper.sys.RoleMapper.selectRoleByUserId [143] -| ==>  Preparing: SELECT c.id,c.name,c.code FROM `sys_users` a inner join sys_user_role_rel b on a.id = b.user_id inner join sys_roles c on b.role_id = c.id where a.id = ? 
2020-07-07 16:53:38.694 |-DEBUG [http-nio-8088-exec-10] com.deloitte.system.mapper.sys.RoleMapper.selectRoleByUserId [143] -| ==> Parameters: 62(Long)
2020-07-07 16:53:38.698 |-DEBUG [http-nio-8088-exec-10] com.deloitte.system.mapper.sys.RoleMapper.selectRoleByUserId [143] -| <==      Total: 1
2020-07-07 16:53:38.810 |-DEBUG [http-nio-8088-exec-10] com.deloitte.system.mapper.customer.PaymentRecordMapper.selectList_COUNT [143] -| ==>  Preparing: SELECT count(0) FROM payment_record p LEFT JOIN sys_users u ON p.create_by = u.id WHERE p.delete_flag = 0 
2020-07-07 16:53:38.811 |-DEBUG [http-nio-8088-exec-10] com.deloitte.system.mapper.customer.PaymentRecordMapper.selectList_COUNT [143] -| ==> Parameters: 
2020-07-07 16:53:38.816 |-DEBUG [http-nio-8088-exec-10] com.deloitte.system.mapper.customer.PaymentRecordMapper.selectList_COUNT [143] -| <==      Total: 1
2020-07-07 16:53:38.825 |-DEBUG [http-nio-8088-exec-10] com.deloitte.system.mapper.customer.PaymentRecordMapper.selectList [143] -| ==>  Preparing: select p.id, customer_code, customer_id,customer_type, payment_type, new_amount, new_payment_amount, renew_amount, renew_payment_amount, p.remark, payment_status, payment_audit_role, audit_role, status, p.create_by, p.create_time, p.update_by, p.update_time, p.disable_flag, p.delete_flag, u.name create_name from payment_record p left join sys_users u on p.create_by = u.id WHERE p.delete_flag = 0 order by update_time desc LIMIT ? 
2020-07-07 16:53:38.826 |-DEBUG [http-nio-8088-exec-10] com.deloitte.system.mapper.customer.PaymentRecordMapper.selectList [143] -| ==> Parameters: 10(Integer)
2020-07-07 16:53:38.832 |-DEBUG [http-nio-8088-exec-10] com.deloitte.system.mapper.customer.PaymentRecordMapper.selectList [143] -| <==      Total: 2
2020-07-07 16:53:48.543 |-INFO  [http-nio-8088-exec-4] com.deloitte.system.service.customer.impl.PaymentRecordServiceImpl [222] -| 调用exportPaymentData方法，参数为：{}
2020-07-07 16:53:49.333 |-DEBUG [http-nio-8088-exec-4] com.deloitte.system.mapper.sys.RoleMapper.selectRoleByUserId [143] -| ==>  Preparing: SELECT c.id,c.name,c.code FROM `sys_users` a inner join sys_user_role_rel b on a.id = b.user_id inner join sys_roles c on b.role_id = c.id where a.id = ? 
2020-07-07 16:53:49.334 |-DEBUG [http-nio-8088-exec-4] com.deloitte.system.mapper.sys.RoleMapper.selectRoleByUserId [143] -| ==> Parameters: 62(Long)
2020-07-07 16:53:49.337 |-DEBUG [http-nio-8088-exec-4] com.deloitte.system.mapper.sys.RoleMapper.selectRoleByUserId [143] -| <==      Total: 1
2020-07-07 16:53:49.338 |-DEBUG [http-nio-8088-exec-4] com.deloitte.system.mapper.customer.PaymentRecordMapper.selectExportData [143] -| ==>  Preparing: SELECT p.id, p.customer_code, p.customer_id, p.customer_type, p.payment_type, p.new_amount, p.new_payment_amount, p.renew_amount, p.renew_payment_amount, p.remark, p.payment_status, p.payment_audit_role, p.status, DATE_FORMAT(p.create_time, '%Y-%m-%d') create_time, u.name create_name, if(p.customer_type='channel',ci.channel_bank_code,c.customer_bank_code) customer_bank_code, if(p.customer_type='channel',ci.payment_code,c.payment_code) payment_code FROM payment_record p LEFT JOIN sys_users u ON p.create_by = u.id LEFT JOIN customer_info c ON c.id = p.customer_id LEFT JOIN channel_customer_info cc on cc.id = p.customer_id LEFT JOIN channel_info ci on ci.id = cc.channel_id WHERE p.delete_flag = 0 and p.create_by = ? 
2020-07-07 16:53:49.339 |-DEBUG [http-nio-8088-exec-4] com.deloitte.system.mapper.customer.PaymentRecordMapper.selectExportData [143] -| ==> Parameters: 62(Long)
2020-07-07 16:53:49.342 |-DEBUG [http-nio-8088-exec-4] com.deloitte.system.mapper.customer.PaymentRecordMapper.selectExportData [143] -| <==      Total: 0
2020-07-07 16:58:18.806 |-INFO  [http-nio-8088-exec-9] com.deloitte.system.service.customer.impl.PaymentRecordServiceImpl [222] -| 调用exportPaymentData方法，参数为：{}
2020-07-07 16:58:18.832 |-DEBUG [http-nio-8088-exec-9] com.deloitte.system.mapper.sys.RoleMapper.selectRoleByUserId [143] -| ==>  Preparing: SELECT c.id,c.name,c.code FROM `sys_users` a inner join sys_user_role_rel b on a.id = b.user_id inner join sys_roles c on b.role_id = c.id where a.id = ? 
2020-07-07 16:58:18.833 |-DEBUG [http-nio-8088-exec-9] com.deloitte.system.mapper.sys.RoleMapper.selectRoleByUserId [143] -| ==> Parameters: 62(Long)
2020-07-07 16:58:18.839 |-DEBUG [http-nio-8088-exec-9] com.deloitte.system.mapper.sys.RoleMapper.selectRoleByUserId [143] -| <==      Total: 1
2020-07-07 16:58:18.840 |-DEBUG [http-nio-8088-exec-9] com.deloitte.system.mapper.sys.RoleMapper.selectRoleByUserId [143] -| ==>  Preparing: SELECT c.id,c.name,c.code FROM `sys_users` a inner join sys_user_role_rel b on a.id = b.user_id inner join sys_roles c on b.role_id = c.id where a.id = ? 
2020-07-07 16:58:18.842 |-DEBUG [http-nio-8088-exec-9] com.deloitte.system.mapper.sys.RoleMapper.selectRoleByUserId [143] -| ==> Parameters: 62(Long)
2020-07-07 16:58:18.864 |-DEBUG [http-nio-8088-exec-9] com.deloitte.system.mapper.sys.RoleMapper.selectRoleByUserId [143] -| <==      Total: 1
2020-07-07 16:58:18.865 |-DEBUG [http-nio-8088-exec-9] com.deloitte.system.mapper.customer.PaymentRecordMapper.selectExportData [143] -| ==>  Preparing: SELECT p.id, p.customer_code, p.customer_id, p.customer_type, p.payment_type, p.new_amount, p.new_payment_amount, p.renew_amount, p.renew_payment_amount, p.remark, p.payment_status, p.payment_audit_role, p.status, DATE_FORMAT(p.create_time, '%Y-%m-%d') create_time, u.name create_name, if(p.customer_type='channel',ci.channel_bank_code,c.customer_bank_code) customer_bank_code, if(p.customer_type='channel',ci.payment_code,c.payment_code) payment_code FROM payment_record p LEFT JOIN sys_users u ON p.create_by = u.id LEFT JOIN customer_info c ON c.id = p.customer_id LEFT JOIN channel_customer_info cc on cc.id = p.customer_id LEFT JOIN channel_info ci on ci.id = cc.channel_id WHERE p.delete_flag = 0 
2020-07-07 16:58:18.866 |-DEBUG [http-nio-8088-exec-9] com.deloitte.system.mapper.customer.PaymentRecordMapper.selectExportData [143] -| ==> Parameters: 
2020-07-07 16:58:18.881 |-DEBUG [http-nio-8088-exec-9] com.deloitte.system.mapper.customer.PaymentRecordMapper.selectExportData [143] -| <==      Total: 2
2020-07-07 18:08:34.775 |-INFO  [Thread-3] org.springframework.scheduling.concurrent.ThreadPoolTaskExecutor [208] -| Shutting down ExecutorService 'applicationTaskExecutor'
2020-07-07 18:08:34.791 |-INFO  [Thread-3] com.zaxxer.hikari.HikariDataSource [350] -| HikariPool-1 - Shutdown initiated...
2020-07-07 18:08:34.803 |-INFO  [Thread-3] com.zaxxer.hikari.HikariDataSource [352] -| HikariPool-1 - Shutdown completed.
