2020-07-14 13:44:52.222 |-INFO  [main] com.deloitte.InformationManageApplication [50] -| Starting InformationManageApplication on CNPC0SFXTC with PID 16448 (D:\workspace\Idea_workspace\customer_manage\im\im-system\target\classes started by dqiao in D:\workspace\Idea_workspace\customer_manage\im)
2020-07-14 13:44:52.230 |-INFO  [main] com.deloitte.InformationManageApplication [675] -| No active profile set, falling back to default profiles: default
2020-07-14 13:45:01.091 |-INFO  [main] org.springframework.boot.web.embedded.tomcat.TomcatWebServer [90] -| Tomcat initialized with port(s): 8088 (http)
2020-07-14 13:45:01.120 |-INFO  [main] org.apache.coyote.http11.Http11NioProtocol [173] -| Initializing ProtocolHandler ["http-nio-8088"]
2020-07-14 13:45:01.141 |-INFO  [main] org.apache.catalina.core.StandardService [173] -| Starting service [Tomcat]
2020-07-14 13:45:01.141 |-INFO  [main] org.apache.catalina.core.StandardEngine [173] -| Starting Servlet engine: [Apache Tomcat/9.0.17]
2020-07-14 13:45:01.523 |-INFO  [main] org.apache.catalina.core.ContainerBase.[Tomcat].[localhost].[/survey/dev/im] [173] -| Initializing Spring embedded WebApplicationContext
2020-07-14 13:45:01.523 |-INFO  [main] org.springframework.web.context.ContextLoader [296] -| Root WebApplicationContext: initialization completed in 9181 ms
2020-07-14 13:45:04.184 |-INFO  [main] com.deloitte.framework.security.provisioning.CustomerJdbcUserDetailsManager [138] -| No authentication manager set. Reauthentication of users when changing passwords will not be performed.
2020-07-14 13:45:04.487 |-INFO  [main] org.springframework.scheduling.concurrent.ThreadPoolTaskExecutor [171] -| Initializing ExecutorService 'applicationTaskExecutor'
2020-07-14 13:45:05.319 |-INFO  [main] org.springframework.security.web.DefaultSecurityFilterChain [43] -| Creating filter chain: any request, [org.springframework.security.web.context.request.async.WebAsyncManagerIntegrationFilter@7de35070, org.springframework.security.web.context.SecurityContextPersistenceFilter@3719360c, org.springframework.security.web.header.HeaderWriterFilter@4c04216f, org.springframework.security.web.authentication.logout.LogoutFilter@28e7bb31, org.springframework.security.web.authentication.UsernamePasswordAuthenticationFilter@173511ff, org.springframework.security.web.savedrequest.RequestCacheAwareFilter@3855d9b2, org.springframework.security.web.servletapi.SecurityContextHolderAwareRequestFilter@da09250, org.springframework.security.web.authentication.AnonymousAuthenticationFilter@216f01, org.springframework.security.web.session.SessionManagementFilter@1f949ab9, org.springframework.security.web.access.ExceptionTranslationFilter@3cf55e0c, org.springframework.security.web.access.intercept.FilterSecurityInterceptor@5fd8dd66]
2020-07-14 13:45:05.445 |-INFO  [main] org.apache.coyote.http11.Http11NioProtocol [173] -| Starting ProtocolHandler ["http-nio-8088"]
2020-07-14 13:45:05.501 |-INFO  [main] org.springframework.boot.web.embedded.tomcat.TomcatWebServer [204] -| Tomcat started on port(s): 8088 (http) with context path '/survey/dev/im'
2020-07-14 13:45:05.516 |-INFO  [main] com.deloitte.InformationManageApplication [59] -| Started InformationManageApplication in 14.339 seconds (JVM running for 16.059)
2020-07-14 13:45:51.870 |-INFO  [http-nio-8088-exec-1] org.apache.catalina.core.ContainerBase.[Tomcat].[localhost].[/survey/dev/im] [173] -| Initializing Spring DispatcherServlet 'dispatcherServlet'
2020-07-14 13:45:51.870 |-INFO  [http-nio-8088-exec-1] org.springframework.web.servlet.DispatcherServlet [524] -| Initializing Servlet 'dispatcherServlet'
2020-07-14 13:45:51.887 |-INFO  [http-nio-8088-exec-1] org.springframework.web.servlet.DispatcherServlet [546] -| Completed initialization in 16 ms
2020-07-14 13:45:59.485 |-INFO  [http-nio-8088-exec-1] com.zaxxer.hikari.HikariDataSource [110] -| HikariPool-1 - Starting...
2020-07-14 13:45:59.748 |-INFO  [http-nio-8088-exec-1] com.zaxxer.hikari.HikariDataSource [123] -| HikariPool-1 - Start completed.
2020-07-14 13:45:59.909 |-DEBUG [http-nio-8088-exec-9] com.deloitte.system.mapper.sys.MenuMapper.getMenuByUserId [143] -| ==>  Preparing: select distinct m.id, m.name, m.type, m.permission, m.url, m.order_num, m.parent_id, m.visible, m.icon, m.create_by, m.create_time, m.update_by, m.update_time, m.disable_flag, m.delete_flag from sys_menus m inner join sys_role_menu_rel rm on m.id = rm.menu_id inner join sys_user_role_rel ur on ur.role_id = rm.role_id inner join sys_roles r on r.id = ur.role_id where ur.user_id = ? and m.type in('catalog', 'menu') and m.visible=1 and m.delete_flag = 0 and r.disable_flag = 0 and r.delete_flag = 0 order by m.order_num asc 
2020-07-14 13:45:59.931 |-DEBUG [http-nio-8088-exec-9] com.deloitte.system.mapper.sys.MenuMapper.getMenuByUserId [143] -| ==> Parameters: 60(Long)
2020-07-14 13:45:59.983 |-DEBUG [http-nio-8088-exec-9] com.deloitte.system.mapper.sys.MenuMapper.getMenuByUserId [143] -| <==      Total: 22
2020-07-14 13:46:00.039 |-DEBUG [http-nio-8088-exec-9] com.deloitte.system.mapper.sys.RoleMapper.selectRoleByUserId [143] -| ==>  Preparing: SELECT c.id,c.name,c.code FROM `sys_users` a inner join sys_user_role_rel b on a.id = b.user_id inner join sys_roles c on b.role_id = c.id where a.id = ? 
2020-07-14 13:46:00.040 |-DEBUG [http-nio-8088-exec-9] com.deloitte.system.mapper.sys.RoleMapper.selectRoleByUserId [143] -| ==> Parameters: 60(Long)
2020-07-14 13:46:00.046 |-DEBUG [http-nio-8088-exec-9] com.deloitte.system.mapper.sys.RoleMapper.selectRoleByUserId [143] -| <==      Total: 1
2020-07-14 13:46:00.047 |-DEBUG [http-nio-8088-exec-9] com.deloitte.system.mapper.sys.UserMapper.selectUserById [143] -| ==>  Preparing: select id, name, login_name, password, create_by, create_time, update_by, update_time, disable_flag, delete_flag from sys_users where id = ? 
2020-07-14 13:46:00.048 |-DEBUG [http-nio-8088-exec-9] com.deloitte.system.mapper.sys.UserMapper.selectUserById [143] -| ==> Parameters: 60(Long)
2020-07-14 13:46:00.052 |-DEBUG [http-nio-8088-exec-9] com.deloitte.system.mapper.sys.UserMapper.selectUserById [143] -| <==      Total: 1
2020-07-14 13:46:00.055 |-DEBUG [http-nio-8088-exec-9] com.deloitte.system.mapper.sys.GroupMapper.selectGroupByUserId [143] -| ==>  Preparing: SELECT * FROM `sys_groups` a inner join user_group_rel b on a.id = b.group_id INNER JOIN sys_users c on c.id = b.user_id where b.user_id = ? 
2020-07-14 13:46:00.056 |-DEBUG [http-nio-8088-exec-9] com.deloitte.system.mapper.sys.GroupMapper.selectGroupByUserId [143] -| ==> Parameters: 60(Long)
2020-07-14 13:46:00.062 |-DEBUG [http-nio-8088-exec-9] com.deloitte.system.mapper.sys.GroupMapper.selectGroupByUserId [143] -| <==      Total: 1
2020-07-14 13:46:01.540 |-DEBUG [http-nio-8088-exec-1] com.deloitte.system.mapper.sys.RoleMapper.selectRoleByUserId [143] -| ==>  Preparing: SELECT c.id,c.name,c.code FROM `sys_users` a inner join sys_user_role_rel b on a.id = b.user_id inner join sys_roles c on b.role_id = c.id where a.id = ? 
2020-07-14 13:46:01.541 |-DEBUG [http-nio-8088-exec-1] com.deloitte.system.mapper.sys.RoleMapper.selectRoleByUserId [143] -| ==> Parameters: 60(Long)
2020-07-14 13:46:01.544 |-DEBUG [http-nio-8088-exec-1] com.deloitte.system.mapper.sys.RoleMapper.selectRoleByUserId [143] -| <==      Total: 1
2020-07-14 13:46:01.616 |-DEBUG [http-nio-8088-exec-8] com.deloitte.system.mapper.sys.UserMapper.selectUserList [143] -| ==>  Preparing: SELECT u.id, u.NAME, u.login_name, u.PASSWORD, u.create_by, u.create_time, u.update_by, u.update_time, u.disable_flag, u.delete_flag , sg.group_name, sg.id group_id FROM sys_users u left join user_group_rel ugr on u.id = ugr.user_id left join sys_groups sg on sg.id = ugr.group_id WHERE delete_flag = ? 
2020-07-14 13:46:01.618 |-DEBUG [http-nio-8088-exec-8] com.deloitte.system.mapper.sys.UserMapper.selectUserList [143] -| ==> Parameters: 0(Integer)
2020-07-14 13:46:01.626 |-DEBUG [http-nio-8088-exec-8] com.deloitte.system.mapper.sys.UserMapper.selectUserList [143] -| <==      Total: 6
2020-07-14 13:46:01.946 |-INFO  [http-nio-8088-exec-2] com.deloitte.system.service.customer.impl.ChannelManageServiceImpl [187] -| 调用channelList方法，参数为:{"channelName":"","contactInfo":"","paymentType":"","status":""}
2020-07-14 13:46:01.947 |-DEBUG [http-nio-8088-exec-2] com.deloitte.system.mapper.sys.RoleMapper.selectRoleByUserId [143] -| ==>  Preparing: SELECT c.id,c.name,c.code FROM `sys_users` a inner join sys_user_role_rel b on a.id = b.user_id inner join sys_roles c on b.role_id = c.id where a.id = ? 
2020-07-14 13:46:01.949 |-DEBUG [http-nio-8088-exec-2] com.deloitte.system.mapper.sys.RoleMapper.selectRoleByUserId [143] -| ==> Parameters: 60(Long)
2020-07-14 13:46:01.954 |-DEBUG [http-nio-8088-exec-2] com.deloitte.system.mapper.sys.RoleMapper.selectRoleByUserId [143] -| <==      Total: 1
2020-07-14 13:46:02.079 |-DEBUG [http-nio-8088-exec-2] com.deloitte.system.mapper.customer.ChannelInfoMapper.selectList_COUNT [143] -| ==>  Preparing: SELECT count(0) FROM channel_info c LEFT JOIN sys_users u ON c.create_by = u.id WHERE c.delete_flag = 0 
2020-07-14 13:46:02.081 |-DEBUG [http-nio-8088-exec-2] com.deloitte.system.mapper.customer.ChannelInfoMapper.selectList_COUNT [143] -| ==> Parameters: 
2020-07-14 13:46:02.086 |-DEBUG [http-nio-8088-exec-2] com.deloitte.system.mapper.customer.ChannelInfoMapper.selectList_COUNT [143] -| <==      Total: 1
2020-07-14 13:46:02.091 |-DEBUG [http-nio-8088-exec-2] com.deloitte.system.mapper.customer.ChannelInfoMapper.selectList [143] -| ==>  Preparing: select c.id, channel_name, contact, contact_info, new_amount_rate, renew_amount_rate, payment_type, channel_bank_code, channel_bank_name, payment_code, audit_role, audit_id, c.status, c.create_by, c.create_time, c.update_by, c.update_time, c.disable_flag, c.delete_flag, u.name create_name from channel_info c left join sys_users u on c.create_by = u.id WHERE c.delete_flag = 0 order by c.update_time desc LIMIT ? 
2020-07-14 13:46:02.095 |-DEBUG [http-nio-8088-exec-2] com.deloitte.system.mapper.customer.ChannelInfoMapper.selectList [143] -| ==> Parameters: 10(Integer)
2020-07-14 13:46:02.100 |-DEBUG [http-nio-8088-exec-2] com.deloitte.system.mapper.customer.ChannelInfoMapper.selectList [143] -| <==      Total: 2
2020-07-14 13:46:08.114 |-DEBUG [http-nio-8088-exec-4] com.deloitte.system.mapper.sys.RoleMapper.selectRoleByUserId [143] -| ==>  Preparing: SELECT c.id,c.name,c.code FROM `sys_users` a inner join sys_user_role_rel b on a.id = b.user_id inner join sys_roles c on b.role_id = c.id where a.id = ? 
2020-07-14 13:46:08.115 |-DEBUG [http-nio-8088-exec-4] com.deloitte.system.mapper.sys.RoleMapper.selectRoleByUserId [143] -| ==> Parameters: 60(Long)
2020-07-14 13:46:08.119 |-DEBUG [http-nio-8088-exec-4] com.deloitte.system.mapper.sys.RoleMapper.selectRoleByUserId [143] -| <==      Total: 1
2020-07-14 13:46:08.129 |-DEBUG [http-nio-8088-exec-4] com.deloitte.system.mapper.sys.UserMapper.selectUserList [143] -| ==>  Preparing: SELECT u.id, u.NAME, u.login_name, u.PASSWORD, u.create_by, u.create_time, u.update_by, u.update_time, u.disable_flag, u.delete_flag , sg.group_name, sg.id group_id FROM sys_users u left join user_group_rel ugr on u.id = ugr.user_id left join sys_groups sg on sg.id = ugr.group_id WHERE delete_flag = ? 
2020-07-14 13:46:08.130 |-DEBUG [http-nio-8088-exec-4] com.deloitte.system.mapper.sys.UserMapper.selectUserList [143] -| ==> Parameters: 0(Integer)
2020-07-14 13:46:08.136 |-DEBUG [http-nio-8088-exec-4] com.deloitte.system.mapper.sys.UserMapper.selectUserList [143] -| <==      Total: 6
2020-07-14 13:46:08.203 |-INFO  [http-nio-8088-exec-8] com.deloitte.system.service.customer.impl.PaymentRecordServiceImpl [330] -| 调用paymentInfoData方法，参数为:{"customerCode":"","endDate":"","paymentType":"","startDate":""}
2020-07-14 13:46:08.203 |-INFO  [http-nio-8088-exec-1] com.deloitte.system.service.customer.impl.PaymentRecordServiceImpl [65] -| 调用customerList方法，参数为:{"customerCode":"","endDate":"","paymentType":"","startDate":""}
2020-07-14 13:46:08.204 |-DEBUG [http-nio-8088-exec-8] com.deloitte.system.mapper.sys.RoleMapper.selectRoleByUserId [143] -| ==>  Preparing: SELECT c.id,c.name,c.code FROM `sys_users` a inner join sys_user_role_rel b on a.id = b.user_id inner join sys_roles c on b.role_id = c.id where a.id = ? 
2020-07-14 13:46:08.206 |-DEBUG [http-nio-8088-exec-8] com.deloitte.system.mapper.sys.RoleMapper.selectRoleByUserId [143] -| ==> Parameters: 60(Long)
2020-07-14 13:46:08.208 |-DEBUG [http-nio-8088-exec-1] com.deloitte.system.mapper.sys.RoleMapper.selectRoleByUserId [143] -| ==>  Preparing: SELECT c.id,c.name,c.code FROM `sys_users` a inner join sys_user_role_rel b on a.id = b.user_id inner join sys_roles c on b.role_id = c.id where a.id = ? 
2020-07-14 13:46:08.209 |-DEBUG [http-nio-8088-exec-1] com.deloitte.system.mapper.sys.RoleMapper.selectRoleByUserId [143] -| ==> Parameters: 60(Long)
2020-07-14 13:46:08.211 |-DEBUG [http-nio-8088-exec-8] com.deloitte.system.mapper.sys.RoleMapper.selectRoleByUserId [143] -| <==      Total: 1
2020-07-14 13:46:08.213 |-DEBUG [http-nio-8088-exec-1] com.deloitte.system.mapper.sys.RoleMapper.selectRoleByUserId [143] -| <==      Total: 1
2020-07-14 13:46:08.214 |-DEBUG [http-nio-8088-exec-1] com.deloitte.system.mapper.sys.RoleMapper.selectRoleByUserId [143] -| ==>  Preparing: SELECT c.id,c.name,c.code FROM `sys_users` a inner join sys_user_role_rel b on a.id = b.user_id inner join sys_roles c on b.role_id = c.id where a.id = ? 
2020-07-14 13:46:08.215 |-DEBUG [http-nio-8088-exec-1] com.deloitte.system.mapper.sys.RoleMapper.selectRoleByUserId [143] -| ==> Parameters: 60(Long)
2020-07-14 13:46:08.218 |-DEBUG [http-nio-8088-exec-8] com.deloitte.system.mapper.customer.PaymentRecordMapper.paymentInfoData [143] -| ==>  Preparing: SELECT * FROM ( SELECT COUNT(DISTINCT customer_code) customerAccountNum from payment_record WHERE delete_flag =0 ) t LEFT JOIN ( SELECT IFNULL(SUM(new_amount),0) newAmountTotal, IFNULL(SUM(renew_amount),0) renewAmountTotal from payment_record where delete_flag =0 ) t1 ON 1=1 
2020-07-14 13:46:08.219 |-DEBUG [http-nio-8088-exec-8] com.deloitte.system.mapper.customer.PaymentRecordMapper.paymentInfoData [143] -| ==> Parameters: 
2020-07-14 13:46:08.220 |-DEBUG [http-nio-8088-exec-1] com.deloitte.system.mapper.sys.RoleMapper.selectRoleByUserId [143] -| <==      Total: 1
2020-07-14 13:46:08.226 |-DEBUG [http-nio-8088-exec-1] com.deloitte.system.mapper.customer.PaymentRecordMapper.selectList_COUNT [143] -| ==>  Preparing: SELECT count(0) FROM payment_record p LEFT JOIN sys_users u ON p.create_by = u.id WHERE p.delete_flag = 0 
2020-07-14 13:46:08.227 |-DEBUG [http-nio-8088-exec-1] com.deloitte.system.mapper.customer.PaymentRecordMapper.selectList_COUNT [143] -| ==> Parameters: 
2020-07-14 13:46:08.229 |-DEBUG [http-nio-8088-exec-8] com.deloitte.system.mapper.customer.PaymentRecordMapper.paymentInfoData [143] -| <==      Total: 1
2020-07-14 13:46:08.233 |-DEBUG [http-nio-8088-exec-1] com.deloitte.system.mapper.customer.PaymentRecordMapper.selectList_COUNT [143] -| <==      Total: 1
2020-07-14 13:46:08.237 |-DEBUG [http-nio-8088-exec-1] com.deloitte.system.mapper.customer.PaymentRecordMapper.selectList [143] -| ==>  Preparing: select p.id, customer_code, customer_id,customer_type, payment_type, new_amount, new_payment_amount, renew_amount, renew_payment_amount, p.remark, payment_status, payment_audit_role, audit_role, status, p.create_by, p.create_time, p.update_by, p.update_time, p.disable_flag, p.delete_flag, u.name create_name from payment_record p left join sys_users u on p.create_by = u.id WHERE p.delete_flag = 0 order by update_time desc LIMIT ? 
2020-07-14 13:46:08.238 |-DEBUG [http-nio-8088-exec-1] com.deloitte.system.mapper.customer.PaymentRecordMapper.selectList [143] -| ==> Parameters: 10(Integer)
2020-07-14 13:46:08.244 |-DEBUG [http-nio-8088-exec-1] com.deloitte.system.mapper.customer.PaymentRecordMapper.selectList [143] -| <==      Total: 2
2020-07-14 13:46:30.886 |-DEBUG [http-nio-8088-exec-6] com.deloitte.system.mapper.sys.RoleMapper.selectRoleByUserId [143] -| ==>  Preparing: SELECT c.id,c.name,c.code FROM `sys_users` a inner join sys_user_role_rel b on a.id = b.user_id inner join sys_roles c on b.role_id = c.id where a.id = ? 
2020-07-14 13:46:30.887 |-DEBUG [http-nio-8088-exec-6] com.deloitte.system.mapper.sys.RoleMapper.selectRoleByUserId [143] -| ==> Parameters: 60(Long)
2020-07-14 13:46:30.890 |-DEBUG [http-nio-8088-exec-4] com.deloitte.system.mapper.sys.RoleMapper.selectRoleByUserId [143] -| ==>  Preparing: SELECT c.id,c.name,c.code FROM `sys_users` a inner join sys_user_role_rel b on a.id = b.user_id inner join sys_roles c on b.role_id = c.id where a.id = ? 
2020-07-14 13:46:30.891 |-INFO  [http-nio-8088-exec-8] com.deloitte.system.service.customer.impl.PaymentRecordServiceImpl [65] -| 调用customerList方法，参数为:{"customerCode":"","paymentStatus":"","paymentType":"","status":""}
2020-07-14 13:46:30.891 |-DEBUG [http-nio-8088-exec-4] com.deloitte.system.mapper.sys.RoleMapper.selectRoleByUserId [143] -| ==> Parameters: 60(Long)
2020-07-14 13:46:30.891 |-DEBUG [http-nio-8088-exec-6] com.deloitte.system.mapper.sys.RoleMapper.selectRoleByUserId [143] -| <==      Total: 1
2020-07-14 13:46:30.894 |-DEBUG [http-nio-8088-exec-4] com.deloitte.system.mapper.sys.RoleMapper.selectRoleByUserId [143] -| <==      Total: 1
2020-07-14 13:46:30.897 |-DEBUG [http-nio-8088-exec-8] com.deloitte.system.mapper.sys.RoleMapper.selectRoleByUserId [143] -| ==>  Preparing: SELECT c.id,c.name,c.code FROM `sys_users` a inner join sys_user_role_rel b on a.id = b.user_id inner join sys_roles c on b.role_id = c.id where a.id = ? 
2020-07-14 13:46:30.896 |-DEBUG [http-nio-8088-exec-1] com.deloitte.system.mapper.sys.UserMapper.selectUserList [143] -| ==>  Preparing: SELECT u.id, u.NAME, u.login_name, u.PASSWORD, u.create_by, u.create_time, u.update_by, u.update_time, u.disable_flag, u.delete_flag , sg.group_name, sg.id group_id FROM sys_users u left join user_group_rel ugr on u.id = ugr.user_id left join sys_groups sg on sg.id = ugr.group_id WHERE delete_flag = ? 
2020-07-14 13:46:30.898 |-DEBUG [http-nio-8088-exec-8] com.deloitte.system.mapper.sys.RoleMapper.selectRoleByUserId [143] -| ==> Parameters: 60(Long)
2020-07-14 13:46:30.898 |-DEBUG [http-nio-8088-exec-1] com.deloitte.system.mapper.sys.UserMapper.selectUserList [143] -| ==> Parameters: 0(Integer)
2020-07-14 13:46:30.902 |-DEBUG [http-nio-8088-exec-8] com.deloitte.system.mapper.sys.RoleMapper.selectRoleByUserId [143] -| <==      Total: 1
2020-07-14 13:46:30.904 |-DEBUG [http-nio-8088-exec-8] com.deloitte.system.mapper.sys.RoleMapper.selectRoleByUserId [143] -| ==>  Preparing: SELECT c.id,c.name,c.code FROM `sys_users` a inner join sys_user_role_rel b on a.id = b.user_id inner join sys_roles c on b.role_id = c.id where a.id = ? 
2020-07-14 13:46:30.905 |-DEBUG [http-nio-8088-exec-8] com.deloitte.system.mapper.sys.RoleMapper.selectRoleByUserId [143] -| ==> Parameters: 60(Long)
2020-07-14 13:46:30.910 |-DEBUG [http-nio-8088-exec-8] com.deloitte.system.mapper.sys.RoleMapper.selectRoleByUserId [143] -| <==      Total: 1
2020-07-14 13:46:30.912 |-DEBUG [http-nio-8088-exec-1] com.deloitte.system.mapper.sys.UserMapper.selectUserList [143] -| <==      Total: 6
2020-07-14 13:46:30.914 |-DEBUG [http-nio-8088-exec-8] com.deloitte.system.mapper.customer.PaymentRecordMapper.selectList_COUNT [143] -| ==>  Preparing: SELECT count(0) FROM payment_record p LEFT JOIN sys_users u ON p.create_by = u.id WHERE p.delete_flag = 0 
2020-07-14 13:46:30.915 |-DEBUG [http-nio-8088-exec-8] com.deloitte.system.mapper.customer.PaymentRecordMapper.selectList_COUNT [143] -| ==> Parameters: 
2020-07-14 13:46:30.920 |-DEBUG [http-nio-8088-exec-8] com.deloitte.system.mapper.customer.PaymentRecordMapper.selectList_COUNT [143] -| <==      Total: 1
2020-07-14 13:46:30.922 |-DEBUG [http-nio-8088-exec-8] com.deloitte.system.mapper.customer.PaymentRecordMapper.selectList [143] -| ==>  Preparing: select p.id, customer_code, customer_id,customer_type, payment_type, new_amount, new_payment_amount, renew_amount, renew_payment_amount, p.remark, payment_status, payment_audit_role, audit_role, status, p.create_by, p.create_time, p.update_by, p.update_time, p.disable_flag, p.delete_flag, u.name create_name from payment_record p left join sys_users u on p.create_by = u.id WHERE p.delete_flag = 0 order by update_time desc LIMIT ? 
2020-07-14 13:46:30.923 |-DEBUG [http-nio-8088-exec-8] com.deloitte.system.mapper.customer.PaymentRecordMapper.selectList [143] -| ==> Parameters: 10(Integer)
2020-07-14 13:46:30.928 |-DEBUG [http-nio-8088-exec-8] com.deloitte.system.mapper.customer.PaymentRecordMapper.selectList [143] -| <==      Total: 2
2020-07-14 13:47:45.011 |-INFO  [http-nio-8088-exec-4] com.deloitte.system.service.customer.impl.PaymentRecordServiceImpl [65] -| 调用customerList方法，参数为:{"customerCode":"","endDate":"","paymentType":"","startDate":""}
2020-07-14 13:47:45.012 |-INFO  [http-nio-8088-exec-5] com.deloitte.system.service.customer.impl.PaymentRecordServiceImpl [330] -| 调用paymentInfoData方法，参数为:{"customerCode":"","endDate":"","paymentType":"","startDate":""}
2020-07-14 13:47:45.021 |-DEBUG [http-nio-8088-exec-5] com.deloitte.system.mapper.sys.RoleMapper.selectRoleByUserId [143] -| ==>  Preparing: SELECT c.id,c.name,c.code FROM `sys_users` a inner join sys_user_role_rel b on a.id = b.user_id inner join sys_roles c on b.role_id = c.id where a.id = ? 
2020-07-14 13:47:45.021 |-DEBUG [http-nio-8088-exec-4] com.deloitte.system.mapper.sys.RoleMapper.selectRoleByUserId [143] -| ==>  Preparing: SELECT c.id,c.name,c.code FROM `sys_users` a inner join sys_user_role_rel b on a.id = b.user_id inner join sys_roles c on b.role_id = c.id where a.id = ? 
2020-07-14 13:47:45.022 |-DEBUG [http-nio-8088-exec-5] com.deloitte.system.mapper.sys.RoleMapper.selectRoleByUserId [143] -| ==> Parameters: 60(Long)
2020-07-14 13:47:45.022 |-DEBUG [http-nio-8088-exec-4] com.deloitte.system.mapper.sys.RoleMapper.selectRoleByUserId [143] -| ==> Parameters: 60(Long)
2020-07-14 13:47:45.028 |-DEBUG [http-nio-8088-exec-4] com.deloitte.system.mapper.sys.RoleMapper.selectRoleByUserId [143] -| <==      Total: 1
2020-07-14 13:47:45.028 |-DEBUG [http-nio-8088-exec-5] com.deloitte.system.mapper.sys.RoleMapper.selectRoleByUserId [143] -| <==      Total: 1
2020-07-14 13:47:45.029 |-DEBUG [http-nio-8088-exec-4] com.deloitte.system.mapper.sys.RoleMapper.selectRoleByUserId [143] -| ==>  Preparing: SELECT c.id,c.name,c.code FROM `sys_users` a inner join sys_user_role_rel b on a.id = b.user_id inner join sys_roles c on b.role_id = c.id where a.id = ? 
2020-07-14 13:47:45.030 |-DEBUG [http-nio-8088-exec-5] com.deloitte.system.mapper.customer.PaymentRecordMapper.paymentInfoData [143] -| ==>  Preparing: SELECT * FROM ( SELECT COUNT(DISTINCT customer_code) customerAccountNum from payment_record WHERE delete_flag =0 ) t LEFT JOIN ( SELECT IFNULL(SUM(new_amount),0) newAmountTotal, IFNULL(SUM(renew_amount),0) renewAmountTotal from payment_record where delete_flag =0 ) t1 ON 1=1 
2020-07-14 13:47:45.030 |-DEBUG [http-nio-8088-exec-5] com.deloitte.system.mapper.customer.PaymentRecordMapper.paymentInfoData [143] -| ==> Parameters: 
2020-07-14 13:47:45.031 |-DEBUG [http-nio-8088-exec-4] com.deloitte.system.mapper.sys.RoleMapper.selectRoleByUserId [143] -| ==> Parameters: 60(Long)
2020-07-14 13:47:45.036 |-DEBUG [http-nio-8088-exec-5] com.deloitte.system.mapper.customer.PaymentRecordMapper.paymentInfoData [143] -| <==      Total: 1
2020-07-14 13:47:45.036 |-DEBUG [http-nio-8088-exec-4] com.deloitte.system.mapper.sys.RoleMapper.selectRoleByUserId [143] -| <==      Total: 1
2020-07-14 13:47:45.042 |-DEBUG [http-nio-8088-exec-4] com.deloitte.system.mapper.customer.PaymentRecordMapper.selectList_COUNT [143] -| ==>  Preparing: SELECT count(0) FROM payment_record p LEFT JOIN sys_users u ON p.create_by = u.id WHERE p.delete_flag = 0 
2020-07-14 13:47:45.043 |-DEBUG [http-nio-8088-exec-4] com.deloitte.system.mapper.customer.PaymentRecordMapper.selectList_COUNT [143] -| ==> Parameters: 
2020-07-14 13:47:45.048 |-DEBUG [http-nio-8088-exec-4] com.deloitte.system.mapper.customer.PaymentRecordMapper.selectList_COUNT [143] -| <==      Total: 1
2020-07-14 13:47:45.052 |-DEBUG [http-nio-8088-exec-4] com.deloitte.system.mapper.customer.PaymentRecordMapper.selectList [143] -| ==>  Preparing: select p.id, customer_code, customer_id,customer_type, payment_type, new_amount, new_payment_amount, renew_amount, renew_payment_amount, p.remark, payment_status, payment_audit_role, audit_role, status, p.create_by, p.create_time, p.update_by, p.update_time, p.disable_flag, p.delete_flag, u.name create_name from payment_record p left join sys_users u on p.create_by = u.id WHERE p.delete_flag = 0 order by update_time desc LIMIT ? 
2020-07-14 13:47:45.054 |-DEBUG [http-nio-8088-exec-4] com.deloitte.system.mapper.customer.PaymentRecordMapper.selectList [143] -| ==> Parameters: 10(Integer)
2020-07-14 13:47:45.060 |-DEBUG [http-nio-8088-exec-4] com.deloitte.system.mapper.customer.PaymentRecordMapper.selectList [143] -| <==      Total: 2
2020-07-14 13:51:53.419 |-DEBUG [http-nio-8088-exec-6] com.deloitte.system.mapper.sys.RoleMapper.selectRoleByUserId [143] -| ==>  Preparing: SELECT c.id,c.name,c.code FROM `sys_users` a inner join sys_user_role_rel b on a.id = b.user_id inner join sys_roles c on b.role_id = c.id where a.id = ? 
2020-07-14 13:51:53.421 |-DEBUG [http-nio-8088-exec-6] com.deloitte.system.mapper.sys.RoleMapper.selectRoleByUserId [143] -| ==> Parameters: 60(Long)
2020-07-14 13:51:53.424 |-DEBUG [http-nio-8088-exec-6] com.deloitte.system.mapper.sys.RoleMapper.selectRoleByUserId [143] -| <==      Total: 1
2020-07-14 13:51:53.439 |-DEBUG [http-nio-8088-exec-9] com.deloitte.system.mapper.sys.UserMapper.selectUserList [143] -| ==>  Preparing: SELECT u.id, u.NAME, u.login_name, u.PASSWORD, u.create_by, u.create_time, u.update_by, u.update_time, u.disable_flag, u.delete_flag , sg.group_name, sg.id group_id FROM sys_users u left join user_group_rel ugr on u.id = ugr.user_id left join sys_groups sg on sg.id = ugr.group_id WHERE delete_flag = ? 
2020-07-14 13:51:53.440 |-DEBUG [http-nio-8088-exec-9] com.deloitte.system.mapper.sys.UserMapper.selectUserList [143] -| ==> Parameters: 0(Integer)
2020-07-14 13:51:53.447 |-DEBUG [http-nio-8088-exec-9] com.deloitte.system.mapper.sys.UserMapper.selectUserList [143] -| <==      Total: 6
2020-07-14 13:51:53.480 |-INFO  [http-nio-8088-exec-8] com.deloitte.system.service.customer.impl.GiveRecordServiceImpl [250] -| 调用giveInfoData方法，参数为:{"accountInfo":"","doneeName":"","endDate":"","startDate":""}
2020-07-14 13:51:53.487 |-DEBUG [http-nio-8088-exec-8] com.deloitte.system.mapper.sys.RoleMapper.selectRoleByUserId [143] -| ==>  Preparing: SELECT c.id,c.name,c.code FROM `sys_users` a inner join sys_user_role_rel b on a.id = b.user_id inner join sys_roles c on b.role_id = c.id where a.id = ? 
2020-07-14 13:51:53.488 |-DEBUG [http-nio-8088-exec-8] com.deloitte.system.mapper.sys.RoleMapper.selectRoleByUserId [143] -| ==> Parameters: 60(Long)
2020-07-14 13:51:53.490 |-INFO  [http-nio-8088-exec-2] com.deloitte.system.service.customer.impl.GiveRecordServiceImpl [170] -| 调用giveList方法，参数为:{"accountInfo":"","doneeName":"","endDate":"","startDate":""}
2020-07-14 13:51:53.492 |-DEBUG [http-nio-8088-exec-2] com.deloitte.system.mapper.sys.RoleMapper.selectRoleByUserId [143] -| ==>  Preparing: SELECT c.id,c.name,c.code FROM `sys_users` a inner join sys_user_role_rel b on a.id = b.user_id inner join sys_roles c on b.role_id = c.id where a.id = ? 
2020-07-14 13:51:53.493 |-DEBUG [http-nio-8088-exec-8] com.deloitte.system.mapper.sys.RoleMapper.selectRoleByUserId [143] -| <==      Total: 1
2020-07-14 13:51:53.496 |-DEBUG [http-nio-8088-exec-8] com.deloitte.system.mapper.customer.GiveRecordMapper.giveInfoData [143] -| ==>  Preparing: SELECT * FROM ( SELECT COUNT(DISTINCT customer_id, customer_type) accountNum from give_record WHERE delete_flag = 0 ) t LEFT JOIN ( SELECT IFNULL(SUM(amount),0) amountTotal from give_record WHERE delete_flag = 0 ) t1 ON 1=1 
2020-07-14 13:51:53.497 |-DEBUG [http-nio-8088-exec-8] com.deloitte.system.mapper.customer.GiveRecordMapper.giveInfoData [143] -| ==> Parameters: 
2020-07-14 13:51:53.501 |-DEBUG [http-nio-8088-exec-8] com.deloitte.system.mapper.customer.GiveRecordMapper.giveInfoData [143] -| <==      Total: 1
2020-07-14 13:51:53.506 |-DEBUG [http-nio-8088-exec-2] com.deloitte.system.mapper.sys.RoleMapper.selectRoleByUserId [143] -| ==> Parameters: 60(Long)
2020-07-14 13:51:53.510 |-DEBUG [http-nio-8088-exec-2] com.deloitte.system.mapper.sys.RoleMapper.selectRoleByUserId [143] -| <==      Total: 1
2020-07-14 13:51:53.514 |-DEBUG [http-nio-8088-exec-2] com.deloitte.system.mapper.customer.GiveRecordMapper.selectList_COUNT [143] -| ==>  Preparing: SELECT count(0) FROM give_record g LEFT JOIN sys_users u ON g.create_by = u.id WHERE g.delete_flag = 0 
2020-07-14 13:51:53.516 |-DEBUG [http-nio-8088-exec-2] com.deloitte.system.mapper.customer.GiveRecordMapper.selectList_COUNT [143] -| ==> Parameters: 
2020-07-14 13:51:53.519 |-DEBUG [http-nio-8088-exec-2] com.deloitte.system.mapper.customer.GiveRecordMapper.selectList_COUNT [143] -| <==      Total: 1
2020-07-14 13:52:35.655 |-DEBUG [http-nio-8088-exec-6] com.deloitte.system.mapper.sys.RoleMapper.selectRoleByUserId [143] -| ==>  Preparing: SELECT c.id,c.name,c.code FROM `sys_users` a inner join sys_user_role_rel b on a.id = b.user_id inner join sys_roles c on b.role_id = c.id where a.id = ? 
2020-07-14 13:52:35.656 |-DEBUG [http-nio-8088-exec-6] com.deloitte.system.mapper.sys.RoleMapper.selectRoleByUserId [143] -| ==> Parameters: 60(Long)
2020-07-14 13:52:35.657 |-DEBUG [http-nio-8088-exec-9] com.deloitte.system.mapper.sys.RoleMapper.selectRoleByUserId [143] -| ==>  Preparing: SELECT c.id,c.name,c.code FROM `sys_users` a inner join sys_user_role_rel b on a.id = b.user_id inner join sys_roles c on b.role_id = c.id where a.id = ? 
2020-07-14 13:52:35.658 |-DEBUG [http-nio-8088-exec-9] com.deloitte.system.mapper.sys.RoleMapper.selectRoleByUserId [143] -| ==> Parameters: 60(Long)
2020-07-14 13:52:35.660 |-INFO  [http-nio-8088-exec-8] com.deloitte.system.service.customer.impl.PaymentRecordServiceImpl [65] -| 调用customerList方法，参数为:{"customerCode":"","paymentStatus":"","paymentType":"","status":""}
2020-07-14 13:52:35.703 |-DEBUG [http-nio-8088-exec-2] com.deloitte.system.mapper.sys.UserMapper.selectUserList [143] -| ==>  Preparing: SELECT u.id, u.NAME, u.login_name, u.PASSWORD, u.create_by, u.create_time, u.update_by, u.update_time, u.disable_flag, u.delete_flag , sg.group_name, sg.id group_id FROM sys_users u left join user_group_rel ugr on u.id = ugr.user_id left join sys_groups sg on sg.id = ugr.group_id WHERE delete_flag = ? 
2020-07-14 13:52:35.703 |-DEBUG [http-nio-8088-exec-6] com.deloitte.system.mapper.sys.RoleMapper.selectRoleByUserId [143] -| <==      Total: 1
2020-07-14 13:52:35.703 |-DEBUG [http-nio-8088-exec-8] com.deloitte.system.mapper.sys.RoleMapper.selectRoleByUserId [143] -| ==>  Preparing: SELECT c.id,c.name,c.code FROM `sys_users` a inner join sys_user_role_rel b on a.id = b.user_id inner join sys_roles c on b.role_id = c.id where a.id = ? 
2020-07-14 13:52:35.703 |-DEBUG [http-nio-8088-exec-9] com.deloitte.system.mapper.sys.RoleMapper.selectRoleByUserId [143] -| <==      Total: 1
2020-07-14 13:52:35.704 |-DEBUG [http-nio-8088-exec-8] com.deloitte.system.mapper.sys.RoleMapper.selectRoleByUserId [143] -| ==> Parameters: 60(Long)
2020-07-14 13:52:35.707 |-DEBUG [http-nio-8088-exec-2] com.deloitte.system.mapper.sys.UserMapper.selectUserList [143] -| ==> Parameters: 0(Integer)
2020-07-14 13:52:35.708 |-DEBUG [http-nio-8088-exec-8] com.deloitte.system.mapper.sys.RoleMapper.selectRoleByUserId [143] -| <==      Total: 1
2020-07-14 13:52:35.709 |-DEBUG [http-nio-8088-exec-8] com.deloitte.system.mapper.sys.RoleMapper.selectRoleByUserId [143] -| ==>  Preparing: SELECT c.id,c.name,c.code FROM `sys_users` a inner join sys_user_role_rel b on a.id = b.user_id inner join sys_roles c on b.role_id = c.id where a.id = ? 
2020-07-14 13:52:35.710 |-DEBUG [http-nio-8088-exec-8] com.deloitte.system.mapper.sys.RoleMapper.selectRoleByUserId [143] -| ==> Parameters: 60(Long)
2020-07-14 13:52:35.714 |-DEBUG [http-nio-8088-exec-8] com.deloitte.system.mapper.sys.RoleMapper.selectRoleByUserId [143] -| <==      Total: 1
2020-07-14 13:52:35.715 |-DEBUG [http-nio-8088-exec-2] com.deloitte.system.mapper.sys.UserMapper.selectUserList [143] -| <==      Total: 6
2020-07-14 13:52:35.721 |-DEBUG [http-nio-8088-exec-8] com.deloitte.system.mapper.customer.PaymentRecordMapper.selectList_COUNT [143] -| ==>  Preparing: SELECT count(0) FROM payment_record p LEFT JOIN sys_users u ON p.create_by = u.id WHERE p.delete_flag = 0 
2020-07-14 13:52:35.723 |-DEBUG [http-nio-8088-exec-8] com.deloitte.system.mapper.customer.PaymentRecordMapper.selectList_COUNT [143] -| ==> Parameters: 
2020-07-14 13:52:35.727 |-DEBUG [http-nio-8088-exec-8] com.deloitte.system.mapper.customer.PaymentRecordMapper.selectList_COUNT [143] -| <==      Total: 1
2020-07-14 13:52:35.728 |-DEBUG [http-nio-8088-exec-8] com.deloitte.system.mapper.customer.PaymentRecordMapper.selectList [143] -| ==>  Preparing: select p.id, customer_code, customer_id,customer_type, payment_type, new_amount, new_payment_amount, renew_amount, renew_payment_amount, p.remark, payment_status, payment_audit_role, audit_role, status, p.create_by, p.create_time, p.update_by, p.update_time, p.disable_flag, p.delete_flag, u.name create_name from payment_record p left join sys_users u on p.create_by = u.id WHERE p.delete_flag = 0 order by update_time desc LIMIT ? 
2020-07-14 13:52:35.729 |-DEBUG [http-nio-8088-exec-8] com.deloitte.system.mapper.customer.PaymentRecordMapper.selectList [143] -| ==> Parameters: 10(Integer)
2020-07-14 13:52:35.733 |-DEBUG [http-nio-8088-exec-8] com.deloitte.system.mapper.customer.PaymentRecordMapper.selectList [143] -| <==      Total: 2
2020-07-14 13:52:40.898 |-INFO  [http-nio-8088-exec-2] com.deloitte.system.service.customer.impl.PaymentRecordServiceImpl [65] -| 调用customerList方法，参数为:{"customerCode":"","paymentStatus":"","paymentType":"","status":""}
2020-07-14 13:52:40.922 |-DEBUG [http-nio-8088-exec-9] com.deloitte.system.mapper.sys.RoleMapper.selectRoleByUserId [143] -| ==>  Preparing: SELECT c.id,c.name,c.code FROM `sys_users` a inner join sys_user_role_rel b on a.id = b.user_id inner join sys_roles c on b.role_id = c.id where a.id = ? 
2020-07-14 13:52:40.922 |-DEBUG [http-nio-8088-exec-8] com.deloitte.system.mapper.sys.UserMapper.selectUserList [143] -| ==>  Preparing: SELECT u.id, u.NAME, u.login_name, u.PASSWORD, u.create_by, u.create_time, u.update_by, u.update_time, u.disable_flag, u.delete_flag , sg.group_name, sg.id group_id FROM sys_users u left join user_group_rel ugr on u.id = ugr.user_id left join sys_groups sg on sg.id = ugr.group_id WHERE delete_flag = ? 
2020-07-14 13:52:40.922 |-DEBUG [http-nio-8088-exec-2] com.deloitte.system.mapper.sys.RoleMapper.selectRoleByUserId [143] -| ==>  Preparing: SELECT c.id,c.name,c.code FROM `sys_users` a inner join sys_user_role_rel b on a.id = b.user_id inner join sys_roles c on b.role_id = c.id where a.id = ? 
2020-07-14 13:52:40.922 |-DEBUG [http-nio-8088-exec-6] com.deloitte.system.mapper.sys.RoleMapper.selectRoleByUserId [143] -| ==>  Preparing: SELECT c.id,c.name,c.code FROM `sys_users` a inner join sys_user_role_rel b on a.id = b.user_id inner join sys_roles c on b.role_id = c.id where a.id = ? 
2020-07-14 13:52:40.923 |-DEBUG [http-nio-8088-exec-2] com.deloitte.system.mapper.sys.RoleMapper.selectRoleByUserId [143] -| ==> Parameters: 60(Long)
2020-07-14 13:52:40.923 |-DEBUG [http-nio-8088-exec-8] com.deloitte.system.mapper.sys.UserMapper.selectUserList [143] -| ==> Parameters: 0(Integer)
2020-07-14 13:52:40.923 |-DEBUG [http-nio-8088-exec-6] com.deloitte.system.mapper.sys.RoleMapper.selectRoleByUserId [143] -| ==> Parameters: 60(Long)
2020-07-14 13:52:40.923 |-DEBUG [http-nio-8088-exec-9] com.deloitte.system.mapper.sys.RoleMapper.selectRoleByUserId [143] -| ==> Parameters: 60(Long)
2020-07-14 13:52:40.927 |-DEBUG [http-nio-8088-exec-6] com.deloitte.system.mapper.sys.RoleMapper.selectRoleByUserId [143] -| <==      Total: 1
2020-07-14 13:52:40.927 |-DEBUG [http-nio-8088-exec-2] com.deloitte.system.mapper.sys.RoleMapper.selectRoleByUserId [143] -| <==      Total: 1
2020-07-14 13:52:40.939 |-DEBUG [http-nio-8088-exec-8] com.deloitte.system.mapper.sys.UserMapper.selectUserList [143] -| <==      Total: 6
2020-07-14 13:52:40.939 |-DEBUG [http-nio-8088-exec-2] com.deloitte.system.mapper.sys.RoleMapper.selectRoleByUserId [143] -| ==>  Preparing: SELECT c.id,c.name,c.code FROM `sys_users` a inner join sys_user_role_rel b on a.id = b.user_id inner join sys_roles c on b.role_id = c.id where a.id = ? 
2020-07-14 13:52:40.939 |-DEBUG [http-nio-8088-exec-2] com.deloitte.system.mapper.sys.RoleMapper.selectRoleByUserId [143] -| ==> Parameters: 60(Long)
2020-07-14 13:52:40.941 |-DEBUG [http-nio-8088-exec-9] com.deloitte.system.mapper.sys.RoleMapper.selectRoleByUserId [143] -| <==      Total: 1
2020-07-14 13:52:40.943 |-DEBUG [http-nio-8088-exec-2] com.deloitte.system.mapper.sys.RoleMapper.selectRoleByUserId [143] -| <==      Total: 1
2020-07-14 13:52:40.948 |-DEBUG [http-nio-8088-exec-2] com.deloitte.system.mapper.customer.PaymentRecordMapper.selectList_COUNT [143] -| ==>  Preparing: SELECT count(0) FROM payment_record p LEFT JOIN sys_users u ON p.create_by = u.id WHERE p.delete_flag = 0 
2020-07-14 13:52:40.948 |-DEBUG [http-nio-8088-exec-2] com.deloitte.system.mapper.customer.PaymentRecordMapper.selectList_COUNT [143] -| ==> Parameters: 
2020-07-14 13:52:40.951 |-DEBUG [http-nio-8088-exec-2] com.deloitte.system.mapper.customer.PaymentRecordMapper.selectList_COUNT [143] -| <==      Total: 1
2020-07-14 13:52:40.953 |-DEBUG [http-nio-8088-exec-2] com.deloitte.system.mapper.customer.PaymentRecordMapper.selectList [143] -| ==>  Preparing: select p.id, customer_code, customer_id,customer_type, payment_type, new_amount, new_payment_amount, renew_amount, renew_payment_amount, p.remark, payment_status, payment_audit_role, audit_role, status, p.create_by, p.create_time, p.update_by, p.update_time, p.disable_flag, p.delete_flag, u.name create_name from payment_record p left join sys_users u on p.create_by = u.id WHERE p.delete_flag = 0 order by update_time desc LIMIT ? 
2020-07-14 13:52:40.955 |-DEBUG [http-nio-8088-exec-2] com.deloitte.system.mapper.customer.PaymentRecordMapper.selectList [143] -| ==> Parameters: 10(Integer)
2020-07-14 13:52:40.959 |-DEBUG [http-nio-8088-exec-2] com.deloitte.system.mapper.customer.PaymentRecordMapper.selectList [143] -| <==      Total: 2
2020-07-14 13:52:48.509 |-DEBUG [http-nio-8088-exec-6] com.deloitte.system.mapper.sys.RoleMapper.selectRoleByUserId [143] -| ==>  Preparing: SELECT c.id,c.name,c.code FROM `sys_users` a inner join sys_user_role_rel b on a.id = b.user_id inner join sys_roles c on b.role_id = c.id where a.id = ? 
2020-07-14 13:52:48.510 |-DEBUG [http-nio-8088-exec-6] com.deloitte.system.mapper.sys.RoleMapper.selectRoleByUserId [143] -| ==> Parameters: 60(Long)
2020-07-14 13:52:48.511 |-DEBUG [http-nio-8088-exec-8] com.deloitte.system.mapper.sys.RoleMapper.selectRoleByUserId [143] -| ==>  Preparing: SELECT c.id,c.name,c.code FROM `sys_users` a inner join sys_user_role_rel b on a.id = b.user_id inner join sys_roles c on b.role_id = c.id where a.id = ? 
2020-07-14 13:52:48.512 |-DEBUG [http-nio-8088-exec-8] com.deloitte.system.mapper.sys.RoleMapper.selectRoleByUserId [143] -| ==> Parameters: 60(Long)
2020-07-14 13:52:48.513 |-INFO  [http-nio-8088-exec-9] com.deloitte.system.service.customer.impl.PaymentRecordServiceImpl [65] -| 调用customerList方法，参数为:{"customerCode":"","paymentStatus":"","paymentType":"","status":""}
2020-07-14 13:52:48.513 |-DEBUG [http-nio-8088-exec-6] com.deloitte.system.mapper.sys.RoleMapper.selectRoleByUserId [143] -| <==      Total: 1
2020-07-14 13:52:48.515 |-DEBUG [http-nio-8088-exec-8] com.deloitte.system.mapper.sys.RoleMapper.selectRoleByUserId [143] -| <==      Total: 1
2020-07-14 13:52:48.517 |-DEBUG [http-nio-8088-exec-9] com.deloitte.system.mapper.sys.RoleMapper.selectRoleByUserId [143] -| ==>  Preparing: SELECT c.id,c.name,c.code FROM `sys_users` a inner join sys_user_role_rel b on a.id = b.user_id inner join sys_roles c on b.role_id = c.id where a.id = ? 
2020-07-14 13:52:48.518 |-DEBUG [http-nio-8088-exec-9] com.deloitte.system.mapper.sys.RoleMapper.selectRoleByUserId [143] -| ==> Parameters: 60(Long)
2020-07-14 13:52:48.523 |-DEBUG [http-nio-8088-exec-9] com.deloitte.system.mapper.sys.RoleMapper.selectRoleByUserId [143] -| <==      Total: 1
2020-07-14 13:52:48.524 |-DEBUG [http-nio-8088-exec-9] com.deloitte.system.mapper.sys.RoleMapper.selectRoleByUserId [143] -| ==>  Preparing: SELECT c.id,c.name,c.code FROM `sys_users` a inner join sys_user_role_rel b on a.id = b.user_id inner join sys_roles c on b.role_id = c.id where a.id = ? 
2020-07-14 13:52:48.524 |-DEBUG [http-nio-8088-exec-8] com.deloitte.system.mapper.sys.UserMapper.selectUserList [143] -| ==>  Preparing: SELECT u.id, u.NAME, u.login_name, u.PASSWORD, u.create_by, u.create_time, u.update_by, u.update_time, u.disable_flag, u.delete_flag , sg.group_name, sg.id group_id FROM sys_users u left join user_group_rel ugr on u.id = ugr.user_id left join sys_groups sg on sg.id = ugr.group_id WHERE delete_flag = ? 
2020-07-14 13:52:48.525 |-DEBUG [http-nio-8088-exec-9] com.deloitte.system.mapper.sys.RoleMapper.selectRoleByUserId [143] -| ==> Parameters: 60(Long)
2020-07-14 13:52:48.525 |-DEBUG [http-nio-8088-exec-8] com.deloitte.system.mapper.sys.UserMapper.selectUserList [143] -| ==> Parameters: 0(Integer)
2020-07-14 13:52:48.529 |-DEBUG [http-nio-8088-exec-9] com.deloitte.system.mapper.sys.RoleMapper.selectRoleByUserId [143] -| <==      Total: 1
2020-07-14 13:52:48.530 |-DEBUG [http-nio-8088-exec-8] com.deloitte.system.mapper.sys.UserMapper.selectUserList [143] -| <==      Total: 6
2020-07-14 13:52:48.533 |-DEBUG [http-nio-8088-exec-9] com.deloitte.system.mapper.customer.PaymentRecordMapper.selectList_COUNT [143] -| ==>  Preparing: SELECT count(0) FROM payment_record p LEFT JOIN sys_users u ON p.create_by = u.id WHERE p.delete_flag = 0 
2020-07-14 13:52:48.534 |-DEBUG [http-nio-8088-exec-9] com.deloitte.system.mapper.customer.PaymentRecordMapper.selectList_COUNT [143] -| ==> Parameters: 
2020-07-14 13:52:48.538 |-DEBUG [http-nio-8088-exec-9] com.deloitte.system.mapper.customer.PaymentRecordMapper.selectList_COUNT [143] -| <==      Total: 1
2020-07-14 13:52:48.542 |-DEBUG [http-nio-8088-exec-9] com.deloitte.system.mapper.customer.PaymentRecordMapper.selectList [143] -| ==>  Preparing: select p.id, customer_code, customer_id,customer_type, payment_type, new_amount, new_payment_amount, renew_amount, renew_payment_amount, p.remark, payment_status, payment_audit_role, audit_role, status, p.create_by, p.create_time, p.update_by, p.update_time, p.disable_flag, p.delete_flag, u.name create_name from payment_record p left join sys_users u on p.create_by = u.id WHERE p.delete_flag = 0 order by update_time desc LIMIT ? 
2020-07-14 13:52:48.543 |-DEBUG [http-nio-8088-exec-9] com.deloitte.system.mapper.customer.PaymentRecordMapper.selectList [143] -| ==> Parameters: 10(Integer)
2020-07-14 13:52:48.546 |-DEBUG [http-nio-8088-exec-9] com.deloitte.system.mapper.customer.PaymentRecordMapper.selectList [143] -| <==      Total: 2
2020-07-14 13:52:56.668 |-DEBUG [http-nio-8088-exec-7] com.deloitte.system.mapper.sys.RoleMapper.selectRoleByUserId [143] -| ==>  Preparing: SELECT c.id,c.name,c.code FROM `sys_users` a inner join sys_user_role_rel b on a.id = b.user_id inner join sys_roles c on b.role_id = c.id where a.id = ? 
2020-07-14 13:52:56.669 |-DEBUG [http-nio-8088-exec-7] com.deloitte.system.mapper.sys.RoleMapper.selectRoleByUserId [143] -| ==> Parameters: 60(Long)
2020-07-14 13:52:56.673 |-DEBUG [http-nio-8088-exec-6] com.deloitte.system.mapper.sys.RoleMapper.selectRoleByUserId [143] -| ==>  Preparing: SELECT c.id,c.name,c.code FROM `sys_users` a inner join sys_user_role_rel b on a.id = b.user_id inner join sys_roles c on b.role_id = c.id where a.id = ? 
2020-07-14 13:52:56.673 |-DEBUG [http-nio-8088-exec-7] com.deloitte.system.mapper.sys.RoleMapper.selectRoleByUserId [143] -| <==      Total: 1
2020-07-14 13:52:56.674 |-DEBUG [http-nio-8088-exec-6] com.deloitte.system.mapper.sys.RoleMapper.selectRoleByUserId [143] -| ==> Parameters: 60(Long)
2020-07-14 13:52:56.677 |-DEBUG [http-nio-8088-exec-6] com.deloitte.system.mapper.sys.RoleMapper.selectRoleByUserId [143] -| <==      Total: 1
2020-07-14 13:52:56.678 |-INFO  [http-nio-8088-exec-2] com.deloitte.system.service.customer.impl.PaymentRecordServiceImpl [65] -| 调用customerList方法，参数为:{"customerCode":"","paymentStatus":"","paymentType":"","status":""}
2020-07-14 13:52:56.682 |-DEBUG [http-nio-8088-exec-2] com.deloitte.system.mapper.sys.RoleMapper.selectRoleByUserId [143] -| ==>  Preparing: SELECT c.id,c.name,c.code FROM `sys_users` a inner join sys_user_role_rel b on a.id = b.user_id inner join sys_roles c on b.role_id = c.id where a.id = ? 
2020-07-14 13:52:56.682 |-DEBUG [http-nio-8088-exec-6] com.deloitte.system.mapper.sys.UserMapper.selectUserList [143] -| ==>  Preparing: SELECT u.id, u.NAME, u.login_name, u.PASSWORD, u.create_by, u.create_time, u.update_by, u.update_time, u.disable_flag, u.delete_flag , sg.group_name, sg.id group_id FROM sys_users u left join user_group_rel ugr on u.id = ugr.user_id left join sys_groups sg on sg.id = ugr.group_id WHERE delete_flag = ? 
2020-07-14 13:52:56.683 |-DEBUG [http-nio-8088-exec-2] com.deloitte.system.mapper.sys.RoleMapper.selectRoleByUserId [143] -| ==> Parameters: 60(Long)
2020-07-14 13:52:56.683 |-DEBUG [http-nio-8088-exec-6] com.deloitte.system.mapper.sys.UserMapper.selectUserList [143] -| ==> Parameters: 0(Integer)
2020-07-14 13:52:56.686 |-DEBUG [http-nio-8088-exec-2] com.deloitte.system.mapper.sys.RoleMapper.selectRoleByUserId [143] -| <==      Total: 1
2020-07-14 13:52:56.687 |-DEBUG [http-nio-8088-exec-2] com.deloitte.system.mapper.sys.RoleMapper.selectRoleByUserId [143] -| ==>  Preparing: SELECT c.id,c.name,c.code FROM `sys_users` a inner join sys_user_role_rel b on a.id = b.user_id inner join sys_roles c on b.role_id = c.id where a.id = ? 
2020-07-14 13:52:56.688 |-DEBUG [http-nio-8088-exec-2] com.deloitte.system.mapper.sys.RoleMapper.selectRoleByUserId [143] -| ==> Parameters: 60(Long)
2020-07-14 13:52:56.688 |-DEBUG [http-nio-8088-exec-6] com.deloitte.system.mapper.sys.UserMapper.selectUserList [143] -| <==      Total: 6
2020-07-14 13:52:56.691 |-DEBUG [http-nio-8088-exec-2] com.deloitte.system.mapper.sys.RoleMapper.selectRoleByUserId [143] -| <==      Total: 1
2020-07-14 13:52:56.696 |-DEBUG [http-nio-8088-exec-2] com.deloitte.system.mapper.customer.PaymentRecordMapper.selectList_COUNT [143] -| ==>  Preparing: SELECT count(0) FROM payment_record p LEFT JOIN sys_users u ON p.create_by = u.id WHERE p.delete_flag = 0 
2020-07-14 13:52:56.696 |-DEBUG [http-nio-8088-exec-2] com.deloitte.system.mapper.customer.PaymentRecordMapper.selectList_COUNT [143] -| ==> Parameters: 
2020-07-14 13:52:56.832 |-DEBUG [http-nio-8088-exec-2] com.deloitte.system.mapper.customer.PaymentRecordMapper.selectList_COUNT [143] -| <==      Total: 1
2020-07-14 13:52:56.836 |-DEBUG [http-nio-8088-exec-2] com.deloitte.system.mapper.customer.PaymentRecordMapper.selectList [143] -| ==>  Preparing: select p.id, customer_code, customer_id,customer_type, payment_type, new_amount, new_payment_amount, renew_amount, renew_payment_amount, p.remark, payment_status, payment_audit_role, audit_role, status, p.create_by, p.create_time, p.update_by, p.update_time, p.disable_flag, p.delete_flag, u.name create_name from payment_record p left join sys_users u on p.create_by = u.id WHERE p.delete_flag = 0 order by update_time desc LIMIT ? 
2020-07-14 13:52:56.838 |-DEBUG [http-nio-8088-exec-2] com.deloitte.system.mapper.customer.PaymentRecordMapper.selectList [143] -| ==> Parameters: 10(Integer)
2020-07-14 13:52:56.844 |-DEBUG [http-nio-8088-exec-2] com.deloitte.system.mapper.customer.PaymentRecordMapper.selectList [143] -| <==      Total: 2
2020-07-14 13:52:58.310 |-DEBUG [http-nio-8088-exec-3] com.deloitte.system.mapper.sys.MenuMapper.getMenuByUserId [143] -| ==>  Preparing: select distinct m.id, m.name, m.type, m.permission, m.url, m.order_num, m.parent_id, m.visible, m.icon, m.create_by, m.create_time, m.update_by, m.update_time, m.disable_flag, m.delete_flag from sys_menus m inner join sys_role_menu_rel rm on m.id = rm.menu_id inner join sys_user_role_rel ur on ur.role_id = rm.role_id inner join sys_roles r on r.id = ur.role_id where ur.user_id = ? and m.type in('catalog', 'menu') and m.visible=1 and m.delete_flag = 0 and r.disable_flag = 0 and r.delete_flag = 0 order by m.order_num asc 
2020-07-14 13:52:58.311 |-DEBUG [http-nio-8088-exec-3] com.deloitte.system.mapper.sys.MenuMapper.getMenuByUserId [143] -| ==> Parameters: 60(Long)
2020-07-14 13:52:58.329 |-DEBUG [http-nio-8088-exec-3] com.deloitte.system.mapper.sys.MenuMapper.getMenuByUserId [143] -| <==      Total: 22
2020-07-14 13:52:58.330 |-DEBUG [http-nio-8088-exec-3] com.deloitte.system.mapper.sys.RoleMapper.selectRoleByUserId [143] -| ==>  Preparing: SELECT c.id,c.name,c.code FROM `sys_users` a inner join sys_user_role_rel b on a.id = b.user_id inner join sys_roles c on b.role_id = c.id where a.id = ? 
2020-07-14 13:52:58.331 |-DEBUG [http-nio-8088-exec-3] com.deloitte.system.mapper.sys.RoleMapper.selectRoleByUserId [143] -| ==> Parameters: 60(Long)
2020-07-14 13:52:58.336 |-DEBUG [http-nio-8088-exec-3] com.deloitte.system.mapper.sys.RoleMapper.selectRoleByUserId [143] -| <==      Total: 1
2020-07-14 13:52:58.342 |-DEBUG [http-nio-8088-exec-3] com.deloitte.system.mapper.sys.UserMapper.selectUserById [143] -| ==>  Preparing: select id, name, login_name, password, create_by, create_time, update_by, update_time, disable_flag, delete_flag from sys_users where id = ? 
2020-07-14 13:52:58.343 |-DEBUG [http-nio-8088-exec-3] com.deloitte.system.mapper.sys.UserMapper.selectUserById [143] -| ==> Parameters: 60(Long)
2020-07-14 13:52:58.348 |-DEBUG [http-nio-8088-exec-3] com.deloitte.system.mapper.sys.UserMapper.selectUserById [143] -| <==      Total: 1
2020-07-14 13:52:58.349 |-DEBUG [http-nio-8088-exec-3] com.deloitte.system.mapper.sys.GroupMapper.selectGroupByUserId [143] -| ==>  Preparing: SELECT * FROM `sys_groups` a inner join user_group_rel b on a.id = b.group_id INNER JOIN sys_users c on c.id = b.user_id where b.user_id = ? 
2020-07-14 13:52:58.350 |-DEBUG [http-nio-8088-exec-3] com.deloitte.system.mapper.sys.GroupMapper.selectGroupByUserId [143] -| ==> Parameters: 60(Long)
2020-07-14 13:52:58.355 |-DEBUG [http-nio-8088-exec-3] com.deloitte.system.mapper.sys.GroupMapper.selectGroupByUserId [143] -| <==      Total: 1
2020-07-14 13:53:00.014 |-INFO  [http-nio-8088-exec-4] com.deloitte.system.service.customer.impl.ChannelManageServiceImpl [187] -| 调用channelList方法，参数为:{"channelName":"","contactInfo":"","paymentType":"","status":""}
2020-07-14 13:53:00.018 |-DEBUG [http-nio-8088-exec-4] com.deloitte.system.mapper.sys.RoleMapper.selectRoleByUserId [143] -| ==>  Preparing: SELECT c.id,c.name,c.code FROM `sys_users` a inner join sys_user_role_rel b on a.id = b.user_id inner join sys_roles c on b.role_id = c.id where a.id = ? 
2020-07-14 13:53:00.019 |-DEBUG [http-nio-8088-exec-4] com.deloitte.system.mapper.sys.RoleMapper.selectRoleByUserId [143] -| ==> Parameters: 60(Long)
2020-07-14 13:53:00.021 |-DEBUG [http-nio-8088-exec-1] com.deloitte.system.mapper.sys.UserMapper.selectUserList [143] -| ==>  Preparing: SELECT u.id, u.NAME, u.login_name, u.PASSWORD, u.create_by, u.create_time, u.update_by, u.update_time, u.disable_flag, u.delete_flag , sg.group_name, sg.id group_id FROM sys_users u left join user_group_rel ugr on u.id = ugr.user_id left join sys_groups sg on sg.id = ugr.group_id WHERE delete_flag = ? 
2020-07-14 13:53:00.022 |-DEBUG [http-nio-8088-exec-1] com.deloitte.system.mapper.sys.UserMapper.selectUserList [143] -| ==> Parameters: 0(Integer)
2020-07-14 13:53:00.022 |-DEBUG [http-nio-8088-exec-4] com.deloitte.system.mapper.sys.RoleMapper.selectRoleByUserId [143] -| <==      Total: 1
2020-07-14 13:53:00.024 |-DEBUG [http-nio-8088-exec-10] com.deloitte.system.mapper.sys.RoleMapper.selectRoleByUserId [143] -| ==>  Preparing: SELECT c.id,c.name,c.code FROM `sys_users` a inner join sys_user_role_rel b on a.id = b.user_id inner join sys_roles c on b.role_id = c.id where a.id = ? 
2020-07-14 13:53:00.025 |-DEBUG [http-nio-8088-exec-10] com.deloitte.system.mapper.sys.RoleMapper.selectRoleByUserId [143] -| ==> Parameters: 60(Long)
2020-07-14 13:53:00.026 |-DEBUG [http-nio-8088-exec-4] com.deloitte.system.mapper.customer.ChannelInfoMapper.selectList_COUNT [143] -| ==>  Preparing: SELECT count(0) FROM channel_info c LEFT JOIN sys_users u ON c.create_by = u.id WHERE c.delete_flag = 0 
2020-07-14 13:53:00.027 |-DEBUG [http-nio-8088-exec-1] com.deloitte.system.mapper.sys.UserMapper.selectUserList [143] -| <==      Total: 6
2020-07-14 13:53:00.027 |-DEBUG [http-nio-8088-exec-4] com.deloitte.system.mapper.customer.ChannelInfoMapper.selectList_COUNT [143] -| ==> Parameters: 
2020-07-14 13:53:00.030 |-DEBUG [http-nio-8088-exec-10] com.deloitte.system.mapper.sys.RoleMapper.selectRoleByUserId [143] -| <==      Total: 1
2020-07-14 13:53:00.030 |-DEBUG [http-nio-8088-exec-4] com.deloitte.system.mapper.customer.ChannelInfoMapper.selectList_COUNT [143] -| <==      Total: 1
2020-07-14 13:53:00.032 |-DEBUG [http-nio-8088-exec-4] com.deloitte.system.mapper.customer.ChannelInfoMapper.selectList [143] -| ==>  Preparing: select c.id, channel_name, contact, contact_info, new_amount_rate, renew_amount_rate, payment_type, channel_bank_code, channel_bank_name, payment_code, audit_role, audit_id, c.status, c.create_by, c.create_time, c.update_by, c.update_time, c.disable_flag, c.delete_flag, u.name create_name from channel_info c left join sys_users u on c.create_by = u.id WHERE c.delete_flag = 0 order by c.update_time desc LIMIT ? 
2020-07-14 13:53:00.033 |-DEBUG [http-nio-8088-exec-4] com.deloitte.system.mapper.customer.ChannelInfoMapper.selectList [143] -| ==> Parameters: 10(Integer)
2020-07-14 13:53:00.038 |-DEBUG [http-nio-8088-exec-4] com.deloitte.system.mapper.customer.ChannelInfoMapper.selectList [143] -| <==      Total: 2
2020-07-14 13:53:04.909 |-INFO  [http-nio-8088-exec-10] com.deloitte.system.service.customer.impl.PaymentRecordServiceImpl [65] -| 调用customerList方法，参数为:{"customerCode":"","paymentStatus":"","paymentType":"","status":""}
2020-07-14 13:53:04.938 |-DEBUG [http-nio-8088-exec-10] com.deloitte.system.mapper.sys.RoleMapper.selectRoleByUserId [143] -| ==>  Preparing: SELECT c.id,c.name,c.code FROM `sys_users` a inner join sys_user_role_rel b on a.id = b.user_id inner join sys_roles c on b.role_id = c.id where a.id = ? 
2020-07-14 13:53:04.938 |-DEBUG [http-nio-8088-exec-1] com.deloitte.system.mapper.sys.RoleMapper.selectRoleByUserId [143] -| ==>  Preparing: SELECT c.id,c.name,c.code FROM `sys_users` a inner join sys_user_role_rel b on a.id = b.user_id inner join sys_roles c on b.role_id = c.id where a.id = ? 
2020-07-14 13:53:04.939 |-DEBUG [http-nio-8088-exec-4] com.deloitte.system.mapper.sys.UserMapper.selectUserList [143] -| ==>  Preparing: SELECT u.id, u.NAME, u.login_name, u.PASSWORD, u.create_by, u.create_time, u.update_by, u.update_time, u.disable_flag, u.delete_flag , sg.group_name, sg.id group_id FROM sys_users u left join user_group_rel ugr on u.id = ugr.user_id left join sys_groups sg on sg.id = ugr.group_id WHERE delete_flag = ? 
2020-07-14 13:53:04.939 |-DEBUG [http-nio-8088-exec-1] com.deloitte.system.mapper.sys.RoleMapper.selectRoleByUserId [143] -| ==> Parameters: 60(Long)
2020-07-14 13:53:04.938 |-DEBUG [http-nio-8088-exec-7] com.deloitte.system.mapper.sys.RoleMapper.selectRoleByUserId [143] -| ==>  Preparing: SELECT c.id,c.name,c.code FROM `sys_users` a inner join sys_user_role_rel b on a.id = b.user_id inner join sys_roles c on b.role_id = c.id where a.id = ? 
2020-07-14 13:53:04.939 |-DEBUG [http-nio-8088-exec-10] com.deloitte.system.mapper.sys.RoleMapper.selectRoleByUserId [143] -| ==> Parameters: 60(Long)
2020-07-14 13:53:04.939 |-DEBUG [http-nio-8088-exec-4] com.deloitte.system.mapper.sys.UserMapper.selectUserList [143] -| ==> Parameters: 0(Integer)
2020-07-14 13:53:04.940 |-DEBUG [http-nio-8088-exec-7] com.deloitte.system.mapper.sys.RoleMapper.selectRoleByUserId [143] -| ==> Parameters: 60(Long)
2020-07-14 13:53:04.942 |-DEBUG [http-nio-8088-exec-10] com.deloitte.system.mapper.sys.RoleMapper.selectRoleByUserId [143] -| <==      Total: 1
2020-07-14 13:53:04.942 |-DEBUG [http-nio-8088-exec-1] com.deloitte.system.mapper.sys.RoleMapper.selectRoleByUserId [143] -| <==      Total: 1
2020-07-14 13:53:04.943 |-DEBUG [http-nio-8088-exec-4] com.deloitte.system.mapper.sys.UserMapper.selectUserList [143] -| <==      Total: 6
2020-07-14 13:53:04.944 |-DEBUG [http-nio-8088-exec-7] com.deloitte.system.mapper.sys.RoleMapper.selectRoleByUserId [143] -| <==      Total: 1
2020-07-14 13:53:04.943 |-DEBUG [http-nio-8088-exec-10] com.deloitte.system.mapper.sys.RoleMapper.selectRoleByUserId [143] -| ==>  Preparing: SELECT c.id,c.name,c.code FROM `sys_users` a inner join sys_user_role_rel b on a.id = b.user_id inner join sys_roles c on b.role_id = c.id where a.id = ? 
2020-07-14 13:53:04.946 |-DEBUG [http-nio-8088-exec-10] com.deloitte.system.mapper.sys.RoleMapper.selectRoleByUserId [143] -| ==> Parameters: 60(Long)
2020-07-14 13:53:04.951 |-DEBUG [http-nio-8088-exec-10] com.deloitte.system.mapper.sys.RoleMapper.selectRoleByUserId [143] -| <==      Total: 1
2020-07-14 13:53:04.956 |-DEBUG [http-nio-8088-exec-10] com.deloitte.system.mapper.customer.PaymentRecordMapper.selectList_COUNT [143] -| ==>  Preparing: SELECT count(0) FROM payment_record p LEFT JOIN sys_users u ON p.create_by = u.id WHERE p.delete_flag = 0 
2020-07-14 13:53:04.957 |-DEBUG [http-nio-8088-exec-10] com.deloitte.system.mapper.customer.PaymentRecordMapper.selectList_COUNT [143] -| ==> Parameters: 
2020-07-14 13:53:04.960 |-DEBUG [http-nio-8088-exec-10] com.deloitte.system.mapper.customer.PaymentRecordMapper.selectList_COUNT [143] -| <==      Total: 1
2020-07-14 13:53:04.962 |-DEBUG [http-nio-8088-exec-10] com.deloitte.system.mapper.customer.PaymentRecordMapper.selectList [143] -| ==>  Preparing: select p.id, customer_code, customer_id,customer_type, payment_type, new_amount, new_payment_amount, renew_amount, renew_payment_amount, p.remark, payment_status, payment_audit_role, audit_role, status, p.create_by, p.create_time, p.update_by, p.update_time, p.disable_flag, p.delete_flag, u.name create_name from payment_record p left join sys_users u on p.create_by = u.id WHERE p.delete_flag = 0 order by update_time desc LIMIT ? 
2020-07-14 13:53:04.963 |-DEBUG [http-nio-8088-exec-10] com.deloitte.system.mapper.customer.PaymentRecordMapper.selectList [143] -| ==> Parameters: 10(Integer)
2020-07-14 13:53:04.973 |-DEBUG [http-nio-8088-exec-10] com.deloitte.system.mapper.customer.PaymentRecordMapper.selectList [143] -| <==      Total: 2
2020-07-14 13:53:10.723 |-DEBUG [http-nio-8088-exec-4] com.deloitte.system.mapper.sys.RoleMapper.selectRoleByUserId [143] -| ==>  Preparing: SELECT c.id,c.name,c.code FROM `sys_users` a inner join sys_user_role_rel b on a.id = b.user_id inner join sys_roles c on b.role_id = c.id where a.id = ? 
2020-07-14 13:53:10.724 |-DEBUG [http-nio-8088-exec-4] com.deloitte.system.mapper.sys.RoleMapper.selectRoleByUserId [143] -| ==> Parameters: 60(Long)
2020-07-14 13:53:10.724 |-DEBUG [http-nio-8088-exec-7] com.deloitte.system.mapper.sys.RoleMapper.selectRoleByUserId [143] -| ==>  Preparing: SELECT c.id,c.name,c.code FROM `sys_users` a inner join sys_user_role_rel b on a.id = b.user_id inner join sys_roles c on b.role_id = c.id where a.id = ? 
2020-07-14 13:53:10.725 |-DEBUG [http-nio-8088-exec-7] com.deloitte.system.mapper.sys.RoleMapper.selectRoleByUserId [143] -| ==> Parameters: 60(Long)
2020-07-14 13:53:10.727 |-DEBUG [http-nio-8088-exec-4] com.deloitte.system.mapper.sys.RoleMapper.selectRoleByUserId [143] -| <==      Total: 1
2020-07-14 13:53:10.729 |-DEBUG [http-nio-8088-exec-7] com.deloitte.system.mapper.sys.RoleMapper.selectRoleByUserId [143] -| <==      Total: 1
2020-07-14 13:53:10.735 |-INFO  [http-nio-8088-exec-1] com.deloitte.system.service.customer.impl.PaymentRecordServiceImpl [65] -| 调用customerList方法，参数为:{"customerCode":"","paymentStatus":"","paymentType":"","status":""}
2020-07-14 13:53:10.741 |-DEBUG [http-nio-8088-exec-1] com.deloitte.system.mapper.sys.RoleMapper.selectRoleByUserId [143] -| ==>  Preparing: SELECT c.id,c.name,c.code FROM `sys_users` a inner join sys_user_role_rel b on a.id = b.user_id inner join sys_roles c on b.role_id = c.id where a.id = ? 
2020-07-14 13:53:10.742 |-DEBUG [http-nio-8088-exec-1] com.deloitte.system.mapper.sys.RoleMapper.selectRoleByUserId [143] -| ==> Parameters: 60(Long)
2020-07-14 13:53:10.745 |-DEBUG [http-nio-8088-exec-1] com.deloitte.system.mapper.sys.RoleMapper.selectRoleByUserId [143] -| <==      Total: 1
2020-07-14 13:53:10.746 |-DEBUG [http-nio-8088-exec-1] com.deloitte.system.mapper.sys.RoleMapper.selectRoleByUserId [143] -| ==>  Preparing: SELECT c.id,c.name,c.code FROM `sys_users` a inner join sys_user_role_rel b on a.id = b.user_id inner join sys_roles c on b.role_id = c.id where a.id = ? 
2020-07-14 13:53:10.747 |-DEBUG [http-nio-8088-exec-1] com.deloitte.system.mapper.sys.RoleMapper.selectRoleByUserId [143] -| ==> Parameters: 60(Long)
2020-07-14 13:53:10.751 |-DEBUG [http-nio-8088-exec-1] com.deloitte.system.mapper.sys.RoleMapper.selectRoleByUserId [143] -| <==      Total: 1
2020-07-14 13:53:10.755 |-DEBUG [http-nio-8088-exec-10] com.deloitte.system.mapper.sys.UserMapper.selectUserList [143] -| ==>  Preparing: SELECT u.id, u.NAME, u.login_name, u.PASSWORD, u.create_by, u.create_time, u.update_by, u.update_time, u.disable_flag, u.delete_flag , sg.group_name, sg.id group_id FROM sys_users u left join user_group_rel ugr on u.id = ugr.user_id left join sys_groups sg on sg.id = ugr.group_id WHERE delete_flag = ? 
2020-07-14 13:53:10.756 |-DEBUG [http-nio-8088-exec-10] com.deloitte.system.mapper.sys.UserMapper.selectUserList [143] -| ==> Parameters: 0(Integer)
2020-07-14 13:53:10.757 |-DEBUG [http-nio-8088-exec-1] com.deloitte.system.mapper.customer.PaymentRecordMapper.selectList_COUNT [143] -| ==>  Preparing: SELECT count(0) FROM payment_record p LEFT JOIN sys_users u ON p.create_by = u.id WHERE p.delete_flag = 0 
2020-07-14 13:53:10.759 |-DEBUG [http-nio-8088-exec-1] com.deloitte.system.mapper.customer.PaymentRecordMapper.selectList_COUNT [143] -| ==> Parameters: 
2020-07-14 13:53:10.761 |-DEBUG [http-nio-8088-exec-10] com.deloitte.system.mapper.sys.UserMapper.selectUserList [143] -| <==      Total: 6
2020-07-14 13:53:10.765 |-DEBUG [http-nio-8088-exec-1] com.deloitte.system.mapper.customer.PaymentRecordMapper.selectList_COUNT [143] -| <==      Total: 1
2020-07-14 13:53:10.766 |-DEBUG [http-nio-8088-exec-1] com.deloitte.system.mapper.customer.PaymentRecordMapper.selectList [143] -| ==>  Preparing: select p.id, customer_code, customer_id,customer_type, payment_type, new_amount, new_payment_amount, renew_amount, renew_payment_amount, p.remark, payment_status, payment_audit_role, audit_role, status, p.create_by, p.create_time, p.update_by, p.update_time, p.disable_flag, p.delete_flag, u.name create_name from payment_record p left join sys_users u on p.create_by = u.id WHERE p.delete_flag = 0 order by update_time desc LIMIT ? 
2020-07-14 13:53:10.767 |-DEBUG [http-nio-8088-exec-1] com.deloitte.system.mapper.customer.PaymentRecordMapper.selectList [143] -| ==> Parameters: 10(Integer)
2020-07-14 13:53:10.772 |-DEBUG [http-nio-8088-exec-1] com.deloitte.system.mapper.customer.PaymentRecordMapper.selectList [143] -| <==      Total: 2
2020-07-14 13:55:08.359 |-DEBUG [http-nio-8088-exec-2] com.deloitte.system.mapper.sys.RoleMapper.selectRoleByUserId [143] -| ==>  Preparing: SELECT c.id,c.name,c.code FROM `sys_users` a inner join sys_user_role_rel b on a.id = b.user_id inner join sys_roles c on b.role_id = c.id where a.id = ? 
2020-07-14 13:55:08.360 |-DEBUG [http-nio-8088-exec-2] com.deloitte.system.mapper.sys.RoleMapper.selectRoleByUserId [143] -| ==> Parameters: 60(Long)
2020-07-14 13:55:08.361 |-INFO  [http-nio-8088-exec-6] com.deloitte.system.service.customer.impl.PaymentRecordServiceImpl [65] -| 调用customerList方法，参数为:{"customerCode":"","endDate":"","paymentType":"","startDate":""}
2020-07-14 13:55:08.364 |-DEBUG [http-nio-8088-exec-2] com.deloitte.system.mapper.sys.RoleMapper.selectRoleByUserId [143] -| <==      Total: 1
2020-07-14 13:55:08.365 |-DEBUG [http-nio-8088-exec-6] com.deloitte.system.mapper.sys.RoleMapper.selectRoleByUserId [143] -| ==>  Preparing: SELECT c.id,c.name,c.code FROM `sys_users` a inner join sys_user_role_rel b on a.id = b.user_id inner join sys_roles c on b.role_id = c.id where a.id = ? 
2020-07-14 13:55:08.366 |-DEBUG [http-nio-8088-exec-6] com.deloitte.system.mapper.sys.RoleMapper.selectRoleByUserId [143] -| ==> Parameters: 60(Long)
2020-07-14 13:55:08.366 |-INFO  [http-nio-8088-exec-8] com.deloitte.system.service.customer.impl.PaymentRecordServiceImpl [330] -| 调用paymentInfoData方法，参数为:{"customerCode":"","endDate":"","paymentType":"","startDate":""}
2020-07-14 13:55:08.369 |-DEBUG [http-nio-8088-exec-6] com.deloitte.system.mapper.sys.RoleMapper.selectRoleByUserId [143] -| <==      Total: 1
2020-07-14 13:55:08.371 |-DEBUG [http-nio-8088-exec-6] com.deloitte.system.mapper.sys.RoleMapper.selectRoleByUserId [143] -| ==>  Preparing: SELECT c.id,c.name,c.code FROM `sys_users` a inner join sys_user_role_rel b on a.id = b.user_id inner join sys_roles c on b.role_id = c.id where a.id = ? 
2020-07-14 13:55:08.371 |-DEBUG [http-nio-8088-exec-8] com.deloitte.system.mapper.sys.RoleMapper.selectRoleByUserId [143] -| ==>  Preparing: SELECT c.id,c.name,c.code FROM `sys_users` a inner join sys_user_role_rel b on a.id = b.user_id inner join sys_roles c on b.role_id = c.id where a.id = ? 
2020-07-14 13:55:08.372 |-DEBUG [http-nio-8088-exec-6] com.deloitte.system.mapper.sys.RoleMapper.selectRoleByUserId [143] -| ==> Parameters: 60(Long)
2020-07-14 13:55:08.373 |-DEBUG [http-nio-8088-exec-8] com.deloitte.system.mapper.sys.RoleMapper.selectRoleByUserId [143] -| ==> Parameters: 60(Long)
2020-07-14 13:55:08.376 |-DEBUG [http-nio-8088-exec-8] com.deloitte.system.mapper.sys.RoleMapper.selectRoleByUserId [143] -| <==      Total: 1
2020-07-14 13:55:08.376 |-DEBUG [http-nio-8088-exec-6] com.deloitte.system.mapper.sys.RoleMapper.selectRoleByUserId [143] -| <==      Total: 1
2020-07-14 13:55:08.809 |-DEBUG [http-nio-8088-exec-8] com.deloitte.system.mapper.customer.PaymentRecordMapper.paymentInfoData [143] -| ==>  Preparing: SELECT * FROM ( SELECT COUNT(DISTINCT customer_code) customerAccountNum from payment_record WHERE delete_flag =0 ) t LEFT JOIN ( SELECT IFNULL(SUM(new_amount),0) newAmountTotal, IFNULL(SUM(renew_amount),0) renewAmountTotal from payment_record where delete_flag =0 ) t1 ON 1=1 
2020-07-14 13:55:08.810 |-DEBUG [http-nio-8088-exec-8] com.deloitte.system.mapper.customer.PaymentRecordMapper.paymentInfoData [143] -| ==> Parameters: 
2020-07-14 13:55:08.813 |-DEBUG [http-nio-8088-exec-8] com.deloitte.system.mapper.customer.PaymentRecordMapper.paymentInfoData [143] -| <==      Total: 1
2020-07-14 13:55:08.832 |-DEBUG [http-nio-8088-exec-3] com.deloitte.system.mapper.sys.UserMapper.selectUserList [143] -| ==>  Preparing: SELECT u.id, u.NAME, u.login_name, u.PASSWORD, u.create_by, u.create_time, u.update_by, u.update_time, u.disable_flag, u.delete_flag , sg.group_name, sg.id group_id FROM sys_users u left join user_group_rel ugr on u.id = ugr.user_id left join sys_groups sg on sg.id = ugr.group_id WHERE delete_flag = ? 
2020-07-14 13:55:08.833 |-DEBUG [http-nio-8088-exec-3] com.deloitte.system.mapper.sys.UserMapper.selectUserList [143] -| ==> Parameters: 0(Integer)
2020-07-14 13:55:08.837 |-DEBUG [http-nio-8088-exec-3] com.deloitte.system.mapper.sys.UserMapper.selectUserList [143] -| <==      Total: 6
2020-07-14 13:55:08.846 |-DEBUG [http-nio-8088-exec-6] com.deloitte.system.mapper.customer.PaymentRecordMapper.selectList_COUNT [143] -| ==>  Preparing: SELECT count(0) FROM payment_record p LEFT JOIN sys_users u ON p.create_by = u.id WHERE p.delete_flag = 0 
2020-07-14 13:55:08.847 |-DEBUG [http-nio-8088-exec-6] com.deloitte.system.mapper.customer.PaymentRecordMapper.selectList_COUNT [143] -| ==> Parameters: 
2020-07-14 13:55:08.850 |-DEBUG [http-nio-8088-exec-6] com.deloitte.system.mapper.customer.PaymentRecordMapper.selectList_COUNT [143] -| <==      Total: 1
2020-07-14 13:55:08.851 |-DEBUG [http-nio-8088-exec-6] com.deloitte.system.mapper.customer.PaymentRecordMapper.selectList [143] -| ==>  Preparing: select p.id, customer_code, customer_id,customer_type, payment_type, new_amount, new_payment_amount, renew_amount, renew_payment_amount, p.remark, payment_status, payment_audit_role, audit_role, status, p.create_by, p.create_time, p.update_by, p.update_time, p.disable_flag, p.delete_flag, u.name create_name from payment_record p left join sys_users u on p.create_by = u.id WHERE p.delete_flag = 0 order by update_time desc LIMIT ? 
2020-07-14 13:55:08.852 |-DEBUG [http-nio-8088-exec-6] com.deloitte.system.mapper.customer.PaymentRecordMapper.selectList [143] -| ==> Parameters: 10(Integer)
2020-07-14 13:55:08.859 |-DEBUG [http-nio-8088-exec-6] com.deloitte.system.mapper.customer.PaymentRecordMapper.selectList [143] -| <==      Total: 2
2020-07-14 14:05:07.921 |-INFO  [http-nio-8088-exec-9] com.deloitte.system.service.customer.impl.PaymentRecordServiceImpl [222] -| 调用exportPaymentData方法，参数为：{}
2020-07-14 14:05:08.717 |-DEBUG [http-nio-8088-exec-9] com.deloitte.system.mapper.sys.RoleMapper.selectRoleByUserId [143] -| ==>  Preparing: SELECT c.id,c.name,c.code FROM `sys_users` a inner join sys_user_role_rel b on a.id = b.user_id inner join sys_roles c on b.role_id = c.id where a.id = ? 
2020-07-14 14:05:08.717 |-DEBUG [http-nio-8088-exec-9] com.deloitte.system.mapper.sys.RoleMapper.selectRoleByUserId [143] -| ==> Parameters: 60(Long)
2020-07-14 14:05:08.720 |-DEBUG [http-nio-8088-exec-9] com.deloitte.system.mapper.sys.RoleMapper.selectRoleByUserId [143] -| <==      Total: 1
2020-07-14 14:05:08.721 |-DEBUG [http-nio-8088-exec-9] com.deloitte.system.mapper.sys.RoleMapper.selectRoleByUserId [143] -| ==>  Preparing: SELECT c.id,c.name,c.code FROM `sys_users` a inner join sys_user_role_rel b on a.id = b.user_id inner join sys_roles c on b.role_id = c.id where a.id = ? 
2020-07-14 14:05:08.722 |-DEBUG [http-nio-8088-exec-9] com.deloitte.system.mapper.sys.RoleMapper.selectRoleByUserId [143] -| ==> Parameters: 60(Long)
2020-07-14 14:05:08.725 |-DEBUG [http-nio-8088-exec-9] com.deloitte.system.mapper.sys.RoleMapper.selectRoleByUserId [143] -| <==      Total: 1
2020-07-14 14:05:08.727 |-DEBUG [http-nio-8088-exec-9] com.deloitte.system.mapper.customer.PaymentRecordMapper.selectExportData [143] -| ==>  Preparing: SELECT p.id, p.customer_code, p.customer_id, p.customer_type, p.payment_type, p.new_amount, p.new_payment_amount, p.renew_amount, p.renew_payment_amount, p.remark, p.payment_status, p.payment_audit_role, p.status, DATE_FORMAT(p.create_time, '%Y-%m-%d') create_time, u.name create_name, if(p.customer_type='channel',ci.channel_bank_code,c.customer_bank_code) customer_bank_code, if(p.customer_type='channel',ci.payment_code,c.payment_code) payment_code FROM payment_record p LEFT JOIN sys_users u ON p.create_by = u.id LEFT JOIN customer_info c ON c.id = p.customer_id LEFT JOIN channel_customer_info cc on cc.id = p.customer_id LEFT JOIN channel_info ci on ci.id = cc.channel_id WHERE p.delete_flag = 0 
2020-07-14 14:05:08.727 |-DEBUG [http-nio-8088-exec-9] com.deloitte.system.mapper.customer.PaymentRecordMapper.selectExportData [143] -| ==> Parameters: 
2020-07-14 14:05:08.732 |-DEBUG [http-nio-8088-exec-9] com.deloitte.system.mapper.customer.PaymentRecordMapper.selectExportData [143] -| <==      Total: 2
2020-07-14 14:08:17.896 |-INFO  [http-nio-8088-exec-8] com.deloitte.system.service.customer.impl.PaymentRecordServiceImpl [222] -| 调用exportPaymentData方法，参数为：{}
2020-07-14 14:08:17.916 |-DEBUG [http-nio-8088-exec-8] com.deloitte.system.mapper.sys.RoleMapper.selectRoleByUserId [143] -| ==>  Preparing: SELECT c.id,c.name,c.code FROM `sys_users` a inner join sys_user_role_rel b on a.id = b.user_id inner join sys_roles c on b.role_id = c.id where a.id = ? 
2020-07-14 14:08:17.918 |-DEBUG [http-nio-8088-exec-8] com.deloitte.system.mapper.sys.RoleMapper.selectRoleByUserId [143] -| ==> Parameters: 60(Long)
2020-07-14 14:08:17.925 |-DEBUG [http-nio-8088-exec-8] com.deloitte.system.mapper.sys.RoleMapper.selectRoleByUserId [143] -| <==      Total: 1
2020-07-14 14:08:17.925 |-DEBUG [http-nio-8088-exec-8] com.deloitte.system.mapper.sys.RoleMapper.selectRoleByUserId [143] -| ==>  Preparing: SELECT c.id,c.name,c.code FROM `sys_users` a inner join sys_user_role_rel b on a.id = b.user_id inner join sys_roles c on b.role_id = c.id where a.id = ? 
2020-07-14 14:08:17.926 |-DEBUG [http-nio-8088-exec-8] com.deloitte.system.mapper.sys.RoleMapper.selectRoleByUserId [143] -| ==> Parameters: 60(Long)
2020-07-14 14:08:17.929 |-DEBUG [http-nio-8088-exec-8] com.deloitte.system.mapper.sys.RoleMapper.selectRoleByUserId [143] -| <==      Total: 1
2020-07-14 14:08:17.931 |-DEBUG [http-nio-8088-exec-8] com.deloitte.system.mapper.customer.PaymentRecordMapper.selectExportData [143] -| ==>  Preparing: SELECT p.id, p.customer_code, p.customer_id, p.customer_type, p.payment_type, p.new_amount, p.new_payment_amount, p.renew_amount, p.renew_payment_amount, p.remark, p.payment_status, p.payment_audit_role, p.status, DATE_FORMAT(p.create_time, '%Y-%m-%d') create_time, u.name create_name, if(p.customer_type='channel',ci.channel_bank_code,c.customer_bank_code) customer_bank_code, if(p.customer_type='channel',ci.payment_code,c.payment_code) payment_code FROM payment_record p LEFT JOIN sys_users u ON p.create_by = u.id LEFT JOIN customer_info c ON c.id = p.customer_id LEFT JOIN channel_customer_info cc on cc.id = p.customer_id LEFT JOIN channel_info ci on ci.id = cc.channel_id WHERE p.delete_flag = 0 
2020-07-14 14:08:17.931 |-DEBUG [http-nio-8088-exec-8] com.deloitte.system.mapper.customer.PaymentRecordMapper.selectExportData [143] -| ==> Parameters: 
2020-07-14 14:08:17.936 |-DEBUG [http-nio-8088-exec-8] com.deloitte.system.mapper.customer.PaymentRecordMapper.selectExportData [143] -| <==      Total: 2
2020-07-14 14:10:22.374 |-DEBUG [http-nio-8088-exec-9] com.deloitte.system.mapper.sys.UserMapper.selectUserList [143] -| ==>  Preparing: SELECT u.id, u.NAME, u.login_name, u.PASSWORD, u.create_by, u.create_time, u.update_by, u.update_time, u.disable_flag, u.delete_flag , sg.group_name, sg.id group_id FROM sys_users u left join user_group_rel ugr on u.id = ugr.user_id left join sys_groups sg on sg.id = ugr.group_id WHERE delete_flag = ? 
2020-07-14 14:10:22.375 |-DEBUG [http-nio-8088-exec-9] com.deloitte.system.mapper.sys.UserMapper.selectUserList [143] -| ==> Parameters: 0(Integer)
2020-07-14 14:10:22.380 |-DEBUG [http-nio-8088-exec-9] com.deloitte.system.mapper.sys.UserMapper.selectUserList [143] -| <==      Total: 6
2020-07-14 14:10:22.394 |-INFO  [http-nio-8088-exec-1] com.deloitte.system.service.customer.impl.PaymentRecordServiceImpl [156] -| 调用paymentAuditList方法，参数为:{"customerCode":"","paymentType":""}
2020-07-14 14:10:22.395 |-DEBUG [http-nio-8088-exec-1] com.deloitte.system.mapper.sys.RoleMapper.selectRoleByUserId [143] -| ==>  Preparing: SELECT c.id,c.name,c.code FROM `sys_users` a inner join sys_user_role_rel b on a.id = b.user_id inner join sys_roles c on b.role_id = c.id where a.id = ? 
2020-07-14 14:10:22.396 |-DEBUG [http-nio-8088-exec-1] com.deloitte.system.mapper.sys.RoleMapper.selectRoleByUserId [143] -| ==> Parameters: 60(Long)
2020-07-14 14:10:22.400 |-DEBUG [http-nio-8088-exec-1] com.deloitte.system.mapper.sys.RoleMapper.selectRoleByUserId [143] -| <==      Total: 1
2020-07-14 14:10:22.411 |-DEBUG [http-nio-8088-exec-1] com.deloitte.system.mapper.customer.PaymentRecordEditMapper.selectList_COUNT [143] -| ==>  Preparing: SELECT count(0) FROM payment_record_edit p LEFT JOIN sys_users u ON p.create_by = u.id WHERE p.delete_flag = 0 AND p.audit_role = ? 
2020-07-14 14:10:22.412 |-DEBUG [http-nio-8088-exec-1] com.deloitte.system.mapper.customer.PaymentRecordEditMapper.selectList_COUNT [143] -| ==> Parameters: admin(String)
2020-07-14 14:10:22.416 |-DEBUG [http-nio-8088-exec-1] com.deloitte.system.mapper.customer.PaymentRecordEditMapper.selectList_COUNT [143] -| <==      Total: 1
2020-07-14 14:34:17.416 |-INFO  [Thread-3] org.springframework.scheduling.concurrent.ThreadPoolTaskExecutor [208] -| Shutting down ExecutorService 'applicationTaskExecutor'
2020-07-14 14:34:17.420 |-INFO  [Thread-3] com.zaxxer.hikari.HikariDataSource [350] -| HikariPool-1 - Shutdown initiated...
2020-07-14 14:34:17.435 |-INFO  [Thread-3] com.zaxxer.hikari.HikariDataSource [352] -| HikariPool-1 - Shutdown completed.
2020-07-14 14:34:29.019 |-INFO  [main] com.deloitte.InformationManageApplication [50] -| Starting InformationManageApplication on CNPC0SFXTC with PID 16720 (D:\workspace\Idea_workspace\customer_manage\im\im-system\target\classes started by dqiao in D:\workspace\Idea_workspace\customer_manage\im)
2020-07-14 14:34:29.030 |-INFO  [main] com.deloitte.InformationManageApplication [675] -| No active profile set, falling back to default profiles: default
2020-07-14 14:34:38.936 |-INFO  [main] org.springframework.boot.web.embedded.tomcat.TomcatWebServer [90] -| Tomcat initialized with port(s): 8088 (http)
2020-07-14 14:34:38.969 |-INFO  [main] org.apache.coyote.http11.Http11NioProtocol [173] -| Initializing ProtocolHandler ["http-nio-8088"]
2020-07-14 14:34:38.993 |-INFO  [main] org.apache.catalina.core.StandardService [173] -| Starting service [Tomcat]
2020-07-14 14:34:38.993 |-INFO  [main] org.apache.catalina.core.StandardEngine [173] -| Starting Servlet engine: [Apache Tomcat/9.0.17]
2020-07-14 14:34:39.449 |-INFO  [main] org.apache.catalina.core.ContainerBase.[Tomcat].[localhost].[/survey/dev/im] [173] -| Initializing Spring embedded WebApplicationContext
2020-07-14 14:34:39.450 |-INFO  [main] org.springframework.web.context.ContextLoader [296] -| Root WebApplicationContext: initialization completed in 10275 ms
2020-07-14 14:34:42.875 |-INFO  [main] com.deloitte.framework.security.provisioning.CustomerJdbcUserDetailsManager [138] -| No authentication manager set. Reauthentication of users when changing passwords will not be performed.
2020-07-14 14:34:43.347 |-INFO  [main] org.springframework.scheduling.concurrent.ThreadPoolTaskExecutor [171] -| Initializing ExecutorService 'applicationTaskExecutor'
2020-07-14 14:34:45.146 |-INFO  [main] org.springframework.security.web.DefaultSecurityFilterChain [43] -| Creating filter chain: any request, [org.springframework.security.web.context.request.async.WebAsyncManagerIntegrationFilter@6ed18d80, org.springframework.security.web.context.SecurityContextPersistenceFilter@103c97ff, org.springframework.security.web.header.HeaderWriterFilter@5b0902b4, org.springframework.security.web.authentication.logout.LogoutFilter@c97721b, org.springframework.security.web.authentication.UsernamePasswordAuthenticationFilter@2aa5bd48, org.springframework.security.web.savedrequest.RequestCacheAwareFilter@c14e5a5, org.springframework.security.web.servletapi.SecurityContextHolderAwareRequestFilter@2baf72d5, org.springframework.security.web.authentication.AnonymousAuthenticationFilter@4c24f3a2, org.springframework.security.web.session.SessionManagementFilter@2f04993d, org.springframework.security.web.access.ExceptionTranslationFilter@165614f5, org.springframework.security.web.access.intercept.FilterSecurityInterceptor@133aacbe]
2020-07-14 14:34:45.502 |-INFO  [main] org.apache.coyote.http11.Http11NioProtocol [173] -| Starting ProtocolHandler ["http-nio-8088"]
2020-07-14 14:34:45.649 |-INFO  [main] org.springframework.boot.web.embedded.tomcat.TomcatWebServer [204] -| Tomcat started on port(s): 8088 (http) with context path '/survey/dev/im'
2020-07-14 14:34:45.697 |-INFO  [main] com.deloitte.InformationManageApplication [59] -| Started InformationManageApplication in 18.08 seconds (JVM running for 19.735)
2020-07-14 14:35:31.052 |-INFO  [http-nio-8088-exec-8] org.apache.catalina.core.ContainerBase.[Tomcat].[localhost].[/survey/dev/im] [173] -| Initializing Spring DispatcherServlet 'dispatcherServlet'
2020-07-14 14:35:31.052 |-INFO  [http-nio-8088-exec-8] org.springframework.web.servlet.DispatcherServlet [524] -| Initializing Servlet 'dispatcherServlet'
2020-07-14 14:35:31.125 |-INFO  [http-nio-8088-exec-8] org.springframework.web.servlet.DispatcherServlet [546] -| Completed initialization in 73 ms
2020-07-14 14:35:40.383 |-INFO  [http-nio-8088-exec-5] com.zaxxer.hikari.HikariDataSource [110] -| HikariPool-1 - Starting...
2020-07-14 14:35:40.702 |-INFO  [http-nio-8088-exec-5] com.zaxxer.hikari.HikariDataSource [123] -| HikariPool-1 - Start completed.
2020-07-14 14:35:40.902 |-DEBUG [http-nio-8088-exec-9] com.deloitte.system.mapper.sys.MenuMapper.getMenuByUserId [143] -| ==>  Preparing: select distinct m.id, m.name, m.type, m.permission, m.url, m.order_num, m.parent_id, m.visible, m.icon, m.create_by, m.create_time, m.update_by, m.update_time, m.disable_flag, m.delete_flag from sys_menus m inner join sys_role_menu_rel rm on m.id = rm.menu_id inner join sys_user_role_rel ur on ur.role_id = rm.role_id inner join sys_roles r on r.id = ur.role_id where ur.user_id = ? and m.type in('catalog', 'menu') and m.visible=1 and m.delete_flag = 0 and r.disable_flag = 0 and r.delete_flag = 0 order by m.order_num asc 
2020-07-14 14:35:40.938 |-DEBUG [http-nio-8088-exec-9] com.deloitte.system.mapper.sys.MenuMapper.getMenuByUserId [143] -| ==> Parameters: 60(Long)
2020-07-14 14:35:40.999 |-DEBUG [http-nio-8088-exec-9] com.deloitte.system.mapper.sys.MenuMapper.getMenuByUserId [143] -| <==      Total: 22
2020-07-14 14:35:41.040 |-DEBUG [http-nio-8088-exec-9] com.deloitte.system.mapper.sys.RoleMapper.selectRoleByUserId [143] -| ==>  Preparing: SELECT c.id,c.name,c.code FROM `sys_users` a inner join sys_user_role_rel b on a.id = b.user_id inner join sys_roles c on b.role_id = c.id where a.id = ? 
2020-07-14 14:35:41.043 |-DEBUG [http-nio-8088-exec-9] com.deloitte.system.mapper.sys.RoleMapper.selectRoleByUserId [143] -| ==> Parameters: 60(Long)
2020-07-14 14:35:41.065 |-DEBUG [http-nio-8088-exec-9] com.deloitte.system.mapper.sys.RoleMapper.selectRoleByUserId [143] -| <==      Total: 1
2020-07-14 14:35:41.067 |-DEBUG [http-nio-8088-exec-9] com.deloitte.system.mapper.sys.UserMapper.selectUserById [143] -| ==>  Preparing: select id, name, login_name, password, create_by, create_time, update_by, update_time, disable_flag, delete_flag from sys_users where id = ? 
2020-07-14 14:35:41.068 |-DEBUG [http-nio-8088-exec-9] com.deloitte.system.mapper.sys.UserMapper.selectUserById [143] -| ==> Parameters: 60(Long)
2020-07-14 14:35:41.076 |-DEBUG [http-nio-8088-exec-9] com.deloitte.system.mapper.sys.UserMapper.selectUserById [143] -| <==      Total: 1
2020-07-14 14:35:41.079 |-DEBUG [http-nio-8088-exec-9] com.deloitte.system.mapper.sys.GroupMapper.selectGroupByUserId [143] -| ==>  Preparing: SELECT * FROM `sys_groups` a inner join user_group_rel b on a.id = b.group_id INNER JOIN sys_users c on c.id = b.user_id where b.user_id = ? 
2020-07-14 14:35:41.080 |-DEBUG [http-nio-8088-exec-9] com.deloitte.system.mapper.sys.GroupMapper.selectGroupByUserId [143] -| ==> Parameters: 60(Long)
2020-07-14 14:35:41.086 |-DEBUG [http-nio-8088-exec-9] com.deloitte.system.mapper.sys.GroupMapper.selectGroupByUserId [143] -| <==      Total: 1
2020-07-14 14:35:43.444 |-DEBUG [http-nio-8088-exec-3] com.deloitte.system.mapper.sys.RoleMapper.selectRoleByUserId [143] -| ==>  Preparing: SELECT c.id,c.name,c.code FROM `sys_users` a inner join sys_user_role_rel b on a.id = b.user_id inner join sys_roles c on b.role_id = c.id where a.id = ? 
2020-07-14 14:35:43.445 |-DEBUG [http-nio-8088-exec-3] com.deloitte.system.mapper.sys.RoleMapper.selectRoleByUserId [143] -| ==> Parameters: 60(Long)
2020-07-14 14:35:43.449 |-DEBUG [http-nio-8088-exec-3] com.deloitte.system.mapper.sys.RoleMapper.selectRoleByUserId [143] -| <==      Total: 1
2020-07-14 14:35:43.551 |-DEBUG [http-nio-8088-exec-1] com.deloitte.system.mapper.sys.UserMapper.selectUserList [143] -| ==>  Preparing: SELECT u.id, u.NAME, u.login_name, u.PASSWORD, u.create_by, u.create_time, u.update_by, u.update_time, u.disable_flag, u.delete_flag , sg.group_name, sg.id group_id FROM sys_users u left join user_group_rel ugr on u.id = ugr.user_id left join sys_groups sg on sg.id = ugr.group_id WHERE delete_flag = ? 
2020-07-14 14:35:43.552 |-DEBUG [http-nio-8088-exec-1] com.deloitte.system.mapper.sys.UserMapper.selectUserList [143] -| ==> Parameters: 0(Integer)
2020-07-14 14:35:43.562 |-DEBUG [http-nio-8088-exec-1] com.deloitte.system.mapper.sys.UserMapper.selectUserList [143] -| <==      Total: 6
2020-07-14 14:35:43.805 |-INFO  [http-nio-8088-exec-8] com.deloitte.system.service.customer.impl.ChannelManageServiceImpl [187] -| 调用channelList方法，参数为:{"channelName":"","contactInfo":"","paymentType":"","status":""}
2020-07-14 14:35:43.806 |-DEBUG [http-nio-8088-exec-8] com.deloitte.system.mapper.sys.RoleMapper.selectRoleByUserId [143] -| ==>  Preparing: SELECT c.id,c.name,c.code FROM `sys_users` a inner join sys_user_role_rel b on a.id = b.user_id inner join sys_roles c on b.role_id = c.id where a.id = ? 
2020-07-14 14:35:43.809 |-DEBUG [http-nio-8088-exec-8] com.deloitte.system.mapper.sys.RoleMapper.selectRoleByUserId [143] -| ==> Parameters: 60(Long)
2020-07-14 14:35:43.815 |-DEBUG [http-nio-8088-exec-8] com.deloitte.system.mapper.sys.RoleMapper.selectRoleByUserId [143] -| <==      Total: 1
2020-07-14 14:35:44.084 |-DEBUG [http-nio-8088-exec-8] com.deloitte.system.mapper.customer.ChannelInfoMapper.selectList_COUNT [143] -| ==>  Preparing: SELECT count(0) FROM channel_info c LEFT JOIN sys_users u ON c.create_by = u.id WHERE c.delete_flag = 0 
2020-07-14 14:35:44.085 |-DEBUG [http-nio-8088-exec-8] com.deloitte.system.mapper.customer.ChannelInfoMapper.selectList_COUNT [143] -| ==> Parameters: 
2020-07-14 14:35:44.093 |-DEBUG [http-nio-8088-exec-8] com.deloitte.system.mapper.customer.ChannelInfoMapper.selectList_COUNT [143] -| <==      Total: 1
2020-07-14 14:35:44.098 |-DEBUG [http-nio-8088-exec-8] com.deloitte.system.mapper.customer.ChannelInfoMapper.selectList [143] -| ==>  Preparing: select c.id, channel_name, contact, contact_info, new_amount_rate, renew_amount_rate, payment_type, channel_bank_code, channel_bank_name, payment_code, audit_role, audit_id, c.status, c.create_by, c.create_time, c.update_by, c.update_time, c.disable_flag, c.delete_flag, u.name create_name from channel_info c left join sys_users u on c.create_by = u.id WHERE c.delete_flag = 0 order by c.update_time desc LIMIT ? 
2020-07-14 14:35:44.099 |-DEBUG [http-nio-8088-exec-8] com.deloitte.system.mapper.customer.ChannelInfoMapper.selectList [143] -| ==> Parameters: 10(Integer)
2020-07-14 14:35:44.109 |-DEBUG [http-nio-8088-exec-8] com.deloitte.system.mapper.customer.ChannelInfoMapper.selectList [143] -| <==      Total: 2
2020-07-14 14:35:48.488 |-DEBUG [http-nio-8088-exec-10] com.deloitte.system.mapper.sys.RoleMapper.selectRoleByUserId [143] -| ==>  Preparing: SELECT c.id,c.name,c.code FROM `sys_users` a inner join sys_user_role_rel b on a.id = b.user_id inner join sys_roles c on b.role_id = c.id where a.id = ? 
2020-07-14 14:35:48.489 |-DEBUG [http-nio-8088-exec-10] com.deloitte.system.mapper.sys.RoleMapper.selectRoleByUserId [143] -| ==> Parameters: 60(Long)
2020-07-14 14:35:48.494 |-DEBUG [http-nio-8088-exec-10] com.deloitte.system.mapper.sys.RoleMapper.selectRoleByUserId [143] -| <==      Total: 1
2020-07-14 14:35:48.501 |-DEBUG [http-nio-8088-exec-3] com.deloitte.system.mapper.sys.RoleMapper.selectRoleByUserId [143] -| ==>  Preparing: SELECT c.id,c.name,c.code FROM `sys_users` a inner join sys_user_role_rel b on a.id = b.user_id inner join sys_roles c on b.role_id = c.id where a.id = ? 
2020-07-14 14:35:48.502 |-DEBUG [http-nio-8088-exec-3] com.deloitte.system.mapper.sys.RoleMapper.selectRoleByUserId [143] -| ==> Parameters: 60(Long)
2020-07-14 14:35:48.507 |-DEBUG [http-nio-8088-exec-3] com.deloitte.system.mapper.sys.RoleMapper.selectRoleByUserId [143] -| <==      Total: 1
2020-07-14 14:35:48.533 |-DEBUG [http-nio-8088-exec-2] com.deloitte.system.mapper.sys.UserMapper.selectUserList [143] -| ==>  Preparing: SELECT u.id, u.NAME, u.login_name, u.PASSWORD, u.create_by, u.create_time, u.update_by, u.update_time, u.disable_flag, u.delete_flag , sg.group_name, sg.id group_id FROM sys_users u left join user_group_rel ugr on u.id = ugr.user_id left join sys_groups sg on sg.id = ugr.group_id WHERE delete_flag = ? 
2020-07-14 14:35:48.542 |-DEBUG [http-nio-8088-exec-2] com.deloitte.system.mapper.sys.UserMapper.selectUserList [143] -| ==> Parameters: 0(Integer)
2020-07-14 14:35:48.547 |-DEBUG [http-nio-8088-exec-2] com.deloitte.system.mapper.sys.UserMapper.selectUserList [143] -| <==      Total: 6
2020-07-14 14:35:48.592 |-INFO  [http-nio-8088-exec-1] com.deloitte.system.service.customer.impl.PaymentRecordServiceImpl [65] -| 调用customerList方法，参数为:{"customerCode":"","endDate":"","paymentStatus":"","paymentType":"","startDate":"","status":""}
2020-07-14 14:35:48.593 |-DEBUG [http-nio-8088-exec-1] com.deloitte.system.mapper.sys.RoleMapper.selectRoleByUserId [143] -| ==>  Preparing: SELECT c.id,c.name,c.code FROM `sys_users` a inner join sys_user_role_rel b on a.id = b.user_id inner join sys_roles c on b.role_id = c.id where a.id = ? 
2020-07-14 14:35:48.594 |-DEBUG [http-nio-8088-exec-1] com.deloitte.system.mapper.sys.RoleMapper.selectRoleByUserId [143] -| ==> Parameters: 60(Long)
2020-07-14 14:35:48.598 |-DEBUG [http-nio-8088-exec-1] com.deloitte.system.mapper.sys.RoleMapper.selectRoleByUserId [143] -| <==      Total: 1
2020-07-14 14:35:48.600 |-DEBUG [http-nio-8088-exec-1] com.deloitte.system.mapper.sys.RoleMapper.selectRoleByUserId [143] -| ==>  Preparing: SELECT c.id,c.name,c.code FROM `sys_users` a inner join sys_user_role_rel b on a.id = b.user_id inner join sys_roles c on b.role_id = c.id where a.id = ? 
2020-07-14 14:35:48.601 |-DEBUG [http-nio-8088-exec-1] com.deloitte.system.mapper.sys.RoleMapper.selectRoleByUserId [143] -| ==> Parameters: 60(Long)
2020-07-14 14:35:48.607 |-DEBUG [http-nio-8088-exec-1] com.deloitte.system.mapper.sys.RoleMapper.selectRoleByUserId [143] -| <==      Total: 1
2020-07-14 14:35:48.613 |-DEBUG [http-nio-8088-exec-1] com.deloitte.system.mapper.customer.PaymentRecordMapper.selectList_COUNT [143] -| ==>  Preparing: SELECT count(0) FROM payment_record p LEFT JOIN sys_users u ON p.create_by = u.id WHERE p.delete_flag = 0 
2020-07-14 14:35:48.614 |-DEBUG [http-nio-8088-exec-1] com.deloitte.system.mapper.customer.PaymentRecordMapper.selectList_COUNT [143] -| ==> Parameters: 
2020-07-14 14:35:48.618 |-DEBUG [http-nio-8088-exec-1] com.deloitte.system.mapper.customer.PaymentRecordMapper.selectList_COUNT [143] -| <==      Total: 1
2020-07-14 14:35:48.621 |-DEBUG [http-nio-8088-exec-1] com.deloitte.system.mapper.customer.PaymentRecordMapper.selectList [143] -| ==>  Preparing: select p.id, customer_code, customer_id,customer_type, payment_type, new_amount, new_payment_amount, renew_amount, renew_payment_amount, p.remark, payment_status, payment_audit_role, audit_role, status, p.create_by, p.create_time, p.update_by, p.update_time, p.disable_flag, p.delete_flag, u.name create_name from payment_record p left join sys_users u on p.create_by = u.id WHERE p.delete_flag = 0 order by update_time desc LIMIT ? 
2020-07-14 14:35:48.624 |-DEBUG [http-nio-8088-exec-1] com.deloitte.system.mapper.customer.PaymentRecordMapper.selectList [143] -| ==> Parameters: 10(Integer)
2020-07-14 14:35:48.632 |-DEBUG [http-nio-8088-exec-1] com.deloitte.system.mapper.customer.PaymentRecordMapper.selectList [143] -| <==      Total: 2
2020-07-14 14:36:01.566 |-INFO  [http-nio-8088-exec-4] com.deloitte.system.service.customer.impl.PaymentRecordServiceImpl [65] -| 调用customerList方法，参数为:{"customerCode":"","endDate":"2020-07-08 23:59:59","paymentStatus":"","paymentType":"","startDate":"2020-07-07","status":""}
2020-07-14 14:36:01.570 |-DEBUG [http-nio-8088-exec-4] com.deloitte.system.mapper.sys.RoleMapper.selectRoleByUserId [143] -| ==>  Preparing: SELECT c.id,c.name,c.code FROM `sys_users` a inner join sys_user_role_rel b on a.id = b.user_id inner join sys_roles c on b.role_id = c.id where a.id = ? 
2020-07-14 14:36:01.571 |-DEBUG [http-nio-8088-exec-4] com.deloitte.system.mapper.sys.RoleMapper.selectRoleByUserId [143] -| ==> Parameters: 60(Long)
2020-07-14 14:36:01.575 |-DEBUG [http-nio-8088-exec-4] com.deloitte.system.mapper.sys.RoleMapper.selectRoleByUserId [143] -| <==      Total: 1
2020-07-14 14:36:01.577 |-DEBUG [http-nio-8088-exec-4] com.deloitte.system.mapper.sys.RoleMapper.selectRoleByUserId [143] -| ==>  Preparing: SELECT c.id,c.name,c.code FROM `sys_users` a inner join sys_user_role_rel b on a.id = b.user_id inner join sys_roles c on b.role_id = c.id where a.id = ? 
2020-07-14 14:36:01.578 |-DEBUG [http-nio-8088-exec-4] com.deloitte.system.mapper.sys.RoleMapper.selectRoleByUserId [143] -| ==> Parameters: 60(Long)
2020-07-14 14:36:01.581 |-DEBUG [http-nio-8088-exec-4] com.deloitte.system.mapper.sys.RoleMapper.selectRoleByUserId [143] -| <==      Total: 1
2020-07-14 14:36:01.593 |-DEBUG [http-nio-8088-exec-4] com.deloitte.system.mapper.customer.PaymentRecordMapper.selectList_COUNT [143] -| ==>  Preparing: SELECT count(0) FROM payment_record p LEFT JOIN sys_users u ON p.create_by = u.id WHERE p.delete_flag = 0 AND p.create_time >= ? AND p.create_time <= ? 
2020-07-14 14:36:01.594 |-DEBUG [http-nio-8088-exec-4] com.deloitte.system.mapper.customer.PaymentRecordMapper.selectList_COUNT [143] -| ==> Parameters: 2020-07-07(String), 2020-07-08 23:59:59(String)
2020-07-14 14:36:01.598 |-DEBUG [http-nio-8088-exec-4] com.deloitte.system.mapper.customer.PaymentRecordMapper.selectList_COUNT [143] -| <==      Total: 1
2020-07-14 14:36:01.600 |-DEBUG [http-nio-8088-exec-4] com.deloitte.system.mapper.customer.PaymentRecordMapper.selectList [143] -| ==>  Preparing: select p.id, customer_code, customer_id,customer_type, payment_type, new_amount, new_payment_amount, renew_amount, renew_payment_amount, p.remark, payment_status, payment_audit_role, audit_role, status, p.create_by, p.create_time, p.update_by, p.update_time, p.disable_flag, p.delete_flag, u.name create_name from payment_record p left join sys_users u on p.create_by = u.id WHERE p.delete_flag = 0 and p.create_time >= ? and p.create_time <= ? order by update_time desc LIMIT ? 
2020-07-14 14:36:01.601 |-DEBUG [http-nio-8088-exec-4] com.deloitte.system.mapper.customer.PaymentRecordMapper.selectList [143] -| ==> Parameters: 2020-07-07(String), 2020-07-08 23:59:59(String), 10(Integer)
2020-07-14 14:36:01.606 |-DEBUG [http-nio-8088-exec-4] com.deloitte.system.mapper.customer.PaymentRecordMapper.selectList [143] -| <==      Total: 1
2020-07-14 14:36:04.982 |-INFO  [http-nio-8088-exec-5] com.deloitte.system.service.customer.impl.PaymentRecordServiceImpl [222] -| 调用exportPaymentData方法，参数为：{"createTime":1594051200000,"endDate":"2020-07-08 23:59:59","startDate":"2020-07-07"}
2020-07-14 14:36:06.774 |-DEBUG [http-nio-8088-exec-5] com.deloitte.system.mapper.sys.RoleMapper.selectRoleByUserId [143] -| ==>  Preparing: SELECT c.id,c.name,c.code FROM `sys_users` a inner join sys_user_role_rel b on a.id = b.user_id inner join sys_roles c on b.role_id = c.id where a.id = ? 
2020-07-14 14:36:06.775 |-DEBUG [http-nio-8088-exec-5] com.deloitte.system.mapper.sys.RoleMapper.selectRoleByUserId [143] -| ==> Parameters: 60(Long)
2020-07-14 14:36:06.779 |-DEBUG [http-nio-8088-exec-5] com.deloitte.system.mapper.sys.RoleMapper.selectRoleByUserId [143] -| <==      Total: 1
2020-07-14 14:36:06.780 |-DEBUG [http-nio-8088-exec-5] com.deloitte.system.mapper.sys.RoleMapper.selectRoleByUserId [143] -| ==>  Preparing: SELECT c.id,c.name,c.code FROM `sys_users` a inner join sys_user_role_rel b on a.id = b.user_id inner join sys_roles c on b.role_id = c.id where a.id = ? 
2020-07-14 14:36:06.781 |-DEBUG [http-nio-8088-exec-5] com.deloitte.system.mapper.sys.RoleMapper.selectRoleByUserId [143] -| ==> Parameters: 60(Long)
2020-07-14 14:36:06.785 |-DEBUG [http-nio-8088-exec-5] com.deloitte.system.mapper.sys.RoleMapper.selectRoleByUserId [143] -| <==      Total: 1
2020-07-14 14:36:06.787 |-DEBUG [http-nio-8088-exec-5] com.deloitte.system.mapper.customer.PaymentRecordMapper.selectExportData [143] -| ==>  Preparing: SELECT p.id, p.customer_code, p.customer_id, p.customer_type, p.payment_type, p.new_amount, p.new_payment_amount, p.renew_amount, p.renew_payment_amount, p.remark, p.payment_status, p.payment_audit_role, p.status, DATE_FORMAT(p.create_time, '%Y-%m-%d') create_time, u.name create_name, if(p.customer_type='channel',ci.channel_bank_code,c.customer_bank_code) customer_bank_code, if(p.customer_type='channel',ci.payment_code,c.payment_code) payment_code FROM payment_record p LEFT JOIN sys_users u ON p.create_by = u.id LEFT JOIN customer_info c ON c.id = p.customer_id LEFT JOIN channel_customer_info cc on cc.id = p.customer_id LEFT JOIN channel_info ci on ci.id = cc.channel_id WHERE p.delete_flag = 0 and p.create_time >= ? and p.create_time <= ? 
2020-07-14 14:36:06.789 |-DEBUG [http-nio-8088-exec-5] com.deloitte.system.mapper.customer.PaymentRecordMapper.selectExportData [143] -| ==> Parameters: 2020-07-07(String), 2020-07-08 23:59:59(String)
2020-07-14 14:36:06.795 |-DEBUG [http-nio-8088-exec-5] com.deloitte.system.mapper.customer.PaymentRecordMapper.selectExportData [143] -| <==      Total: 1
2020-07-14 14:37:16.775 |-INFO  [Thread-3] org.springframework.scheduling.concurrent.ThreadPoolTaskExecutor [208] -| Shutting down ExecutorService 'applicationTaskExecutor'
2020-07-14 14:37:16.777 |-INFO  [Thread-3] com.zaxxer.hikari.HikariDataSource [350] -| HikariPool-1 - Shutdown initiated...
2020-07-14 14:37:16.795 |-INFO  [Thread-3] com.zaxxer.hikari.HikariDataSource [352] -| HikariPool-1 - Shutdown completed.
